<?xml version="1.0" encoding="utf-8"?>
<CoverageSession xmlns:xsd="http://www.w3.org/2001/XMLSchema" xmlns:xsi="http://www.w3.org/2001/XMLSchema-instance" Version="4.7.922.0">
  <Summary numSequencePoints="340" visitedSequencePoints="317" numBranchPoints="166" visitedBranchPoints="143" sequenceCoverage="93.24" branchCoverage="86.14" maxCyclomaticComplexity="6" minCyclomaticComplexity="1" maxCrapScore="6.05" minCrapScore="1" visitedClasses="17" numClasses="18" visitedMethods="65" numMethods="76" />
  <Modules>
    <Module skippedDueTo="Filter" hash="B3-31-1E-17-D5-D9-AB-46-3E-73-21-16-32-08-15-9D-D3-E9-35-9A">
      <ModulePath>C:\Program Files\dotnet\shared\Microsoft.NETCore.App\5.0.0-preview.6.20305.6\System.Private.CoreLib.dll</ModulePath>
      <ModuleTime>2020-06-05T22:16:48Z</ModuleTime>
      <ModuleName>System.Private.CoreLib</ModuleName>
      <Classes />
    </Module>
    <Module skippedDueTo="Filter" hash="42-A3-35-26-45-DE-A3-C4-AA-86-A5-25-58-0F-27-94-52-5A-B2-77">
      <ModulePath>C:\Program Files\dotnet\sdk\5.0.100-preview.6.20318.15\dotnet.dll</ModulePath>
      <ModuleTime>2020-06-19T01:54:30Z</ModuleTime>
      <ModuleName>dotnet</ModuleName>
      <Classes />
    </Module>
    <Module skippedDueTo="Filter" hash="0C-FE-57-91-7F-02-93-6D-27-A8-61-F1-E1-AF-C4-71-57-DE-20-23">
      <ModulePath>C:\Program Files\dotnet\shared\Microsoft.NETCore.App\5.0.0-preview.6.20305.6\System.Runtime.dll</ModulePath>
      <ModuleTime>2020-06-05T22:20:36Z</ModuleTime>
      <ModuleName>System.Runtime</ModuleName>
      <Classes />
    </Module>
    <Module skippedDueTo="Filter" hash="27-4C-5C-71-81-31-F9-72-DF-8E-85-37-7E-C9-9B-39-A1-A6-2B-DF">
      <ModulePath>C:\Program Files\dotnet\sdk\5.0.100-preview.6.20318.15\Microsoft.DotNet.Cli.Utils.dll</ModulePath>
      <ModuleTime>2020-06-19T01:54:42Z</ModuleTime>
      <ModuleName>Microsoft.DotNet.Cli.Utils</ModuleName>
      <Classes />
    </Module>
    <Module skippedDueTo="Filter" hash="A9-87-17-DF-64-27-41-1E-CC-F9-F2-90-F9-46-2A-C4-01-98-BA-ED">
      <ModulePath>C:\Program Files\dotnet\shared\Microsoft.NETCore.App\5.0.0-preview.6.20305.6\System.Runtime.Loader.dll</ModulePath>
      <ModuleTime>2020-06-05T22:20:36Z</ModuleTime>
      <ModuleName>System.Runtime.Loader</ModuleName>
      <Classes />
    </Module>
    <Module skippedDueTo="Filter" hash="3F-70-1E-70-60-FA-C2-7B-33-D4-36-A1-E7-4D-0D-DE-AF-AF-16-0C">
      <ModulePath>C:\Program Files\dotnet\shared\Microsoft.NETCore.App\5.0.0-preview.6.20305.6\System.Runtime.InteropServices.RuntimeInformation.dll</ModulePath>
      <ModuleTime>2020-06-05T22:20:10Z</ModuleTime>
      <ModuleName>System.Runtime.InteropServices.RuntimeInformation</ModuleName>
      <Classes />
    </Module>
    <Module skippedDueTo="Filter" hash="6F-38-6E-BC-58-A0-F4-E2-4F-A3-C3-FC-01-17-7F-3A-92-8E-00-A5">
      <ModulePath>C:\Program Files\dotnet\shared\Microsoft.NETCore.App\5.0.0-preview.6.20305.6\System.IO.FileSystem.dll</ModulePath>
      <ModuleTime>2020-06-05T22:20:40Z</ModuleTime>
      <ModuleName>System.IO.FileSystem</ModuleName>
      <Classes />
    </Module>
    <Module skippedDueTo="Filter" hash="1F-17-8E-03-F5-46-31-CC-C9-56-6F-85-7D-A6-76-2B-43-29-DA-44">
      <ModulePath>C:\Program Files\dotnet\shared\Microsoft.NETCore.App\5.0.0-preview.6.20305.6\System.Runtime.InteropServices.dll</ModulePath>
      <ModuleTime>2020-06-05T22:20:10Z</ModuleTime>
      <ModuleName>System.Runtime.InteropServices</ModuleName>
      <Classes />
    </Module>
    <Module skippedDueTo="Filter" hash="8F-B5-BC-D4-CF-7C-A4-5F-00-EA-55-70-B6-41-08-34-8E-8B-9D-74">
      <ModulePath>C:\Program Files\dotnet\shared\Microsoft.NETCore.App\5.0.0-preview.6.20305.6\System.Memory.dll</ModulePath>
      <ModuleTime>2020-06-05T22:22:00Z</ModuleTime>
      <ModuleName>System.Memory</ModuleName>
      <Classes />
    </Module>
    <Module skippedDueTo="Filter" hash="B9-90-86-E2-42-F1-C1-E6-79-A0-EF-6A-06-55-91-A0-46-14-72-5E">
      <ModulePath>C:\Program Files\dotnet\shared\Microsoft.NETCore.App\5.0.0-preview.6.20305.6\System.Text.Encoding.CodePages.dll</ModulePath>
      <ModuleTime>2020-06-05T22:19:44Z</ModuleTime>
      <ModuleName>System.Text.Encoding.CodePages</ModuleName>
      <Classes />
    </Module>
    <Module skippedDueTo="Filter" hash="18-A5-FB-BC-D5-43-D4-A3-DB-09-2C-3E-BD-52-F7-80-EF-4E-19-33">
      <ModulePath>C:\Program Files\dotnet\shared\Microsoft.NETCore.App\5.0.0-preview.6.20305.6\System.Collections.dll</ModulePath>
      <ModuleTime>2020-06-05T22:20:08Z</ModuleTime>
      <ModuleName>System.Collections</ModuleName>
      <Classes />
    </Module>
    <Module skippedDueTo="Filter" hash="65-B4-BD-B6-02-C3-47-15-DC-6F-FC-1B-99-B3-30-DB-CC-23-46-6D">
      <ModulePath>C:\Program Files\dotnet\shared\Microsoft.NETCore.App\5.0.0-preview.6.20305.6\System.Threading.dll</ModulePath>
      <ModuleTime>2020-06-05T22:20:14Z</ModuleTime>
      <ModuleName>System.Threading</ModuleName>
      <Classes />
    </Module>
    <Module skippedDueTo="Filter" hash="4D-79-F6-64-C0-FB-34-D6-F6-2D-EB-F2-B1-52-25-55-B5-16-C4-D8">
      <ModulePath>C:\Program Files\dotnet\shared\Microsoft.NETCore.App\5.0.0-preview.6.20305.6\System.Collections.Concurrent.dll</ModulePath>
      <ModuleTime>2020-06-05T22:20:08Z</ModuleTime>
      <ModuleName>System.Collections.Concurrent</ModuleName>
      <Classes />
    </Module>
    <Module skippedDueTo="Filter" hash="1B-7F-B5-F0-C7-CC-EC-1B-7C-9E-2F-A5-E3-10-8C-75-04-C1-71-0A">
      <ModulePath>C:\Program Files\dotnet\shared\Microsoft.NETCore.App\5.0.0-preview.6.20305.6\System.Threading.Thread.dll</ModulePath>
      <ModuleTime>2020-06-05T22:20:14Z</ModuleTime>
      <ModuleName>System.Threading.Thread</ModuleName>
      <Classes />
    </Module>
    <Module skippedDueTo="Filter" hash="47-73-07-28-D0-CB-21-D8-9C-38-C0-5A-59-42-43-EA-42-EF-EE-68">
      <ModulePath>C:\Program Files\dotnet\sdk\5.0.100-preview.6.20318.15\Microsoft.DotNet.Configurer.dll</ModulePath>
      <ModuleTime>2020-06-19T01:54:42Z</ModuleTime>
      <ModuleName>Microsoft.DotNet.Configurer</ModuleName>
      <Classes />
    </Module>
    <Module skippedDueTo="Filter" hash="37-2F-D2-89-6F-7F-A3-B0-A1-A4-29-21-19-8E-B4-01-22-10-EA-65">
      <ModulePath>C:\Program Files\dotnet\sdk\5.0.100-preview.6.20318.15\Microsoft.DotNet.Cli.CommandLine.dll</ModulePath>
      <ModuleTime>2020-06-19T01:54:42Z</ModuleTime>
      <ModuleName>Microsoft.DotNet.Cli.CommandLine</ModuleName>
      <Classes />
    </Module>
    <Module skippedDueTo="Filter" hash="8B-86-45-9C-E5-0F-D2-F4-4D-59-9F-5D-75-5C-6D-DD-2E-6F-80-0A">
      <ModulePath>C:\Program Files\dotnet\sdk\5.0.100-preview.6.20318.15\Microsoft.DotNet.InternalAbstractions.dll</ModulePath>
      <ModuleTime>2020-06-19T01:54:42Z</ModuleTime>
      <ModuleName>Microsoft.DotNet.InternalAbstractions</ModuleName>
      <Classes />
    </Module>
    <Module skippedDueTo="Filter" hash="8C-84-B7-54-E4-27-E6-DC-0B-C8-C3-CC-11-AD-C7-51-CC-72-64-6C">
      <ModulePath>C:\Program Files\dotnet\shared\Microsoft.NETCore.App\5.0.0-preview.6.20305.6\netstandard.dll</ModulePath>
      <ModuleTime>2020-06-05T22:20:06Z</ModuleTime>
      <ModuleName>netstandard</ModuleName>
      <Classes />
    </Module>
    <Module skippedDueTo="Filter" hash="F0-63-73-BE-A4-66-19-FA-B0-07-E9-88-29-46-3F-C4-A8-C1-B2-BC">
      <ModulePath>C:\Program Files\dotnet\shared\Microsoft.NETCore.App\5.0.0-preview.6.20305.6\System.Linq.dll</ModulePath>
      <ModuleTime>2020-06-05T22:20:18Z</ModuleTime>
      <ModuleName>System.Linq</ModuleName>
      <Classes />
    </Module>
    <Module skippedDueTo="Filter" hash="EC-B1-33-3F-1C-23-86-16-75-DE-E4-4C-AE-F1-F8-39-51-32-81-C0">
      <ModulePath>C:\Program Files\dotnet\sdk\5.0.100-preview.6.20318.15\NuGet.Frameworks.dll</ModulePath>
      <ModuleTime>2020-06-19T01:54:38Z</ModuleTime>
      <ModuleName>NuGet.Frameworks</ModuleName>
      <Classes />
    </Module>
    <Module skippedDueTo="Filter" hash="28-83-8B-FF-EC-EE-15-FD-46-A6-CC-81-A2-0A-5F-5B-B8-FE-16-29">
      <ModulePath>C:\Program Files\dotnet\shared\Microsoft.NETCore.App\5.0.0-preview.6.20305.6\System.Console.dll</ModulePath>
      <ModuleTime>2020-06-05T22:20:08Z</ModuleTime>
      <ModuleName>System.Console</ModuleName>
      <Classes />
    </Module>
    <Module skippedDueTo="Filter" hash="9E-42-3C-98-AF-BE-59-C0-95-B5-7A-47-92-41-F1-7D-C1-CB-AD-23">
      <ModulePath>C:\Program Files\dotnet\shared\Microsoft.NETCore.App\5.0.0-preview.6.20305.6\System.Text.Encoding.Extensions.dll</ModulePath>
      <ModuleTime>2020-06-05T22:20:14Z</ModuleTime>
      <ModuleName>System.Text.Encoding.Extensions</ModuleName>
      <Classes />
    </Module>
    <Module skippedDueTo="Filter" hash="31-9C-3C-24-A8-8E-D5-60-36-6D-84-7C-B8-6C-09-AE-B2-A8-80-39">
      <ModulePath>C:\Program Files\dotnet\shared\Microsoft.NETCore.App\5.0.0-preview.6.20305.6\System.Runtime.CompilerServices.Unsafe.dll</ModulePath>
      <ModuleTime>2020-06-05T22:20:10Z</ModuleTime>
      <ModuleName>System.Runtime.CompilerServices.Unsafe</ModuleName>
      <Classes />
    </Module>
    <Module skippedDueTo="Filter" hash="F8-6E-66-3C-64-8E-27-96-5B-F3-89-47-5D-41-04-76-DA-B1-1A-63">
      <ModulePath>C:\Program Files\dotnet\sdk\5.0.100-preview.6.20318.15\Microsoft.ApplicationInsights.dll</ModulePath>
      <ModuleTime>2020-06-19T01:54:42Z</ModuleTime>
      <ModuleName>Microsoft.ApplicationInsights</ModuleName>
      <Classes />
    </Module>
    <Module skippedDueTo="Filter" hash="74-30-E2-B7-4E-96-49-99-4B-C8-E4-3B-B7-3F-A3-1C-A8-55-E6-84">
      <ModulePath>C:\Program Files\dotnet\shared\Microsoft.NETCore.App\5.0.0-preview.6.20305.6\System.Private.Uri.dll</ModulePath>
      <ModuleTime>2020-06-05T22:20:36Z</ModuleTime>
      <ModuleName>System.Private.Uri</ModuleName>
      <Classes />
    </Module>
    <Module skippedDueTo="Filter" hash="41-3C-AE-ED-0E-9C-60-93-EE-CF-FB-05-97-23-29-6F-FE-44-44-38">
      <ModulePath>C:\Program Files\dotnet\shared\Microsoft.NETCore.App\5.0.0-preview.6.20305.6\System.Security.Cryptography.Algorithms.dll</ModulePath>
      <ModuleTime>2020-06-05T22:19:44Z</ModuleTime>
      <ModuleName>System.Security.Cryptography.Algorithms</ModuleName>
      <Classes />
    </Module>
    <Module skippedDueTo="Filter" hash="37-22-FD-72-A4-1D-68-A2-29-B1-E8-4C-67-BF-87-7D-32-65-FC-6D">
      <ModulePath>C:\Program Files\dotnet\shared\Microsoft.NETCore.App\5.0.0-preview.6.20305.6\System.Reflection.Extensions.dll</ModulePath>
      <ModuleTime>2020-06-05T22:20:36Z</ModuleTime>
      <ModuleName>System.Reflection.Extensions</ModuleName>
      <Classes />
    </Module>
    <Module skippedDueTo="Filter" hash="C5-79-DF-CB-37-5A-3A-60-2F-84-1F-6D-75-42-26-D5-DA-42-D1-F2">
      <ModulePath>C:\Program Files\dotnet\shared\Microsoft.NETCore.App\5.0.0-preview.6.20305.6\System.Security.Cryptography.Primitives.dll</ModulePath>
      <ModuleTime>2020-06-05T22:20:12Z</ModuleTime>
      <ModuleName>System.Security.Cryptography.Primitives</ModuleName>
      <Classes />
    </Module>
    <Module skippedDueTo="Filter" hash="A0-EC-97-5A-FA-05-02-8C-EB-82-27-43-A7-04-47-1C-A9-5A-DA-57">
      <ModulePath>C:\Program Files\dotnet\shared\Microsoft.NETCore.App\5.0.0-preview.6.20305.6\System.Reflection.dll</ModulePath>
      <ModuleTime>2020-06-05T22:19:44Z</ModuleTime>
      <ModuleName>System.Reflection</ModuleName>
      <Classes />
    </Module>
    <Module skippedDueTo="Filter" hash="55-24-F9-BA-5A-1F-18-CA-19-A0-E1-74-DF-0A-B7-15-08-98-DC-CB">
      <ModulePath>C:\Program Files\dotnet\shared\Microsoft.NETCore.App\5.0.0-preview.6.20305.6\System.Xml.XDocument.dll</ModulePath>
      <ModuleTime>2020-06-05T22:22:14Z</ModuleTime>
      <ModuleName>System.Xml.XDocument</ModuleName>
      <Classes />
    </Module>
    <Module skippedDueTo="Filter" hash="40-EA-5E-B7-95-EF-55-70-3A-8A-D5-87-C1-A4-09-10-9E-20-52-F1">
      <ModulePath>C:\Program Files\dotnet\shared\Microsoft.NETCore.App\5.0.0-preview.6.20305.6\System.Private.Xml.Linq.dll</ModulePath>
      <ModuleTime>2020-06-05T22:20:08Z</ModuleTime>
      <ModuleName>System.Private.Xml.Linq</ModuleName>
      <Classes />
    </Module>
    <Module skippedDueTo="Filter" hash="66-91-15-18-C5-BC-A2-48-20-9E-BB-23-FF-0E-4C-B7-98-A0-B9-F5">
      <ModulePath>C:\Program Files\dotnet\sdk\5.0.100-preview.6.20318.15\Microsoft.TemplateEngine.Cli.dll</ModulePath>
      <ModuleTime>2020-06-19T01:54:40Z</ModuleTime>
      <ModuleName>Microsoft.TemplateEngine.Cli</ModuleName>
      <Classes />
    </Module>
    <Module skippedDueTo="Filter" hash="1B-B2-07-1B-41-63-87-90-D2-FE-76-4A-10-98-75-DC-08-17-B1-A2">
      <ModulePath>C:\Program Files\dotnet\shared\Microsoft.NETCore.App\5.0.0-preview.6.20305.6\System.Private.Xml.dll</ModulePath>
      <ModuleTime>2020-06-05T22:20:08Z</ModuleTime>
      <ModuleName>System.Private.Xml</ModuleName>
      <Classes />
    </Module>
    <Module skippedDueTo="Filter" hash="1D-93-EB-19-F3-94-47-DC-0D-AC-9F-C0-05-4F-3E-3F-29-D8-95-6A">
      <ModulePath>C:\Program Files\dotnet\shared\Microsoft.NETCore.App\5.0.0-preview.6.20305.6\System.Xml.ReaderWriter.dll</ModulePath>
      <ModuleTime>2020-06-05T22:19:58Z</ModuleTime>
      <ModuleName>System.Xml.ReaderWriter</ModuleName>
      <Classes />
    </Module>
    <Module skippedDueTo="Filter" hash="9E-2A-0F-0A-89-6C-77-D5-70-43-AB-3D-24-4F-A9-DC-72-9C-31-D8">
      <ModulePath>C:\Program Files\dotnet\shared\Microsoft.NETCore.App\5.0.0-preview.6.20305.6\System.Diagnostics.Tracing.dll</ModulePath>
      <ModuleTime>2020-06-05T22:20:12Z</ModuleTime>
      <ModuleName>System.Diagnostics.Tracing</ModuleName>
      <Classes />
    </Module>
    <Module skippedDueTo="Filter" hash="B3-60-F7-34-BD-7B-AE-8C-D2-05-03-07-EA-C9-11-3A-D2-4F-CE-56">
      <ModulePath>C:\Program Files\dotnet\shared\Microsoft.NETCore.App\5.0.0-preview.6.20305.6\System.Threading.Tasks.dll</ModulePath>
      <ModuleTime>2020-06-05T22:21:36Z</ModuleTime>
      <ModuleName>System.Threading.Tasks</ModuleName>
      <Classes />
    </Module>
    <Module skippedDueTo="Filter" hash="F2-CC-2F-56-B6-ED-C5-D4-96-DF-38-DC-9F-DE-FB-1B-75-B8-02-5C">
      <ModulePath>C:\Program Files\dotnet\shared\Microsoft.NETCore.App\5.0.0-preview.6.20305.6\System.Globalization.dll</ModulePath>
      <ModuleTime>2020-06-05T22:20:14Z</ModuleTime>
      <ModuleName>System.Globalization</ModuleName>
      <Classes />
    </Module>
    <Module skippedDueTo="Filter" hash="84-81-31-74-47-74-0B-A4-FD-88-EE-58-CD-0F-74-AB-39-EE-41-82">
      <ModulePath>C:\Program Files\dotnet\shared\Microsoft.NETCore.App\5.0.0-preview.6.20305.6\System.Text.RegularExpressions.dll</ModulePath>
      <ModuleTime>2020-06-05T22:20:14Z</ModuleTime>
      <ModuleName>System.Text.RegularExpressions</ModuleName>
      <Classes />
    </Module>
    <Module skippedDueTo="Filter" hash="9B-3B-82-87-EE-2B-23-CD-14-14-55-CA-6A-F7-ED-71-B5-6E-01-E3">
      <ModulePath>C:\Program Files\dotnet\shared\Microsoft.NETCore.App\5.0.0-preview.6.20305.6\System.Reflection.Emit.ILGeneration.dll</ModulePath>
      <ModuleTime>2020-06-05T22:20:08Z</ModuleTime>
      <ModuleName>System.Reflection.Emit.ILGeneration</ModuleName>
      <Classes />
    </Module>
    <Module skippedDueTo="Filter" hash="34-6F-1F-4B-82-34-99-C3-ED-26-54-DF-3A-6A-7F-95-27-FC-17-3C">
      <ModulePath>C:\Program Files\dotnet\shared\Microsoft.NETCore.App\5.0.0-preview.6.20305.6\System.Reflection.Emit.Lightweight.dll</ModulePath>
      <ModuleTime>2020-06-05T22:20:12Z</ModuleTime>
      <ModuleName>System.Reflection.Emit.Lightweight</ModuleName>
      <Classes />
    </Module>
    <Module skippedDueTo="Filter" hash="6C-B1-81-07-76-1F-A5-E4-0A-4E-61-6A-A0-D8-02-31-21-B6-7C-48">
      <ModulePath>C:\Program Files\dotnet\shared\Microsoft.NETCore.App\5.0.0-preview.6.20305.6\System.Reflection.Primitives.dll</ModulePath>
      <ModuleTime>2020-06-05T22:20:40Z</ModuleTime>
      <ModuleName>System.Reflection.Primitives</ModuleName>
      <Classes />
    </Module>
    <Module skippedDueTo="Filter" hash="02-21-68-EF-34-9F-43-B0-3E-0B-28-AA-1E-12-E1-09-92-AE-07-78">
      <ModulePath>C:\Program Files\dotnet\sdk\5.0.100-preview.6.20318.15\Microsoft.TemplateEngine.Utils.dll</ModulePath>
      <ModuleTime>2020-06-19T01:54:12Z</ModuleTime>
      <ModuleName>Microsoft.TemplateEngine.Utils</ModuleName>
      <Classes />
    </Module>
    <Module skippedDueTo="Filter" hash="23-9C-11-CE-48-F0-8A-91-D4-C9-BF-82-37-AE-EA-23-0B-57-73-6F">
      <ModulePath>C:\Program Files\dotnet\shared\Microsoft.NETCore.App\5.0.0-preview.6.20305.6\Microsoft.Win32.Registry.dll</ModulePath>
      <ModuleTime>2020-06-05T22:20:08Z</ModuleTime>
      <ModuleName>Microsoft.Win32.Registry</ModuleName>
      <Classes />
    </Module>
    <Module skippedDueTo="Filter" hash="99-8D-A3-9E-C4-14-7A-33-F0-16-B5-94-D2-53-20-42-F2-E3-D2-A2">
      <ModulePath>C:\Program Files\dotnet\sdk\5.0.100-preview.6.20318.15\pt-BR\dotnet.resources.dll</ModulePath>
      <ModuleTime>2020-06-19T01:54:32Z</ModuleTime>
      <ModuleName>dotnet.resources</ModuleName>
      <Classes />
    </Module>
    <Module skippedDueTo="Filter" hash="4C-E9-32-05-B9-89-3E-14-F6-A4-14-F3-A4-AC-8D-18-6D-FD-06-19">
      <ModulePath>C:\Program Files\dotnet\shared\Microsoft.NETCore.App\5.0.0-preview.6.20305.6\System.Diagnostics.Tools.dll</ModulePath>
      <ModuleTime>2020-06-05T22:20:42Z</ModuleTime>
      <ModuleName>System.Diagnostics.Tools</ModuleName>
      <Classes />
    </Module>
    <Module skippedDueTo="Filter" hash="02-7D-35-C4-74-F8-1C-17-43-72-5D-00-2D-E4-DD-70-62-EA-58-7B">
      <ModulePath>C:\Program Files\dotnet\shared\Microsoft.NETCore.App\5.0.0-preview.6.20305.6\System.Runtime.Extensions.dll</ModulePath>
      <ModuleTime>2020-06-05T22:20:38Z</ModuleTime>
      <ModuleName>System.Runtime.Extensions</ModuleName>
      <Classes />
    </Module>
    <Module skippedDueTo="Filter" hash="04-BF-16-E1-9C-4E-54-2F-AC-7D-93-2F-1D-15-9C-76-5C-E5-F8-A3">
      <ModulePath>C:\Program Files\dotnet\shared\Microsoft.NETCore.App\5.0.0-preview.6.20305.6\System.Diagnostics.Debug.dll</ModulePath>
      <ModuleTime>2020-06-05T22:20:08Z</ModuleTime>
      <ModuleName>System.Diagnostics.Debug</ModuleName>
      <Classes />
    </Module>
    <Module skippedDueTo="Filter" hash="17-01-02-7C-C4-18-F7-13-EC-1A-46-E5-A2-CF-9E-70-94-58-57-0C">
      <ModulePath>C:\Program Files\dotnet\shared\Microsoft.NETCore.App\5.0.0-preview.6.20305.6\System.IO.dll</ModulePath>
      <ModuleTime>2020-06-05T22:20:16Z</ModuleTime>
      <ModuleName>System.IO</ModuleName>
      <Classes />
    </Module>
    <Module skippedDueTo="Filter" hash="5F-00-F7-26-A8-D4-AE-09-77-9A-EE-FF-28-EC-68-7D-9D-52-83-38">
      <ModulePath>C:\Program Files\dotnet\shared\Microsoft.NETCore.App\5.0.0-preview.6.20305.6\System.Text.Encoding.dll</ModulePath>
      <ModuleTime>2020-06-05T22:20:40Z</ModuleTime>
      <ModuleName>System.Text.Encoding</ModuleName>
      <Classes />
    </Module>
    <Module skippedDueTo="Filter" hash="F8-90-2D-24-BE-20-09-4F-EE-B3-9E-9F-36-CE-5F-9C-D1-15-AF-14">
      <ModulePath>C:\Program Files\dotnet\shared\Microsoft.NETCore.App\5.0.0-preview.6.20305.6\System.IO.Compression.dll</ModulePath>
      <ModuleTime>2020-06-05T22:20:14Z</ModuleTime>
      <ModuleName>System.IO.Compression</ModuleName>
      <Classes />
    </Module>
    <Module skippedDueTo="Filter" hash="6C-4A-37-ED-88-65-F1-3B-37-7E-B1-9A-28-4C-3C-E2-C2-EB-8D-A3">
      <ModulePath>C:\Program Files\dotnet\shared\Microsoft.NETCore.App\5.0.0-preview.6.20305.6\System.Net.Http.dll</ModulePath>
      <ModuleTime>2020-06-05T22:20:42Z</ModuleTime>
      <ModuleName>System.Net.Http</ModuleName>
      <Classes />
    </Module>
    <Module skippedDueTo="Filter" hash="2E-93-E4-DE-A6-8A-FB-47-17-3D-62-00-BB-38-6F-25-6D-A1-98-06">
      <ModulePath>C:\Program Files\dotnet\shared\Microsoft.NETCore.App\5.0.0-preview.6.20305.6\System.Net.Primitives.dll</ModulePath>
      <ModuleTime>2020-06-05T22:20:18Z</ModuleTime>
      <ModuleName>System.Net.Primitives</ModuleName>
      <Classes />
    </Module>
    <Module skippedDueTo="Filter" hash="4C-8B-EE-A4-E9-9B-04-86-9F-03-07-1F-92-43-0E-39-7F-AE-45-B8">
      <ModulePath>C:\Program Files\dotnet\shared\Microsoft.NETCore.App\5.0.0-preview.6.20305.6\System.Net.Security.dll</ModulePath>
      <ModuleTime>2020-06-05T22:20:18Z</ModuleTime>
      <ModuleName>System.Net.Security</ModuleName>
      <Classes />
    </Module>
    <Module skippedDueTo="Filter" hash="10-3D-33-7B-E6-87-CB-64-CC-EB-A7-D8-79-6D-C7-53-E1-DF-C5-2C">
      <ModulePath>C:\Program Files\dotnet\shared\Microsoft.NETCore.App\5.0.0-preview.6.20305.6\System.Security.Cryptography.X509Certificates.dll</ModulePath>
      <ModuleTime>2020-06-05T22:20:12Z</ModuleTime>
      <ModuleName>System.Security.Cryptography.X509Certificates</ModuleName>
      <Classes />
    </Module>
    <Module skippedDueTo="Filter" hash="38-44-3E-F9-29-3B-4E-D3-99-45-2D-F0-76-69-C1-ED-48-C6-73-6C">
      <ModulePath>C:\Program Files\dotnet\sdk\5.0.100-preview.6.20318.15\Microsoft.Build.Framework.dll</ModulePath>
      <ModuleTime>2020-06-19T01:54:40Z</ModuleTime>
      <ModuleName>Microsoft.Build.Framework</ModuleName>
      <Classes />
    </Module>
    <Module skippedDueTo="Filter" hash="18-4D-D0-88-C8-05-81-65-EE-95-4E-A5-FA-EF-8F-62-2B-90-E5-2F">
      <ModulePath>C:\Program Files\dotnet\shared\Microsoft.NETCore.App\5.0.0-preview.6.20305.6\System.Diagnostics.Process.dll</ModulePath>
      <ModuleTime>2020-06-05T22:20:12Z</ModuleTime>
      <ModuleName>System.Diagnostics.Process</ModuleName>
      <Classes />
    </Module>
    <Module skippedDueTo="Filter" hash="1B-36-93-BE-B0-D2-AF-B0-29-B1-40-1C-3C-53-3C-B9-C0-F3-F7-B1">
      <ModulePath>C:\Program Files\dotnet\shared\Microsoft.NETCore.App\5.0.0-preview.6.20305.6\System.ComponentModel.Primitives.dll</ModulePath>
      <ModuleTime>2020-06-05T22:20:06Z</ModuleTime>
      <ModuleName>System.ComponentModel.Primitives</ModuleName>
      <Classes />
    </Module>
    <Module skippedDueTo="Filter" hash="77-AA-B3-9C-19-5F-DC-5F-2E-40-AA-0F-D9-90-A9-EE-F7-97-43-9A">
      <ModulePath>C:\Program Files\dotnet\shared\Microsoft.NETCore.App\5.0.0-preview.6.20305.6\System.Collections.NonGeneric.dll</ModulePath>
      <ModuleTime>2020-06-05T22:20:08Z</ModuleTime>
      <ModuleName>System.Collections.NonGeneric</ModuleName>
      <Classes />
    </Module>
    <Module skippedDueTo="Filter" hash="16-CF-76-E6-7E-F8-34-03-3D-A8-66-36-4E-4A-33-2E-F7-BE-50-A3">
      <ModulePath>C:\Program Files\dotnet\shared\Microsoft.NETCore.App\5.0.0-preview.6.20305.6\Microsoft.Win32.Primitives.dll</ModulePath>
      <ModuleTime>2020-06-05T22:20:06Z</ModuleTime>
      <ModuleName>Microsoft.Win32.Primitives</ModuleName>
      <Classes />
    </Module>
    <Module skippedDueTo="Filter" hash="B3-31-1E-17-D5-D9-AB-46-3E-73-21-16-32-08-15-9D-D3-E9-35-9A">
      <ModulePath>C:\Program Files\dotnet\shared\Microsoft.NETCore.App\5.0.0-preview.6.20305.6\System.Private.CoreLib.dll</ModulePath>
      <ModuleTime>2020-06-05T22:16:48Z</ModuleTime>
      <ModuleName>System.Private.CoreLib</ModuleName>
      <Classes />
    </Module>
    <Module skippedDueTo="Filter" hash="3E-3E-5F-78-E6-59-6F-B6-BE-7E-06-E6-93-14-03-0F-15-27-25-8D">
      <ModulePath>C:\Program Files\dotnet\sdk\5.0.100-preview.6.20318.15\MSBuild.dll</ModulePath>
      <ModuleTime>2020-06-19T01:54:42Z</ModuleTime>
      <ModuleName>MSBuild</ModuleName>
      <Classes />
    </Module>
    <Module skippedDueTo="Filter" hash="0C-FE-57-91-7F-02-93-6D-27-A8-61-F1-E1-AF-C4-71-57-DE-20-23">
      <ModulePath>C:\Program Files\dotnet\shared\Microsoft.NETCore.App\5.0.0-preview.6.20305.6\System.Runtime.dll</ModulePath>
      <ModuleTime>2020-06-05T22:20:36Z</ModuleTime>
      <ModuleName>System.Runtime</ModuleName>
      <Classes />
    </Module>
    <Module skippedDueTo="Filter" hash="02-7D-35-C4-74-F8-1C-17-43-72-5D-00-2D-E4-DD-70-62-EA-58-7B">
      <ModulePath>C:\Program Files\dotnet\shared\Microsoft.NETCore.App\5.0.0-preview.6.20305.6\System.Runtime.Extensions.dll</ModulePath>
      <ModuleTime>2020-06-05T22:20:38Z</ModuleTime>
      <ModuleName>System.Runtime.Extensions</ModuleName>
      <Classes />
    </Module>
    <Module skippedDueTo="Filter" hash="65-B4-BD-B6-02-C3-47-15-DC-6F-FC-1B-99-B3-30-DB-CC-23-46-6D">
      <ModulePath>C:\Program Files\dotnet\shared\Microsoft.NETCore.App\5.0.0-preview.6.20305.6\System.Threading.dll</ModulePath>
      <ModuleTime>2020-06-05T22:20:14Z</ModuleTime>
      <ModuleName>System.Threading</ModuleName>
      <Classes />
    </Module>
    <Module skippedDueTo="Filter" hash="B3-60-F7-34-BD-7B-AE-8C-D2-05-03-07-EA-C9-11-3A-D2-4F-CE-56">
      <ModulePath>C:\Program Files\dotnet\shared\Microsoft.NETCore.App\5.0.0-preview.6.20305.6\System.Threading.Tasks.dll</ModulePath>
      <ModuleTime>2020-06-05T22:21:36Z</ModuleTime>
      <ModuleName>System.Threading.Tasks</ModuleName>
      <Classes />
    </Module>
    <Module skippedDueTo="Filter" hash="38-44-3E-F9-29-3B-4E-D3-99-45-2D-F0-76-69-C1-ED-48-C6-73-6C">
      <ModulePath>C:\Program Files\dotnet\sdk\5.0.100-preview.6.20318.15\Microsoft.Build.Framework.dll</ModulePath>
      <ModuleTime>2020-06-19T01:54:40Z</ModuleTime>
      <ModuleName>Microsoft.Build.Framework</ModuleName>
      <Classes />
    </Module>
    <Module skippedDueTo="Filter" hash="8C-84-B7-54-E4-27-E6-DC-0B-C8-C3-CC-11-AD-C7-51-CC-72-64-6C">
      <ModulePath>C:\Program Files\dotnet\shared\Microsoft.NETCore.App\5.0.0-preview.6.20305.6\netstandard.dll</ModulePath>
      <ModuleTime>2020-06-05T22:20:06Z</ModuleTime>
      <ModuleName>netstandard</ModuleName>
      <Classes />
    </Module>
    <Module skippedDueTo="Filter" hash="3F-70-1E-70-60-FA-C2-7B-33-D4-36-A1-E7-4D-0D-DE-AF-AF-16-0C">
      <ModulePath>C:\Program Files\dotnet\shared\Microsoft.NETCore.App\5.0.0-preview.6.20305.6\System.Runtime.InteropServices.RuntimeInformation.dll</ModulePath>
      <ModuleTime>2020-06-05T22:20:10Z</ModuleTime>
      <ModuleName>System.Runtime.InteropServices.RuntimeInformation</ModuleName>
      <Classes />
    </Module>
    <Module skippedDueTo="Filter" hash="18-4D-D0-88-C8-05-81-65-EE-95-4E-A5-FA-EF-8F-62-2B-90-E5-2F">
      <ModulePath>C:\Program Files\dotnet\shared\Microsoft.NETCore.App\5.0.0-preview.6.20305.6\System.Diagnostics.Process.dll</ModulePath>
      <ModuleTime>2020-06-05T22:20:12Z</ModuleTime>
      <ModuleName>System.Diagnostics.Process</ModuleName>
      <Classes />
    </Module>
    <Module skippedDueTo="Filter" hash="1B-36-93-BE-B0-D2-AF-B0-29-B1-40-1C-3C-53-3C-B9-C0-F3-F7-B1">
      <ModulePath>C:\Program Files\dotnet\shared\Microsoft.NETCore.App\5.0.0-preview.6.20305.6\System.ComponentModel.Primitives.dll</ModulePath>
      <ModuleTime>2020-06-05T22:20:06Z</ModuleTime>
      <ModuleName>System.ComponentModel.Primitives</ModuleName>
      <Classes />
    </Module>
    <Module skippedDueTo="Filter" hash="F0-63-73-BE-A4-66-19-FA-B0-07-E9-88-29-46-3F-C4-A8-C1-B2-BC">
      <ModulePath>C:\Program Files\dotnet\shared\Microsoft.NETCore.App\5.0.0-preview.6.20305.6\System.Linq.dll</ModulePath>
      <ModuleTime>2020-06-05T22:20:18Z</ModuleTime>
      <ModuleName>System.Linq</ModuleName>
      <Classes />
    </Module>
    <Module skippedDueTo="Filter" hash="84-81-31-74-47-74-0B-A4-FD-88-EE-58-CD-0F-74-AB-39-EE-41-82">
      <ModulePath>C:\Program Files\dotnet\shared\Microsoft.NETCore.App\5.0.0-preview.6.20305.6\System.Text.RegularExpressions.dll</ModulePath>
      <ModuleTime>2020-06-05T22:20:14Z</ModuleTime>
      <ModuleName>System.Text.RegularExpressions</ModuleName>
      <Classes />
    </Module>
    <Module skippedDueTo="Filter" hash="4D-79-F6-64-C0-FB-34-D6-F6-2D-EB-F2-B1-52-25-55-B5-16-C4-D8">
      <ModulePath>C:\Program Files\dotnet\shared\Microsoft.NETCore.App\5.0.0-preview.6.20305.6\System.Collections.Concurrent.dll</ModulePath>
      <ModuleTime>2020-06-05T22:20:08Z</ModuleTime>
      <ModuleName>System.Collections.Concurrent</ModuleName>
      <Classes />
    </Module>
    <Module skippedDueTo="Filter" hash="18-A5-FB-BC-D5-43-D4-A3-DB-09-2C-3E-BD-52-F7-80-EF-4E-19-33">
      <ModulePath>C:\Program Files\dotnet\shared\Microsoft.NETCore.App\5.0.0-preview.6.20305.6\System.Collections.dll</ModulePath>
      <ModuleTime>2020-06-05T22:20:08Z</ModuleTime>
      <ModuleName>System.Collections</ModuleName>
      <Classes />
    </Module>
    <Module skippedDueTo="Filter" hash="8F-B5-BC-D4-CF-7C-A4-5F-00-EA-55-70-B6-41-08-34-8E-8B-9D-74">
      <ModulePath>C:\Program Files\dotnet\shared\Microsoft.NETCore.App\5.0.0-preview.6.20305.6\System.Memory.dll</ModulePath>
      <ModuleTime>2020-06-05T22:22:00Z</ModuleTime>
      <ModuleName>System.Memory</ModuleName>
      <Classes />
    </Module>
    <Module skippedDueTo="Filter" hash="6F-38-6E-BC-58-A0-F4-E2-4F-A3-C3-FC-01-17-7F-3A-92-8E-00-A5">
      <ModulePath>C:\Program Files\dotnet\shared\Microsoft.NETCore.App\5.0.0-preview.6.20305.6\System.IO.FileSystem.dll</ModulePath>
      <ModuleTime>2020-06-05T22:20:40Z</ModuleTime>
      <ModuleName>System.IO.FileSystem</ModuleName>
      <Classes />
    </Module>
    <Module skippedDueTo="Filter" hash="1F-17-8E-03-F5-46-31-CC-C9-56-6F-85-7D-A6-76-2B-43-29-DA-44">
      <ModulePath>C:\Program Files\dotnet\shared\Microsoft.NETCore.App\5.0.0-preview.6.20305.6\System.Runtime.InteropServices.dll</ModulePath>
      <ModuleTime>2020-06-05T22:20:10Z</ModuleTime>
      <ModuleName>System.Runtime.InteropServices</ModuleName>
      <Classes />
    </Module>
    <Module skippedDueTo="Filter" hash="28-83-8B-FF-EC-EE-15-FD-46-A6-CC-81-A2-0A-5F-5B-B8-FE-16-29">
      <ModulePath>C:\Program Files\dotnet\shared\Microsoft.NETCore.App\5.0.0-preview.6.20305.6\System.Console.dll</ModulePath>
      <ModuleTime>2020-06-05T22:20:08Z</ModuleTime>
      <ModuleName>System.Console</ModuleName>
      <Classes />
    </Module>
    <Module skippedDueTo="Filter" hash="D2-10-11-A0-6E-3E-26-0B-8E-99-B8-A8-D1-55-62-CF-76-18-E8-46">
      <ModulePath>C:\Program Files\dotnet\sdk\5.0.100-preview.6.20318.15\Microsoft.Build.dll</ModulePath>
      <ModuleTime>2020-06-19T01:54:42Z</ModuleTime>
      <ModuleName>Microsoft.Build</ModuleName>
      <Classes />
    </Module>
    <Module skippedDueTo="Filter" hash="9E-2A-0F-0A-89-6C-77-D5-70-43-AB-3D-24-4F-A9-DC-72-9C-31-D8">
      <ModulePath>C:\Program Files\dotnet\shared\Microsoft.NETCore.App\5.0.0-preview.6.20305.6\System.Diagnostics.Tracing.dll</ModulePath>
      <ModuleTime>2020-06-05T22:20:12Z</ModuleTime>
      <ModuleName>System.Diagnostics.Tracing</ModuleName>
      <Classes />
    </Module>
    <Module skippedDueTo="Filter" hash="04-BF-16-E1-9C-4E-54-2F-AC-7D-93-2F-1D-15-9C-76-5C-E5-F8-A3">
      <ModulePath>C:\Program Files\dotnet\shared\Microsoft.NETCore.App\5.0.0-preview.6.20305.6\System.Diagnostics.Debug.dll</ModulePath>
      <ModuleTime>2020-06-05T22:20:08Z</ModuleTime>
      <ModuleName>System.Diagnostics.Debug</ModuleName>
      <Classes />
    </Module>
    <Module skippedDueTo="Filter" hash="B9-90-86-E2-42-F1-C1-E6-79-A0-EF-6A-06-55-91-A0-46-14-72-5E">
      <ModulePath>C:\Program Files\dotnet\shared\Microsoft.NETCore.App\5.0.0-preview.6.20305.6\System.Text.Encoding.CodePages.dll</ModulePath>
      <ModuleTime>2020-06-05T22:19:44Z</ModuleTime>
      <ModuleName>System.Text.Encoding.CodePages</ModuleName>
      <Classes />
    </Module>
    <Module skippedDueTo="Filter" hash="A9-87-17-DF-64-27-41-1E-CC-F9-F2-90-F9-46-2A-C4-01-98-BA-ED">
      <ModulePath>C:\Program Files\dotnet\shared\Microsoft.NETCore.App\5.0.0-preview.6.20305.6\System.Runtime.Loader.dll</ModulePath>
      <ModuleTime>2020-06-05T22:20:36Z</ModuleTime>
      <ModuleName>System.Runtime.Loader</ModuleName>
      <Classes />
    </Module>
    <Module skippedDueTo="Filter" hash="42-A3-35-26-45-DE-A3-C4-AA-86-A5-25-58-0F-27-94-52-5A-B2-77">
      <ModulePath>C:\Program Files\dotnet\sdk\5.0.100-preview.6.20318.15\dotnet.dll</ModulePath>
      <ModuleTime>2020-06-19T01:54:30Z</ModuleTime>
      <ModuleName>dotnet</ModuleName>
      <Classes />
    </Module>
    <Module skippedDueTo="Filter" hash="FA-4A-26-FD-4B-EC-42-16-EF-0A-8B-32-30-16-D2-13-E8-25-8B-BA">
      <ModulePath>C:\Program Files\dotnet\shared\Microsoft.NETCore.App\5.0.0-preview.6.20305.6\System.Collections.Immutable.dll</ModulePath>
      <ModuleTime>2020-06-05T22:20:06Z</ModuleTime>
      <ModuleName>System.Collections.Immutable</ModuleName>
      <Classes />
    </Module>
    <Module skippedDueTo="Filter" hash="47-73-07-28-D0-CB-21-D8-9C-38-C0-5A-59-42-43-EA-42-EF-EE-68">
      <ModulePath>C:\Program Files\dotnet\sdk\5.0.100-preview.6.20318.15\Microsoft.DotNet.Configurer.dll</ModulePath>
      <ModuleTime>2020-06-19T01:54:42Z</ModuleTime>
      <ModuleName>Microsoft.DotNet.Configurer</ModuleName>
      <Classes />
    </Module>
    <Module skippedDueTo="Filter" hash="8B-86-45-9C-E5-0F-D2-F4-4D-59-9F-5D-75-5C-6D-DD-2E-6F-80-0A">
      <ModulePath>C:\Program Files\dotnet\sdk\5.0.100-preview.6.20318.15\Microsoft.DotNet.InternalAbstractions.dll</ModulePath>
      <ModuleTime>2020-06-19T01:54:42Z</ModuleTime>
      <ModuleName>Microsoft.DotNet.InternalAbstractions</ModuleName>
      <Classes />
    </Module>
    <Module skippedDueTo="Filter" hash="27-4C-5C-71-81-31-F9-72-DF-8E-85-37-7E-C9-9B-39-A1-A6-2B-DF">
      <ModulePath>C:\Program Files\dotnet\sdk\5.0.100-preview.6.20318.15\Microsoft.DotNet.Cli.Utils.dll</ModulePath>
      <ModuleTime>2020-06-19T01:54:42Z</ModuleTime>
      <ModuleName>Microsoft.DotNet.Cli.Utils</ModuleName>
      <Classes />
    </Module>
    <Module skippedDueTo="Filter" hash="9E-42-3C-98-AF-BE-59-C0-95-B5-7A-47-92-41-F1-7D-C1-CB-AD-23">
      <ModulePath>C:\Program Files\dotnet\shared\Microsoft.NETCore.App\5.0.0-preview.6.20305.6\System.Text.Encoding.Extensions.dll</ModulePath>
      <ModuleTime>2020-06-05T22:20:14Z</ModuleTime>
      <ModuleName>System.Text.Encoding.Extensions</ModuleName>
      <Classes />
    </Module>
    <Module skippedDueTo="Filter" hash="F8-6E-66-3C-64-8E-27-96-5B-F3-89-47-5D-41-04-76-DA-B1-1A-63">
      <ModulePath>C:\Program Files\dotnet\sdk\5.0.100-preview.6.20318.15\Microsoft.ApplicationInsights.dll</ModulePath>
      <ModuleTime>2020-06-19T01:54:42Z</ModuleTime>
      <ModuleName>Microsoft.ApplicationInsights</ModuleName>
      <Classes />
    </Module>
    <Module skippedDueTo="Filter" hash="31-9C-3C-24-A8-8E-D5-60-36-6D-84-7C-B8-6C-09-AE-B2-A8-80-39">
      <ModulePath>C:\Program Files\dotnet\shared\Microsoft.NETCore.App\5.0.0-preview.6.20305.6\System.Runtime.CompilerServices.Unsafe.dll</ModulePath>
      <ModuleTime>2020-06-05T22:20:10Z</ModuleTime>
      <ModuleName>System.Runtime.CompilerServices.Unsafe</ModuleName>
      <Classes />
    </Module>
    <Module skippedDueTo="Filter" hash="74-30-E2-B7-4E-96-49-99-4B-C8-E4-3B-B7-3F-A3-1C-A8-55-E6-84">
      <ModulePath>C:\Program Files\dotnet\shared\Microsoft.NETCore.App\5.0.0-preview.6.20305.6\System.Private.Uri.dll</ModulePath>
      <ModuleTime>2020-06-05T22:20:36Z</ModuleTime>
      <ModuleName>System.Private.Uri</ModuleName>
      <Classes />
    </Module>
    <Module skippedDueTo="Filter" hash="37-22-FD-72-A4-1D-68-A2-29-B1-E8-4C-67-BF-87-7D-32-65-FC-6D">
      <ModulePath>C:\Program Files\dotnet\shared\Microsoft.NETCore.App\5.0.0-preview.6.20305.6\System.Reflection.Extensions.dll</ModulePath>
      <ModuleTime>2020-06-05T22:20:36Z</ModuleTime>
      <ModuleName>System.Reflection.Extensions</ModuleName>
      <Classes />
    </Module>
    <Module skippedDueTo="Filter" hash="A0-EC-97-5A-FA-05-02-8C-EB-82-27-43-A7-04-47-1C-A9-5A-DA-57">
      <ModulePath>C:\Program Files\dotnet\shared\Microsoft.NETCore.App\5.0.0-preview.6.20305.6\System.Reflection.dll</ModulePath>
      <ModuleTime>2020-06-05T22:19:44Z</ModuleTime>
      <ModuleName>System.Reflection</ModuleName>
      <Classes />
    </Module>
    <Module skippedDueTo="Filter" hash="55-24-F9-BA-5A-1F-18-CA-19-A0-E1-74-DF-0A-B7-15-08-98-DC-CB">
      <ModulePath>C:\Program Files\dotnet\shared\Microsoft.NETCore.App\5.0.0-preview.6.20305.6\System.Xml.XDocument.dll</ModulePath>
      <ModuleTime>2020-06-05T22:22:14Z</ModuleTime>
      <ModuleName>System.Xml.XDocument</ModuleName>
      <Classes />
    </Module>
    <Module skippedDueTo="Filter" hash="40-EA-5E-B7-95-EF-55-70-3A-8A-D5-87-C1-A4-09-10-9E-20-52-F1">
      <ModulePath>C:\Program Files\dotnet\shared\Microsoft.NETCore.App\5.0.0-preview.6.20305.6\System.Private.Xml.Linq.dll</ModulePath>
      <ModuleTime>2020-06-05T22:20:08Z</ModuleTime>
      <ModuleName>System.Private.Xml.Linq</ModuleName>
      <Classes />
    </Module>
    <Module skippedDueTo="Filter" hash="1B-7F-B5-F0-C7-CC-EC-1B-7C-9E-2F-A5-E3-10-8C-75-04-C1-71-0A">
      <ModulePath>C:\Program Files\dotnet\shared\Microsoft.NETCore.App\5.0.0-preview.6.20305.6\System.Threading.Thread.dll</ModulePath>
      <ModuleTime>2020-06-05T22:20:14Z</ModuleTime>
      <ModuleName>System.Threading.Thread</ModuleName>
      <Classes />
    </Module>
    <Module skippedDueTo="Filter" hash="1B-B2-07-1B-41-63-87-90-D2-FE-76-4A-10-98-75-DC-08-17-B1-A2">
      <ModulePath>C:\Program Files\dotnet\shared\Microsoft.NETCore.App\5.0.0-preview.6.20305.6\System.Private.Xml.dll</ModulePath>
      <ModuleTime>2020-06-05T22:20:08Z</ModuleTime>
      <ModuleName>System.Private.Xml</ModuleName>
      <Classes />
    </Module>
    <Module skippedDueTo="Filter" hash="1D-93-EB-19-F3-94-47-DC-0D-AC-9F-C0-05-4F-3E-3F-29-D8-95-6A">
      <ModulePath>C:\Program Files\dotnet\shared\Microsoft.NETCore.App\5.0.0-preview.6.20305.6\System.Xml.ReaderWriter.dll</ModulePath>
      <ModuleTime>2020-06-05T22:19:58Z</ModuleTime>
      <ModuleName>System.Xml.ReaderWriter</ModuleName>
      <Classes />
    </Module>
    <Module skippedDueTo="Filter" hash="F2-CC-2F-56-B6-ED-C5-D4-96-DF-38-DC-9F-DE-FB-1B-75-B8-02-5C">
      <ModulePath>C:\Program Files\dotnet\shared\Microsoft.NETCore.App\5.0.0-preview.6.20305.6\System.Globalization.dll</ModulePath>
      <ModuleTime>2020-06-05T22:20:14Z</ModuleTime>
      <ModuleName>System.Globalization</ModuleName>
      <Classes />
    </Module>
    <Module skippedDueTo="Filter" hash="77-AA-B3-9C-19-5F-DC-5F-2E-40-AA-0F-D9-90-A9-EE-F7-97-43-9A">
      <ModulePath>C:\Program Files\dotnet\shared\Microsoft.NETCore.App\5.0.0-preview.6.20305.6\System.Collections.NonGeneric.dll</ModulePath>
      <ModuleTime>2020-06-05T22:20:08Z</ModuleTime>
      <ModuleName>System.Collections.NonGeneric</ModuleName>
      <Classes />
    </Module>
    <Module skippedDueTo="Filter" hash="16-CF-76-E6-7E-F8-34-03-3D-A8-66-36-4E-4A-33-2E-F7-BE-50-A3">
      <ModulePath>C:\Program Files\dotnet\shared\Microsoft.NETCore.App\5.0.0-preview.6.20305.6\Microsoft.Win32.Primitives.dll</ModulePath>
      <ModuleTime>2020-06-05T22:20:06Z</ModuleTime>
      <ModuleName>Microsoft.Win32.Primitives</ModuleName>
      <Classes />
    </Module>
    <Module skippedDueTo="Filter" hash="B2-72-B2-01-58-21-BF-15-46-6D-1E-D2-E8-67-B9-AD-A3-DF-DB-87">
      <ModulePath>C:\Program Files\dotnet\shared\Microsoft.NETCore.App\5.0.0-preview.6.20305.6\System.Resources.ResourceManager.dll</ModulePath>
      <ModuleTime>2020-06-05T22:20:38Z</ModuleTime>
      <ModuleName>System.Resources.ResourceManager</ModuleName>
      <Classes />
    </Module>
    <Module skippedDueTo="Filter" hash="49-FE-A9-73-9E-0E-EF-E3-A7-40-2C-CB-72-66-2C-A7-BA-62-EF-27">
      <ModulePath>C:\Program Files\dotnet\sdk\5.0.100-preview.6.20318.15\pt-BR\MSBuild.resources.dll</ModulePath>
      <ModuleTime>2020-06-10T23:37:28Z</ModuleTime>
      <ModuleName>MSBuild.resources</ModuleName>
      <Classes />
    </Module>
    <Module skippedDueTo="Filter" hash="41-3C-AE-ED-0E-9C-60-93-EE-CF-FB-05-97-23-29-6F-FE-44-44-38">
      <ModulePath>C:\Program Files\dotnet\shared\Microsoft.NETCore.App\5.0.0-preview.6.20305.6\System.Security.Cryptography.Algorithms.dll</ModulePath>
      <ModuleTime>2020-06-05T22:19:44Z</ModuleTime>
      <ModuleName>System.Security.Cryptography.Algorithms</ModuleName>
      <Classes />
    </Module>
    <Module skippedDueTo="Filter" hash="C5-79-DF-CB-37-5A-3A-60-2F-84-1F-6D-75-42-26-D5-DA-42-D1-F2">
      <ModulePath>C:\Program Files\dotnet\shared\Microsoft.NETCore.App\5.0.0-preview.6.20305.6\System.Security.Cryptography.Primitives.dll</ModulePath>
      <ModuleTime>2020-06-05T22:20:12Z</ModuleTime>
      <ModuleName>System.Security.Cryptography.Primitives</ModuleName>
      <Classes />
    </Module>
    <Module skippedDueTo="Filter" hash="23-9C-11-CE-48-F0-8A-91-D4-C9-BF-82-37-AE-EA-23-0B-57-73-6F">
      <ModulePath>C:\Program Files\dotnet\shared\Microsoft.NETCore.App\5.0.0-preview.6.20305.6\Microsoft.Win32.Registry.dll</ModulePath>
      <ModuleTime>2020-06-05T22:20:08Z</ModuleTime>
      <ModuleName>Microsoft.Win32.Registry</ModuleName>
      <Classes />
    </Module>
    <Module skippedDueTo="Filter" hash="3C-68-7C-CD-F5-3E-F5-11-74-F8-3A-03-17-A7-75-0A-36-8C-0E-78">
      <ModulePath>C:\Program Files\dotnet\shared\Microsoft.NETCore.App\5.0.0-preview.6.20305.6\System.Threading.Tasks.Dataflow.dll</ModulePath>
      <ModuleTime>2020-06-05T22:20:16Z</ModuleTime>
      <ModuleName>System.Threading.Tasks.Dataflow</ModuleName>
      <Classes />
    </Module>
    <Module skippedDueTo="Filter" hash="CD-3A-B4-14-D4-C6-E6-6C-1D-10-A9-B8-D5-25-83-F1-AE-97-AD-94">
      <ModulePath>C:\Program Files\dotnet\sdk\5.0.100-preview.6.20318.15\pt-BR\Microsoft.Build.resources.dll</ModulePath>
      <ModuleTime>2020-06-10T23:37:16Z</ModuleTime>
      <ModuleName>Microsoft.Build.resources</ModuleName>
      <Classes />
    </Module>
    <Module skippedDueTo="Filter" hash="0A-09-26-F8-9A-9E-CD-AA-27-18-5F-0F-6A-26-42-F7-8D-34-DF-4E">
      <ModulePath>C:\Program Files\dotnet\shared\Microsoft.NETCore.App\5.0.0-preview.6.20305.6\System.ObjectModel.dll</ModulePath>
      <ModuleTime>2020-06-05T22:20:04Z</ModuleTime>
      <ModuleName>System.ObjectModel</ModuleName>
      <Classes />
    </Module>
    <Module skippedDueTo="Filter" hash="D5-C1-30-23-DA-A1-51-C2-72-73-6B-6C-BC-7B-AC-CC-70-90-8A-B9">
      <ModulePath>C:\Program Files\dotnet\shared\Microsoft.NETCore.App\5.0.0-preview.6.20305.6\System.Text.Json.dll</ModulePath>
      <ModuleTime>2020-06-05T22:20:40Z</ModuleTime>
      <ModuleName>System.Text.Json</ModuleName>
      <Classes />
    </Module>
    <Module skippedDueTo="Filter" hash="9B-3B-82-87-EE-2B-23-CD-14-14-55-CA-6A-F7-ED-71-B5-6E-01-E3">
      <ModulePath>C:\Program Files\dotnet\shared\Microsoft.NETCore.App\5.0.0-preview.6.20305.6\System.Reflection.Emit.ILGeneration.dll</ModulePath>
      <ModuleTime>2020-06-05T22:20:08Z</ModuleTime>
      <ModuleName>System.Reflection.Emit.ILGeneration</ModuleName>
      <Classes />
    </Module>
    <Module skippedDueTo="Filter" hash="34-6F-1F-4B-82-34-99-C3-ED-26-54-DF-3A-6A-7F-95-27-FC-17-3C">
      <ModulePath>C:\Program Files\dotnet\shared\Microsoft.NETCore.App\5.0.0-preview.6.20305.6\System.Reflection.Emit.Lightweight.dll</ModulePath>
      <ModuleTime>2020-06-05T22:20:12Z</ModuleTime>
      <ModuleName>System.Reflection.Emit.Lightweight</ModuleName>
      <Classes />
    </Module>
    <Module skippedDueTo="Filter" hash="6C-B1-81-07-76-1F-A5-E4-0A-4E-61-6A-A0-D8-02-31-21-B6-7C-48">
      <ModulePath>C:\Program Files\dotnet\shared\Microsoft.NETCore.App\5.0.0-preview.6.20305.6\System.Reflection.Primitives.dll</ModulePath>
      <ModuleTime>2020-06-05T22:20:40Z</ModuleTime>
      <ModuleName>System.Reflection.Primitives</ModuleName>
      <Classes />
    </Module>
    <Module skippedDueTo="Filter" hash="A7-4C-33-E8-72-67-F4-DB-4C-C3-2D-F1-68-89-CD-95-30-74-C6-5A">
      <ModulePath>C:\Program Files\dotnet\shared\Microsoft.NETCore.App\5.0.0-preview.6.20305.6\System.Diagnostics.TraceSource.dll</ModulePath>
      <ModuleTime>2020-06-05T22:20:12Z</ModuleTime>
      <ModuleName>System.Diagnostics.TraceSource</ModuleName>
      <Classes />
    </Module>
    <Module skippedDueTo="Filter" hash="44-05-CF-0E-E1-CE-DB-37-1A-C1-DA-AF-0F-FD-32-D9-6D-AB-FD-2E">
      <ModulePath>C:\Program Files\dotnet\shared\Microsoft.NETCore.App\5.0.0-preview.6.20305.6\System.ComponentModel.dll</ModulePath>
      <ModuleTime>2020-06-05T22:20:42Z</ModuleTime>
      <ModuleName>System.ComponentModel</ModuleName>
      <Classes />
    </Module>
    <Module skippedDueTo="Filter" hash="EF-B6-2E-9D-E4-68-A1-95-66-FD-CC-DE-1D-8D-47-57-33-1F-83-BD">
      <ModulePath>C:\Program Files\dotnet\shared\Microsoft.NETCore.App\5.0.0-preview.6.20305.6\System.Threading.Tasks.Parallel.dll</ModulePath>
      <ModuleTime>2020-06-05T22:20:14Z</ModuleTime>
      <ModuleName>System.Threading.Tasks.Parallel</ModuleName>
      <Classes />
    </Module>
    <Module skippedDueTo="Filter" hash="48-C3-23-1F-17-7E-DD-B4-0B-A1-7E-A0-1E-C3-64-BF-3F-6B-F7-70">
      <ModulePath>C:\Program Files\dotnet\sdk\5.0.100-preview.6.20318.15\Microsoft.Build.Tasks.Core.dll</ModulePath>
      <ModuleTime>2020-06-19T01:54:40Z</ModuleTime>
      <ModuleName>Microsoft.Build.Tasks.Core</ModuleName>
      <Classes />
    </Module>
    <Module skippedDueTo="Filter" hash="BF-1E-13-AD-BF-89-70-E2-60-4F-0F-09-D8-5B-F3-1A-F5-AF-54-24">
      <ModulePath>C:\Program Files\dotnet\sdk\5.0.100-preview.6.20318.15\Microsoft.Build.Utilities.Core.dll</ModulePath>
      <ModuleTime>2020-06-19T02:00:22Z</ModuleTime>
      <ModuleName>Microsoft.Build.Utilities.Core</ModuleName>
      <Classes />
    </Module>
    <Module skippedDueTo="Filter" hash="7B-73-14-40-3C-FB-50-A7-27-7F-1E-DC-FD-D6-DC-B2-8C-67-2C-B1">
      <ModulePath>C:\Program Files\dotnet\sdk\5.0.100-preview.6.20318.15\NuGet.Build.Tasks.dll</ModulePath>
      <ModuleTime>2020-06-19T01:54:32Z</ModuleTime>
      <ModuleName>NuGet.Build.Tasks</ModuleName>
      <Classes />
    </Module>
    <Module skippedDueTo="Filter" hash="D3-C9-15-D6-35-AE-4C-A4-D7-B5-59-07-87-EC-D3-0A-4D-93-07-D8">
      <ModulePath>C:\Program Files\dotnet\sdk\5.0.100-preview.6.20318.15\NuGet.Common.dll</ModulePath>
      <ModuleTime>2020-06-19T01:54:40Z</ModuleTime>
      <ModuleName>NuGet.Common</ModuleName>
      <Classes />
    </Module>
    <Module skippedDueTo="Filter" hash="39-15-C0-CD-82-25-FC-D6-35-EA-DB-99-0C-B3-1C-93-2A-94-D1-E7">
      <ModulePath>C:\Program Files\dotnet\sdk\5.0.100-preview.6.20318.15\NuGet.Commands.dll</ModulePath>
      <ModuleTime>2020-06-19T01:54:32Z</ModuleTime>
      <ModuleName>NuGet.Commands</ModuleName>
      <Classes />
    </Module>
    <Module skippedDueTo="Filter" hash="E6-29-97-D6-EA-69-43-B2-7B-96-F4-D6-E9-3B-3B-07-23-AC-B8-FA">
      <ModulePath>C:\Program Files\dotnet\sdk\5.0.100-preview.6.20318.15\NuGet.ProjectModel.dll</ModulePath>
      <ModuleTime>2020-06-19T01:54:38Z</ModuleTime>
      <ModuleName>NuGet.ProjectModel</ModuleName>
      <Classes />
    </Module>
    <Module skippedDueTo="Filter" hash="3C-F0-51-D6-8A-44-5F-85-E0-42-15-F2-98-57-3A-D2-34-E6-A3-F1">
      <ModulePath>C:\Program Files\dotnet\shared\Microsoft.NETCore.App\5.0.0-preview.6.20305.6\System.Threading.ThreadPool.dll</ModulePath>
      <ModuleTime>2020-06-05T22:19:44Z</ModuleTime>
      <ModuleName>System.Threading.ThreadPool</ModuleName>
      <Classes />
    </Module>
    <Module skippedDueTo="Filter" hash="15-65-AB-F6-09-CB-CC-80-BE-6F-23-15-F0-4A-2B-18-CD-54-F1-7C">
      <ModulePath>C:\Program Files\dotnet\shared\Microsoft.NETCore.App\5.0.0-preview.6.20305.6\System.IO.Pipes.dll</ModulePath>
      <ModuleTime>2020-06-05T22:20:16Z</ModuleTime>
      <ModuleName>System.IO.Pipes</ModuleName>
      <Classes />
    </Module>
    <Module skippedDueTo="Filter" hash="F8-24-BA-89-3D-CC-34-05-D3-4D-58-75-46-CC-0E-DC-EA-AE-C4-41">
      <ModulePath>C:\Program Files\dotnet\sdk\5.0.100-preview.6.20318.15\Microsoft.Build.NuGetSdkResolver.dll</ModulePath>
      <ModuleTime>2020-06-19T01:54:42Z</ModuleTime>
      <ModuleName>Microsoft.Build.NuGetSdkResolver</ModuleName>
      <Classes />
    </Module>
    <Module skippedDueTo="Filter" hash="5A-23-EC-79-97-EC-D1-17-63-89-42-84-28-C2-0D-6B-3A-06-D5-29">
      <ModulePath>C:\Program Files\dotnet\shared\Microsoft.NETCore.App\5.0.0-preview.6.20305.6\System.Diagnostics.FileVersionInfo.dll</ModulePath>
      <ModuleTime>2020-06-05T22:20:10Z</ModuleTime>
      <ModuleName>System.Diagnostics.FileVersionInfo</ModuleName>
      <Classes />
    </Module>
    <Module skippedDueTo="Filter" hash="87-81-A1-F3-A0-56-CB-68-84-D8-B8-5C-FC-4E-6F-9F-37-45-3B-AE">
      <ModulePath>C:\Program Files\dotnet\shared\Microsoft.NETCore.App\5.0.0-preview.6.20305.6\System.Net.Requests.dll</ModulePath>
      <ModuleTime>2020-06-05T22:20:20Z</ModuleTime>
      <ModuleName>System.Net.Requests</ModuleName>
      <Classes />
    </Module>
    <Module skippedDueTo="Filter" hash="D1-77-77-39-DE-BF-53-33-F8-B3-91-79-01-4E-4F-85-B0-6A-AD-55">
      <ModulePath>C:\Program Files\dotnet\shared\Microsoft.NETCore.App\5.0.0-preview.6.20305.6\System.Net.NetworkInformation.dll</ModulePath>
      <ModuleTime>2020-06-05T22:20:42Z</ModuleTime>
      <ModuleName>System.Net.NetworkInformation</ModuleName>
      <Classes />
    </Module>
    <Module skippedDueTo="Filter" hash="80-99-53-DC-8B-41-93-10-CC-8F-8E-7E-98-DD-FE-CD-67-D8-0A-33">
      <ModulePath>C:\Program Files\dotnet\shared\Microsoft.NETCore.App\5.0.0-preview.6.20305.6\System.Diagnostics.DiagnosticSource.dll</ModulePath>
      <ModuleTime>2020-06-05T22:20:10Z</ModuleTime>
      <ModuleName>System.Diagnostics.DiagnosticSource</ModuleName>
      <Classes />
    </Module>
    <Module skippedDueTo="Filter" hash="8A-56-CF-F9-F9-AB-D8-4F-32-C5-70-91-AA-25-08-DD-E3-1E-0C-34">
      <ModulePath>C:\Program Files\dotnet\shared\Microsoft.NETCore.App\5.0.0-preview.6.20305.6\System.Net.Sockets.dll</ModulePath>
      <ModuleTime>2020-06-05T22:19:44Z</ModuleTime>
      <ModuleName>System.Net.Sockets</ModuleName>
      <Classes />
    </Module>
    <Module skippedDueTo="Filter" hash="C7-DB-AA-80-A5-F8-93-75-0E-C8-FF-55-B0-FD-9D-DD-DA-FC-60-FC">
      <ModulePath>C:\Program Files\dotnet\shared\Microsoft.NETCore.App\5.0.0-preview.6.20305.6\System.Threading.Overlapped.dll</ModulePath>
      <ModuleTime>2020-06-05T22:19:44Z</ModuleTime>
      <ModuleName>System.Threading.Overlapped</ModuleName>
      <Classes />
    </Module>
    <Module skippedDueTo="Filter" hash="FA-2F-14-F7-BB-5E-28-91-E3-F1-89-84-69-CC-E2-3A-2A-7F-1F-C4">
      <ModulePath>C:\Program Files\dotnet\shared\Microsoft.NETCore.App\5.0.0-preview.6.20305.6\System.Net.NameResolution.dll</ModulePath>
      <ModuleTime>2020-06-05T22:20:18Z</ModuleTime>
      <ModuleName>System.Net.NameResolution</ModuleName>
      <Classes />
    </Module>
    <Module skippedDueTo="Filter" hash="3C-F0-51-D6-8A-44-5F-85-E0-42-15-F2-98-57-3A-D2-34-E6-A3-F1">
      <ModulePath>C:\Program Files\dotnet\shared\Microsoft.NETCore.App\5.0.0-preview.6.20305.6\System.Threading.ThreadPool.dll</ModulePath>
      <ModuleTime>2020-06-05T22:19:44Z</ModuleTime>
      <ModuleName>System.Threading.ThreadPool</ModuleName>
      <Classes />
    </Module>
    <Module skippedDueTo="Filter" hash="A3-23-5B-24-42-A5-27-60-19-02-E5-5A-77-18-18-0E-90-00-F8-3C">
      <ModulePath>C:\Program Files\dotnet\shared\Microsoft.NETCore.App\5.0.0-preview.6.20305.6\System.Security.Principal.Windows.dll</ModulePath>
      <ModuleTime>2020-06-05T22:20:14Z</ModuleTime>
      <ModuleName>System.Security.Principal.Windows</ModuleName>
      <Classes />
    </Module>
    <Module skippedDueTo="Filter" hash="CA-CC-87-49-AE-BC-70-7D-2F-70-59-3A-16-EB-31-07-13-62-53-E5">
      <ModulePath>C:\Program Files\dotnet\shared\Microsoft.NETCore.App\5.0.0-preview.6.20305.6\System.Security.Claims.dll</ModulePath>
      <ModuleTime>2020-06-05T22:20:12Z</ModuleTime>
      <ModuleName>System.Security.Claims</ModuleName>
      <Classes />
    </Module>
    <Module skippedDueTo="Filter" hash="2A-D9-15-95-F5-8B-67-6F-4E-0D-95-98-32-36-88-DF-AB-A5-DA-71">
      <ModulePath>C:\Program Files\dotnet\shared\Microsoft.NETCore.App\5.0.0-preview.6.20305.6\System.Security.Cryptography.Encoding.dll</ModulePath>
      <ModuleTime>2020-06-05T22:20:10Z</ModuleTime>
      <ModuleName>System.Security.Cryptography.Encoding</ModuleName>
      <Classes />
    </Module>
    <Module skippedDueTo="Filter" hash="B3-31-1E-17-D5-D9-AB-46-3E-73-21-16-32-08-15-9D-D3-E9-35-9A">
      <ModulePath>C:\Program Files\dotnet\shared\Microsoft.NETCore.App\5.0.0-preview.6.20305.6\System.Private.CoreLib.dll</ModulePath>
      <ModuleTime>2020-06-05T22:16:48Z</ModuleTime>
      <ModuleName>System.Private.CoreLib</ModuleName>
      <Classes />
    </Module>
    <Module skippedDueTo="Filter" hash="3E-3E-5F-78-E6-59-6F-B6-BE-7E-06-E6-93-14-03-0F-15-27-25-8D">
      <ModulePath>C:\Program Files\dotnet\sdk\5.0.100-preview.6.20318.15\MSBuild.dll</ModulePath>
      <ModuleTime>2020-06-19T01:54:42Z</ModuleTime>
      <ModuleName>MSBuild</ModuleName>
      <Classes />
    </Module>
    <Module skippedDueTo="Filter" hash="0C-FE-57-91-7F-02-93-6D-27-A8-61-F1-E1-AF-C4-71-57-DE-20-23">
      <ModulePath>C:\Program Files\dotnet\shared\Microsoft.NETCore.App\5.0.0-preview.6.20305.6\System.Runtime.dll</ModulePath>
      <ModuleTime>2020-06-05T22:20:36Z</ModuleTime>
      <ModuleName>System.Runtime</ModuleName>
      <Classes />
    </Module>
    <Module skippedDueTo="Filter" hash="02-7D-35-C4-74-F8-1C-17-43-72-5D-00-2D-E4-DD-70-62-EA-58-7B">
      <ModulePath>C:\Program Files\dotnet\shared\Microsoft.NETCore.App\5.0.0-preview.6.20305.6\System.Runtime.Extensions.dll</ModulePath>
      <ModuleTime>2020-06-05T22:20:38Z</ModuleTime>
      <ModuleName>System.Runtime.Extensions</ModuleName>
      <Classes />
    </Module>
    <Module skippedDueTo="Filter" hash="65-B4-BD-B6-02-C3-47-15-DC-6F-FC-1B-99-B3-30-DB-CC-23-46-6D">
      <ModulePath>C:\Program Files\dotnet\shared\Microsoft.NETCore.App\5.0.0-preview.6.20305.6\System.Threading.dll</ModulePath>
      <ModuleTime>2020-06-05T22:20:14Z</ModuleTime>
      <ModuleName>System.Threading</ModuleName>
      <Classes />
    </Module>
    <Module skippedDueTo="Filter" hash="B3-60-F7-34-BD-7B-AE-8C-D2-05-03-07-EA-C9-11-3A-D2-4F-CE-56">
      <ModulePath>C:\Program Files\dotnet\shared\Microsoft.NETCore.App\5.0.0-preview.6.20305.6\System.Threading.Tasks.dll</ModulePath>
      <ModuleTime>2020-06-05T22:21:36Z</ModuleTime>
      <ModuleName>System.Threading.Tasks</ModuleName>
      <Classes />
    </Module>
    <Module skippedDueTo="Filter" hash="38-44-3E-F9-29-3B-4E-D3-99-45-2D-F0-76-69-C1-ED-48-C6-73-6C">
      <ModulePath>C:\Program Files\dotnet\sdk\5.0.100-preview.6.20318.15\Microsoft.Build.Framework.dll</ModulePath>
      <ModuleTime>2020-06-19T01:54:40Z</ModuleTime>
      <ModuleName>Microsoft.Build.Framework</ModuleName>
      <Classes />
    </Module>
    <Module skippedDueTo="Filter" hash="8C-84-B7-54-E4-27-E6-DC-0B-C8-C3-CC-11-AD-C7-51-CC-72-64-6C">
      <ModulePath>C:\Program Files\dotnet\shared\Microsoft.NETCore.App\5.0.0-preview.6.20305.6\netstandard.dll</ModulePath>
      <ModuleTime>2020-06-05T22:20:06Z</ModuleTime>
      <ModuleName>netstandard</ModuleName>
      <Classes />
    </Module>
    <Module skippedDueTo="Filter" hash="3F-70-1E-70-60-FA-C2-7B-33-D4-36-A1-E7-4D-0D-DE-AF-AF-16-0C">
      <ModulePath>C:\Program Files\dotnet\shared\Microsoft.NETCore.App\5.0.0-preview.6.20305.6\System.Runtime.InteropServices.RuntimeInformation.dll</ModulePath>
      <ModuleTime>2020-06-05T22:20:10Z</ModuleTime>
      <ModuleName>System.Runtime.InteropServices.RuntimeInformation</ModuleName>
      <Classes />
    </Module>
    <Module skippedDueTo="Filter" hash="18-4D-D0-88-C8-05-81-65-EE-95-4E-A5-FA-EF-8F-62-2B-90-E5-2F">
      <ModulePath>C:\Program Files\dotnet\shared\Microsoft.NETCore.App\5.0.0-preview.6.20305.6\System.Diagnostics.Process.dll</ModulePath>
      <ModuleTime>2020-06-05T22:20:12Z</ModuleTime>
      <ModuleName>System.Diagnostics.Process</ModuleName>
      <Classes />
    </Module>
    <Module skippedDueTo="Filter" hash="1B-36-93-BE-B0-D2-AF-B0-29-B1-40-1C-3C-53-3C-B9-C0-F3-F7-B1">
      <ModulePath>C:\Program Files\dotnet\shared\Microsoft.NETCore.App\5.0.0-preview.6.20305.6\System.ComponentModel.Primitives.dll</ModulePath>
      <ModuleTime>2020-06-05T22:20:06Z</ModuleTime>
      <ModuleName>System.ComponentModel.Primitives</ModuleName>
      <Classes />
    </Module>
    <Module skippedDueTo="Filter" hash="F0-63-73-BE-A4-66-19-FA-B0-07-E9-88-29-46-3F-C4-A8-C1-B2-BC">
      <ModulePath>C:\Program Files\dotnet\shared\Microsoft.NETCore.App\5.0.0-preview.6.20305.6\System.Linq.dll</ModulePath>
      <ModuleTime>2020-06-05T22:20:18Z</ModuleTime>
      <ModuleName>System.Linq</ModuleName>
      <Classes />
    </Module>
    <Module skippedDueTo="Filter" hash="84-81-31-74-47-74-0B-A4-FD-88-EE-58-CD-0F-74-AB-39-EE-41-82">
      <ModulePath>C:\Program Files\dotnet\shared\Microsoft.NETCore.App\5.0.0-preview.6.20305.6\System.Text.RegularExpressions.dll</ModulePath>
      <ModuleTime>2020-06-05T22:20:14Z</ModuleTime>
      <ModuleName>System.Text.RegularExpressions</ModuleName>
      <Classes />
    </Module>
    <Module skippedDueTo="Filter" hash="4D-79-F6-64-C0-FB-34-D6-F6-2D-EB-F2-B1-52-25-55-B5-16-C4-D8">
      <ModulePath>C:\Program Files\dotnet\shared\Microsoft.NETCore.App\5.0.0-preview.6.20305.6\System.Collections.Concurrent.dll</ModulePath>
      <ModuleTime>2020-06-05T22:20:08Z</ModuleTime>
      <ModuleName>System.Collections.Concurrent</ModuleName>
      <Classes />
    </Module>
    <Module skippedDueTo="Filter" hash="18-A5-FB-BC-D5-43-D4-A3-DB-09-2C-3E-BD-52-F7-80-EF-4E-19-33">
      <ModulePath>C:\Program Files\dotnet\shared\Microsoft.NETCore.App\5.0.0-preview.6.20305.6\System.Collections.dll</ModulePath>
      <ModuleTime>2020-06-05T22:20:08Z</ModuleTime>
      <ModuleName>System.Collections</ModuleName>
      <Classes />
    </Module>
    <Module skippedDueTo="Filter" hash="8F-B5-BC-D4-CF-7C-A4-5F-00-EA-55-70-B6-41-08-34-8E-8B-9D-74">
      <ModulePath>C:\Program Files\dotnet\shared\Microsoft.NETCore.App\5.0.0-preview.6.20305.6\System.Memory.dll</ModulePath>
      <ModuleTime>2020-06-05T22:22:00Z</ModuleTime>
      <ModuleName>System.Memory</ModuleName>
      <Classes />
    </Module>
    <Module skippedDueTo="Filter" hash="6F-38-6E-BC-58-A0-F4-E2-4F-A3-C3-FC-01-17-7F-3A-92-8E-00-A5">
      <ModulePath>C:\Program Files\dotnet\shared\Microsoft.NETCore.App\5.0.0-preview.6.20305.6\System.IO.FileSystem.dll</ModulePath>
      <ModuleTime>2020-06-05T22:20:40Z</ModuleTime>
      <ModuleName>System.IO.FileSystem</ModuleName>
      <Classes />
    </Module>
    <Module skippedDueTo="Filter" hash="1F-17-8E-03-F5-46-31-CC-C9-56-6F-85-7D-A6-76-2B-43-29-DA-44">
      <ModulePath>C:\Program Files\dotnet\shared\Microsoft.NETCore.App\5.0.0-preview.6.20305.6\System.Runtime.InteropServices.dll</ModulePath>
      <ModuleTime>2020-06-05T22:20:10Z</ModuleTime>
      <ModuleName>System.Runtime.InteropServices</ModuleName>
      <Classes />
    </Module>
    <Module skippedDueTo="Filter" hash="28-83-8B-FF-EC-EE-15-FD-46-A6-CC-81-A2-0A-5F-5B-B8-FE-16-29">
      <ModulePath>C:\Program Files\dotnet\shared\Microsoft.NETCore.App\5.0.0-preview.6.20305.6\System.Console.dll</ModulePath>
      <ModuleTime>2020-06-05T22:20:08Z</ModuleTime>
      <ModuleName>System.Console</ModuleName>
      <Classes />
    </Module>
    <Module skippedDueTo="Filter" hash="D2-10-11-A0-6E-3E-26-0B-8E-99-B8-A8-D1-55-62-CF-76-18-E8-46">
      <ModulePath>C:\Program Files\dotnet\sdk\5.0.100-preview.6.20318.15\Microsoft.Build.dll</ModulePath>
      <ModuleTime>2020-06-19T01:54:42Z</ModuleTime>
      <ModuleName>Microsoft.Build</ModuleName>
      <Classes />
    </Module>
    <Module skippedDueTo="Filter" hash="9E-2A-0F-0A-89-6C-77-D5-70-43-AB-3D-24-4F-A9-DC-72-9C-31-D8">
      <ModulePath>C:\Program Files\dotnet\shared\Microsoft.NETCore.App\5.0.0-preview.6.20305.6\System.Diagnostics.Tracing.dll</ModulePath>
      <ModuleTime>2020-06-05T22:20:12Z</ModuleTime>
      <ModuleName>System.Diagnostics.Tracing</ModuleName>
      <Classes />
    </Module>
    <Module skippedDueTo="Filter" hash="04-BF-16-E1-9C-4E-54-2F-AC-7D-93-2F-1D-15-9C-76-5C-E5-F8-A3">
      <ModulePath>C:\Program Files\dotnet\shared\Microsoft.NETCore.App\5.0.0-preview.6.20305.6\System.Diagnostics.Debug.dll</ModulePath>
      <ModuleTime>2020-06-05T22:20:08Z</ModuleTime>
      <ModuleName>System.Diagnostics.Debug</ModuleName>
      <Classes />
    </Module>
    <Module skippedDueTo="Filter" hash="B9-90-86-E2-42-F1-C1-E6-79-A0-EF-6A-06-55-91-A0-46-14-72-5E">
      <ModulePath>C:\Program Files\dotnet\shared\Microsoft.NETCore.App\5.0.0-preview.6.20305.6\System.Text.Encoding.CodePages.dll</ModulePath>
      <ModuleTime>2020-06-05T22:19:44Z</ModuleTime>
      <ModuleName>System.Text.Encoding.CodePages</ModuleName>
      <Classes />
    </Module>
    <Module skippedDueTo="Filter" hash="15-65-AB-F6-09-CB-CC-80-BE-6F-23-15-F0-4A-2B-18-CD-54-F1-7C">
      <ModulePath>C:\Program Files\dotnet\shared\Microsoft.NETCore.App\5.0.0-preview.6.20305.6\System.IO.Pipes.dll</ModulePath>
      <ModuleTime>2020-06-05T22:20:16Z</ModuleTime>
      <ModuleName>System.IO.Pipes</ModuleName>
      <Classes />
    </Module>
    <Module skippedDueTo="Filter" hash="9E-42-3C-98-AF-BE-59-C0-95-B5-7A-47-92-41-F1-7D-C1-CB-AD-23">
      <ModulePath>C:\Program Files\dotnet\shared\Microsoft.NETCore.App\5.0.0-preview.6.20305.6\System.Text.Encoding.Extensions.dll</ModulePath>
      <ModuleTime>2020-06-05T22:20:14Z</ModuleTime>
      <ModuleName>System.Text.Encoding.Extensions</ModuleName>
      <Classes />
    </Module>
    <Module skippedDueTo="Filter" hash="71-17-92-2C-48-29-5D-14-84-14-5D-61-66-B6-A5-93-A6-7A-EE-89">
      <ModulePath>C:\Program Files\dotnet\shared\Microsoft.NETCore.App\5.0.0-preview.6.20305.6\System.Security.AccessControl.dll</ModulePath>
      <ModuleTime>2020-06-05T22:20:12Z</ModuleTime>
      <ModuleName>System.Security.AccessControl</ModuleName>
      <Classes />
    </Module>
    <Module skippedDueTo="Filter" hash="A3-23-5B-24-42-A5-27-60-19-02-E5-5A-77-18-18-0E-90-00-F8-3C">
      <ModulePath>C:\Program Files\dotnet\shared\Microsoft.NETCore.App\5.0.0-preview.6.20305.6\System.Security.Principal.Windows.dll</ModulePath>
      <ModuleTime>2020-06-05T22:20:14Z</ModuleTime>
      <ModuleName>System.Security.Principal.Windows</ModuleName>
      <Classes />
    </Module>
    <Module skippedDueTo="Filter" hash="CA-CC-87-49-AE-BC-70-7D-2F-70-59-3A-16-EB-31-07-13-62-53-E5">
      <ModulePath>C:\Program Files\dotnet\shared\Microsoft.NETCore.App\5.0.0-preview.6.20305.6\System.Security.Claims.dll</ModulePath>
      <ModuleTime>2020-06-05T22:20:12Z</ModuleTime>
      <ModuleName>System.Security.Claims</ModuleName>
      <Classes />
    </Module>
    <Module skippedDueTo="Filter" hash="C7-DB-AA-80-A5-F8-93-75-0E-C8-FF-55-B0-FD-9D-DD-DA-FC-60-FC">
      <ModulePath>C:\Program Files\dotnet\shared\Microsoft.NETCore.App\5.0.0-preview.6.20305.6\System.Threading.Overlapped.dll</ModulePath>
      <ModuleTime>2020-06-05T22:19:44Z</ModuleTime>
      <ModuleName>System.Threading.Overlapped</ModuleName>
      <Classes />
    </Module>
    <Module skippedDueTo="Filter" hash="C7-DB-AA-80-A5-F8-93-75-0E-C8-FF-55-B0-FD-9D-DD-DA-FC-60-FC">
      <ModulePath>C:\Program Files\dotnet\shared\Microsoft.NETCore.App\5.0.0-preview.6.20305.6\System.Threading.Overlapped.dll</ModulePath>
      <ModuleTime>2020-06-05T22:19:44Z</ModuleTime>
      <ModuleName>System.Threading.Overlapped</ModuleName>
      <Classes />
    </Module>
    <Module skippedDueTo="Filter" hash="71-17-92-2C-48-29-5D-14-84-14-5D-61-66-B6-A5-93-A6-7A-EE-89">
      <ModulePath>C:\Program Files\dotnet\shared\Microsoft.NETCore.App\5.0.0-preview.6.20305.6\System.Security.AccessControl.dll</ModulePath>
      <ModuleTime>2020-06-05T22:20:12Z</ModuleTime>
      <ModuleName>System.Security.AccessControl</ModuleName>
      <Classes />
    </Module>
    <Module skippedDueTo="Filter" hash="1B-7F-B5-F0-C7-CC-EC-1B-7C-9E-2F-A5-E3-10-8C-75-04-C1-71-0A">
      <ModulePath>C:\Program Files\dotnet\shared\Microsoft.NETCore.App\5.0.0-preview.6.20305.6\System.Threading.Thread.dll</ModulePath>
      <ModuleTime>2020-06-05T22:20:14Z</ModuleTime>
      <ModuleName>System.Threading.Thread</ModuleName>
      <Classes />
    </Module>
    <Module skippedDueTo="Filter" hash="A3-23-5B-24-42-A5-27-60-19-02-E5-5A-77-18-18-0E-90-00-F8-3C">
      <ModulePath>C:\Program Files\dotnet\shared\Microsoft.NETCore.App\5.0.0-preview.6.20305.6\System.Security.Principal.Windows.dll</ModulePath>
      <ModuleTime>2020-06-05T22:20:14Z</ModuleTime>
      <ModuleName>System.Security.Principal.Windows</ModuleName>
      <Classes />
    </Module>
    <Module skippedDueTo="Filter" hash="CA-CC-87-49-AE-BC-70-7D-2F-70-59-3A-16-EB-31-07-13-62-53-E5">
      <ModulePath>C:\Program Files\dotnet\shared\Microsoft.NETCore.App\5.0.0-preview.6.20305.6\System.Security.Claims.dll</ModulePath>
      <ModuleTime>2020-06-05T22:20:12Z</ModuleTime>
      <ModuleName>System.Security.Claims</ModuleName>
      <Classes />
    </Module>
    <Module skippedDueTo="Filter" hash="B2-72-B2-01-58-21-BF-15-46-6D-1E-D2-E8-67-B9-AD-A3-DF-DB-87">
      <ModulePath>C:\Program Files\dotnet\shared\Microsoft.NETCore.App\5.0.0-preview.6.20305.6\System.Resources.ResourceManager.dll</ModulePath>
      <ModuleTime>2020-06-05T22:20:38Z</ModuleTime>
      <ModuleName>System.Resources.ResourceManager</ModuleName>
      <Classes />
    </Module>
    <Module skippedDueTo="Filter" hash="0A-09-26-F8-9A-9E-CD-AA-27-18-5F-0F-6A-26-42-F7-8D-34-DF-4E">
      <ModulePath>C:\Program Files\dotnet\shared\Microsoft.NETCore.App\5.0.0-preview.6.20305.6\System.ObjectModel.dll</ModulePath>
      <ModuleTime>2020-06-05T22:20:04Z</ModuleTime>
      <ModuleName>System.ObjectModel</ModuleName>
      <Classes />
    </Module>
    <Module skippedDueTo="Filter" hash="3C-68-7C-CD-F5-3E-F5-11-74-F8-3A-03-17-A7-75-0A-36-8C-0E-78">
      <ModulePath>C:\Program Files\dotnet\shared\Microsoft.NETCore.App\5.0.0-preview.6.20305.6\System.Threading.Tasks.Dataflow.dll</ModulePath>
      <ModuleTime>2020-06-05T22:20:16Z</ModuleTime>
      <ModuleName>System.Threading.Tasks.Dataflow</ModuleName>
      <Classes />
    </Module>
    <Module skippedDueTo="Filter" hash="A9-87-17-DF-64-27-41-1E-CC-F9-F2-90-F9-46-2A-C4-01-98-BA-ED">
      <ModulePath>C:\Program Files\dotnet\shared\Microsoft.NETCore.App\5.0.0-preview.6.20305.6\System.Runtime.Loader.dll</ModulePath>
      <ModuleTime>2020-06-05T22:20:36Z</ModuleTime>
      <ModuleName>System.Runtime.Loader</ModuleName>
      <Classes />
    </Module>
    <Module skippedDueTo="Filter" hash="42-A3-35-26-45-DE-A3-C4-AA-86-A5-25-58-0F-27-94-52-5A-B2-77">
      <ModulePath>C:\Program Files\dotnet\sdk\5.0.100-preview.6.20318.15\dotnet.dll</ModulePath>
      <ModuleTime>2020-06-19T01:54:30Z</ModuleTime>
      <ModuleName>dotnet</ModuleName>
      <Classes />
    </Module>
    <Module skippedDueTo="Filter" hash="FA-4A-26-FD-4B-EC-42-16-EF-0A-8B-32-30-16-D2-13-E8-25-8B-BA">
      <ModulePath>C:\Program Files\dotnet\shared\Microsoft.NETCore.App\5.0.0-preview.6.20305.6\System.Collections.Immutable.dll</ModulePath>
      <ModuleTime>2020-06-05T22:20:06Z</ModuleTime>
      <ModuleName>System.Collections.Immutable</ModuleName>
      <Classes />
    </Module>
    <Module skippedDueTo="Filter" hash="47-73-07-28-D0-CB-21-D8-9C-38-C0-5A-59-42-43-EA-42-EF-EE-68">
      <ModulePath>C:\Program Files\dotnet\sdk\5.0.100-preview.6.20318.15\Microsoft.DotNet.Configurer.dll</ModulePath>
      <ModuleTime>2020-06-19T01:54:42Z</ModuleTime>
      <ModuleName>Microsoft.DotNet.Configurer</ModuleName>
      <Classes />
    </Module>
    <Module skippedDueTo="Filter" hash="CD-3A-B4-14-D4-C6-E6-6C-1D-10-A9-B8-D5-25-83-F1-AE-97-AD-94">
      <ModulePath>C:\Program Files\dotnet\sdk\5.0.100-preview.6.20318.15\pt-BR\Microsoft.Build.resources.dll</ModulePath>
      <ModuleTime>2020-06-10T23:37:16Z</ModuleTime>
      <ModuleName>Microsoft.Build.resources</ModuleName>
      <Classes />
    </Module>
    <Module skippedDueTo="Filter" hash="B3-31-1E-17-D5-D9-AB-46-3E-73-21-16-32-08-15-9D-D3-E9-35-9A">
      <ModulePath>C:\Program Files\dotnet\shared\Microsoft.NETCore.App\5.0.0-preview.6.20305.6\System.Private.CoreLib.dll</ModulePath>
      <ModuleTime>2020-06-05T22:16:48Z</ModuleTime>
      <ModuleName>System.Private.CoreLib</ModuleName>
      <Classes />
    </Module>
    <Module skippedDueTo="Filter" hash="3E-3E-5F-78-E6-59-6F-B6-BE-7E-06-E6-93-14-03-0F-15-27-25-8D">
      <ModulePath>C:\Program Files\dotnet\sdk\5.0.100-preview.6.20318.15\MSBuild.dll</ModulePath>
      <ModuleTime>2020-06-19T01:54:42Z</ModuleTime>
      <ModuleName>MSBuild</ModuleName>
      <Classes />
    </Module>
    <Module skippedDueTo="Filter" hash="0C-FE-57-91-7F-02-93-6D-27-A8-61-F1-E1-AF-C4-71-57-DE-20-23">
      <ModulePath>C:\Program Files\dotnet\shared\Microsoft.NETCore.App\5.0.0-preview.6.20305.6\System.Runtime.dll</ModulePath>
      <ModuleTime>2020-06-05T22:20:36Z</ModuleTime>
      <ModuleName>System.Runtime</ModuleName>
      <Classes />
    </Module>
    <Module skippedDueTo="Filter" hash="02-7D-35-C4-74-F8-1C-17-43-72-5D-00-2D-E4-DD-70-62-EA-58-7B">
      <ModulePath>C:\Program Files\dotnet\shared\Microsoft.NETCore.App\5.0.0-preview.6.20305.6\System.Runtime.Extensions.dll</ModulePath>
      <ModuleTime>2020-06-05T22:20:38Z</ModuleTime>
      <ModuleName>System.Runtime.Extensions</ModuleName>
      <Classes />
    </Module>
    <Module skippedDueTo="Filter" hash="65-B4-BD-B6-02-C3-47-15-DC-6F-FC-1B-99-B3-30-DB-CC-23-46-6D">
      <ModulePath>C:\Program Files\dotnet\shared\Microsoft.NETCore.App\5.0.0-preview.6.20305.6\System.Threading.dll</ModulePath>
      <ModuleTime>2020-06-05T22:20:14Z</ModuleTime>
      <ModuleName>System.Threading</ModuleName>
      <Classes />
    </Module>
    <Module skippedDueTo="Filter" hash="B3-60-F7-34-BD-7B-AE-8C-D2-05-03-07-EA-C9-11-3A-D2-4F-CE-56">
      <ModulePath>C:\Program Files\dotnet\shared\Microsoft.NETCore.App\5.0.0-preview.6.20305.6\System.Threading.Tasks.dll</ModulePath>
      <ModuleTime>2020-06-05T22:21:36Z</ModuleTime>
      <ModuleName>System.Threading.Tasks</ModuleName>
      <Classes />
    </Module>
    <Module skippedDueTo="Filter" hash="38-44-3E-F9-29-3B-4E-D3-99-45-2D-F0-76-69-C1-ED-48-C6-73-6C">
      <ModulePath>C:\Program Files\dotnet\sdk\5.0.100-preview.6.20318.15\Microsoft.Build.Framework.dll</ModulePath>
      <ModuleTime>2020-06-19T01:54:40Z</ModuleTime>
      <ModuleName>Microsoft.Build.Framework</ModuleName>
      <Classes />
    </Module>
    <Module skippedDueTo="Filter" hash="8C-84-B7-54-E4-27-E6-DC-0B-C8-C3-CC-11-AD-C7-51-CC-72-64-6C">
      <ModulePath>C:\Program Files\dotnet\shared\Microsoft.NETCore.App\5.0.0-preview.6.20305.6\netstandard.dll</ModulePath>
      <ModuleTime>2020-06-05T22:20:06Z</ModuleTime>
      <ModuleName>netstandard</ModuleName>
      <Classes />
    </Module>
    <Module skippedDueTo="Filter" hash="3F-70-1E-70-60-FA-C2-7B-33-D4-36-A1-E7-4D-0D-DE-AF-AF-16-0C">
      <ModulePath>C:\Program Files\dotnet\shared\Microsoft.NETCore.App\5.0.0-preview.6.20305.6\System.Runtime.InteropServices.RuntimeInformation.dll</ModulePath>
      <ModuleTime>2020-06-05T22:20:10Z</ModuleTime>
      <ModuleName>System.Runtime.InteropServices.RuntimeInformation</ModuleName>
      <Classes />
    </Module>
    <Module skippedDueTo="Filter" hash="18-4D-D0-88-C8-05-81-65-EE-95-4E-A5-FA-EF-8F-62-2B-90-E5-2F">
      <ModulePath>C:\Program Files\dotnet\shared\Microsoft.NETCore.App\5.0.0-preview.6.20305.6\System.Diagnostics.Process.dll</ModulePath>
      <ModuleTime>2020-06-05T22:20:12Z</ModuleTime>
      <ModuleName>System.Diagnostics.Process</ModuleName>
      <Classes />
    </Module>
    <Module skippedDueTo="Filter" hash="1B-36-93-BE-B0-D2-AF-B0-29-B1-40-1C-3C-53-3C-B9-C0-F3-F7-B1">
      <ModulePath>C:\Program Files\dotnet\shared\Microsoft.NETCore.App\5.0.0-preview.6.20305.6\System.ComponentModel.Primitives.dll</ModulePath>
      <ModuleTime>2020-06-05T22:20:06Z</ModuleTime>
      <ModuleName>System.ComponentModel.Primitives</ModuleName>
      <Classes />
    </Module>
    <Module skippedDueTo="Filter" hash="F0-63-73-BE-A4-66-19-FA-B0-07-E9-88-29-46-3F-C4-A8-C1-B2-BC">
      <ModulePath>C:\Program Files\dotnet\shared\Microsoft.NETCore.App\5.0.0-preview.6.20305.6\System.Linq.dll</ModulePath>
      <ModuleTime>2020-06-05T22:20:18Z</ModuleTime>
      <ModuleName>System.Linq</ModuleName>
      <Classes />
    </Module>
    <Module skippedDueTo="Filter" hash="84-81-31-74-47-74-0B-A4-FD-88-EE-58-CD-0F-74-AB-39-EE-41-82">
      <ModulePath>C:\Program Files\dotnet\shared\Microsoft.NETCore.App\5.0.0-preview.6.20305.6\System.Text.RegularExpressions.dll</ModulePath>
      <ModuleTime>2020-06-05T22:20:14Z</ModuleTime>
      <ModuleName>System.Text.RegularExpressions</ModuleName>
      <Classes />
    </Module>
    <Module skippedDueTo="Filter" hash="4D-79-F6-64-C0-FB-34-D6-F6-2D-EB-F2-B1-52-25-55-B5-16-C4-D8">
      <ModulePath>C:\Program Files\dotnet\shared\Microsoft.NETCore.App\5.0.0-preview.6.20305.6\System.Collections.Concurrent.dll</ModulePath>
      <ModuleTime>2020-06-05T22:20:08Z</ModuleTime>
      <ModuleName>System.Collections.Concurrent</ModuleName>
      <Classes />
    </Module>
    <Module skippedDueTo="Filter" hash="18-A5-FB-BC-D5-43-D4-A3-DB-09-2C-3E-BD-52-F7-80-EF-4E-19-33">
      <ModulePath>C:\Program Files\dotnet\shared\Microsoft.NETCore.App\5.0.0-preview.6.20305.6\System.Collections.dll</ModulePath>
      <ModuleTime>2020-06-05T22:20:08Z</ModuleTime>
      <ModuleName>System.Collections</ModuleName>
      <Classes />
    </Module>
    <Module skippedDueTo="Filter" hash="8F-B5-BC-D4-CF-7C-A4-5F-00-EA-55-70-B6-41-08-34-8E-8B-9D-74">
      <ModulePath>C:\Program Files\dotnet\shared\Microsoft.NETCore.App\5.0.0-preview.6.20305.6\System.Memory.dll</ModulePath>
      <ModuleTime>2020-06-05T22:22:00Z</ModuleTime>
      <ModuleName>System.Memory</ModuleName>
      <Classes />
    </Module>
    <Module skippedDueTo="Filter" hash="6F-38-6E-BC-58-A0-F4-E2-4F-A3-C3-FC-01-17-7F-3A-92-8E-00-A5">
      <ModulePath>C:\Program Files\dotnet\shared\Microsoft.NETCore.App\5.0.0-preview.6.20305.6\System.IO.FileSystem.dll</ModulePath>
      <ModuleTime>2020-06-05T22:20:40Z</ModuleTime>
      <ModuleName>System.IO.FileSystem</ModuleName>
      <Classes />
    </Module>
    <Module skippedDueTo="Filter" hash="1F-17-8E-03-F5-46-31-CC-C9-56-6F-85-7D-A6-76-2B-43-29-DA-44">
      <ModulePath>C:\Program Files\dotnet\shared\Microsoft.NETCore.App\5.0.0-preview.6.20305.6\System.Runtime.InteropServices.dll</ModulePath>
      <ModuleTime>2020-06-05T22:20:10Z</ModuleTime>
      <ModuleName>System.Runtime.InteropServices</ModuleName>
      <Classes />
    </Module>
    <Module skippedDueTo="Filter" hash="28-83-8B-FF-EC-EE-15-FD-46-A6-CC-81-A2-0A-5F-5B-B8-FE-16-29">
      <ModulePath>C:\Program Files\dotnet\shared\Microsoft.NETCore.App\5.0.0-preview.6.20305.6\System.Console.dll</ModulePath>
      <ModuleTime>2020-06-05T22:20:08Z</ModuleTime>
      <ModuleName>System.Console</ModuleName>
      <Classes />
    </Module>
    <Module skippedDueTo="Filter" hash="D2-10-11-A0-6E-3E-26-0B-8E-99-B8-A8-D1-55-62-CF-76-18-E8-46">
      <ModulePath>C:\Program Files\dotnet\sdk\5.0.100-preview.6.20318.15\Microsoft.Build.dll</ModulePath>
      <ModuleTime>2020-06-19T01:54:42Z</ModuleTime>
      <ModuleName>Microsoft.Build</ModuleName>
      <Classes />
    </Module>
    <Module skippedDueTo="Filter" hash="9E-2A-0F-0A-89-6C-77-D5-70-43-AB-3D-24-4F-A9-DC-72-9C-31-D8">
      <ModulePath>C:\Program Files\dotnet\shared\Microsoft.NETCore.App\5.0.0-preview.6.20305.6\System.Diagnostics.Tracing.dll</ModulePath>
      <ModuleTime>2020-06-05T22:20:12Z</ModuleTime>
      <ModuleName>System.Diagnostics.Tracing</ModuleName>
      <Classes />
    </Module>
    <Module skippedDueTo="Filter" hash="04-BF-16-E1-9C-4E-54-2F-AC-7D-93-2F-1D-15-9C-76-5C-E5-F8-A3">
      <ModulePath>C:\Program Files\dotnet\shared\Microsoft.NETCore.App\5.0.0-preview.6.20305.6\System.Diagnostics.Debug.dll</ModulePath>
      <ModuleTime>2020-06-05T22:20:08Z</ModuleTime>
      <ModuleName>System.Diagnostics.Debug</ModuleName>
      <Classes />
    </Module>
    <Module skippedDueTo="Filter" hash="B9-90-86-E2-42-F1-C1-E6-79-A0-EF-6A-06-55-91-A0-46-14-72-5E">
      <ModulePath>C:\Program Files\dotnet\shared\Microsoft.NETCore.App\5.0.0-preview.6.20305.6\System.Text.Encoding.CodePages.dll</ModulePath>
      <ModuleTime>2020-06-05T22:19:44Z</ModuleTime>
      <ModuleName>System.Text.Encoding.CodePages</ModuleName>
      <Classes />
    </Module>
    <Module skippedDueTo="Filter" hash="15-65-AB-F6-09-CB-CC-80-BE-6F-23-15-F0-4A-2B-18-CD-54-F1-7C">
      <ModulePath>C:\Program Files\dotnet\shared\Microsoft.NETCore.App\5.0.0-preview.6.20305.6\System.IO.Pipes.dll</ModulePath>
      <ModuleTime>2020-06-05T22:20:16Z</ModuleTime>
      <ModuleName>System.IO.Pipes</ModuleName>
      <Classes />
    </Module>
    <Module skippedDueTo="Filter" hash="9E-42-3C-98-AF-BE-59-C0-95-B5-7A-47-92-41-F1-7D-C1-CB-AD-23">
      <ModulePath>C:\Program Files\dotnet\shared\Microsoft.NETCore.App\5.0.0-preview.6.20305.6\System.Text.Encoding.Extensions.dll</ModulePath>
      <ModuleTime>2020-06-05T22:20:14Z</ModuleTime>
      <ModuleName>System.Text.Encoding.Extensions</ModuleName>
      <Classes />
    </Module>
    <Module skippedDueTo="Filter" hash="71-17-92-2C-48-29-5D-14-84-14-5D-61-66-B6-A5-93-A6-7A-EE-89">
      <ModulePath>C:\Program Files\dotnet\shared\Microsoft.NETCore.App\5.0.0-preview.6.20305.6\System.Security.AccessControl.dll</ModulePath>
      <ModuleTime>2020-06-05T22:20:12Z</ModuleTime>
      <ModuleName>System.Security.AccessControl</ModuleName>
      <Classes />
    </Module>
    <Module skippedDueTo="Filter" hash="A3-23-5B-24-42-A5-27-60-19-02-E5-5A-77-18-18-0E-90-00-F8-3C">
      <ModulePath>C:\Program Files\dotnet\shared\Microsoft.NETCore.App\5.0.0-preview.6.20305.6\System.Security.Principal.Windows.dll</ModulePath>
      <ModuleTime>2020-06-05T22:20:14Z</ModuleTime>
      <ModuleName>System.Security.Principal.Windows</ModuleName>
      <Classes />
    </Module>
    <Module skippedDueTo="Filter" hash="CA-CC-87-49-AE-BC-70-7D-2F-70-59-3A-16-EB-31-07-13-62-53-E5">
      <ModulePath>C:\Program Files\dotnet\shared\Microsoft.NETCore.App\5.0.0-preview.6.20305.6\System.Security.Claims.dll</ModulePath>
      <ModuleTime>2020-06-05T22:20:12Z</ModuleTime>
      <ModuleName>System.Security.Claims</ModuleName>
      <Classes />
    </Module>
    <Module skippedDueTo="Filter" hash="C7-DB-AA-80-A5-F8-93-75-0E-C8-FF-55-B0-FD-9D-DD-DA-FC-60-FC">
      <ModulePath>C:\Program Files\dotnet\shared\Microsoft.NETCore.App\5.0.0-preview.6.20305.6\System.Threading.Overlapped.dll</ModulePath>
      <ModuleTime>2020-06-05T22:19:44Z</ModuleTime>
      <ModuleName>System.Threading.Overlapped</ModuleName>
      <Classes />
    </Module>
    <Module skippedDueTo="Filter" hash="1B-7F-B5-F0-C7-CC-EC-1B-7C-9E-2F-A5-E3-10-8C-75-04-C1-71-0A">
      <ModulePath>C:\Program Files\dotnet\shared\Microsoft.NETCore.App\5.0.0-preview.6.20305.6\System.Threading.Thread.dll</ModulePath>
      <ModuleTime>2020-06-05T22:20:14Z</ModuleTime>
      <ModuleName>System.Threading.Thread</ModuleName>
      <Classes />
    </Module>
    <Module skippedDueTo="Filter" hash="B2-72-B2-01-58-21-BF-15-46-6D-1E-D2-E8-67-B9-AD-A3-DF-DB-87">
      <ModulePath>C:\Program Files\dotnet\shared\Microsoft.NETCore.App\5.0.0-preview.6.20305.6\System.Resources.ResourceManager.dll</ModulePath>
      <ModuleTime>2020-06-05T22:20:38Z</ModuleTime>
      <ModuleName>System.Resources.ResourceManager</ModuleName>
      <Classes />
    </Module>
    <Module skippedDueTo="Filter" hash="0A-09-26-F8-9A-9E-CD-AA-27-18-5F-0F-6A-26-42-F7-8D-34-DF-4E">
      <ModulePath>C:\Program Files\dotnet\shared\Microsoft.NETCore.App\5.0.0-preview.6.20305.6\System.ObjectModel.dll</ModulePath>
      <ModuleTime>2020-06-05T22:20:04Z</ModuleTime>
      <ModuleName>System.ObjectModel</ModuleName>
      <Classes />
    </Module>
    <Module skippedDueTo="Filter" hash="3C-68-7C-CD-F5-3E-F5-11-74-F8-3A-03-17-A7-75-0A-36-8C-0E-78">
      <ModulePath>C:\Program Files\dotnet\shared\Microsoft.NETCore.App\5.0.0-preview.6.20305.6\System.Threading.Tasks.Dataflow.dll</ModulePath>
[...]
      <ModulePath>C:\Program Files\dotnet\shared\Microsoft.NETCore.App\3.1.7\System.Reflection.Emit.dll</ModulePath>
      <ModuleTime>2020-07-22T00:04:36Z</ModuleTime>
      <ModuleName>System.Reflection.Emit</ModuleName>
      <Classes />
    </Module>
    <Module skippedDueTo="Filter" hash="86-0E-8A-6A-1D-9A-C0-D2-24-22-59-57-68-21-09-02-51-D6-F4-73">
      <ModulePath>C:\Program Files\dotnet\shared\Microsoft.NETCore.App\3.1.7\System.Reflection.TypeExtensions.dll</ModulePath>
      <ModuleTime>2020-07-22T00:04:38Z</ModuleTime>
      <ModuleName>System.Reflection.TypeExtensions</ModuleName>
      <Classes />
    </Module>
    <Module skippedDueTo="Filter" hash="37-5A-58-12-85-20-FD-07-CA-67-94-8E-DD-E3-62-7B-E0-74-D9-80">
      <ModulePath>C:\Program Files\dotnet\shared\Microsoft.NETCore.App\3.1.7\System.Resources.Reader.dll</ModulePath>
      <ModuleTime>2020-07-22T00:04:40Z</ModuleTime>
      <ModuleName>System.Resources.Reader</ModuleName>
      <Classes />
    </Module>
    <Module skippedDueTo="Filter" hash="B8-68-70-8A-4D-86-DE-29-67-2F-42-F1-E6-24-A3-A0-CF-12-ED-73">
      <ModulePath>C:\Program Files\dotnet\shared\Microsoft.NETCore.App\3.1.7\System.Resources.Writer.dll</ModulePath>
      <ModuleTime>2020-07-22T00:04:38Z</ModuleTime>
      <ModuleName>System.Resources.Writer</ModuleName>
      <Classes />
    </Module>
    <Module skippedDueTo="Filter" hash="97-0F-F7-86-7B-B6-29-F8-CB-AB-3D-CC-B0-DA-EA-0E-54-05-54-B3">
      <ModulePath>C:\Program Files\dotnet\shared\Microsoft.NETCore.App\3.1.7\System.Runtime.CompilerServices.Unsafe.dll</ModulePath>
      <ModuleTime>2020-07-22T00:04:38Z</ModuleTime>
      <ModuleName>System.Runtime.CompilerServices.Unsafe</ModuleName>
      <Classes />
    </Module>
    <Module skippedDueTo="Filter" hash="0E-F2-88-7F-B2-85-C4-C1-24-EC-30-2C-CE-B4-68-4D-C4-F1-09-C5">
      <ModulePath>C:\Program Files\dotnet\shared\Microsoft.NETCore.App\3.1.7\System.Runtime.CompilerServices.VisualC.dll</ModulePath>
      <ModuleTime>2020-07-22T00:04:38Z</ModuleTime>
      <ModuleName>System.Runtime.CompilerServices.VisualC</ModuleName>
      <Classes />
    </Module>
    <Module skippedDueTo="Filter" hash="3F-D1-D1-73-7E-46-AA-34-EC-0E-EF-25-0C-19-AF-62-A7-54-A4-BA">
      <ModulePath>C:\Program Files\dotnet\shared\Microsoft.NETCore.App\3.1.7\System.Runtime.Handles.dll</ModulePath>
      <ModuleTime>2020-07-22T00:04:38Z</ModuleTime>
      <ModuleName>System.Runtime.Handles</ModuleName>
      <Classes />
    </Module>
    <Module skippedDueTo="Filter" hash="40-5E-EE-FF-4B-6A-57-32-C3-DC-BB-7A-64-44-D5-B6-C2-5B-8D-34">
      <ModulePath>C:\Program Files\dotnet\shared\Microsoft.NETCore.App\3.1.7\System.Runtime.InteropServices.WindowsRuntime.dll</ModulePath>
      <ModuleTime>2020-07-22T00:04:40Z</ModuleTime>
      <ModuleName>System.Runtime.InteropServices.WindowsRuntime</ModuleName>
      <Classes />
    </Module>
    <Module skippedDueTo="Filter" hash="B4-E2-D6-62-22-2B-EC-7B-26-C8-CF-0D-99-E1-AB-AE-9E-7F-3D-D1">
      <ModulePath>C:\Program Files\dotnet\shared\Microsoft.NETCore.App\3.1.7\System.Runtime.Intrinsics.dll</ModulePath>
      <ModuleTime>2020-07-22T00:04:40Z</ModuleTime>
      <ModuleName>System.Runtime.Intrinsics</ModuleName>
      <Classes />
    </Module>
    <Module skippedDueTo="Filter" hash="D3-FD-B0-1B-E1-75-1C-F3-A5-BD-CB-34-E4-2E-9C-A3-66-64-88-D2">
      <ModulePath>C:\Program Files\dotnet\shared\Microsoft.NETCore.App\3.1.7\System.Runtime.Serialization.Json.dll</ModulePath>
      <ModuleTime>2020-07-22T00:04:44Z</ModuleTime>
      <ModuleName>System.Runtime.Serialization.Json</ModuleName>
      <Classes />
    </Module>
    <Module skippedDueTo="Filter" hash="AC-31-8B-4A-15-49-16-EA-05-5E-4A-38-E3-C3-CB-FC-8A-4E-D3-8D">
      <ModulePath>C:\Program Files\dotnet\shared\Microsoft.NETCore.App\3.1.7\System.Runtime.Serialization.Xml.dll</ModulePath>
      <ModuleTime>2020-07-22T00:04:40Z</ModuleTime>
      <ModuleName>System.Runtime.Serialization.Xml</ModuleName>
      <Classes />
    </Module>
    <Module skippedDueTo="Filter" hash="97-7C-95-C6-07-91-C2-F6-F0-A5-4D-9F-A7-3E-A0-98-80-64-7D-D5">
      <ModulePath>C:\Program Files\dotnet\shared\Microsoft.NETCore.App\3.1.7\System.Runtime.Serialization.dll</ModulePath>
      <ModuleTime>2020-07-22T00:04:42Z</ModuleTime>
      <ModuleName>System.Runtime.Serialization</ModuleName>
      <Classes />
    </Module>
    <Module skippedDueTo="Filter" hash="C5-E9-1D-BC-D1-B8-C9-6A-D5-ED-D4-D1-E8-9F-0C-A1-62-F8-7C-10">
      <ModulePath>C:\Program Files\dotnet\shared\Microsoft.NETCore.App\3.1.7\System.Runtime.WindowsRuntime.UI.Xaml.dll</ModulePath>
      <ModuleTime>2020-07-22T00:04:42Z</ModuleTime>
      <ModuleName>System.Runtime.WindowsRuntime.UI.Xaml</ModuleName>
      <Classes />
    </Module>
    <Module skippedDueTo="Filter" hash="BC-6C-BE-49-AE-AD-35-F4-58-89-CE-A8-A6-05-17-8B-3F-9F-BA-C1">
      <ModulePath>C:\Program Files\dotnet\shared\Microsoft.NETCore.App\3.1.7\System.Runtime.WindowsRuntime.dll</ModulePath>
      <ModuleTime>2020-07-22T00:04:40Z</ModuleTime>
      <ModuleName>System.Runtime.WindowsRuntime</ModuleName>
      <Classes />
    </Module>
    <Module skippedDueTo="Filter" hash="86-BA-39-88-B6-F5-FE-98-16-E2-6C-C0-69-70-4B-35-22-C1-60-C2">
      <ModulePath>C:\WINDOWS\system32\WinMetadata\Windows.Foundation.winmd</ModulePath>
      <ModuleTime>2019-12-07T22:32:37.7241403Z</ModuleTime>
      <ModuleName>Windows.Foundation</ModuleName>
      <Classes />
    </Module>
    <Module skippedDueTo="Filter" hash="EF-DA-13-43-19-12-4C-91-7E-EF-0B-82-42-2A-54-D2-A6-C1-ED-15">
      <ModulePath>C:\WINDOWS\system32\WinMetadata\Windows.Storage.winmd</ModulePath>
      <ModuleTime>2019-12-07T22:32:37.9272604Z</ModuleTime>
      <ModuleName>Windows.Storage</ModuleName>
      <Classes />
    </Module>
    <Module skippedDueTo="Filter" hash="FA-5E-38-AC-F3-81-5A-C3-D7-33-0A-73-A2-9B-C8-56-75-A1-E2-EA">
      <ModulePath>C:\Program Files\dotnet\shared\Microsoft.NETCore.App\3.1.7\System.Security.Cryptography.Encoding.dll</ModulePath>
      <ModuleTime>2020-07-22T00:04:42Z</ModuleTime>
      <ModuleName>System.Security.Cryptography.Encoding</ModuleName>
      <Classes />
    </Module>
    <Module skippedDueTo="Filter" hash="1E-5F-CF-00-A0-9C-67-F1-5D-F0-90-4D-0B-75-B0-F5-64-86-BB-81">
      <ModulePath>C:\Program Files\dotnet\shared\Microsoft.NETCore.App\3.1.7\System.Security.Cryptography.Primitives.dll</ModulePath>
      <ModuleTime>2020-07-22T00:04:42Z</ModuleTime>
      <ModuleName>System.Security.Cryptography.Primitives</ModuleName>
      <Classes />
    </Module>
    <Module skippedDueTo="Filter" hash="9C-A5-14-1F-8C-38-0D-41-14-4B-A1-9D-01-D7-62-51-9B-ED-E9-AF">
      <ModulePath>C:\Program Files\dotnet\shared\Microsoft.NETCore.App\3.1.7\System.Security.Cryptography.Cng.dll</ModulePath>
      <ModuleTime>2020-07-22T00:04:42Z</ModuleTime>
      <ModuleName>System.Security.Cryptography.Cng</ModuleName>
      <Classes />
    </Module>
    <Module skippedDueTo="Filter" hash="D3-48-51-F8-6A-11-6E-D0-09-14-0B-AA-AA-6F-27-D8-1D-41-B3-78">
      <ModulePath>C:\Program Files\dotnet\shared\Microsoft.NETCore.App\3.1.7\System.Security.Cryptography.Csp.dll</ModulePath>
      <ModuleTime>2020-07-22T00:04:46Z</ModuleTime>
      <ModuleName>System.Security.Cryptography.Csp</ModuleName>
      <Classes />
    </Module>
    <Module skippedDueTo="Filter" hash="AC-6E-98-4B-71-36-FB-D8-9B-B5-12-5A-63-D9-08-BE-6E-8C-DD-F2">
      <ModulePath>C:\Program Files\dotnet\shared\Microsoft.NETCore.App\3.1.7\System.Security.Cryptography.OpenSsl.dll</ModulePath>
      <ModuleTime>2020-07-22T00:04:42Z</ModuleTime>
      <ModuleName>System.Security.Cryptography.OpenSsl</ModuleName>
      <Classes />
    </Module>
    <Module skippedDueTo="Filter" hash="1C-92-4E-1C-B8-43-B2-55-07-E9-64-DE-84-6E-8A-32-BD-2D-B7-D3">
      <ModulePath>C:\Program Files\dotnet\shared\Microsoft.NETCore.App\3.1.7\System.Security.SecureString.dll</ModulePath>
      <ModuleTime>2020-07-22T00:04:44Z</ModuleTime>
      <ModuleName>System.Security.SecureString</ModuleName>
      <Classes />
    </Module>
    <Module skippedDueTo="Filter" hash="9C-5B-EB-18-EB-DE-A5-77-E6-7C-16-10-E3-1E-C6-27-21-FA-56-11">
      <ModulePath>C:\Program Files\dotnet\shared\Microsoft.NETCore.App\3.1.7\System.Security.dll</ModulePath>
      <ModuleTime>2020-07-22T00:04:42Z</ModuleTime>
      <ModuleName>System.Security</ModuleName>
      <Classes />
    </Module>
    <Module skippedDueTo="Filter" hash="88-D7-6F-CD-AA-39-08-E8-C5-37-05-56-00-C1-3D-DB-A5-CA-FB-90">
      <ModulePath>C:\Program Files\dotnet\shared\Microsoft.NETCore.App\3.1.7\System.ServiceModel.Web.dll</ModulePath>
      <ModuleTime>2020-07-22T00:04:44Z</ModuleTime>
      <ModuleName>System.ServiceModel.Web</ModuleName>
      <Classes />
    </Module>
    <Module skippedDueTo="Filter" hash="F7-36-B0-42-42-59-BC-C5-16-CD-A5-27-1E-A1-98-C0-D8-1C-3C-BF">
      <ModulePath>C:\Program Files\dotnet\shared\Microsoft.NETCore.App\3.1.7\System.ServiceProcess.dll</ModulePath>
      <ModuleTime>2020-07-22T00:05:08Z</ModuleTime>
      <ModuleName>System.ServiceProcess</ModuleName>
      <Classes />
    </Module>
    <Module skippedDueTo="Filter" hash="40-85-26-A2-58-EF-2A-AF-3B-7C-67-C4-21-06-AE-30-24-B3-52-91">
      <ModulePath>C:\Program Files\dotnet\shared\Microsoft.NETCore.App\3.1.7\System.Text.Encoding.CodePages.dll</ModulePath>
      <ModuleTime>2020-07-22T00:04:44Z</ModuleTime>
      <ModuleName>System.Text.Encoding.CodePages</ModuleName>
      <Classes />
    </Module>
    <Module skippedDueTo="Filter" hash="2E-48-2C-10-A1-BC-7E-34-2D-31-C2-C1-59-F4-B7-38-AE-8C-E0-7C">
      <ModulePath>C:\Program Files\dotnet\shared\Microsoft.NETCore.App\3.1.7\System.Text.Encoding.dll</ModulePath>
      <ModuleTime>2020-07-22T00:04:44Z</ModuleTime>
      <ModuleName>System.Text.Encoding</ModuleName>
      <Classes />
    </Module>
    <Module skippedDueTo="Filter" hash="B6-BF-11-0E-97-73-9B-19-CB-45-7C-FC-25-B7-43-B9-72-ED-41-CA">
      <ModulePath>C:\Program Files\dotnet\shared\Microsoft.NETCore.App\3.1.7\System.Text.Encodings.Web.dll</ModulePath>
      <ModuleTime>2020-07-22T00:04:46Z</ModuleTime>
      <ModuleName>System.Text.Encodings.Web</ModuleName>
      <Classes />
    </Module>
    <Module skippedDueTo="Filter" hash="24-42-8E-5D-F8-14-A0-F9-C3-E4-27-D7-8A-9F-1A-CD-43-FF-7D-5F">
      <ModulePath>C:\Program Files\dotnet\shared\Microsoft.NETCore.App\3.1.7\System.Text.Json.dll</ModulePath>
      <ModuleTime>2020-07-22T00:04:46Z</ModuleTime>
      <ModuleName>System.Text.Json</ModuleName>
      <Classes />
    </Module>
    <Module skippedDueTo="Filter" hash="EE-A3-CD-0E-16-94-FD-19-F0-12-EE-6A-36-84-4F-6D-D3-0D-94-BB">
      <ModulePath>C:\Program Files\dotnet\shared\Microsoft.NETCore.App\3.1.7\System.Threading.Channels.dll</ModulePath>
      <ModuleTime>2020-07-22T00:04:46Z</ModuleTime>
      <ModuleName>System.Threading.Channels</ModuleName>
      <Classes />
    </Module>
    <Module skippedDueTo="Filter" hash="38-8A-45-70-2F-C6-4D-3C-11-62-FD-AB-0E-7B-B3-18-E7-3E-34-6B">
      <ModulePath>C:\Program Files\dotnet\shared\Microsoft.NETCore.App\3.1.7\System.Threading.Tasks.Dataflow.dll</ModulePath>
      <ModuleTime>2020-07-22T00:04:46Z</ModuleTime>
      <ModuleName>System.Threading.Tasks.Dataflow</ModuleName>
      <Classes />
    </Module>
    <Module skippedDueTo="Filter" hash="8C-F4-EF-8F-60-27-EA-A1-05-23-E3-4B-47-3A-C0-83-7C-BE-31-47">
      <ModulePath>C:\Program Files\dotnet\shared\Microsoft.NETCore.App\3.1.7\System.Threading.Tasks.Extensions.dll</ModulePath>
      <ModuleTime>2020-07-22T00:04:46Z</ModuleTime>
      <ModuleName>System.Threading.Tasks.Extensions</ModuleName>
      <Classes />
    </Module>
    <Module skippedDueTo="Filter" hash="07-06-0A-77-CD-62-85-2F-C5-D5-53-82-0E-2B-A9-40-39-40-1C-E9">
      <ModulePath>C:\Program Files\dotnet\shared\Microsoft.NETCore.App\3.1.7\System.Threading.Tasks.Parallel.dll</ModulePath>
      <ModuleTime>2020-07-22T00:04:46Z</ModuleTime>
      <ModuleName>System.Threading.Tasks.Parallel</ModuleName>
      <Classes />
    </Module>
    <Module skippedDueTo="Filter" hash="93-D0-97-72-B1-ED-43-82-E9-87-BE-57-C5-72-86-FC-15-FB-3F-2B">
      <ModulePath>C:\Program Files\dotnet\shared\Microsoft.NETCore.App\3.1.7\System.Transactions.Local.dll</ModulePath>
      <ModuleTime>2020-07-22T00:05:06Z</ModuleTime>
      <ModuleName>System.Transactions.Local</ModuleName>
      <Classes />
    </Module>
    <Module skippedDueTo="Filter" hash="F4-F6-72-6C-5A-93-45-B5-E3-ED-6B-43-03-89-7C-67-2E-63-46-44">
      <ModulePath>C:\Program Files\dotnet\shared\Microsoft.NETCore.App\3.1.7\System.Transactions.dll</ModulePath>
      <ModuleTime>2020-07-22T00:05:08Z</ModuleTime>
      <ModuleName>System.Transactions</ModuleName>
      <Classes />
    </Module>
    <Module skippedDueTo="Filter" hash="4F-F3-C3-A2-AF-58-8B-2B-06-F6-27-BA-08-83-01-69-18-EE-47-71">
      <ModulePath>C:\Program Files\dotnet\shared\Microsoft.NETCore.App\3.1.7\System.ValueTuple.dll</ModulePath>
      <ModuleTime>2020-07-22T00:05:06Z</ModuleTime>
      <ModuleName>System.ValueTuple</ModuleName>
      <Classes />
    </Module>
    <Module skippedDueTo="Filter" hash="F8-F3-8D-3E-8D-E0-AA-A4-69-DF-69-76-E9-B5-0E-20-29-ED-83-B0">
      <ModulePath>C:\Program Files\dotnet\shared\Microsoft.NETCore.App\3.1.7\System.Web.HttpUtility.dll</ModulePath>
      <ModuleTime>2020-07-22T00:05:06Z</ModuleTime>
      <ModuleName>System.Web.HttpUtility</ModuleName>
      <Classes />
    </Module>
    <Module skippedDueTo="Filter" hash="A8-1B-8E-D9-BE-9E-95-A6-18-AE-62-58-41-39-EE-53-1C-B3-8F-37">
      <ModulePath>C:\Program Files\dotnet\shared\Microsoft.NETCore.App\3.1.7\System.Web.dll</ModulePath>
      <ModuleTime>2020-07-22T00:05:08Z</ModuleTime>
      <ModuleName>System.Web</ModuleName>
      <Classes />
    </Module>
    <Module skippedDueTo="Filter" hash="2F-BA-8D-59-53-9A-EE-5F-37-D6-7E-B6-BD-11-BC-17-DF-58-59-7F">
      <ModulePath>C:\Program Files\dotnet\shared\Microsoft.NETCore.App\3.1.7\System.Windows.dll</ModulePath>
      <ModuleTime>2020-07-22T00:05:06Z</ModuleTime>
      <ModuleName>System.Windows</ModuleName>
      <Classes />
    </Module>
    <Module skippedDueTo="Filter" hash="6B-FF-D1-3C-95-AA-C0-99-71-7D-57-AB-CF-58-C9-3A-BF-AC-1B-43">
      <ModulePath>C:\Program Files\dotnet\shared\Microsoft.NETCore.App\3.1.7\System.Xml.Linq.dll</ModulePath>
      <ModuleTime>2020-07-22T00:05:06Z</ModuleTime>
      <ModuleName>System.Xml.Linq</ModuleName>
      <Classes />
    </Module>
    <Module skippedDueTo="Filter" hash="A5-AD-F1-94-2F-39-9C-27-FD-E6-7E-0D-D3-22-5E-23-6D-FD-86-A9">
      <ModulePath>C:\Program Files\dotnet\shared\Microsoft.NETCore.App\3.1.7\System.Xml.Serialization.dll</ModulePath>
      <ModuleTime>2020-07-22T00:05:06Z</ModuleTime>
      <ModuleName>System.Xml.Serialization</ModuleName>
      <Classes />
    </Module>
    <Module skippedDueTo="Filter" hash="54-23-78-F1-14-A7-C9-CD-69-05-95-D9-DA-9A-23-3F-29-BB-2B-75">
      <ModulePath>C:\Program Files\dotnet\shared\Microsoft.NETCore.App\3.1.7\System.Xml.XPath.XDocument.dll</ModulePath>
      <ModuleTime>2020-07-22T00:05:08Z</ModuleTime>
      <ModuleName>System.Xml.XPath.XDocument</ModuleName>
      <Classes />
    </Module>
    <Module skippedDueTo="Filter" hash="B1-87-60-10-5D-83-55-85-CF-98-E3-2D-56-DC-F1-DB-3C-6E-F9-F6">
      <ModulePath>C:\Program Files\dotnet\shared\Microsoft.NETCore.App\3.1.7\System.Xml.XPath.dll</ModulePath>
      <ModuleTime>2020-07-22T00:05:10Z</ModuleTime>
      <ModuleName>System.Xml.XPath</ModuleName>
      <Classes />
    </Module>
    <Module skippedDueTo="Filter" hash="9D-89-B9-46-59-AF-7A-B4-39-EE-D2-27-16-16-52-D1-97-60-75-0C">
      <ModulePath>C:\Program Files\dotnet\shared\Microsoft.NETCore.App\3.1.7\System.Xml.XmlDocument.dll</ModulePath>
      <ModuleTime>2020-07-22T00:05:06Z</ModuleTime>
      <ModuleName>System.Xml.XmlDocument</ModuleName>
      <Classes />
    </Module>
    <Module skippedDueTo="Filter" hash="C2-C3-9A-A0-D1-D1-DE-9F-34-5D-23-B8-42-AD-CB-F8-1A-C0-B6-C9">
      <ModulePath>C:\Program Files\dotnet\shared\Microsoft.NETCore.App\3.1.7\System.Xml.XmlSerializer.dll</ModulePath>
      <ModuleTime>2020-07-22T00:05:06Z</ModuleTime>
      <ModuleName>System.Xml.XmlSerializer</ModuleName>
      <Classes />
    </Module>
    <Module skippedDueTo="Filter" hash="33-9E-B2-03-A4-64-51-EE-C5-06-ED-CA-8E-30-E6-BC-CF-39-27-07">
      <ModulePath>C:\Program Files\dotnet\shared\Microsoft.NETCore.App\3.1.7\System.Xml.dll</ModulePath>
      <ModuleTime>2020-07-22T00:05:40Z</ModuleTime>
      <ModuleName>System.Xml</ModuleName>
      <Classes />
    </Module>
    <Module skippedDueTo="Filter" hash="3A-8B-C1-70-02-91-EA-69-5A-7F-9A-76-B5-B0-60-E5-4B-2F-7D-76">
      <ModulePath>C:\Program Files\dotnet\shared\Microsoft.NETCore.App\3.1.7\System.dll</ModulePath>
      <ModuleTime>2020-07-22T00:05:40Z</ModuleTime>
      <ModuleName>System</ModuleName>
      <Classes />
    </Module>
    <Module skippedDueTo="Filter" hash="39-14-69-43-CA-C5-E5-89-45-5F-BF-63-3A-F1-D0-DB-95-87-72-0C">
      <ModulePath>C:\Program Files\dotnet\shared\Microsoft.NETCore.App\3.1.7\WindowsBase.dll</ModulePath>
      <ModuleTime>2020-07-22T00:05:08Z</ModuleTime>
      <ModuleName>WindowsBase</ModuleName>
      <Classes />
    </Module>
    <Module skippedDueTo="Filter" hash="EB-81-D7-61-99-2A-B6-33-58-4C-F7-EC-D8-F7-84-37-43-D1-B1-36">
      <ModulePath>C:\Users\bibos\Desktop\Dev\GitHub\DesafioTDSA\tests\TDSA.Test\bin\Debug\netcoreapp3.1\xunit.runner.reporters.netcoreapp10.dll</ModulePath>
      <ModuleTime>2018-10-29T07:17:08Z</ModuleTime>
      <ModuleName>xunit.runner.reporters.netcoreapp10</ModuleName>
      <Classes />
    </Module>
    <Module skippedDueTo="Filter" hash="C5-28-40-F8-84-8C-91-E4-1D-63-79-0D-F0-A1-FC-5E-7A-E5-DA-F5">
      <ModulePath>C:\Users\bibos\Desktop\Dev\GitHub\DesafioTDSA\tests\TDSA.Test\bin\Debug\netcoreapp3.1\xunit.runner.visualstudio.dotnetcore.testadapter.dll</ModulePath>
      <ModuleTime>2020-08-03T16:58:40Z</ModuleTime>
      <ModuleName>xunit.runner.visualstudio.dotnetcore.testadapter</ModuleName>
      <Classes />
    </Module>
    <Module skippedDueTo="Filter" hash="">
      <ModulePath>RefEmit_InMemoryManifestModule</ModulePath>
      <ModuleTime>0001-01-01T00:00:00</ModuleTime>
      <ModuleName>DynamicProxyGenAssembly2</ModuleName>
      <Classes />
    </Module>
    <Module skippedDueTo="Filter" hash="E2-42-C9-49-A8-F4-13-F4-B3-ED-FF-81-14-CB-53-B6-71-4D-65-F1">
      <ModulePath>C:\Program Files\dotnet\shared\Microsoft.NETCore.App\5.0.0-preview.6.20305.6\System.Runtime.Serialization.Json.dll</ModulePath>
      <ModuleTime>2020-06-05T22:20:40Z</ModuleTime>
      <ModuleName>System.Runtime.Serialization.Json</ModuleName>
      <Classes />
    </Module>
    <Module skippedDueTo="Filter" hash="EC-26-57-50-A1-42-A6-07-A3-4A-D0-AA-CE-DD-77-A6-3E-44-1D-D1">
      <ModulePath>C:\Program Files\dotnet\shared\Microsoft.NETCore.App\5.0.0-preview.6.20305.6\System.Private.DataContractSerialization.dll</ModulePath>
      <ModuleTime>2020-06-05T22:22:50Z</ModuleTime>
      <ModuleName>System.Private.DataContractSerialization</ModuleName>
      <Classes />
    </Module>
    <Module skippedDueTo="Filter" hash="51-76-1A-7B-9B-A7-E5-17-50-8C-12-F7-60-7C-5C-27-5A-AB-74-97">
      <ModulePath>C:\Program Files\dotnet\shared\Microsoft.NETCore.App\5.0.0-preview.6.20305.6\System.Runtime.Serialization.Xml.dll</ModulePath>
      <ModuleTime>2020-06-05T22:20:10Z</ModuleTime>
      <ModuleName>System.Runtime.Serialization.Xml</ModuleName>
      <Classes />
    </Module>
    <Module skippedDueTo="Filter" hash="84-81-31-74-47-74-0B-A4-FD-88-EE-58-CD-0F-74-AB-39-EE-41-82">
      <ModulePath>C:\Program Files\dotnet\shared\Microsoft.NETCore.App\5.0.0-preview.6.20305.6\System.Text.RegularExpressions.dll</ModulePath>
      <ModuleTime>2020-06-05T22:20:14Z</ModuleTime>
      <ModuleName>System.Text.RegularExpressions</ModuleName>
      <Classes />
    </Module>
  </Modules>
</CoverageSession>