<?xml version="1.0" encoding="utf-8"?>
<CoverageSession xmlns:xsd="http://www.w3.org/2001/XMLSchema" xmlns:xsi="http://www.w3.org/2001/XMLSchema-instance" Version="4.7.922.0">
  <Summary numSequencePoints="339" visitedSequencePoints="327" numBranchPoints="157" visitedBranchPoints="141" sequenceCoverage="96.46" branchCoverage="89.81" maxCyclomaticComplexity="6" minCyclomaticComplexity="1" maxCrapScore="6" minCrapScore="1" visitedClasses="17" numClasses="17" visitedMethods="68" numMethods="75" />
  <Modules>
    <Module skippedDueTo="Filter" hash="E8-17-58-53-B3-AF-2B-F3-C5-CD-B0-72-6C-F3-BC-1F-B5-B7-47-A8">
      <ModulePath>C:\Program Files\dotnet\shared\Microsoft.NETCore.App\3.1.9\System.Private.CoreLib.dll</ModulePath>
      <ModuleTime>2020-09-23T01:29:36Z</ModuleTime>
      <ModuleName>System.Private.CoreLib</ModuleName>
      <Classes />
    </Module>
    <Module skippedDueTo="Filter" hash="7C-1B-76-60-5B-F8-74-EE-74-60-76-E2-0E-F8-FE-E5-A0-A0-49-58">
      <ModulePath>C:\Program Files\dotnet\sdk\3.1.403\dotnet.dll</ModulePath>
      <ModuleTime>2020-09-25T00:29:42Z</ModuleTime>
      <ModuleName>dotnet</ModuleName>
      <Classes />
    </Module>
    <Module skippedDueTo="Filter" hash="C5-0B-07-EF-7A-61-7A-99-30-F2-63-71-AA-42-E0-CC-91-BB-FC-07">
      <ModulePath>C:\Program Files\dotnet\shared\Microsoft.NETCore.App\3.1.9\System.Runtime.dll</ModulePath>
      <ModuleTime>2020-09-23T15:06:56Z</ModuleTime>
      <ModuleName>System.Runtime</ModuleName>
      <Classes />
    </Module>
    <Module skippedDueTo="Filter" hash="05-A3-1C-04-E3-C0-5E-E7-63-E5-20-A3-99-29-B0-D2-CF-2D-59-50">
      <ModulePath>C:\Program Files\dotnet\sdk\3.1.403\Microsoft.DotNet.Cli.Utils.dll</ModulePath>
      <ModuleTime>2020-09-25T00:29:44Z</ModuleTime>
      <ModuleName>Microsoft.DotNet.Cli.Utils</ModuleName>
      <Classes />
    </Module>
    <Module skippedDueTo="Filter" hash="E4-CC-CF-B9-3C-B6-1F-E5-6D-4C-FD-DD-44-FD-E5-AC-BF-9C-A6-49">
      <ModulePath>C:\Program Files\dotnet\shared\Microsoft.NETCore.App\3.1.9\System.Runtime.Extensions.dll</ModulePath>
      <ModuleTime>2020-09-23T15:06:56Z</ModuleTime>
      <ModuleName>System.Runtime.Extensions</ModuleName>
      <Classes />
    </Module>
    <Module skippedDueTo="Filter" hash="2E-4D-9B-4F-B3-C8-EA-2F-89-C0-8F-1E-8E-ED-30-99-D3-C1-A5-80">
      <ModulePath>C:\Program Files\dotnet\shared\Microsoft.NETCore.App\3.1.9\System.Runtime.Loader.dll</ModulePath>
      <ModuleTime>2020-09-23T15:06:58Z</ModuleTime>
      <ModuleName>System.Runtime.Loader</ModuleName>
      <Classes />
    </Module>
    <Module skippedDueTo="Filter" hash="3B-86-8A-24-C7-76-93-BC-FA-0A-EA-66-F1-CB-4E-01-1C-F9-DA-8C">
      <ModulePath>C:\Program Files\dotnet\sdk\3.1.403\Microsoft.DotNet.PlatformAbstractions.dll</ModulePath>
      <ModuleTime>2020-09-25T00:29:16Z</ModuleTime>
      <ModuleName>Microsoft.DotNet.PlatformAbstractions</ModuleName>
      <Classes />
    </Module>
    <Module skippedDueTo="Filter" hash="84-48-B0-1C-CC-25-05-23-54-96-F5-FC-02-3F-3B-20-BA-FB-39-0D">
      <ModulePath>C:\Program Files\dotnet\shared\Microsoft.NETCore.App\3.1.9\netstandard.dll</ModulePath>
      <ModuleTime>2020-09-23T15:06:52Z</ModuleTime>
      <ModuleName>netstandard</ModuleName>
      <Classes />
    </Module>
    <Module skippedDueTo="Filter" hash="73-5D-56-A1-F6-B2-13-6C-D5-B7-00-E8-64-4D-5F-1C-0C-CC-17-B9">
      <ModulePath>C:\Program Files\dotnet\shared\Microsoft.NETCore.App\3.1.9\System.Runtime.InteropServices.RuntimeInformation.dll</ModulePath>
      <ModuleTime>2020-09-23T15:07:04Z</ModuleTime>
      <ModuleName>System.Runtime.InteropServices.RuntimeInformation</ModuleName>
      <Classes />
    </Module>
    <Module skippedDueTo="Filter" hash="C5-5D-61-FC-43-EB-FB-B0-0E-3A-A5-32-D1-F3-1E-93-04-62-21-E4">
      <ModulePath>C:\Program Files\dotnet\shared\Microsoft.NETCore.App\3.1.9\System.IO.FileSystem.dll</ModulePath>
      <ModuleTime>2020-09-23T15:07:02Z</ModuleTime>
      <ModuleName>System.IO.FileSystem</ModuleName>
      <Classes />
    </Module>
    <Module skippedDueTo="Filter" hash="92-7C-E0-9D-ED-A8-39-E9-7D-93-80-DE-5E-8E-02-83-C6-48-27-BB">
      <ModulePath>C:\Program Files\dotnet\shared\Microsoft.NETCore.App\3.1.9\System.Runtime.InteropServices.dll</ModulePath>
      <ModuleTime>2020-09-23T15:06:56Z</ModuleTime>
      <ModuleName>System.Runtime.InteropServices</ModuleName>
      <Classes />
    </Module>
    <Module skippedDueTo="Filter" hash="67-74-83-4C-01-D0-A2-79-17-78-A7-9A-33-EE-FC-F6-08-20-D5-72">
      <ModulePath>C:\Program Files\dotnet\shared\Microsoft.NETCore.App\3.1.9\System.Memory.dll</ModulePath>
      <ModuleTime>2020-09-23T15:07:04Z</ModuleTime>
      <ModuleName>System.Memory</ModuleName>
      <Classes />
    </Module>
    <Module skippedDueTo="Filter" hash="47-E6-41-24-74-E6-DF-13-CB-96-AD-74-6C-F1-FB-8A-0B-95-D0-49">
      <ModulePath>C:\Program Files\dotnet\shared\Microsoft.NETCore.App\3.1.9\System.Threading.dll</ModulePath>
      <ModuleTime>2020-09-23T15:07:04Z</ModuleTime>
      <ModuleName>System.Threading</ModuleName>
      <Classes />
    </Module>
    <Module skippedDueTo="Filter" hash="64-BB-9D-05-2C-8F-52-8A-0A-C8-CC-CC-2F-00-B0-ED-71-C4-88-2C">
      <ModulePath>C:\Program Files\dotnet\shared\Microsoft.NETCore.App\3.1.9\System.Text.Encoding.CodePages.dll</ModulePath>
      <ModuleTime>2020-09-23T15:07:02Z</ModuleTime>
      <ModuleName>System.Text.Encoding.CodePages</ModuleName>
      <Classes />
    </Module>
    <Module skippedDueTo="Filter" hash="75-5C-A3-B3-4C-5B-DF-41-91-A2-A8-84-EB-65-A9-75-67-6F-00-2F">
      <ModulePath>C:\Program Files\dotnet\shared\Microsoft.NETCore.App\3.1.9\System.Collections.dll</ModulePath>
      <ModuleTime>2020-09-23T15:06:54Z</ModuleTime>
      <ModuleName>System.Collections</ModuleName>
      <Classes />
    </Module>
    <Module skippedDueTo="Filter" hash="29-23-20-63-FA-C8-B6-84-BC-B1-E8-3A-4B-56-91-93-57-61-9F-A2">
      <ModulePath>C:\Program Files\dotnet\shared\Microsoft.NETCore.App\3.1.9\System.Collections.Concurrent.dll</ModulePath>
      <ModuleTime>2020-09-23T15:06:52Z</ModuleTime>
      <ModuleName>System.Collections.Concurrent</ModuleName>
      <Classes />
    </Module>
    <Module skippedDueTo="Filter" hash="43-A9-B0-BD-2D-A0-50-93-2C-B4-A4-44-C9-E3-42-47-9A-01-9D-1A">
      <ModulePath>C:\Program Files\dotnet\shared\Microsoft.NETCore.App\3.1.9\System.Threading.Thread.dll</ModulePath>
      <ModuleTime>2020-09-23T15:06:14Z</ModuleTime>
      <ModuleName>System.Threading.Thread</ModuleName>
      <Classes />
    </Module>
    <Module skippedDueTo="Filter" hash="BC-60-42-4A-D1-A5-0A-C2-ED-79-1A-BF-F9-01-18-BA-FB-74-C0-B5">
      <ModulePath>C:\Program Files\dotnet\sdk\3.1.403\Microsoft.DotNet.Configurer.dll</ModulePath>
      <ModuleTime>2020-09-25T00:29:42Z</ModuleTime>
      <ModuleName>Microsoft.DotNet.Configurer</ModuleName>
      <Classes />
    </Module>
    <Module skippedDueTo="Filter" hash="2F-CD-14-4F-30-76-9C-B5-2A-D9-94-66-4D-46-08-0B-4B-72-A9-3D">
      <ModulePath>C:\Program Files\dotnet\sdk\3.1.403\Microsoft.DotNet.Cli.CommandLine.dll</ModulePath>
      <ModuleTime>2020-09-25T00:29:14Z</ModuleTime>
      <ModuleName>Microsoft.DotNet.Cli.CommandLine</ModuleName>
      <Classes />
    </Module>
    <Module skippedDueTo="Filter" hash="32-05-DF-9E-12-18-0E-7B-45-4F-99-82-6D-70-EF-6B-93-C6-2E-00">
      <ModulePath>C:\Program Files\dotnet\shared\Microsoft.NETCore.App\3.1.9\System.Diagnostics.Process.dll</ModulePath>
      <ModuleTime>2020-09-23T15:06:58Z</ModuleTime>
      <ModuleName>System.Diagnostics.Process</ModuleName>
      <Classes />
    </Module>
    <Module skippedDueTo="Filter" hash="45-65-C9-7A-B0-99-B9-84-41-15-80-C8-93-1A-67-03-53-43-01-0F">
      <ModulePath>C:\Program Files\dotnet\sdk\3.1.403\Microsoft.DotNet.InternalAbstractions.dll</ModulePath>
      <ModuleTime>2020-09-25T00:29:42Z</ModuleTime>
      <ModuleName>Microsoft.DotNet.InternalAbstractions</ModuleName>
      <Classes />
    </Module>
    <Module skippedDueTo="Filter" hash="2E-24-12-47-3A-90-50-3D-D6-86-2B-C6-1D-6C-7D-30-43-71-41-81">
      <ModulePath>C:\Program Files\dotnet\shared\Microsoft.NETCore.App\3.1.9\System.Linq.dll</ModulePath>
      <ModuleTime>2020-09-23T15:07:04Z</ModuleTime>
      <ModuleName>System.Linq</ModuleName>
      <Classes />
    </Module>
    <Module skippedDueTo="Filter" hash="09-8F-1B-D5-28-8A-9D-3F-41-AF-D1-E6-3D-54-60-C7-B1-A0-EF-6B">
      <ModulePath>C:\Program Files\dotnet\sdk\3.1.403\NuGet.Frameworks.dll</ModulePath>
      <ModuleTime>2020-09-25T00:29:04Z</ModuleTime>
      <ModuleName>NuGet.Frameworks</ModuleName>
      <Classes />
    </Module>
    <Module skippedDueTo="Filter" hash="5A-DE-0A-86-0A-77-E3-B9-CB-A9-02-72-0F-43-5F-CE-F5-E5-BF-EF">
      <ModulePath>C:\Program Files\dotnet\shared\Microsoft.NETCore.App\3.1.9\System.Console.dll</ModulePath>
      <ModuleTime>2020-09-23T15:06:58Z</ModuleTime>
      <ModuleName>System.Console</ModuleName>
      <Classes />
    </Module>
    <Module skippedDueTo="Filter" hash="02-EC-05-B0-1C-14-D0-09-5A-AD-BD-EE-99-87-60-A9-46-E8-00-BF">
      <ModulePath>C:\Program Files\dotnet\shared\Microsoft.NETCore.App\3.1.9\System.Text.Encoding.Extensions.dll</ModulePath>
      <ModuleTime>2020-09-23T15:07:24Z</ModuleTime>
      <ModuleName>System.Text.Encoding.Extensions</ModuleName>
      <Classes />
    </Module>
    <Module skippedDueTo="Filter" hash="1F-E9-CF-F9-2D-8F-D3-71-D7-54-15-2B-06-CB-AF-9F-FD-D3-53-89">
      <ModulePath>C:\Program Files\dotnet\shared\Microsoft.NETCore.App\3.1.9\System.Runtime.CompilerServices.Unsafe.dll</ModulePath>
      <ModuleTime>2020-09-23T15:06:56Z</ModuleTime>
      <ModuleName>System.Runtime.CompilerServices.Unsafe</ModuleName>
      <Classes />
    </Module>
    <Module skippedDueTo="Filter" hash="47-54-03-A6-F0-62-9B-CF-01-D6-45-F7-2D-4A-67-F1-13-CF-DD-A9">
      <ModulePath>C:\Program Files\dotnet\sdk\3.1.403\Microsoft.ApplicationInsights.dll</ModulePath>
      <ModuleTime>2020-09-25T00:29:14Z</ModuleTime>
      <ModuleName>Microsoft.ApplicationInsights</ModuleName>
      <Classes />
    </Module>
    <Module skippedDueTo="Filter" hash="31-DC-60-A9-AC-2D-62-B2-C8-05-6E-48-F8-38-C7-4C-66-22-7F-FE">
      <ModulePath>C:\Program Files\dotnet\shared\Microsoft.NETCore.App\3.1.9\System.Security.Cryptography.Algorithms.dll</ModulePath>
      <ModuleTime>2020-09-23T15:07:00Z</ModuleTime>
      <ModuleName>System.Security.Cryptography.Algorithms</ModuleName>
      <Classes />
    </Module>
    <Module skippedDueTo="Filter" hash="AB-E2-A2-F6-B1-60-6B-31-62-3B-B1-75-3F-AE-15-5A-7B-2C-1D-93">
      <ModulePath>C:\Program Files\dotnet\shared\Microsoft.NETCore.App\3.1.9\System.Security.Cryptography.Primitives.dll</ModulePath>
      <ModuleTime>2020-09-23T15:07:00Z</ModuleTime>
      <ModuleName>System.Security.Cryptography.Primitives</ModuleName>
      <Classes />
    </Module>
    <Module skippedDueTo="Filter" hash="C0-62-B1-0D-B3-F2-5E-D7-CE-53-FF-90-83-C6-4B-0A-D1-21-51-FC">
      <ModulePath>C:\Program Files\dotnet\shared\Microsoft.NETCore.App\3.1.9\System.Buffers.dll</ModulePath>
      <ModuleTime>2020-09-23T15:06:30Z</ModuleTime>
      <ModuleName>System.Buffers</ModuleName>
      <Classes />
    </Module>
    <Module skippedDueTo="Filter" hash="F9-78-22-6A-6A-EA-D6-A6-72-05-72-E8-B7-30-78-12-F8-A2-2C-07">
      <ModulePath>C:\Program Files\dotnet\shared\Microsoft.NETCore.App\3.1.9\System.Private.Uri.dll</ModulePath>
      <ModuleTime>2020-09-23T15:06:52Z</ModuleTime>
      <ModuleName>System.Private.Uri</ModuleName>
      <Classes />
    </Module>
    <Module skippedDueTo="Filter" hash="EF-00-76-C4-B9-8E-06-ED-90-B6-D5-03-D8-BC-3B-A0-08-5A-00-5C">
      <ModulePath>C:\Program Files\dotnet\sdk\3.1.403\Microsoft.TemplateEngine.Cli.dll</ModulePath>
      <ModuleTime>2020-09-25T00:29:18Z</ModuleTime>
      <ModuleName>Microsoft.TemplateEngine.Cli</ModuleName>
      <Classes />
    </Module>
    <Module skippedDueTo="Filter" hash="5E-AA-4C-FF-F7-5B-E8-16-70-F3-32-06-59-ED-2C-EB-E3-C0-6B-41">
      <ModulePath>C:\Program Files\dotnet\shared\Microsoft.NETCore.App\3.1.9\System.Reflection.Extensions.dll</ModulePath>
      <ModuleTime>2020-09-23T15:06:54Z</ModuleTime>
      <ModuleName>System.Reflection.Extensions</ModuleName>
      <Classes />
    </Module>
    <Module skippedDueTo="Filter" hash="75-99-58-35-C5-29-2E-51-D9-25-2D-A3-31-28-1F-4D-EF-20-57-6D">
      <ModulePath>C:\Program Files\dotnet\shared\Microsoft.NETCore.App\3.1.9\System.Reflection.dll</ModulePath>
      <ModuleTime>2020-09-23T15:06:54Z</ModuleTime>
      <ModuleName>System.Reflection</ModuleName>
      <Classes />
    </Module>
    <Module skippedDueTo="Filter" hash="84-9E-37-F1-5D-0D-60-82-2E-1D-B0-91-EF-E8-2F-0F-25-5F-CB-A1">
      <ModulePath>C:\Program Files\dotnet\shared\Microsoft.NETCore.App\3.1.9\System.Resources.ResourceManager.dll</ModulePath>
      <ModuleTime>2020-09-23T15:06:56Z</ModuleTime>
      <ModuleName>System.Resources.ResourceManager</ModuleName>
      <Classes />
    </Module>
    <Module skippedDueTo="Filter" hash="00-B9-3E-22-57-40-E6-BF-0A-7D-C6-71-EF-A3-36-0B-AB-5E-30-F1">
      <ModulePath>C:\Program Files\dotnet\shared\Microsoft.NETCore.App\3.1.9\System.Xml.XDocument.dll</ModulePath>
      <ModuleTime>2020-09-23T15:06:14Z</ModuleTime>
      <ModuleName>System.Xml.XDocument</ModuleName>
      <Classes />
    </Module>
    <Module skippedDueTo="Filter" hash="AE-67-60-DC-53-02-AE-EC-ED-74-85-99-00-DE-1E-F3-04-E2-C7-CB">
      <ModulePath>C:\Program Files\dotnet\shared\Microsoft.NETCore.App\3.1.9\System.Private.Xml.Linq.dll</ModulePath>
      <ModuleTime>2020-09-23T15:06:54Z</ModuleTime>
      <ModuleName>System.Private.Xml.Linq</ModuleName>
      <Classes />
    </Module>
    <Module skippedDueTo="Filter" hash="35-80-65-49-C2-7C-0D-14-80-AD-29-FA-E0-83-AD-BD-3F-1D-7A-B5">
      <ModulePath>C:\Program Files\dotnet\shared\Microsoft.NETCore.App\3.1.9\System.Private.Xml.dll</ModulePath>
      <ModuleTime>2020-09-23T15:06:54Z</ModuleTime>
      <ModuleName>System.Private.Xml</ModuleName>
      <Classes />
    </Module>
    <Module skippedDueTo="Filter" hash="7D-37-62-BB-D2-EA-D6-C8-D2-45-E1-94-59-83-0F-7C-DF-3C-BA-BA">
      <ModulePath>C:\Program Files\dotnet\shared\Microsoft.NETCore.App\3.1.9\System.Xml.ReaderWriter.dll</ModulePath>
      <ModuleTime>2020-09-23T15:06:14Z</ModuleTime>
      <ModuleName>System.Xml.ReaderWriter</ModuleName>
      <Classes />
    </Module>
    <Module skippedDueTo="Filter" hash="8E-53-4C-91-31-1B-EA-80-65-1E-AC-FD-66-83-7D-FC-71-01-C1-81">
      <ModulePath>C:\Program Files\dotnet\shared\Microsoft.NETCore.App\3.1.9\System.Text.RegularExpressions.dll</ModulePath>
      <ModuleTime>2020-09-23T15:07:02Z</ModuleTime>
      <ModuleName>System.Text.RegularExpressions</ModuleName>
      <Classes />
    </Module>
    <Module skippedDueTo="Filter" hash="5A-FB-C0-18-35-0F-BF-33-E9-09-93-73-65-6C-AA-BA-FB-28-5E-B0">
      <ModulePath>C:\Program Files\dotnet\shared\Microsoft.NETCore.App\3.1.9\System.Diagnostics.Tracing.dll</ModulePath>
      <ModuleTime>2020-09-23T15:07:00Z</ModuleTime>
      <ModuleName>System.Diagnostics.Tracing</ModuleName>
      <Classes />
    </Module>
    <Module skippedDueTo="Filter" hash="17-28-0C-F3-C4-16-F4-8A-71-37-19-B7-5F-2F-66-DB-02-21-FD-FD">
      <ModulePath>C:\Program Files\dotnet\shared\Microsoft.NETCore.App\3.1.9\System.Threading.Tasks.dll</ModulePath>
      <ModuleTime>2020-09-23T15:07:06Z</ModuleTime>
      <ModuleName>System.Threading.Tasks</ModuleName>
      <Classes />
    </Module>
    <Module skippedDueTo="Filter" hash="BC-75-DE-6F-8B-4F-DA-00-A7-F4-11-15-CA-8C-1B-42-F6-5A-EC-BA">
      <ModulePath>C:\Program Files\dotnet\shared\Microsoft.NETCore.App\3.1.9\System.Globalization.dll</ModulePath>
      <ModuleTime>2020-09-23T15:07:00Z</ModuleTime>
      <ModuleName>System.Globalization</ModuleName>
      <Classes />
    </Module>
    <Module skippedDueTo="Filter" hash="22-18-9A-95-65-A4-AD-7D-0A-54-06-20-47-6A-3C-F4-B5-96-7B-04">
      <ModulePath>C:\Program Files\dotnet\shared\Microsoft.NETCore.App\3.1.9\System.Reflection.Emit.ILGeneration.dll</ModulePath>
      <ModuleTime>2020-09-23T15:06:54Z</ModuleTime>
      <ModuleName>System.Reflection.Emit.ILGeneration</ModuleName>
      <Classes />
    </Module>
    <Module skippedDueTo="Filter" hash="C9-D3-81-B6-32-42-EB-0D-A2-90-0D-C0-73-54-04-1F-47-BB-9F-98">
      <ModulePath>C:\Program Files\dotnet\shared\Microsoft.NETCore.App\3.1.9\System.Reflection.Emit.Lightweight.dll</ModulePath>
      <ModuleTime>2020-09-23T15:06:54Z</ModuleTime>
      <ModuleName>System.Reflection.Emit.Lightweight</ModuleName>
      <Classes />
    </Module>
    <Module skippedDueTo="Filter" hash="7F-BE-6F-84-E9-FD-4F-14-BB-57-D6-9E-40-9C-51-D2-69-75-19-D6">
      <ModulePath>C:\Program Files\dotnet\shared\Microsoft.NETCore.App\3.1.9\System.Reflection.Primitives.dll</ModulePath>
      <ModuleTime>2020-09-23T15:06:54Z</ModuleTime>
      <ModuleName>System.Reflection.Primitives</ModuleName>
      <Classes />
    </Module>
    <Module skippedDueTo="Filter" hash="9B-70-0B-43-4D-58-23-BD-92-D4-CA-82-1B-D5-C4-F1-3D-3F-77-CA">
      <ModulePath>C:\Program Files\dotnet\sdk\3.1.403\Microsoft.TemplateEngine.Utils.dll</ModulePath>
      <ModuleTime>2020-09-25T00:29:44Z</ModuleTime>
      <ModuleName>Microsoft.TemplateEngine.Utils</ModuleName>
      <Classes />
    </Module>
    <Module skippedDueTo="Filter" hash="56-3D-64-E2-54-C0-5E-F8-32-D2-CF-85-61-F0-E4-D6-72-E1-D3-49">
      <ModulePath>C:\Program Files\dotnet\shared\Microsoft.NETCore.App\3.1.9\Microsoft.Win32.Registry.dll</ModulePath>
      <ModuleTime>2020-09-23T15:06:52Z</ModuleTime>
      <ModuleName>Microsoft.Win32.Registry</ModuleName>
      <Classes />
    </Module>
    <Module skippedDueTo="Filter" hash="D7-EB-BF-D0-0A-B9-68-5B-F2-02-65-AA-F0-D4-B1-83-49-A3-AC-92">
      <ModulePath>C:\Program Files\dotnet\sdk\3.1.403\pt-BR\dotnet.resources.dll</ModulePath>
      <ModuleTime>2020-09-24T19:42:00Z</ModuleTime>
      <ModuleName>dotnet.resources</ModuleName>
      <Classes />
    </Module>
    <Module skippedDueTo="Filter" hash="B2-0B-C4-46-66-44-4F-49-7B-D9-4E-D7-5F-7A-9B-C2-72-E0-EC-41">
      <ModulePath>C:\Program Files\dotnet\shared\Microsoft.NETCore.App\3.1.9\System.Diagnostics.Tools.dll</ModulePath>
      <ModuleTime>2020-09-23T15:06:58Z</ModuleTime>
      <ModuleName>System.Diagnostics.Tools</ModuleName>
      <Classes />
    </Module>
    <Module skippedDueTo="Filter" hash="B4-0F-D9-E5-08-79-7C-FE-AF-CB-3A-0F-6B-D3-0B-27-98-A7-6A-3B">
      <ModulePath>C:\Program Files\dotnet\shared\Microsoft.NETCore.App\3.1.9\System.Diagnostics.Debug.dll</ModulePath>
      <ModuleTime>2020-09-23T15:06:58Z</ModuleTime>
      <ModuleName>System.Diagnostics.Debug</ModuleName>
      <Classes />
    </Module>
    <Module skippedDueTo="Filter" hash="EE-09-04-67-9C-06-25-14-F9-8F-46-81-C0-78-F9-BF-E4-43-EE-BE">
      <ModulePath>C:\Program Files\dotnet\shared\Microsoft.NETCore.App\3.1.9\System.IO.dll</ModulePath>
      <ModuleTime>2020-09-23T15:07:02Z</ModuleTime>
      <ModuleName>System.IO</ModuleName>
      <Classes />
    </Module>
    <Module skippedDueTo="Filter" hash="B6-8F-4F-FB-6E-C2-A9-37-56-4C-A4-F1-7E-B8-8D-41-99-14-31-EF">
      <ModulePath>C:\Program Files\dotnet\shared\Microsoft.NETCore.App\3.1.9\System.Text.Encoding.dll</ModulePath>
      <ModuleTime>2020-09-23T15:07:00Z</ModuleTime>
      <ModuleName>System.Text.Encoding</ModuleName>
      <Classes />
    </Module>
    <Module skippedDueTo="Filter" hash="C1-6B-9F-30-0F-C8-6E-F4-F0-2F-A3-B5-FF-21-B0-1D-58-73-53-41">
      <ModulePath>C:\Program Files\dotnet\shared\Microsoft.NETCore.App\3.1.9\System.IO.Compression.dll</ModulePath>
      <ModuleTime>2020-09-23T15:07:02Z</ModuleTime>
      <ModuleName>System.IO.Compression</ModuleName>
      <Classes />
    </Module>
    <Module skippedDueTo="Filter" hash="88-88-34-C2-03-68-7B-70-53-9F-2B-C9-0A-C8-39-E8-24-2E-66-2D">
      <ModulePath>C:\Program Files\dotnet\shared\Microsoft.NETCore.App\3.1.9\System.Net.Http.dll</ModulePath>
      <ModuleTime>2020-09-23T15:07:06Z</ModuleTime>
      <ModuleName>System.Net.Http</ModuleName>
      <Classes />
    </Module>
    <Module skippedDueTo="Filter" hash="C6-54-35-EB-74-FE-02-E8-D5-D1-3A-16-FD-3C-D2-A3-D7-C0-1E-E0">
      <ModulePath>C:\Program Files\dotnet\shared\Microsoft.NETCore.App\3.1.9\System.Net.Primitives.dll</ModulePath>
      <ModuleTime>2020-09-23T15:06:50Z</ModuleTime>
      <ModuleName>System.Net.Primitives</ModuleName>
      <Classes />
    </Module>
    <Module skippedDueTo="Filter" hash="5F-2C-2E-92-5F-87-6F-4D-EF-16-C8-7C-BF-E2-1D-29-92-CC-64-25">
      <ModulePath>C:\Program Files\dotnet\shared\Microsoft.NETCore.App\3.1.9\System.Net.Security.dll</ModulePath>
      <ModuleTime>2020-09-23T15:06:50Z</ModuleTime>
      <ModuleName>System.Net.Security</ModuleName>
      <Classes />
    </Module>
    <Module skippedDueTo="Filter" hash="82-25-AD-21-83-06-AA-9D-E0-5D-47-F6-25-80-11-D0-1E-0A-97-15">
      <ModulePath>C:\Program Files\dotnet\shared\Microsoft.NETCore.App\3.1.9\System.Security.Cryptography.X509Certificates.dll</ModulePath>
      <ModuleTime>2020-09-23T15:07:00Z</ModuleTime>
      <ModuleName>System.Security.Cryptography.X509Certificates</ModuleName>
      <Classes />
    </Module>
    <Module skippedDueTo="Filter" hash="FA-8A-DE-4D-BE-1B-12-B3-4A-B5-21-AC-08-1A-93-71-A0-CC-B7-81">
      <ModulePath>C:\Program Files\dotnet\sdk\3.1.403\Microsoft.Build.Framework.dll</ModulePath>
      <ModuleTime>2020-09-25T00:29:16Z</ModuleTime>
      <ModuleName>Microsoft.Build.Framework</ModuleName>
      <Classes />
    </Module>
    <Module skippedDueTo="Filter" hash="E3-7A-FE-69-20-DE-92-3C-03-95-A9-5A-6A-F8-10-FC-D8-80-19-94">
      <ModulePath>C:\Program Files\dotnet\shared\Microsoft.NETCore.App\3.1.9\System.ComponentModel.Primitives.dll</ModulePath>
      <ModuleTime>2020-09-23T15:06:54Z</ModuleTime>
      <ModuleName>System.ComponentModel.Primitives</ModuleName>
      <Classes />
    </Module>
    <Module skippedDueTo="Filter" hash="3F-88-09-7E-44-5D-8E-CE-18-49-9F-BD-7B-A5-90-46-A5-AC-D6-7F">
      <ModulePath>C:\Program Files\dotnet\shared\Microsoft.NETCore.App\3.1.9\System.Collections.NonGeneric.dll</ModulePath>
      <ModuleTime>2020-09-23T15:06:56Z</ModuleTime>
      <ModuleName>System.Collections.NonGeneric</ModuleName>
      <Classes />
    </Module>
    <Module skippedDueTo="Filter" hash="6B-BD-3A-D1-03-F1-DE-FF-8B-26-54-C1-E6-CE-C8-54-22-C5-A8-04">
      <ModulePath>C:\Program Files\dotnet\shared\Microsoft.NETCore.App\3.1.9\Microsoft.Win32.Primitives.dll</ModulePath>
      <ModuleTime>2020-09-23T15:06:54Z</ModuleTime>
      <ModuleName>Microsoft.Win32.Primitives</ModuleName>
      <Classes />
    </Module>
    <Module skippedDueTo="Filter" hash="E8-17-58-53-B3-AF-2B-F3-C5-CD-B0-72-6C-F3-BC-1F-B5-B7-47-A8">
      <ModulePath>C:\Program Files\dotnet\shared\Microsoft.NETCore.App\3.1.9\System.Private.CoreLib.dll</ModulePath>
      <ModuleTime>2020-09-23T01:29:36Z</ModuleTime>
      <ModuleName>System.Private.CoreLib</ModuleName>
      <Classes />
    </Module>
    <Module skippedDueTo="Filter" hash="87-F5-E6-E7-28-99-92-EA-FA-6D-34-9A-3C-99-D2-44-7A-05-37-D2">
      <ModulePath>C:\Program Files\dotnet\sdk\3.1.403\MSBuild.dll</ModulePath>
      <ModuleTime>2020-09-25T00:29:06Z</ModuleTime>
      <ModuleName>MSBuild</ModuleName>
      <Classes />
    </Module>
    <Module skippedDueTo="Filter" hash="C5-0B-07-EF-7A-61-7A-99-30-F2-63-71-AA-42-E0-CC-91-BB-FC-07">
      <ModulePath>C:\Program Files\dotnet\shared\Microsoft.NETCore.App\3.1.9\System.Runtime.dll</ModulePath>
      <ModuleTime>2020-09-23T15:06:56Z</ModuleTime>
      <ModuleName>System.Runtime</ModuleName>
      <Classes />
    </Module>
    <Module skippedDueTo="Filter" hash="E4-CC-CF-B9-3C-B6-1F-E5-6D-4C-FD-DD-44-FD-E5-AC-BF-9C-A6-49">
      <ModulePath>C:\Program Files\dotnet\shared\Microsoft.NETCore.App\3.1.9\System.Runtime.Extensions.dll</ModulePath>
      <ModuleTime>2020-09-23T15:06:56Z</ModuleTime>
      <ModuleName>System.Runtime.Extensions</ModuleName>
      <Classes />
    </Module>
    <Module skippedDueTo="Filter" hash="47-E6-41-24-74-E6-DF-13-CB-96-AD-74-6C-F1-FB-8A-0B-95-D0-49">
      <ModulePath>C:\Program Files\dotnet\shared\Microsoft.NETCore.App\3.1.9\System.Threading.dll</ModulePath>
      <ModuleTime>2020-09-23T15:07:04Z</ModuleTime>
      <ModuleName>System.Threading</ModuleName>
      <Classes />
    </Module>
    <Module skippedDueTo="Filter" hash="17-28-0C-F3-C4-16-F4-8A-71-37-19-B7-5F-2F-66-DB-02-21-FD-FD">
      <ModulePath>C:\Program Files\dotnet\shared\Microsoft.NETCore.App\3.1.9\System.Threading.Tasks.dll</ModulePath>
      <ModuleTime>2020-09-23T15:07:06Z</ModuleTime>
      <ModuleName>System.Threading.Tasks</ModuleName>
      <Classes />
    </Module>
    <Module skippedDueTo="Filter" hash="FA-8A-DE-4D-BE-1B-12-B3-4A-B5-21-AC-08-1A-93-71-A0-CC-B7-81">
      <ModulePath>C:\Program Files\dotnet\sdk\3.1.403\Microsoft.Build.Framework.dll</ModulePath>
      <ModuleTime>2020-09-25T00:29:16Z</ModuleTime>
      <ModuleName>Microsoft.Build.Framework</ModuleName>
      <Classes />
    </Module>
    <Module skippedDueTo="Filter" hash="84-48-B0-1C-CC-25-05-23-54-96-F5-FC-02-3F-3B-20-BA-FB-39-0D">
      <ModulePath>C:\Program Files\dotnet\shared\Microsoft.NETCore.App\3.1.9\netstandard.dll</ModulePath>
      <ModuleTime>2020-09-23T15:06:52Z</ModuleTime>
      <ModuleName>netstandard</ModuleName>
      <Classes />
    </Module>
    <Module skippedDueTo="Filter" hash="73-5D-56-A1-F6-B2-13-6C-D5-B7-00-E8-64-4D-5F-1C-0C-CC-17-B9">
      <ModulePath>C:\Program Files\dotnet\shared\Microsoft.NETCore.App\3.1.9\System.Runtime.InteropServices.RuntimeInformation.dll</ModulePath>
      <ModuleTime>2020-09-23T15:07:04Z</ModuleTime>
      <ModuleName>System.Runtime.InteropServices.RuntimeInformation</ModuleName>
      <Classes />
    </Module>
    <Module skippedDueTo="Filter" hash="32-05-DF-9E-12-18-0E-7B-45-4F-99-82-6D-70-EF-6B-93-C6-2E-00">
      <ModulePath>C:\Program Files\dotnet\shared\Microsoft.NETCore.App\3.1.9\System.Diagnostics.Process.dll</ModulePath>
      <ModuleTime>2020-09-23T15:06:58Z</ModuleTime>
      <ModuleName>System.Diagnostics.Process</ModuleName>
      <Classes />
    </Module>
    <Module skippedDueTo="Filter" hash="E3-7A-FE-69-20-DE-92-3C-03-95-A9-5A-6A-F8-10-FC-D8-80-19-94">
      <ModulePath>C:\Program Files\dotnet\shared\Microsoft.NETCore.App\3.1.9\System.ComponentModel.Primitives.dll</ModulePath>
      <ModuleTime>2020-09-23T15:06:54Z</ModuleTime>
      <ModuleName>System.ComponentModel.Primitives</ModuleName>
      <Classes />
    </Module>
    <Module skippedDueTo="Filter" hash="2E-24-12-47-3A-90-50-3D-D6-86-2B-C6-1D-6C-7D-30-43-71-41-81">
      <ModulePath>C:\Program Files\dotnet\shared\Microsoft.NETCore.App\3.1.9\System.Linq.dll</ModulePath>
      <ModuleTime>2020-09-23T15:07:04Z</ModuleTime>
      <ModuleName>System.Linq</ModuleName>
      <Classes />
    </Module>
    <Module skippedDueTo="Filter" hash="8E-53-4C-91-31-1B-EA-80-65-1E-AC-FD-66-83-7D-FC-71-01-C1-81">
      <ModulePath>C:\Program Files\dotnet\shared\Microsoft.NETCore.App\3.1.9\System.Text.RegularExpressions.dll</ModulePath>
      <ModuleTime>2020-09-23T15:07:02Z</ModuleTime>
      <ModuleName>System.Text.RegularExpressions</ModuleName>
      <Classes />
    </Module>
    <Module skippedDueTo="Filter" hash="75-5C-A3-B3-4C-5B-DF-41-91-A2-A8-84-EB-65-A9-75-67-6F-00-2F">
      <ModulePath>C:\Program Files\dotnet\shared\Microsoft.NETCore.App\3.1.9\System.Collections.dll</ModulePath>
      <ModuleTime>2020-09-23T15:06:54Z</ModuleTime>
      <ModuleName>System.Collections</ModuleName>
      <Classes />
    </Module>
    <Module skippedDueTo="Filter" hash="67-74-83-4C-01-D0-A2-79-17-78-A7-9A-33-EE-FC-F6-08-20-D5-72">
      <ModulePath>C:\Program Files\dotnet\shared\Microsoft.NETCore.App\3.1.9\System.Memory.dll</ModulePath>
      <ModuleTime>2020-09-23T15:07:04Z</ModuleTime>
      <ModuleName>System.Memory</ModuleName>
      <Classes />
    </Module>
    <Module skippedDueTo="Filter" hash="C0-62-B1-0D-B3-F2-5E-D7-CE-53-FF-90-83-C6-4B-0A-D1-21-51-FC">
      <ModulePath>C:\Program Files\dotnet\shared\Microsoft.NETCore.App\3.1.9\System.Buffers.dll</ModulePath>
      <ModuleTime>2020-09-23T15:06:30Z</ModuleTime>
      <ModuleName>System.Buffers</ModuleName>
      <Classes />
    </Module>
    <Module skippedDueTo="Filter" hash="C5-5D-61-FC-43-EB-FB-B0-0E-3A-A5-32-D1-F3-1E-93-04-62-21-E4">
      <ModulePath>C:\Program Files\dotnet\shared\Microsoft.NETCore.App\3.1.9\System.IO.FileSystem.dll</ModulePath>
      <ModuleTime>2020-09-23T15:07:02Z</ModuleTime>
      <ModuleName>System.IO.FileSystem</ModuleName>
      <Classes />
    </Module>
    <Module skippedDueTo="Filter" hash="92-7C-E0-9D-ED-A8-39-E9-7D-93-80-DE-5E-8E-02-83-C6-48-27-BB">
      <ModulePath>C:\Program Files\dotnet\shared\Microsoft.NETCore.App\3.1.9\System.Runtime.InteropServices.dll</ModulePath>
      <ModuleTime>2020-09-23T15:06:56Z</ModuleTime>
      <ModuleName>System.Runtime.InteropServices</ModuleName>
      <Classes />
    </Module>
    <Module skippedDueTo="Filter" hash="5A-DE-0A-86-0A-77-E3-B9-CB-A9-02-72-0F-43-5F-CE-F5-E5-BF-EF">
      <ModulePath>C:\Program Files\dotnet\shared\Microsoft.NETCore.App\3.1.9\System.Console.dll</ModulePath>
      <ModuleTime>2020-09-23T15:06:58Z</ModuleTime>
      <ModuleName>System.Console</ModuleName>
      <Classes />
    </Module>
    <Module skippedDueTo="Filter" hash="1B-46-B5-9A-42-BF-41-9D-07-2C-2F-CE-C0-C2-C4-34-02-A3-19-38">
      <ModulePath>C:\Program Files\dotnet\sdk\3.1.403\Microsoft.Build.dll</ModulePath>
      <ModuleTime>2020-09-25T00:29:16Z</ModuleTime>
      <ModuleName>Microsoft.Build</ModuleName>
      <Classes />
    </Module>
    <Module skippedDueTo="Filter" hash="5A-FB-C0-18-35-0F-BF-33-E9-09-93-73-65-6C-AA-BA-FB-28-5E-B0">
      <ModulePath>C:\Program Files\dotnet\shared\Microsoft.NETCore.App\3.1.9\System.Diagnostics.Tracing.dll</ModulePath>
      <ModuleTime>2020-09-23T15:07:00Z</ModuleTime>
      <ModuleName>System.Diagnostics.Tracing</ModuleName>
      <Classes />
    </Module>
    <Module skippedDueTo="Filter" hash="B4-0F-D9-E5-08-79-7C-FE-AF-CB-3A-0F-6B-D3-0B-27-98-A7-6A-3B">
      <ModulePath>C:\Program Files\dotnet\shared\Microsoft.NETCore.App\3.1.9\System.Diagnostics.Debug.dll</ModulePath>
      <ModuleTime>2020-09-23T15:06:58Z</ModuleTime>
      <ModuleName>System.Diagnostics.Debug</ModuleName>
      <Classes />
    </Module>
    <Module skippedDueTo="Filter" hash="64-BB-9D-05-2C-8F-52-8A-0A-C8-CC-CC-2F-00-B0-ED-71-C4-88-2C">
      <ModulePath>C:\Program Files\dotnet\shared\Microsoft.NETCore.App\3.1.9\System.Text.Encoding.CodePages.dll</ModulePath>
      <ModuleTime>2020-09-23T15:07:02Z</ModuleTime>
      <ModuleName>System.Text.Encoding.CodePages</ModuleName>
      <Classes />
    </Module>
    <Module skippedDueTo="Filter" hash="29-23-20-63-FA-C8-B6-84-BC-B1-E8-3A-4B-56-91-93-57-61-9F-A2">
      <ModulePath>C:\Program Files\dotnet\shared\Microsoft.NETCore.App\3.1.9\System.Collections.Concurrent.dll</ModulePath>
      <ModuleTime>2020-09-23T15:06:52Z</ModuleTime>
      <ModuleName>System.Collections.Concurrent</ModuleName>
      <Classes />
    </Module>
    <Module skippedDueTo="Filter" hash="2E-4D-9B-4F-B3-C8-EA-2F-89-C0-8F-1E-8E-ED-30-99-D3-C1-A5-80">
      <ModulePath>C:\Program Files\dotnet\shared\Microsoft.NETCore.App\3.1.9\System.Runtime.Loader.dll</ModulePath>
      <ModuleTime>2020-09-23T15:06:58Z</ModuleTime>
      <ModuleName>System.Runtime.Loader</ModuleName>
      <Classes />
    </Module>
    <Module skippedDueTo="Filter" hash="7C-1B-76-60-5B-F8-74-EE-74-60-76-E2-0E-F8-FE-E5-A0-A0-49-58">
      <ModulePath>C:\Program Files\dotnet\sdk\3.1.403\dotnet.dll</ModulePath>
      <ModuleTime>2020-09-25T00:29:42Z</ModuleTime>
      <ModuleName>dotnet</ModuleName>
      <Classes />
    </Module>
    <Module skippedDueTo="Filter" hash="34-31-0F-6C-35-85-98-DE-A0-19-E4-48-0F-74-C2-BB-56-87-AC-27">
      <ModulePath>C:\Program Files\dotnet\shared\Microsoft.NETCore.App\3.1.9\System.Collections.Immutable.dll</ModulePath>
      <ModuleTime>2020-09-23T15:06:52Z</ModuleTime>
      <ModuleName>System.Collections.Immutable</ModuleName>
      <Classes />
    </Module>
    <Module skippedDueTo="Filter" hash="BC-60-42-4A-D1-A5-0A-C2-ED-79-1A-BF-F9-01-18-BA-FB-74-C0-B5">
      <ModulePath>C:\Program Files\dotnet\sdk\3.1.403\Microsoft.DotNet.Configurer.dll</ModulePath>
      <ModuleTime>2020-09-25T00:29:42Z</ModuleTime>
      <ModuleName>Microsoft.DotNet.Configurer</ModuleName>
      <Classes />
    </Module>
    <Module skippedDueTo="Filter" hash="45-65-C9-7A-B0-99-B9-84-41-15-80-C8-93-1A-67-03-53-43-01-0F">
      <ModulePath>C:\Program Files\dotnet\sdk\3.1.403\Microsoft.DotNet.InternalAbstractions.dll</ModulePath>
      <ModuleTime>2020-09-25T00:29:42Z</ModuleTime>
      <ModuleName>Microsoft.DotNet.InternalAbstractions</ModuleName>
      <Classes />
    </Module>
    <Module skippedDueTo="Filter" hash="05-A3-1C-04-E3-C0-5E-E7-63-E5-20-A3-99-29-B0-D2-CF-2D-59-50">
      <ModulePath>C:\Program Files\dotnet\sdk\3.1.403\Microsoft.DotNet.Cli.Utils.dll</ModulePath>
      <ModuleTime>2020-09-25T00:29:44Z</ModuleTime>
      <ModuleName>Microsoft.DotNet.Cli.Utils</ModuleName>
      <Classes />
    </Module>
    <Module skippedDueTo="Filter" hash="02-EC-05-B0-1C-14-D0-09-5A-AD-BD-EE-99-87-60-A9-46-E8-00-BF">
      <ModulePath>C:\Program Files\dotnet\shared\Microsoft.NETCore.App\3.1.9\System.Text.Encoding.Extensions.dll</ModulePath>
      <ModuleTime>2020-09-23T15:07:24Z</ModuleTime>
      <ModuleName>System.Text.Encoding.Extensions</ModuleName>
      <Classes />
    </Module>
    <Module skippedDueTo="Filter" hash="47-54-03-A6-F0-62-9B-CF-01-D6-45-F7-2D-4A-67-F1-13-CF-DD-A9">
      <ModulePath>C:\Program Files\dotnet\sdk\3.1.403\Microsoft.ApplicationInsights.dll</ModulePath>
      <ModuleTime>2020-09-25T00:29:14Z</ModuleTime>
      <ModuleName>Microsoft.ApplicationInsights</ModuleName>
      <Classes />
    </Module>
    <Module skippedDueTo="Filter" hash="3B-86-8A-24-C7-76-93-BC-FA-0A-EA-66-F1-CB-4E-01-1C-F9-DA-8C">
      <ModulePath>C:\Program Files\dotnet\sdk\3.1.403\Microsoft.DotNet.PlatformAbstractions.dll</ModulePath>
      <ModuleTime>2020-09-25T00:29:16Z</ModuleTime>
      <ModuleName>Microsoft.DotNet.PlatformAbstractions</ModuleName>
      <Classes />
    </Module>
    <Module skippedDueTo="Filter" hash="1F-E9-CF-F9-2D-8F-D3-71-D7-54-15-2B-06-CB-AF-9F-FD-D3-53-89">
      <ModulePath>C:\Program Files\dotnet\shared\Microsoft.NETCore.App\3.1.9\System.Runtime.CompilerServices.Unsafe.dll</ModulePath>
      <ModuleTime>2020-09-23T15:06:56Z</ModuleTime>
      <ModuleName>System.Runtime.CompilerServices.Unsafe</ModuleName>
      <Classes />
    </Module>
    <Module skippedDueTo="Filter" hash="F9-78-22-6A-6A-EA-D6-A6-72-05-72-E8-B7-30-78-12-F8-A2-2C-07">
      <ModulePath>C:\Program Files\dotnet\shared\Microsoft.NETCore.App\3.1.9\System.Private.Uri.dll</ModulePath>
      <ModuleTime>2020-09-23T15:06:52Z</ModuleTime>
      <ModuleName>System.Private.Uri</ModuleName>
      <Classes />
    </Module>
    <Module skippedDueTo="Filter" hash="5E-AA-4C-FF-F7-5B-E8-16-70-F3-32-06-59-ED-2C-EB-E3-C0-6B-41">
      <ModulePath>C:\Program Files\dotnet\shared\Microsoft.NETCore.App\3.1.9\System.Reflection.Extensions.dll</ModulePath>
      <ModuleTime>2020-09-23T15:06:54Z</ModuleTime>
      <ModuleName>System.Reflection.Extensions</ModuleName>
      <Classes />
    </Module>
    <Module skippedDueTo="Filter" hash="75-99-58-35-C5-29-2E-51-D9-25-2D-A3-31-28-1F-4D-EF-20-57-6D">
      <ModulePath>C:\Program Files\dotnet\shared\Microsoft.NETCore.App\3.1.9\System.Reflection.dll</ModulePath>
      <ModuleTime>2020-09-23T15:06:54Z</ModuleTime>
      <ModuleName>System.Reflection</ModuleName>
      <Classes />
    </Module>
    <Module skippedDueTo="Filter" hash="00-B9-3E-22-57-40-E6-BF-0A-7D-C6-71-EF-A3-36-0B-AB-5E-30-F1">
      <ModulePath>C:\Program Files\dotnet\shared\Microsoft.NETCore.App\3.1.9\System.Xml.XDocument.dll</ModulePath>
      <ModuleTime>2020-09-23T15:06:14Z</ModuleTime>
      <ModuleName>System.Xml.XDocument</ModuleName>
      <Classes />
    </Module>
    <Module skippedDueTo="Filter" hash="AE-67-60-DC-53-02-AE-EC-ED-74-85-99-00-DE-1E-F3-04-E2-C7-CB">
      <ModulePath>C:\Program Files\dotnet\shared\Microsoft.NETCore.App\3.1.9\System.Private.Xml.Linq.dll</ModulePath>
      <ModuleTime>2020-09-23T15:06:54Z</ModuleTime>
      <ModuleName>System.Private.Xml.Linq</ModuleName>
      <Classes />
    </Module>
    <Module skippedDueTo="Filter" hash="43-A9-B0-BD-2D-A0-50-93-2C-B4-A4-44-C9-E3-42-47-9A-01-9D-1A">
      <ModulePath>C:\Program Files\dotnet\shared\Microsoft.NETCore.App\3.1.9\System.Threading.Thread.dll</ModulePath>
      <ModuleTime>2020-09-23T15:06:14Z</ModuleTime>
      <ModuleName>System.Threading.Thread</ModuleName>
      <Classes />
    </Module>
    <Module skippedDueTo="Filter" hash="35-80-65-49-C2-7C-0D-14-80-AD-29-FA-E0-83-AD-BD-3F-1D-7A-B5">
      <ModulePath>C:\Program Files\dotnet\shared\Microsoft.NETCore.App\3.1.9\System.Private.Xml.dll</ModulePath>
      <ModuleTime>2020-09-23T15:06:54Z</ModuleTime>
      <ModuleName>System.Private.Xml</ModuleName>
      <Classes />
    </Module>
    <Module skippedDueTo="Filter" hash="7D-37-62-BB-D2-EA-D6-C8-D2-45-E1-94-59-83-0F-7C-DF-3C-BA-BA">
      <ModulePath>C:\Program Files\dotnet\shared\Microsoft.NETCore.App\3.1.9\System.Xml.ReaderWriter.dll</ModulePath>
      <ModuleTime>2020-09-23T15:06:14Z</ModuleTime>
      <ModuleName>System.Xml.ReaderWriter</ModuleName>
      <Classes />
    </Module>
    <Module skippedDueTo="Filter" hash="BC-75-DE-6F-8B-4F-DA-00-A7-F4-11-15-CA-8C-1B-42-F6-5A-EC-BA">
      <ModulePath>C:\Program Files\dotnet\shared\Microsoft.NETCore.App\3.1.9\System.Globalization.dll</ModulePath>
      <ModuleTime>2020-09-23T15:07:00Z</ModuleTime>
      <ModuleName>System.Globalization</ModuleName>
      <Classes />
    </Module>
    <Module skippedDueTo="Filter" hash="3F-88-09-7E-44-5D-8E-CE-18-49-9F-BD-7B-A5-90-46-A5-AC-D6-7F">
      <ModulePath>C:\Program Files\dotnet\shared\Microsoft.NETCore.App\3.1.9\System.Collections.NonGeneric.dll</ModulePath>
      <ModuleTime>2020-09-23T15:06:56Z</ModuleTime>
      <ModuleName>System.Collections.NonGeneric</ModuleName>
      <Classes />
    </Module>
    <Module skippedDueTo="Filter" hash="6B-BD-3A-D1-03-F1-DE-FF-8B-26-54-C1-E6-CE-C8-54-22-C5-A8-04">
      <ModulePath>C:\Program Files\dotnet\shared\Microsoft.NETCore.App\3.1.9\Microsoft.Win32.Primitives.dll</ModulePath>
      <ModuleTime>2020-09-23T15:06:54Z</ModuleTime>
      <ModuleName>Microsoft.Win32.Primitives</ModuleName>
      <Classes />
    </Module>
    <Module skippedDueTo="Filter" hash="84-9E-37-F1-5D-0D-60-82-2E-1D-B0-91-EF-E8-2F-0F-25-5F-CB-A1">
      <ModulePath>C:\Program Files\dotnet\shared\Microsoft.NETCore.App\3.1.9\System.Resources.ResourceManager.dll</ModulePath>
      <ModuleTime>2020-09-23T15:06:56Z</ModuleTime>
      <ModuleName>System.Resources.ResourceManager</ModuleName>
      <Classes />
    </Module>
    <Module skippedDueTo="Filter" hash="F8-D0-D4-6F-8B-9A-A3-46-76-FA-70-6E-E8-78-B2-EC-58-19-80-B6">
      <ModulePath>C:\Program Files\dotnet\sdk\3.1.403\pt-BR\MSBuild.resources.dll</ModulePath>
      <ModuleTime>2020-08-12T18:02:44Z</ModuleTime>
      <ModuleName>MSBuild.resources</ModuleName>
      <Classes />
    </Module>
    <Module skippedDueTo="Filter" hash="81-98-C9-4C-41-D9-94-CE-3D-28-68-F3-99-B4-66-7C-6F-CB-8C-5E">
      <ModulePath>C:\Program Files\dotnet\shared\Microsoft.NETCore.App\3.1.9\System.Threading.Tasks.Dataflow.dll</ModulePath>
      <ModuleTime>2020-09-23T15:07:04Z</ModuleTime>
      <ModuleName>System.Threading.Tasks.Dataflow</ModuleName>
      <Classes />
    </Module>
    <Module skippedDueTo="Filter" hash="31-DC-60-A9-AC-2D-62-B2-C8-05-6E-48-F8-38-C7-4C-66-22-7F-FE">
      <ModulePath>C:\Program Files\dotnet\shared\Microsoft.NETCore.App\3.1.9\System.Security.Cryptography.Algorithms.dll</ModulePath>
      <ModuleTime>2020-09-23T15:07:00Z</ModuleTime>
      <ModuleName>System.Security.Cryptography.Algorithms</ModuleName>
      <Classes />
    </Module>
    <Module skippedDueTo="Filter" hash="AB-E2-A2-F6-B1-60-6B-31-62-3B-B1-75-3F-AE-15-5A-7B-2C-1D-93">
      <ModulePath>C:\Program Files\dotnet\shared\Microsoft.NETCore.App\3.1.9\System.Security.Cryptography.Primitives.dll</ModulePath>
      <ModuleTime>2020-09-23T15:07:00Z</ModuleTime>
      <ModuleName>System.Security.Cryptography.Primitives</ModuleName>
      <Classes />
    </Module>
    <Module skippedDueTo="Filter" hash="56-3D-64-E2-54-C0-5E-F8-32-D2-CF-85-61-F0-E4-D6-72-E1-D3-49">
      <ModulePath>C:\Program Files\dotnet\shared\Microsoft.NETCore.App\3.1.9\Microsoft.Win32.Registry.dll</ModulePath>
      <ModuleTime>2020-09-23T15:06:52Z</ModuleTime>
      <ModuleName>Microsoft.Win32.Registry</ModuleName>
      <Classes />
    </Module>
    <Module skippedDueTo="Filter" hash="33-87-8E-AC-BF-75-72-1E-7C-FB-31-80-06-D1-DB-74-50-AA-E3-D2">
      <ModulePath>C:\Program Files\dotnet\sdk\3.1.403\pt-BR\Microsoft.Build.resources.dll</ModulePath>
      <ModuleTime>2020-08-12T18:02:36Z</ModuleTime>
      <ModuleName>Microsoft.Build.resources</ModuleName>
      <Classes />
    </Module>
    <Module skippedDueTo="Filter" hash="FA-34-B3-26-5E-CA-D6-5B-5D-A0-22-5C-A6-2A-52-4F-9F-87-C7-93">
      <ModulePath>C:\Program Files\dotnet\shared\Microsoft.NETCore.App\3.1.9\System.ObjectModel.dll</ModulePath>
      <ModuleTime>2020-09-23T15:06:52Z</ModuleTime>
      <ModuleName>System.ObjectModel</ModuleName>
      <Classes />
    </Module>
    <Module skippedDueTo="Filter" hash="8E-A0-2A-A1-58-7C-7F-BE-D7-89-48-25-C9-9D-14-5F-D6-3E-FA-01">
      <ModulePath>C:\Program Files\dotnet\shared\Microsoft.NETCore.App\3.1.9\System.Text.Json.dll</ModulePath>
      <ModuleTime>2020-09-23T15:07:08Z</ModuleTime>
      <ModuleName>System.Text.Json</ModuleName>
      <Classes />
    </Module>
    <Module skippedDueTo="Filter" hash="22-18-9A-95-65-A4-AD-7D-0A-54-06-20-47-6A-3C-F4-B5-96-7B-04">
      <ModulePath>C:\Program Files\dotnet\shared\Microsoft.NETCore.App\3.1.9\System.Reflection.Emit.ILGeneration.dll</ModulePath>
      <ModuleTime>2020-09-23T15:06:54Z</ModuleTime>
      <ModuleName>System.Reflection.Emit.ILGeneration</ModuleName>
      <Classes />
    </Module>
    <Module skippedDueTo="Filter" hash="C9-D3-81-B6-32-42-EB-0D-A2-90-0D-C0-73-54-04-1F-47-BB-9F-98">
      <ModulePath>C:\Program Files\dotnet\shared\Microsoft.NETCore.App\3.1.9\System.Reflection.Emit.Lightweight.dll</ModulePath>
      <ModuleTime>2020-09-23T15:06:54Z</ModuleTime>
      <ModuleName>System.Reflection.Emit.Lightweight</ModuleName>
      <Classes />
    </Module>
    <Module skippedDueTo="Filter" hash="7F-BE-6F-84-E9-FD-4F-14-BB-57-D6-9E-40-9C-51-D2-69-75-19-D6">
      <ModulePath>C:\Program Files\dotnet\shared\Microsoft.NETCore.App\3.1.9\System.Reflection.Primitives.dll</ModulePath>
      <ModuleTime>2020-09-23T15:06:54Z</ModuleTime>
      <ModuleName>System.Reflection.Primitives</ModuleName>
      <Classes />
    </Module>
    <Module skippedDueTo="Filter" hash="2B-36-FE-B6-96-B8-70-FB-64-4C-18-59-2C-2B-D9-3B-59-12-25-9C">
      <ModulePath>C:\Program Files\dotnet\shared\Microsoft.NETCore.App\3.1.9\System.Diagnostics.TraceSource.dll</ModulePath>
      <ModuleTime>2020-09-23T15:07:00Z</ModuleTime>
      <ModuleName>System.Diagnostics.TraceSource</ModuleName>
      <Classes />
    </Module>
    <Module skippedDueTo="Filter" hash="FC-82-A2-6B-D8-7D-37-C4-4E-D0-EE-C6-EF-05-D8-EC-81-50-26-BA">
      <ModulePath>C:\Program Files\dotnet\shared\Microsoft.NETCore.App\3.1.9\System.Threading.Tasks.Parallel.dll</ModulePath>
      <ModuleTime>2020-09-23T15:07:06Z</ModuleTime>
      <ModuleName>System.Threading.Tasks.Parallel</ModuleName>
      <Classes />
    </Module>
    <Module skippedDueTo="Filter" hash="3F-EC-56-23-DB-68-86-C1-FB-B1-B4-47-76-67-07-CA-6C-0C-57-D1">
      <ModulePath>C:\Program Files\dotnet\sdk\3.1.403\Microsoft.Build.Tasks.Core.dll</ModulePath>
      <ModuleTime>2020-09-25T00:29:16Z</ModuleTime>
      <ModuleName>Microsoft.Build.Tasks.Core</ModuleName>
      <Classes />
    </Module>
    <Module skippedDueTo="Filter" hash="F2-91-3B-9B-D0-D3-B2-C4-AF-53-0B-0A-FF-6B-23-FF-E7-EF-2D-27">
      <ModulePath>C:\Program Files\dotnet\sdk\3.1.403\Microsoft.Build.Utilities.Core.dll</ModulePath>
      <ModuleTime>2020-09-25T00:29:14Z</ModuleTime>
      <ModuleName>Microsoft.Build.Utilities.Core</ModuleName>
      <Classes />
    </Module>
    <Module skippedDueTo="Filter" hash="B8-D9-5F-4D-59-FB-E4-2D-E6-F4-80-79-E6-BE-F2-46-C4-9F-12-1E">
      <ModulePath>C:\Program Files\dotnet\sdk\3.1.403\NuGet.Build.Tasks.dll</ModulePath>
      <ModuleTime>2020-09-25T00:29:06Z</ModuleTime>
      <ModuleName>NuGet.Build.Tasks</ModuleName>
      <Classes />
    </Module>
    <Module skippedDueTo="Filter" hash="0E-DA-10-89-7D-CD-D8-85-38-2D-EB-85-DC-D2-25-5F-A3-CF-C4-8D">
      <ModulePath>C:\Program Files\dotnet\sdk\3.1.403\NuGet.Common.dll</ModulePath>
      <ModuleTime>2020-09-25T00:29:02Z</ModuleTime>
      <ModuleName>NuGet.Common</ModuleName>
      <Classes />
    </Module>
    <Module skippedDueTo="Filter" hash="8C-A1-B8-BD-77-66-CB-0B-4F-98-04-9A-1E-80-8A-EF-DA-E4-F7-B6">
      <ModulePath>C:\Program Files\dotnet\sdk\3.1.403\NuGet.Commands.dll</ModulePath>
      <ModuleTime>2020-09-25T00:29:06Z</ModuleTime>
      <ModuleName>NuGet.Commands</ModuleName>
      <Classes />
    </Module>
    <Module skippedDueTo="Filter" hash="27-62-B4-91-75-38-C5-BD-C5-B3-DD-30-48-F9-EF-0B-6A-E1-07-07">
      <ModulePath>C:\Program Files\dotnet\sdk\3.1.403\NuGet.ProjectModel.dll</ModulePath>
      <ModuleTime>2020-09-25T00:29:04Z</ModuleTime>
      <ModuleName>NuGet.ProjectModel</ModuleName>
      <Classes />
    </Module>
    <Module skippedDueTo="Filter" hash="0D-58-19-49-6F-43-9F-B0-D0-2E-93-CA-A7-96-F8-36-85-74-5B-23">
      <ModulePath>C:\Program Files\dotnet\shared\Microsoft.NETCore.App\3.1.9\System.Threading.ThreadPool.dll</ModulePath>
      <ModuleTime>2020-09-23T15:06:14Z</ModuleTime>
      <ModuleName>System.Threading.ThreadPool</ModuleName>
      <Classes />
    </Module>
    <Module skippedDueTo="Filter" hash="28-3F-E8-1F-00-19-1C-81-3B-A5-67-C8-6E-9D-2D-28-0B-FF-41-14">
      <ModulePath>C:\Program Files\dotnet\shared\Microsoft.NETCore.App\3.1.9\System.IO.Pipes.dll</ModulePath>
      <ModuleTime>2020-09-23T15:07:02Z</ModuleTime>
      <ModuleName>System.IO.Pipes</ModuleName>
      <Classes />
    </Module>
    <Module skippedDueTo="Filter" hash="19-77-51-26-A9-E8-2F-F1-0C-2F-1B-8C-2D-6E-F8-2A-FA-E0-F3-1E">
      <ModulePath>C:\Program Files\dotnet\shared\Microsoft.NETCore.App\3.1.9\System.Security.Principal.dll</ModulePath>
      <ModuleTime>2020-09-23T15:07:20Z</ModuleTime>
      <ModuleName>System.Security.Principal</ModuleName>
      <Classes />
    </Module>
    <Module skippedDueTo="Filter" hash="9D-09-B5-BA-F5-2C-50-49-1A-A4-DA-9E-D3-E4-9B-11-E0-00-79-91">
      <ModulePath>C:\Program Files\dotnet\sdk\3.1.403\Microsoft.Build.NuGetSdkResolver.dll</ModulePath>
      <ModuleTime>2020-09-25T00:29:16Z</ModuleTime>
      <ModuleName>Microsoft.Build.NuGetSdkResolver</ModuleName>
      <Classes />
    </Module>
    <Module skippedDueTo="Filter" hash="12-64-7B-C9-DA-9C-DA-72-3F-FA-61-8B-17-B8-8E-18-91-74-2C-0C">
      <ModulePath>C:\Program Files\dotnet\shared\Microsoft.NETCore.App\3.1.9\System.Diagnostics.FileVersionInfo.dll</ModulePath>
      <ModuleTime>2020-09-23T15:06:58Z</ModuleTime>
      <ModuleName>System.Diagnostics.FileVersionInfo</ModuleName>
      <Classes />
    </Module>
    <Module skippedDueTo="Filter" hash="CD-11-DC-FA-D3-3F-4D-84-3D-35-CB-7A-65-E6-97-09-4F-09-42-F2">
      <ModulePath>C:\Program Files\dotnet\shared\Microsoft.NETCore.App\3.1.9\System.ComponentModel.dll</ModulePath>
      <ModuleTime>2020-09-23T15:06:58Z</ModuleTime>
      <ModuleName>System.ComponentModel</ModuleName>
      <Classes />
    </Module>
    <Module skippedDueTo="Filter" hash="E8-17-58-53-B3-AF-2B-F3-C5-CD-B0-72-6C-F3-BC-1F-B5-B7-47-A8">
      <ModulePath>C:\Program Files\dotnet\shared\Microsoft.NETCore.App\3.1.9\System.Private.CoreLib.dll</ModulePath>
      <ModuleTime>2020-09-23T01:29:36Z</ModuleTime>
      <ModuleName>System.Private.CoreLib</ModuleName>
      <Classes />
    </Module>
    <Module skippedDueTo="Filter" hash="87-F5-E6-E7-28-99-92-EA-FA-6D-34-9A-3C-99-D2-44-7A-05-37-D2">
      <ModulePath>C:\Program Files\dotnet\sdk\3.1.403\MSBuild.dll</ModulePath>
      <ModuleTime>2020-09-25T00:29:06Z</ModuleTime>
      <ModuleName>MSBuild</ModuleName>
      <Classes />
    </Module>
    <Module skippedDueTo="Filter" hash="C5-0B-07-EF-7A-61-7A-99-30-F2-63-71-AA-42-E0-CC-91-BB-FC-07">
      <ModulePath>C:\Program Files\dotnet\shared\Microsoft.NETCore.App\3.1.9\System.Runtime.dll</ModulePath>
      <ModuleTime>2020-09-23T15:06:56Z</ModuleTime>
      <ModuleName>System.Runtime</ModuleName>
      <Classes />
    </Module>
    <Module skippedDueTo="Filter" hash="E4-CC-CF-B9-3C-B6-1F-E5-6D-4C-FD-DD-44-FD-E5-AC-BF-9C-A6-49">
      <ModulePath>C:\Program Files\dotnet\shared\Microsoft.NETCore.App\3.1.9\System.Runtime.Extensions.dll</ModulePath>
      <ModuleTime>2020-09-23T15:06:56Z</ModuleTime>
      <ModuleName>System.Runtime.Extensions</ModuleName>
      <Classes />
    </Module>
    <Module skippedDueTo="Filter" hash="47-E6-41-24-74-E6-DF-13-CB-96-AD-74-6C-F1-FB-8A-0B-95-D0-49">
      <ModulePath>C:\Program Files\dotnet\shared\Microsoft.NETCore.App\3.1.9\System.Threading.dll</ModulePath>
      <ModuleTime>2020-09-23T15:07:04Z</ModuleTime>
      <ModuleName>System.Threading</ModuleName>
      <Classes />
    </Module>
    <Module skippedDueTo="Filter" hash="17-28-0C-F3-C4-16-F4-8A-71-37-19-B7-5F-2F-66-DB-02-21-FD-FD">
      <ModulePath>C:\Program Files\dotnet\shared\Microsoft.NETCore.App\3.1.9\System.Threading.Tasks.dll</ModulePath>
      <ModuleTime>2020-09-23T15:07:06Z</ModuleTime>
      <ModuleName>System.Threading.Tasks</ModuleName>
      <Classes />
    </Module>
    <Module skippedDueTo="Filter" hash="FA-8A-DE-4D-BE-1B-12-B3-4A-B5-21-AC-08-1A-93-71-A0-CC-B7-81">
      <ModulePath>C:\Program Files\dotnet\sdk\3.1.403\Microsoft.Build.Framework.dll</ModulePath>
      <ModuleTime>2020-09-25T00:29:16Z</ModuleTime>
      <ModuleName>Microsoft.Build.Framework</ModuleName>
      <Classes />
    </Module>
    <Module skippedDueTo="Filter" hash="84-48-B0-1C-CC-25-05-23-54-96-F5-FC-02-3F-3B-20-BA-FB-39-0D">
      <ModulePath>C:\Program Files\dotnet\shared\Microsoft.NETCore.App\3.1.9\netstandard.dll</ModulePath>
      <ModuleTime>2020-09-23T15:06:52Z</ModuleTime>
      <ModuleName>netstandard</ModuleName>
      <Classes />
    </Module>
    <Module skippedDueTo="Filter" hash="73-5D-56-A1-F6-B2-13-6C-D5-B7-00-E8-64-4D-5F-1C-0C-CC-17-B9">
      <ModulePath>C:\Program Files\dotnet\shared\Microsoft.NETCore.App\3.1.9\System.Runtime.InteropServices.RuntimeInformation.dll</ModulePath>
      <ModuleTime>2020-09-23T15:07:04Z</ModuleTime>
      <ModuleName>System.Runtime.InteropServices.RuntimeInformation</ModuleName>
      <Classes />
    </Module>
    <Module skippedDueTo="Filter" hash="32-05-DF-9E-12-18-0E-7B-45-4F-99-82-6D-70-EF-6B-93-C6-2E-00">
      <ModulePath>C:\Program Files\dotnet\shared\Microsoft.NETCore.App\3.1.9\System.Diagnostics.Process.dll</ModulePath>
      <ModuleTime>2020-09-23T15:06:58Z</ModuleTime>
      <ModuleName>System.Diagnostics.Process</ModuleName>
      <Classes />
    </Module>
    <Module skippedDueTo="Filter" hash="E3-7A-FE-69-20-DE-92-3C-03-95-A9-5A-6A-F8-10-FC-D8-80-19-94">
      <ModulePath>C:\Program Files\dotnet\shared\Microsoft.NETCore.App\3.1.9\System.ComponentModel.Primitives.dll</ModulePath>
      <ModuleTime>2020-09-23T15:06:54Z</ModuleTime>
      <ModuleName>System.ComponentModel.Primitives</ModuleName>
      <Classes />
    </Module>
    <Module skippedDueTo="Filter" hash="2E-24-12-47-3A-90-50-3D-D6-86-2B-C6-1D-6C-7D-30-43-71-41-81">
      <ModulePath>C:\Program Files\dotnet\shared\Microsoft.NETCore.App\3.1.9\System.Linq.dll</ModulePath>
      <ModuleTime>2020-09-23T15:07:04Z</ModuleTime>
      <ModuleName>System.Linq</ModuleName>
      <Classes />
    </Module>
    <Module skippedDueTo="Filter" hash="8E-53-4C-91-31-1B-EA-80-65-1E-AC-FD-66-83-7D-FC-71-01-C1-81">
      <ModulePath>C:\Program Files\dotnet\shared\Microsoft.NETCore.App\3.1.9\System.Text.RegularExpressions.dll</ModulePath>
      <ModuleTime>2020-09-23T15:07:02Z</ModuleTime>
      <ModuleName>System.Text.RegularExpressions</ModuleName>
      <Classes />
    </Module>
    <Module skippedDueTo="Filter" hash="75-5C-A3-B3-4C-5B-DF-41-91-A2-A8-84-EB-65-A9-75-67-6F-00-2F">
      <ModulePath>C:\Program Files\dotnet\shared\Microsoft.NETCore.App\3.1.9\System.Collections.dll</ModulePath>
      <ModuleTime>2020-09-23T15:06:54Z</ModuleTime>
      <ModuleName>System.Collections</ModuleName>
      <Classes />
    </Module>
    <Module skippedDueTo="Filter" hash="67-74-83-4C-01-D0-A2-79-17-78-A7-9A-33-EE-FC-F6-08-20-D5-72">
      <ModulePath>C:\Program Files\dotnet\shared\Microsoft.NETCore.App\3.1.9\System.Memory.dll</ModulePath>
      <ModuleTime>2020-09-23T15:07:04Z</ModuleTime>
      <ModuleName>System.Memory</ModuleName>
      <Classes />
    </Module>
    <Module skippedDueTo="Filter" hash="C0-62-B1-0D-B3-F2-5E-D7-CE-53-FF-90-83-C6-4B-0A-D1-21-51-FC">
      <ModulePath>C:\Program Files\dotnet\shared\Microsoft.NETCore.App\3.1.9\System.Buffers.dll</ModulePath>
      <ModuleTime>2020-09-23T15:06:30Z</ModuleTime>
      <ModuleName>System.Buffers</ModuleName>
      <Classes />
    </Module>
    <Module skippedDueTo="Filter" hash="C5-5D-61-FC-43-EB-FB-B0-0E-3A-A5-32-D1-F3-1E-93-04-62-21-E4">
      <ModulePath>C:\Program Files\dotnet\shared\Microsoft.NETCore.App\3.1.9\System.IO.FileSystem.dll</ModulePath>
      <ModuleTime>2020-09-23T15:07:02Z</ModuleTime>
      <ModuleName>System.IO.FileSystem</ModuleName>
      <Classes />
    </Module>
    <Module skippedDueTo="Filter" hash="92-7C-E0-9D-ED-A8-39-E9-7D-93-80-DE-5E-8E-02-83-C6-48-27-BB">
      <ModulePath>C:\Program Files\dotnet\shared\Microsoft.NETCore.App\3.1.9\System.Runtime.InteropServices.dll</ModulePath>
      <ModuleTime>2020-09-23T15:06:56Z</ModuleTime>
      <ModuleName>System.Runtime.InteropServices</ModuleName>
      <Classes />
    </Module>
    <Module skippedDueTo="Filter" hash="5A-DE-0A-86-0A-77-E3-B9-CB-A9-02-72-0F-43-5F-CE-F5-E5-BF-EF">
      <ModulePath>C:\Program Files\dotnet\shared\Microsoft.NETCore.App\3.1.9\System.Console.dll</ModulePath>
      <ModuleTime>2020-09-23T15:06:58Z</ModuleTime>
      <ModuleName>System.Console</ModuleName>
      <Classes />
    </Module>
    <Module skippedDueTo="Filter" hash="1B-46-B5-9A-42-BF-41-9D-07-2C-2F-CE-C0-C2-C4-34-02-A3-19-38">
      <ModulePath>C:\Program Files\dotnet\sdk\3.1.403\Microsoft.Build.dll</ModulePath>
      <ModuleTime>2020-09-25T00:29:16Z</ModuleTime>
      <ModuleName>Microsoft.Build</ModuleName>
      <Classes />
    </Module>
    <Module skippedDueTo="Filter" hash="5A-FB-C0-18-35-0F-BF-33-E9-09-93-73-65-6C-AA-BA-FB-28-5E-B0">
      <ModulePath>C:\Program Files\dotnet\shared\Microsoft.NETCore.App\3.1.9\System.Diagnostics.Tracing.dll</ModulePath>
      <ModuleTime>2020-09-23T15:07:00Z</ModuleTime>
      <ModuleName>System.Diagnostics.Tracing</ModuleName>
      <Classes />
    </Module>
    <Module skippedDueTo="Filter" hash="B4-0F-D9-E5-08-79-7C-FE-AF-CB-3A-0F-6B-D3-0B-27-98-A7-6A-3B">
      <ModulePath>C:\Program Files\dotnet\shared\Microsoft.NETCore.App\3.1.9\System.Diagnostics.Debug.dll</ModulePath>
      <ModuleTime>2020-09-23T15:06:58Z</ModuleTime>
      <ModuleName>System.Diagnostics.Debug</ModuleName>
      <Classes />
    </Module>
    <Module skippedDueTo="Filter" hash="64-BB-9D-05-2C-8F-52-8A-0A-C8-CC-CC-2F-00-B0-ED-71-C4-88-2C">
      <ModulePath>C:\Program Files\dotnet\shared\Microsoft.NETCore.App\3.1.9\System.Text.Encoding.CodePages.dll</ModulePath>
      <ModuleTime>2020-09-23T15:07:02Z</ModuleTime>
      <ModuleName>System.Text.Encoding.CodePages</ModuleName>
      <Classes />
    </Module>
    <Module skippedDueTo="Filter" hash="29-23-20-63-FA-C8-B6-84-BC-B1-E8-3A-4B-56-91-93-57-61-9F-A2">
      <ModulePath>C:\Program Files\dotnet\shared\Microsoft.NETCore.App\3.1.9\System.Collections.Concurrent.dll</ModulePath>
      <ModuleTime>2020-09-23T15:06:52Z</ModuleTime>
      <ModuleName>System.Collections.Concurrent</ModuleName>
      <Classes />
    </Module>
    <Module skippedDueTo="Filter" hash="28-3F-E8-1F-00-19-1C-81-3B-A5-67-C8-6E-9D-2D-28-0B-FF-41-14">
      <ModulePath>C:\Program Files\dotnet\shared\Microsoft.NETCore.App\3.1.9\System.IO.Pipes.dll</ModulePath>
      <ModuleTime>2020-09-23T15:07:02Z</ModuleTime>
      <ModuleName>System.IO.Pipes</ModuleName>
      <Classes />
    </Module>
    <Module skippedDueTo="Filter" hash="02-EC-05-B0-1C-14-D0-09-5A-AD-BD-EE-99-87-60-A9-46-E8-00-BF">
      <ModulePath>C:\Program Files\dotnet\shared\Microsoft.NETCore.App\3.1.9\System.Text.Encoding.Extensions.dll</ModulePath>
      <ModuleTime>2020-09-23T15:07:24Z</ModuleTime>
      <ModuleName>System.Text.Encoding.Extensions</ModuleName>
      <Classes />
    </Module>
    <Module skippedDueTo="Filter" hash="7D-AD-28-DE-15-05-04-77-5B-A7-9A-FF-BB-9D-67-AF-70-1A-C0-07">
      <ModulePath>C:\Program Files\dotnet\shared\Microsoft.NETCore.App\3.1.9\System.Security.AccessControl.dll</ModulePath>
      <ModuleTime>2020-09-23T15:06:58Z</ModuleTime>
      <ModuleName>System.Security.AccessControl</ModuleName>
      <Classes />
    </Module>
    <Module skippedDueTo="Filter" hash="87-95-FF-58-E2-77-0D-A5-E6-AF-A9-1C-8B-F0-77-BE-BA-F4-07-23">
      <ModulePath>C:\Program Files\dotnet\shared\Microsoft.NETCore.App\3.1.9\System.Security.Principal.Windows.dll</ModulePath>
      <ModuleTime>2020-09-23T15:07:00Z</ModuleTime>
      <ModuleName>System.Security.Principal.Windows</ModuleName>
      <Classes />
    </Module>
    <Module skippedDueTo="Filter" hash="45-8E-0B-91-1E-A5-ED-5A-CD-63-2F-F3-7E-82-1E-15-4D-E1-36-42">
      <ModulePath>C:\Program Files\dotnet\shared\Microsoft.NETCore.App\3.1.9\System.Security.Claims.dll</ModulePath>
      <ModuleTime>2020-09-23T15:06:58Z</ModuleTime>
      <ModuleName>System.Security.Claims</ModuleName>
      <Classes />
    </Module>
    <Module skippedDueTo="Filter" hash="19-77-51-26-A9-E8-2F-F1-0C-2F-1B-8C-2D-6E-F8-2A-FA-E0-F3-1E">
      <ModulePath>C:\Program Files\dotnet\shared\Microsoft.NETCore.App\3.1.9\System.Security.Principal.dll</ModulePath>
      <ModuleTime>2020-09-23T15:07:20Z</ModuleTime>
      <ModuleName>System.Security.Principal</ModuleName>
      <Classes />
    </Module>
    <Module skippedDueTo="Filter" hash="DA-C9-82-5F-C0-EE-62-5F-C4-20-A1-60-BB-D4-28-BC-3D-51-22-38">
      <ModulePath>C:\Program Files\dotnet\shared\Microsoft.NETCore.App\3.1.9\System.Threading.Overlapped.dll</ModulePath>
      <ModuleTime>2020-09-23T15:07:06Z</ModuleTime>
      <ModuleName>System.Threading.Overlapped</ModuleName>
      <Classes />
    </Module>
    <Module skippedDueTo="Filter" hash="DA-C9-82-5F-C0-EE-62-5F-C4-20-A1-60-BB-D4-28-BC-3D-51-22-38">
      <ModulePath>C:\Program Files\dotnet\shared\Microsoft.NETCore.App\3.1.9\System.Threading.Overlapped.dll</ModulePath>
      <ModuleTime>2020-09-23T15:07:06Z</ModuleTime>
      <ModuleName>System.Threading.Overlapped</ModuleName>
      <Classes />
    </Module>
    <Module skippedDueTo="Filter" hash="43-A9-B0-BD-2D-A0-50-93-2C-B4-A4-44-C9-E3-42-47-9A-01-9D-1A">
      <ModulePath>C:\Program Files\dotnet\shared\Microsoft.NETCore.App\3.1.9\System.Threading.Thread.dll</ModulePath>
      <ModuleTime>2020-09-23T15:06:14Z</ModuleTime>
      <ModuleName>System.Threading.Thread</ModuleName>
      <Classes />
    </Module>
    <Module skippedDueTo="Filter" hash="7D-AD-28-DE-15-05-04-77-5B-A7-9A-FF-BB-9D-67-AF-70-1A-C0-07">
      <ModulePath>C:\Program Files\dotnet\shared\Microsoft.NETCore.App\3.1.9\System.Security.AccessControl.dll</ModulePath>
      <ModuleTime>2020-09-23T15:06:58Z</ModuleTime>
      <ModuleName>System.Security.AccessControl</ModuleName>
      <Classes />
    </Module>
    <Module skippedDueTo="Filter" hash="87-95-FF-58-E2-77-0D-A5-E6-AF-A9-1C-8B-F0-77-BE-BA-F4-07-23">
      <ModulePath>C:\Program Files\dotnet\shared\Microsoft.NETCore.App\3.1.9\System.Security.Principal.Windows.dll</ModulePath>
      <ModuleTime>2020-09-23T15:07:00Z</ModuleTime>
      <ModuleName>System.Security.Principal.Windows</ModuleName>
      <Classes />
    </Module>
    <Module skippedDueTo="Filter" hash="45-8E-0B-91-1E-A5-ED-5A-CD-63-2F-F3-7E-82-1E-15-4D-E1-36-42">
      <ModulePath>C:\Program Files\dotnet\shared\Microsoft.NETCore.App\3.1.9\System.Security.Claims.dll</ModulePath>
      <ModuleTime>2020-09-23T15:06:58Z</ModuleTime>
      <ModuleName>System.Security.Claims</ModuleName>
      <Classes />
    </Module>
    <Module skippedDueTo="Filter" hash="84-9E-37-F1-5D-0D-60-82-2E-1D-B0-91-EF-E8-2F-0F-25-5F-CB-A1">
      <ModulePath>C:\Program Files\dotnet\shared\Microsoft.NETCore.App\3.1.9\System.Resources.ResourceManager.dll</ModulePath>
      <ModuleTime>2020-09-23T15:06:56Z</ModuleTime>
      <ModuleName>System.Resources.ResourceManager</ModuleName>
      <Classes />
    </Module>
    <Module skippedDueTo="Filter" hash="FA-34-B3-26-5E-CA-D6-5B-5D-A0-22-5C-A6-2A-52-4F-9F-87-C7-93">
      <ModulePath>C:\Program Files\dotnet\shared\Microsoft.NETCore.App\3.1.9\System.ObjectModel.dll</ModulePath>
      <ModuleTime>2020-09-23T15:06:52Z</ModuleTime>
      <ModuleName>System.ObjectModel</ModuleName>
      <Classes />
    </Module>
    <Module skippedDueTo="Filter" hash="81-98-C9-4C-41-D9-94-CE-3D-28-68-F3-99-B4-66-7C-6F-CB-8C-5E">
      <ModulePath>C:\Program Files\dotnet\shared\Microsoft.NETCore.App\3.1.9\System.Threading.Tasks.Dataflow.dll</ModulePath>
      <ModuleTime>2020-09-23T15:07:04Z</ModuleTime>
      <ModuleName>System.Threading.Tasks.Dataflow</ModuleName>
      <Classes />
    </Module>
    <Module skippedDueTo="Filter" hash="E8-17-58-53-B3-AF-2B-F3-C5-CD-B0-72-6C-F3-BC-1F-B5-B7-47-A8">
      <ModulePath>C:\Program Files\dotnet\shared\Microsoft.NETCore.App\3.1.9\System.Private.CoreLib.dll</ModulePath>
      <ModuleTime>2020-09-23T01:29:36Z</ModuleTime>
      <ModuleName>System.Private.CoreLib</ModuleName>
      <Classes />
    </Module>
    <Module skippedDueTo="Filter" hash="2E-4D-9B-4F-B3-C8-EA-2F-89-C0-8F-1E-8E-ED-30-99-D3-C1-A5-80">
      <ModulePath>C:\Program Files\dotnet\shared\Microsoft.NETCore.App\3.1.9\System.Runtime.Loader.dll</ModulePath>
      <ModuleTime>2020-09-23T15:06:58Z</ModuleTime>
      <ModuleName>System.Runtime.Loader</ModuleName>
      <Classes />
    </Module>
    <Module skippedDueTo="Filter" hash="7C-1B-76-60-5B-F8-74-EE-74-60-76-E2-0E-F8-FE-E5-A0-A0-49-58">
      <ModulePath>C:\Program Files\dotnet\sdk\3.1.403\dotnet.dll</ModulePath>
      <ModuleTime>2020-09-25T00:29:42Z</ModuleTime>
      <ModuleName>dotnet</ModuleName>
      <Classes />
    </Module>
    <Module skippedDueTo="Filter" hash="34-31-0F-6C-35-85-98-DE-A0-19-E4-48-0F-74-C2-BB-56-87-AC-27">
      <ModulePath>C:\Program Files\dotnet\shared\Microsoft.NETCore.App\3.1.9\System.Collections.Immutable.dll</ModulePath>
      <ModuleTime>2020-09-23T15:06:52Z</ModuleTime>
      <ModuleName>System.Collections.Immutable</ModuleName>
      <Classes />
    </Module>
    <Module skippedDueTo="Filter" hash="87-F5-E6-E7-28-99-92-EA-FA-6D-34-9A-3C-99-D2-44-7A-05-37-D2">
      <ModulePath>C:\Program Files\dotnet\sdk\3.1.403\MSBuild.dll</ModulePath>
      <ModuleTime>2020-09-25T00:29:06Z</ModuleTime>
      <ModuleName>MSBuild</ModuleName>
      <Classes />
    </Module>
    <Module skippedDueTo="Filter" hash="C5-0B-07-EF-7A-61-7A-99-30-F2-63-71-AA-42-E0-CC-91-BB-FC-07">
      <ModulePath>C:\Program Files\dotnet\shared\Microsoft.NETCore.App\3.1.9\System.Runtime.dll</ModulePath>
      <ModuleTime>2020-09-23T15:06:56Z</ModuleTime>
      <ModuleName>System.Runtime</ModuleName>
      <Classes />
    </Module>
    <Module skippedDueTo="Filter" hash="BC-60-42-4A-D1-A5-0A-C2-ED-79-1A-BF-F9-01-18-BA-FB-74-C0-B5">
      <ModulePath>C:\Program Files\dotnet\sdk\3.1.403\Microsoft.DotNet.Configurer.dll</ModulePath>
      <ModuleTime>2020-09-25T00:29:42Z</ModuleTime>
      <ModuleName>Microsoft.DotNet.Configurer</ModuleName>
      <Classes />
    </Module>
    <Module skippedDueTo="Filter" hash="E4-CC-CF-B9-3C-B6-1F-E5-6D-4C-FD-DD-44-FD-E5-AC-BF-9C-A6-49">
      <ModulePath>C:\Program Files\dotnet\shared\Microsoft.NETCore.App\3.1.9\System.Runtime.Extensions.dll</ModulePath>
      <ModuleTime>2020-09-23T15:06:56Z</ModuleTime>
      <ModuleName>System.Runtime.Extensions</ModuleName>
      <Classes />
    </Module>
    <Module skippedDueTo="Filter" hash="47-E6-41-24-74-E6-DF-13-CB-96-AD-74-6C-F1-FB-8A-0B-95-D0-49">
      <ModulePath>C:\Program Files\dotnet\shared\Microsoft.NETCore.App\3.1.9\System.Threading.dll</ModulePath>
      <ModuleTime>2020-09-23T15:07:04Z</ModuleTime>
      <ModuleName>System.Threading</ModuleName>
      <Classes />
    </Module>
    <Module skippedDueTo="Filter" hash="17-28-0C-F3-C4-16-F4-8A-71-37-19-B7-5F-2F-66-DB-02-21-FD-FD">
      <ModulePath>C:\Program Files\dotnet\shared\Microsoft.NETCore.App\3.1.9\System.Threading.Tasks.dll</ModulePath>
      <ModuleTime>2020-09-23T15:07:06Z</ModuleTime>
      <ModuleName>System.Threading.Tasks</ModuleName>
      <Classes />
    </Module>
    <Module skippedDueTo="Filter" hash="FA-8A-DE-4D-BE-1B-12-B3-4A-B5-21-AC-08-1A-93-71-A0-CC-B7-81">
      <ModulePath>C:\Program Files\dotnet\sdk\3.1.403\Microsoft.Build.Framework.dll</ModulePath>
      <ModuleTime>2020-09-25T00:29:16Z</ModuleTime>
      <ModuleName>Microsoft.Build.Framework</ModuleName>
      <Classes />
    </Module>
    <Module skippedDueTo="Filter" hash="84-48-B0-1C-CC-25-05-23-54-96-F5-FC-02-3F-3B-20-BA-FB-39-0D">
      <ModulePath>C:\Program Files\dotnet\shared\Microsoft.NETCore.App\3.1.9\netstandard.dll</ModulePath>
      <ModuleTime>2020-09-23T15:06:52Z</ModuleTime>
      <ModuleName>netstandard</ModuleName>
      <Classes />
    </Module>
    <Module skippedDueTo="Filter" hash="33-87-8E-AC-BF-75-72-1E-7C-FB-31-80-06-D1-DB-74-50-AA-E3-D2">
      <ModulePath>C:\Program Files\dotnet\sdk\3.1.403\pt-BR\Microsoft.Build.resources.dll</ModulePath>
      <ModuleTime>2020-08-12T18:02:36Z</ModuleTime>
      <ModuleName>Microsoft.Build.resources</ModuleName>
      <Classes />
    </Module>
    <Module skippedDueTo="Filter" hash="73-5D-56-A1-F6-B2-13-6C-D5-B7-00-E8-64-4D-5F-1C-0C-CC-17-B9">
      <ModulePath>C:\Program Files\dotnet\shared\Microsoft.NETCore.App\3.1.9\System.Runtime.InteropServices.RuntimeInformation.dll</ModulePath>
      <ModuleTime>2020-09-23T15:07:04Z</ModuleTime>
      <ModuleName>System.Runtime.InteropServices.RuntimeInformation</ModuleName>
      <Classes />
    </Module>
    <Module skippedDueTo="Filter" hash="32-05-DF-9E-12-18-0E-7B-45-4F-99-82-6D-70-EF-6B-93-C6-2E-00">
      <ModulePath>C:\Program Files\dotnet\shared\Microsoft.NETCore.App\3.1.9\System.Diagnostics.Process.dll</ModulePath>
      <ModuleTime>2020-09-23T15:06:58Z</ModuleTime>
      <ModuleName>System.Diagnostics.Process</ModuleName>
      <Classes />
    </Module>
    <Module skippedDueTo="Filter" hash="E3-7A-FE-69-20-DE-92-3C-03-95-A9-5A-6A-F8-10-FC-D8-80-19-94">
      <ModulePath>C:\Program Files\dotnet\shared\Microsoft.NETCore.App\3.1.9\System.ComponentModel.Primitives.dll</ModulePath>
      <ModuleTime>2020-09-23T15:06:54Z</ModuleTime>
      <ModuleName>System.ComponentModel.Primitives</ModuleName>
      <Classes />
    </Module>
    <Module skippedDueTo="Filter" hash="2E-24-12-47-3A-90-50-3D-D6-86-2B-C6-1D-6C-7D-30-43-71-41-81">
      <ModulePath>C:\Program Files\dotnet\shared\Microsoft.NETCore.App\3.1.9\System.Linq.dll</ModulePath>
      <ModuleTime>2020-09-23T15:07:04Z</ModuleTime>
      <ModuleName>System.Linq</ModuleName>
      <Classes />
    </Module>
    <Module skippedDueTo="Filter" hash="8E-53-4C-91-31-1B-EA-80-65-1E-AC-FD-66-83-7D-FC-71-01-C1-81">
      <ModulePath>C:\Program Files\dotnet\shared\Microsoft.NETCore.App\3.1.9\System.Text.RegularExpressions.dll</ModulePath>
      <ModuleTime>2020-09-23T15:07:02Z</ModuleTime>
      <ModuleName>System.Text.RegularExpressions</ModuleName>
      <Classes />
    </Module>
    <Module skippedDueTo="Filter" hash="75-5C-A3-B3-4C-5B-DF-41-91-A2-A8-84-EB-65-A9-75-67-6F-00-2F">
      <ModulePath>C:\Program Files\dotnet\shared\Microsoft.NETCore.App\3.1.9\System.Collections.dll</ModulePath>
      <ModuleTime>2020-09-23T15:06:54Z</ModuleTime>
      <ModuleName>System.Collections</ModuleName>
      <Classes />
    </Module>
    <Module skippedDueTo="Filter" hash="67-74-83-4C-01-D0-A2-79-17-78-A7-9A-33-EE-FC-F6-08-20-D5-72">
      <ModulePath>C:\Program Files\dotnet\shared\Microsoft.NETCore.App\3.1.9\System.Memory.dll</ModulePath>
      <ModuleTime>2020-09-23T15:07:04Z</ModuleTime>
      <ModuleName>System.Memory</ModuleName>
      <Classes />
    </Module>
    <Module skippedDueTo="Filter" hash="C0-62-B1-0D-B3-F2-5E-D7-CE-53-FF-90-83-C6-4B-0A-D1-21-51-FC">
      <ModulePath>C:\Program Files\dotnet\shared\Microsoft.NETCore.App\3.1.9\System.Buffers.dll</ModulePath>
      <ModuleTime>2020-09-23T15:06:30Z</ModuleTime>
      <ModuleName>System.Buffers</ModuleName>
      <Classes />
    </Module>
    <Module skippedDueTo="Filter" hash="C5-5D-61-FC-43-EB-FB-B0-0E-3A-A5-32-D1-F3-1E-93-04-62-21-E4">
      <ModulePath>C:\Program Files\dotnet\shared\Microsoft.NETCore.App\3.1.9\System.IO.FileSystem.dll</ModulePath>
      <ModuleTime>2020-09-23T15:07:02Z</ModuleTime>
      <ModuleName>System.IO.FileSystem</ModuleName>
      <Classes />
    </Module>
    <Module skippedDueTo="Filter" hash="92-7C-E0-9D-ED-A8-39-E9-7D-93-80-DE-5E-8E-02-83-C6-48-27-BB">
      <ModulePath>C:\Program Files\dotnet\shared\Microsoft.NETCore.App\3.1.9\System.Runtime.InteropServices.dll</ModulePath>
      <ModuleTime>2020-09-23T15:06:56Z</ModuleTime>
      <ModuleName>System.Runtime.InteropServices</ModuleName>
      <Classes />
    </Module>
    <Module skippedDueTo="Filter" hash="5A-DE-0A-86-0A-77-E3-B9-CB-A9-02-72-0F-43-5F-CE-F5-E5-BF-EF">
      <ModulePath>C:\Program Files\dotnet\shared\Microsoft.NETCore.App\3.1.9\System.Console.dll</ModulePath>
      <ModuleTime>2020-09-23T15:06:58Z</ModuleTime>
      <ModuleName>System.Console</ModuleName>
      <Classes />
    </Module>
    <Module skippedDueTo="Filter" hash="1B-46-B5-9A-42-BF-41-9D-07-2C-2F-CE-C0-C2-C4-34-02-A3-19-38">
      <ModulePath>C:\Program Files\dotnet\sdk\3.1.403\Microsoft.Build.dll</ModulePath>
      <ModuleTime>2020-09-25T00:29:16Z</ModuleTime>
      <ModuleName>Microsoft.Build</ModuleName>
      <Classes />
    </Module>
    <Module skippedDueTo="Filter" hash="5A-FB-C0-18-35-0F-BF-33-E9-09-93-73-65-6C-AA-BA-FB-28-5E-B0">
      <ModulePath>C:\Program Files\dotnet\shared\Microsoft.NETCore.App\3.1.9\System.Diagnostics.Tracing.dll</ModulePath>
      <ModuleTime>2020-09-23T15:07:00Z</ModuleTime>
      <ModuleName>System.Diagnostics.Tracing</ModuleName>
      <Classes />
    </Module>
    <Module skippedDueTo="Filter" hash="B4-0F-D9-E5-08-79-7C-FE-AF-CB-3A-0F-6B-D3-0B-27-98-A7-6A-3B">
      <ModulePath>C:\Program Files\dotnet\shared\Microsoft.NETCore.App\3.1.9\System.Diagnostics.Debug.dll</ModulePath>
      <ModuleTime>2020-09-23T15:06:58Z</ModuleTime>
      <ModuleName>System.Diagnostics.Debug</ModuleName>
      <Classes />
    </Module>
    <Module skippedDueTo="Filter" hash="64-BB-9D-05-2C-8F-52-8A-0A-C8-CC-CC-2F-00-B0-ED-71-C4-88-2C">
      <ModulePath>C:\Program Files\dotnet\shared\Microsoft.NETCore.App\3.1.9\System.Text.Encoding.CodePages.dll</ModulePath>
      <ModuleTime>2020-09-23T15:07:02Z</ModuleTime>
      <ModuleName>System.Text.Encoding.CodePages</ModuleName>
      <Classes />
    </Module>
    <Module skippedDueTo="Filter" hash="29-23-20-63-FA-C8-B6-84-BC-B1-E8-3A-4B-56-91-93-57-61-9F-A2">
      <ModulePath>C:\Program Files\dotnet\shared\Microsoft.NETCore.App\3.1.9\System.Collections.Concurrent.dll</ModulePath>
      <ModuleTime>2020-09-23T15:06:52Z</ModuleTime>
      <ModuleName>System.Collections.Concurrent</ModuleName>
      <Classes />
    </Module>
    <Module skippedDueTo="Filter" hash="28-3F-E8-1F-00-19-1C-81-3B-A5-67-C8-6E-9D-2D-28-0B-FF-41-14">
      <ModulePath>C:\Program Files\dotnet\shared\Microsoft.NETCore.App\3.1.9\System.IO.Pipes.dll</ModulePath>
      <ModuleTime>2020-09-23T15:07:02Z</ModuleTime>
      <ModuleName>System.IO.Pipes</ModuleName>
      <Classes />
    </Module>
    <Module skippedDueTo="Filter" hash="02-EC-05-B0-1C-14-D0-09-5A-AD-BD-EE-99-87-60-A9-46-E8-00-BF">
      <ModulePath>C:\Program Files\dotnet\shared\Microsoft.NETCore.App\3.1.9\System.Text.Encoding.Extensions.dll</ModulePath>
      <ModuleTime>2020-09-23T15:07:24Z</ModuleTime>
      <ModuleName>System.Text.Encoding.Extensions</ModuleName>
      <Classes />
    </Module>
    <Module skippedDueTo="Filter" hash="7D-AD-28-DE-15-05-04-77-5B-A7-9A-FF-BB-9D-67-AF-70-1A-C0-07">
      <ModulePath>C:\Program Files\dotnet\shared\Microsoft.NETCore.App\3.1.9\System.Security.AccessControl.dll</ModulePath>
      <ModuleTime>2020-09-23T15:06:58Z</ModuleTime>
      <ModuleName>System.Security.AccessControl</ModuleName>
      <Classes />
    </Module>
    <Module skippedDueTo="Filter" hash="87-95-FF-58-E2-77-0D-A5-E6-AF-A9-1C-8B-F0-77-BE-BA-F4-07-23">
      <ModulePath>C:\Program Files\dotnet\shared\Microsoft.NETCore.App\3.1.9\System.Security.Principal.Windows.dll</ModulePath>
      <ModuleTime>2020-09-23T15:07:00Z</ModuleTime>
      <ModuleName>System.Security.Principal.Windows</ModuleName>
      <Classes />
    </Module>
    <Module skippedDueTo="Filter" hash="45-8E-0B-91-1E-A5-ED-5A-CD-63-2F-F3-7E-82-1E-15-4D-E1-36-42">
      <ModulePath>C:\Program Files\dotnet\shared\Microsoft.NETCore.App\3.1.9\System.Security.Claims.dll</ModulePath>
      <ModuleTime>2020-09-23T15:06:58Z</ModuleTime>
      <ModuleName>System.Security.Claims</ModuleName>
      <Classes />
    </Module>
    <Module skippedDueTo="Filter" hash="19-77-51-26-A9-E8-2F-F1-0C-2F-1B-8C-2D-6E-F8-2A-FA-E0-F3-1E">
      <ModulePath>C:\Program Files\dotnet\shared\Microsoft.NETCore.App\3.1.9\System.Security.Principal.dll</ModulePath>
      <ModuleTime>2020-09-23T15:07:20Z</ModuleTime>
      <ModuleName>System.Security.Principal</ModuleName>
      <Classes />
    </Module>
    <Module skippedDueTo="Filter" hash="DA-C9-82-5F-C0-EE-62-5F-C4-20-A1-60-BB-D4-28-BC-3D-51-22-38">
      <ModulePath>C:\Program Files\dotnet\shared\Microsoft.NETCore.App\3.1.9\System.Threading.Overlapped.dll</ModulePath>
      <ModuleTime>2020-09-23T15:07:06Z</ModuleTime>
      <ModuleName>System.Threading.Overlapped</ModuleName>
      <Classes />
    </Module>
    <Module skippedDueTo="Filter" hash="43-A9-B0-BD-2D-A0-50-93-2C-B4-A4-44-C9-E3-42-47-9A-01-9D-1A">
      <ModulePath>C:\Program Files\dotnet\shared\Microsoft.NETCore.App\3.1.9\System.Threading.Thread.dll</ModulePath>
      <ModuleTime>2020-09-23T15:06:14Z</ModuleTime>
      <ModuleName>System.Threading.Thread</ModuleName>
      <Classes />
    </Module>
    <Module skippedDueTo="Filter" hash="84-9E-37-F1-5D-0D-60-82-2E-1D-B0-91-EF-E8-2F-0F-25-5F-CB-A1">
      <ModulePath>C:\Program Files\dotnet\shared\Microsoft.NETCore.App\3.1.9\System.Resources.ResourceManager.dll</ModulePath>
      <ModuleTime>2020-09-23T15:06:56Z</ModuleTime>
      <ModuleName>System.Resources.ResourceManager</ModuleName>
      <Classes />
    </Module>
    <Module skippedDueTo="Filter" hash="FA-34-B3-26-5E-CA-D6-5B-5D-A0-22-5C-A6-2A-52-4F-9F-87-C7-93">
      <ModulePath>C:\Program Files\dotnet\shared\Microsoft.NETCore.App\3.1.9\System.ObjectModel.dll</ModulePath>
      <ModuleTime>2020-09-23T15:06:52Z</ModuleTime>
      <ModuleName>System.ObjectModel</ModuleName>
      <Classes />
    </Module>
    <Module skippedDueTo="Filter" hash="E8-17-58-53-B3-AF-2B-F3-C5-CD-B0-72-6C-F3-BC-1F-B5-B7-47-A8">
      <ModulePath>C:\Program Files\dotnet\shared\Microsoft.NETCore.App\3.1.9\System.Private.CoreLib.dll</ModulePath>
      <ModuleTime>2020-09-23T01:29:36Z</ModuleTime>
      <ModuleName>System.Private.CoreLib</ModuleName>
      <Classes />
    </Module>
    <Module skippedDueTo="Filter" hash="81-98-C9-4C-41-D9-94-CE-3D-28-68-F3-99-B4-66-7C-6F-CB-8C-5E">
      <ModulePath>C:\Program Files\dotnet\shared\Microsoft.NETCore.App\3.1.9\System.Threading.Tasks.Dataflow.dll</ModulePath>
      <ModuleTime>2020-09-23T15:07:04Z</ModuleTime>
      <ModuleName>System.Threading.Tasks.Dataflow</ModuleName>
      <Classes />
    </Module>
    <Module skippedDueTo="Filter" hash="87-F5-E6-E7-28-99-92-EA-FA-6D-34-9A-3C-99-D2-44-7A-05-37-D2">
      <ModulePath>C:\Program Files\dotnet\sdk\3.1.403\MSBuild.dll</ModulePath>
      <ModuleTime>2020-09-25T00:29:06Z</ModuleTime>
      <ModuleName>MSBuild</ModuleName>
      <Classes />
    </Module>
    <Module skippedDueTo="Filter" hash="C5-0B-07-EF-7A-61-7A-99-30-F2-63-71-AA-42-E0-CC-91-BB-FC-07">
      <ModulePath>C:\Program Files\dotnet\shared\Microsoft.NETCore.App\3.1.9\System.Runtime.dll</ModulePath>
      <ModuleTime>2020-09-23T15:06:56Z</ModuleTime>
      <ModuleName>System.Runtime</ModuleName>
      <Classes />
    </Module>
    <Module skippedDueTo="Filter" hash="2E-4D-9B-4F-B3-C8-EA-2F-89-C0-8F-1E-8E-ED-30-99-D3-C1-A5-80">
      <ModulePath>C:\Program Files\dotnet\shared\Microsoft.NETCore.App\3.1.9\System.Runtime.Loader.dll</ModulePath>
      <ModuleTime>2020-09-23T15:06:58Z</ModuleTime>
      <ModuleName>System.Runtime.Loader</ModuleName>
      <Classes />
    </Module>
    <Module skippedDueTo="Filter" hash="7C-1B-76-60-5B-F8-74-EE-74-60-76-E2-0E-F8-FE-E5-A0-A0-49-58">
      <ModulePath>C:\Program Files\dotnet\sdk\3.1.403\dotnet.dll</ModulePath>
      <ModuleTime>2020-09-25T00:29:42Z</ModuleTime>
      <ModuleName>dotnet</ModuleName>
      <Classes />
    </Module>
    <Module skippedDueTo="Filter" hash="E4-CC-CF-B9-3C-B6-1F-E5-6D-4C-FD-DD-44-FD-E5-AC-BF-9C-A6-49">
      <ModulePath>C:\Program Files\dotnet\shared\Microsoft.NETCore.App\3.1.9\System.Runtime.Extensions.dll</ModulePath>
      <ModuleTime>2020-09-23T15:06:56Z</ModuleTime>
      <ModuleName>System.Runtime.Extensions</ModuleName>
      <Classes />
    </Module>
    <Module skippedDueTo="Filter" hash="47-E6-41-24-74-E6-DF-13-CB-96-AD-74-6C-F1-FB-8A-0B-95-D0-49">
      <ModulePath>C:\Program Files\dotnet\shared\Microsoft.NETCore.App\3.1.9\System.Threading.dll</ModulePath>
      <ModuleTime>2020-09-23T15:07:04Z</ModuleTime>
      <ModuleName>System.Threading</ModuleName>
      <Classes />
    </Module>
    <Module skippedDueTo="Filter" hash="34-31-0F-6C-35-85-98-DE-A0-19-E4-48-0F-74-C2-BB-56-87-AC-27">
      <ModulePath>C:\Program Files\dotnet\shared\Microsoft.NETCore.App\3.1.9\System.Collections.Immutable.dll</ModulePath>
      <ModuleTime>2020-09-23T15:06:52Z</ModuleTime>
      <ModuleName>System.Collections.Immutable</ModuleName>
      <Classes />
    </Module>
    <Module skippedDueTo="Filter" hash="17-28-0C-F3-C4-16-F4-8A-71-37-19-B7-5F-2F-66-DB-02-21-FD-FD">
      <ModulePath>C:\Program Files\dotnet\shared\Microsoft.NETCore.App\3.1.9\System.Threading.Tasks.dll</ModulePath>
      <ModuleTime>2020-09-23T15:07:06Z</ModuleTime>
      <ModuleName>System.Threading.Tasks</ModuleName>
      <Classes />
    </Module>
    <Module skippedDueTo="Filter" hash="FA-8A-DE-4D-BE-1B-12-B3-4A-B5-21-AC-08-1A-93-71-A0-CC-B7-81">
      <ModulePath>C:\Program Files\dotnet\sdk\3.1.403\Microsoft.Build.Framework.dll</ModulePath>
      <ModuleTime>2020-09-25T00:29:16Z</ModuleTime>
      <ModuleName>Microsoft.Build.Framework</ModuleName>
      <Classes />
    </Module>
    <Module skippedDueTo="Filter" hash="84-48-B0-1C-CC-25-05-23-54-96-F5-FC-02-3F-3B-20-BA-FB-39-0D">
      <ModulePath>C:\Program Files\dotnet\shared\Microsoft.NETCore.App\3.1.9\netstandard.dll</ModulePath>
      <ModuleTime>2020-09-23T15:06:52Z</ModuleTime>
      <ModuleName>netstandard</ModuleName>
      <Classes />
    </Module>
[...]
      <ModulePath>C:\Program Files\dotnet\shared\Microsoft.NETCore.App\3.1.9\System.Reflection.TypeExtensions.dll</ModulePath>
      <ModuleTime>2020-09-23T15:06:58Z</ModuleTime>
      <ModuleName>System.Reflection.TypeExtensions</ModuleName>
      <Classes />
    </Module>
    <Module skippedDueTo="Filter" hash="09-5C-E0-AE-1F-3F-8E-E7-91-C2-95-9E-26-5A-98-6D-6A-9C-0D-B0">
      <ModulePath>C:\Program Files\dotnet\shared\Microsoft.NETCore.App\3.1.9\System.Resources.Reader.dll</ModulePath>
      <ModuleTime>2020-09-23T15:06:56Z</ModuleTime>
      <ModuleName>System.Resources.Reader</ModuleName>
      <Classes />
    </Module>
    <Module skippedDueTo="Filter" hash="F3-1E-26-CB-13-2B-AF-F8-F4-F8-95-65-52-C3-2A-92-09-7D-E6-B4">
      <ModulePath>C:\Program Files\dotnet\shared\Microsoft.NETCore.App\3.1.9\System.Resources.Writer.dll</ModulePath>
      <ModuleTime>2020-09-23T15:06:56Z</ModuleTime>
      <ModuleName>System.Resources.Writer</ModuleName>
      <Classes />
    </Module>
    <Module skippedDueTo="Filter" hash="1F-E9-CF-F9-2D-8F-D3-71-D7-54-15-2B-06-CB-AF-9F-FD-D3-53-89">
      <ModulePath>C:\Program Files\dotnet\shared\Microsoft.NETCore.App\3.1.9\System.Runtime.CompilerServices.Unsafe.dll</ModulePath>
      <ModuleTime>2020-09-23T15:06:56Z</ModuleTime>
      <ModuleName>System.Runtime.CompilerServices.Unsafe</ModuleName>
      <Classes />
    </Module>
    <Module skippedDueTo="Filter" hash="1F-06-88-33-12-E1-F4-43-79-C0-95-8A-2C-30-40-E8-BF-84-32-AA">
      <ModulePath>C:\Program Files\dotnet\shared\Microsoft.NETCore.App\3.1.9\System.Runtime.CompilerServices.VisualC.dll</ModulePath>
      <ModuleTime>2020-09-23T15:06:56Z</ModuleTime>
      <ModuleName>System.Runtime.CompilerServices.VisualC</ModuleName>
      <Classes />
    </Module>
    <Module skippedDueTo="Filter" hash="75-E4-80-B6-52-AF-80-3C-FC-D0-66-0D-C3-D3-6C-7C-62-FB-C2-E2">
      <ModulePath>C:\Program Files\dotnet\shared\Microsoft.NETCore.App\3.1.9\System.Runtime.Handles.dll</ModulePath>
      <ModuleTime>2020-09-23T15:06:58Z</ModuleTime>
      <ModuleName>System.Runtime.Handles</ModuleName>
      <Classes />
    </Module>
    <Module skippedDueTo="Filter" hash="00-D6-45-7F-02-AE-E4-CA-92-E0-49-8B-32-AC-61-91-36-DA-70-EA">
      <ModulePath>C:\Program Files\dotnet\shared\Microsoft.NETCore.App\3.1.9\System.Runtime.InteropServices.WindowsRuntime.dll</ModulePath>
      <ModuleTime>2020-09-23T15:06:58Z</ModuleTime>
      <ModuleName>System.Runtime.InteropServices.WindowsRuntime</ModuleName>
      <Classes />
    </Module>
    <Module skippedDueTo="Filter" hash="17-E8-7F-A1-18-E6-9E-BB-84-24-C3-28-0A-B6-CD-FA-69-89-29-BA">
      <ModulePath>C:\Program Files\dotnet\shared\Microsoft.NETCore.App\3.1.9\System.Runtime.Intrinsics.dll</ModulePath>
      <ModuleTime>2020-09-23T15:07:00Z</ModuleTime>
      <ModuleName>System.Runtime.Intrinsics</ModuleName>
      <Classes />
    </Module>
    <Module skippedDueTo="Filter" hash="46-AB-29-EE-56-A5-EA-C7-90-F2-31-C1-84-28-40-43-90-DA-AA-96">
      <ModulePath>C:\Program Files\dotnet\shared\Microsoft.NETCore.App\3.1.9\System.Runtime.Serialization.Json.dll</ModulePath>
      <ModuleTime>2020-09-23T15:06:58Z</ModuleTime>
      <ModuleName>System.Runtime.Serialization.Json</ModuleName>
      <Classes />
    </Module>
    <Module skippedDueTo="Filter" hash="62-67-E9-95-8D-A8-5C-04-78-94-74-CC-2D-76-6E-32-E0-E7-C1-40">
      <ModulePath>C:\Program Files\dotnet\shared\Microsoft.NETCore.App\3.1.9\System.Runtime.Serialization.Xml.dll</ModulePath>
      <ModuleTime>2020-09-23T15:07:00Z</ModuleTime>
      <ModuleName>System.Runtime.Serialization.Xml</ModuleName>
      <Classes />
    </Module>
    <Module skippedDueTo="Filter" hash="2D-49-F9-78-9B-04-98-A8-13-07-98-0A-92-9F-0A-CD-2E-B1-67-54">
      <ModulePath>C:\Program Files\dotnet\shared\Microsoft.NETCore.App\3.1.9\System.Runtime.Serialization.dll</ModulePath>
      <ModuleTime>2020-09-23T15:07:02Z</ModuleTime>
      <ModuleName>System.Runtime.Serialization</ModuleName>
      <Classes />
    </Module>
    <Module skippedDueTo="Filter" hash="01-18-15-F7-96-89-B4-D9-34-5E-39-CE-FC-94-B3-75-8C-73-3C-35">
      <ModulePath>C:\Program Files\dotnet\shared\Microsoft.NETCore.App\3.1.9\System.Runtime.WindowsRuntime.UI.Xaml.dll</ModulePath>
      <ModuleTime>2020-09-23T15:07:00Z</ModuleTime>
      <ModuleName>System.Runtime.WindowsRuntime.UI.Xaml</ModuleName>
      <Classes />
    </Module>
    <Module skippedDueTo="Filter" hash="78-4A-53-4B-B3-6D-80-6D-6C-DB-64-92-DB-63-0D-7F-9F-81-10-2D">
      <ModulePath>C:\Program Files\dotnet\shared\Microsoft.NETCore.App\3.1.9\System.Runtime.WindowsRuntime.dll</ModulePath>
      <ModuleTime>2020-09-23T15:07:00Z</ModuleTime>
      <ModuleName>System.Runtime.WindowsRuntime</ModuleName>
      <Classes />
    </Module>
    <Module skippedDueTo="Filter" hash="74-3F-E6-A3-B6-54-2C-C1-3F-D8-C8-A8-EF-2E-BD-42-5F-81-DE-E2">
      <ModulePath>C:\WINDOWS\system32\WinMetadata\Windows.Foundation.winmd</ModulePath>
      <ModuleTime>2020-10-16T03:51:08.568519Z</ModuleTime>
      <ModuleName>Windows.Foundation</ModuleName>
      <Classes />
    </Module>
    <Module skippedDueTo="Filter" hash="F5-12-02-1F-3A-7F-68-05-68-EE-31-C7-27-CC-65-16-74-84-FF-16">
      <ModulePath>C:\WINDOWS\system32\WinMetadata\Windows.Storage.winmd</ModulePath>
      <ModuleTime>2020-10-16T03:51:08.6421366Z</ModuleTime>
      <ModuleName>Windows.Storage</ModuleName>
      <Classes />
    </Module>
    <Module skippedDueTo="Filter" hash="0C-41-DA-19-64-3B-24-2A-9E-27-D2-5E-60-51-6C-A6-F2-48-94-B8">
      <ModulePath>C:\Program Files\dotnet\shared\Microsoft.NETCore.App\3.1.9\System.Security.Cryptography.Encoding.dll</ModulePath>
      <ModuleTime>2020-09-23T15:07:02Z</ModuleTime>
      <ModuleName>System.Security.Cryptography.Encoding</ModuleName>
      <Classes />
    </Module>
    <Module skippedDueTo="Filter" hash="AB-E2-A2-F6-B1-60-6B-31-62-3B-B1-75-3F-AE-15-5A-7B-2C-1D-93">
      <ModulePath>C:\Program Files\dotnet\shared\Microsoft.NETCore.App\3.1.9\System.Security.Cryptography.Primitives.dll</ModulePath>
      <ModuleTime>2020-09-23T15:07:00Z</ModuleTime>
      <ModuleName>System.Security.Cryptography.Primitives</ModuleName>
      <Classes />
    </Module>
    <Module skippedDueTo="Filter" hash="42-B4-E1-CB-AC-16-3F-07-29-28-CD-61-A5-5F-7A-A9-56-07-A3-07">
      <ModulePath>C:\Program Files\dotnet\shared\Microsoft.NETCore.App\3.1.9\System.Security.Cryptography.Cng.dll</ModulePath>
      <ModuleTime>2020-09-23T15:07:00Z</ModuleTime>
      <ModuleName>System.Security.Cryptography.Cng</ModuleName>
      <Classes />
    </Module>
    <Module skippedDueTo="Filter" hash="E9-15-E5-C6-18-78-67-3D-46-B6-10-D6-34-15-77-7A-CE-3A-A8-F9">
      <ModulePath>C:\Program Files\dotnet\shared\Microsoft.NETCore.App\3.1.9\System.Security.Cryptography.Csp.dll</ModulePath>
      <ModuleTime>2020-09-23T15:06:58Z</ModuleTime>
      <ModuleName>System.Security.Cryptography.Csp</ModuleName>
      <Classes />
    </Module>
    <Module skippedDueTo="Filter" hash="C4-3C-63-B6-5C-EE-D3-88-EF-08-4A-1B-AD-C9-F4-DA-25-AA-E9-C3">
      <ModulePath>C:\Program Files\dotnet\shared\Microsoft.NETCore.App\3.1.9\System.Security.Cryptography.OpenSsl.dll</ModulePath>
      <ModuleTime>2020-09-23T15:06:58Z</ModuleTime>
      <ModuleName>System.Security.Cryptography.OpenSsl</ModuleName>
      <Classes />
    </Module>
    <Module skippedDueTo="Filter" hash="E5-DA-2A-58-77-41-5C-DB-E2-DB-D1-09-95-2E-4B-F1-C5-DA-85-F3">
      <ModulePath>C:\Program Files\dotnet\shared\Microsoft.NETCore.App\3.1.9\System.Security.SecureString.dll</ModulePath>
      <ModuleTime>2020-09-23T15:07:02Z</ModuleTime>
      <ModuleName>System.Security.SecureString</ModuleName>
      <Classes />
    </Module>
    <Module skippedDueTo="Filter" hash="2A-8C-64-66-24-06-B1-0D-72-71-85-E5-BA-6E-FD-C3-C8-81-57-D8">
      <ModulePath>C:\Program Files\dotnet\shared\Microsoft.NETCore.App\3.1.9\System.Security.dll</ModulePath>
      <ModuleTime>2020-09-23T15:07:06Z</ModuleTime>
      <ModuleName>System.Security</ModuleName>
      <Classes />
    </Module>
    <Module skippedDueTo="Filter" hash="74-73-A2-99-BE-E5-D5-01-84-D1-85-D8-9F-02-72-3E-CA-D2-80-45">
      <ModulePath>C:\Program Files\dotnet\shared\Microsoft.NETCore.App\3.1.9\System.ServiceModel.Web.dll</ModulePath>
      <ModuleTime>2020-09-23T15:07:04Z</ModuleTime>
      <ModuleName>System.ServiceModel.Web</ModuleName>
      <Classes />
    </Module>
    <Module skippedDueTo="Filter" hash="90-00-D9-36-F5-34-E3-5F-C6-B3-D4-1F-BF-7D-92-22-08-35-6F-BC">
      <ModulePath>C:\Program Files\dotnet\shared\Microsoft.NETCore.App\3.1.9\System.ServiceProcess.dll</ModulePath>
      <ModuleTime>2020-09-23T15:07:06Z</ModuleTime>
      <ModuleName>System.ServiceProcess</ModuleName>
      <Classes />
    </Module>
    <Module skippedDueTo="Filter" hash="64-BB-9D-05-2C-8F-52-8A-0A-C8-CC-CC-2F-00-B0-ED-71-C4-88-2C">
      <ModulePath>C:\Program Files\dotnet\shared\Microsoft.NETCore.App\3.1.9\System.Text.Encoding.CodePages.dll</ModulePath>
      <ModuleTime>2020-09-23T15:07:02Z</ModuleTime>
      <ModuleName>System.Text.Encoding.CodePages</ModuleName>
      <Classes />
    </Module>
    <Module skippedDueTo="Filter" hash="B6-8F-4F-FB-6E-C2-A9-37-56-4C-A4-F1-7E-B8-8D-41-99-14-31-EF">
      <ModulePath>C:\Program Files\dotnet\shared\Microsoft.NETCore.App\3.1.9\System.Text.Encoding.dll</ModulePath>
      <ModuleTime>2020-09-23T15:07:00Z</ModuleTime>
      <ModuleName>System.Text.Encoding</ModuleName>
      <Classes />
    </Module>
    <Module skippedDueTo="Filter" hash="CA-5E-F1-9E-7F-DC-02-A7-85-DC-95-F6-3C-0E-C5-A4-54-57-91-93">
      <ModulePath>C:\Program Files\dotnet\shared\Microsoft.NETCore.App\3.1.9\System.Text.Encodings.Web.dll</ModulePath>
      <ModuleTime>2020-09-23T15:07:04Z</ModuleTime>
      <ModuleName>System.Text.Encodings.Web</ModuleName>
      <Classes />
    </Module>
    <Module skippedDueTo="Filter" hash="8E-A0-2A-A1-58-7C-7F-BE-D7-89-48-25-C9-9D-14-5F-D6-3E-FA-01">
      <ModulePath>C:\Program Files\dotnet\shared\Microsoft.NETCore.App\3.1.9\System.Text.Json.dll</ModulePath>
      <ModuleTime>2020-09-23T15:07:08Z</ModuleTime>
      <ModuleName>System.Text.Json</ModuleName>
      <Classes />
    </Module>
    <Module skippedDueTo="Filter" hash="8F-73-1F-DD-E2-D0-5E-CF-EF-89-E8-57-D1-0E-A1-6C-67-B5-11-1F">
      <ModulePath>C:\Program Files\dotnet\shared\Microsoft.NETCore.App\3.1.9\System.Threading.Channels.dll</ModulePath>
      <ModuleTime>2020-09-23T15:07:04Z</ModuleTime>
      <ModuleName>System.Threading.Channels</ModuleName>
      <Classes />
    </Module>
    <Module skippedDueTo="Filter" hash="81-98-C9-4C-41-D9-94-CE-3D-28-68-F3-99-B4-66-7C-6F-CB-8C-5E">
      <ModulePath>C:\Program Files\dotnet\shared\Microsoft.NETCore.App\3.1.9\System.Threading.Tasks.Dataflow.dll</ModulePath>
      <ModuleTime>2020-09-23T15:07:04Z</ModuleTime>
      <ModuleName>System.Threading.Tasks.Dataflow</ModuleName>
      <Classes />
    </Module>
    <Module skippedDueTo="Filter" hash="2D-7B-57-C9-3B-8B-A8-FA-AD-3F-56-10-0B-B0-1A-DC-5F-A2-6D-61">
      <ModulePath>C:\Program Files\dotnet\shared\Microsoft.NETCore.App\3.1.9\System.Threading.Tasks.Extensions.dll</ModulePath>
      <ModuleTime>2020-09-23T15:07:08Z</ModuleTime>
      <ModuleName>System.Threading.Tasks.Extensions</ModuleName>
      <Classes />
    </Module>
    <Module skippedDueTo="Filter" hash="FC-82-A2-6B-D8-7D-37-C4-4E-D0-EE-C6-EF-05-D8-EC-81-50-26-BA">
      <ModulePath>C:\Program Files\dotnet\shared\Microsoft.NETCore.App\3.1.9\System.Threading.Tasks.Parallel.dll</ModulePath>
      <ModuleTime>2020-09-23T15:07:06Z</ModuleTime>
      <ModuleName>System.Threading.Tasks.Parallel</ModuleName>
      <Classes />
    </Module>
    <Module skippedDueTo="Filter" hash="3D-26-54-1F-1C-3F-07-50-1F-13-8A-A6-9C-13-80-34-A0-0F-35-13">
      <ModulePath>C:\Program Files\dotnet\shared\Microsoft.NETCore.App\3.1.9\System.Transactions.Local.dll</ModulePath>
      <ModuleTime>2020-09-23T15:06:38Z</ModuleTime>
      <ModuleName>System.Transactions.Local</ModuleName>
      <Classes />
    </Module>
    <Module skippedDueTo="Filter" hash="8A-0E-CD-9A-69-8F-37-71-21-BE-4D-54-2B-B7-5F-D1-1E-7F-AE-EB">
      <ModulePath>C:\Program Files\dotnet\shared\Microsoft.NETCore.App\3.1.9\System.Transactions.dll</ModulePath>
      <ModuleTime>2020-09-23T15:06:12Z</ModuleTime>
      <ModuleName>System.Transactions</ModuleName>
      <Classes />
    </Module>
    <Module skippedDueTo="Filter" hash="1C-44-3B-46-09-44-D3-8D-73-35-4A-A0-2D-A5-DF-79-24-35-07-AA">
      <ModulePath>C:\Program Files\dotnet\shared\Microsoft.NETCore.App\3.1.9\System.ValueTuple.dll</ModulePath>
      <ModuleTime>2020-09-23T15:06:18Z</ModuleTime>
      <ModuleName>System.ValueTuple</ModuleName>
      <Classes />
    </Module>
    <Module skippedDueTo="Filter" hash="8F-EB-B3-B3-92-95-53-3E-8F-3F-EC-59-C5-0C-97-9C-5B-82-F6-F8">
      <ModulePath>C:\Program Files\dotnet\shared\Microsoft.NETCore.App\3.1.9\System.Web.HttpUtility.dll</ModulePath>
      <ModuleTime>2020-09-23T15:06:12Z</ModuleTime>
      <ModuleName>System.Web.HttpUtility</ModuleName>
      <Classes />
    </Module>
    <Module skippedDueTo="Filter" hash="E7-3A-53-B6-82-D1-D6-2A-E5-DF-CD-F9-2A-DB-E2-F6-2C-51-BA-85">
      <ModulePath>C:\Program Files\dotnet\shared\Microsoft.NETCore.App\3.1.9\System.Web.dll</ModulePath>
      <ModuleTime>2020-09-23T15:06:38Z</ModuleTime>
      <ModuleName>System.Web</ModuleName>
      <Classes />
    </Module>
    <Module skippedDueTo="Filter" hash="14-95-6B-21-29-81-33-A7-0B-1E-23-90-DF-8D-47-15-F7-15-BD-80">
      <ModulePath>C:\Program Files\dotnet\shared\Microsoft.NETCore.App\3.1.9\System.Windows.dll</ModulePath>
      <ModuleTime>2020-09-23T15:07:10Z</ModuleTime>
      <ModuleName>System.Windows</ModuleName>
      <Classes />
    </Module>
    <Module skippedDueTo="Filter" hash="6B-30-49-D5-D9-FB-3E-6F-A7-CB-DE-52-77-63-E2-09-53-DD-F9-A5">
      <ModulePath>C:\Program Files\dotnet\shared\Microsoft.NETCore.App\3.1.9\System.Xml.Linq.dll</ModulePath>
      <ModuleTime>2020-09-23T15:06:12Z</ModuleTime>
      <ModuleName>System.Xml.Linq</ModuleName>
      <Classes />
    </Module>
    <Module skippedDueTo="Filter" hash="F4-10-7D-04-F4-16-E5-90-EF-E7-D5-2F-14-88-6F-0A-7D-04-07-4A">
      <ModulePath>C:\Program Files\dotnet\shared\Microsoft.NETCore.App\3.1.9\System.Xml.Serialization.dll</ModulePath>
      <ModuleTime>2020-09-23T15:06:40Z</ModuleTime>
      <ModuleName>System.Xml.Serialization</ModuleName>
      <Classes />
    </Module>
    <Module skippedDueTo="Filter" hash="3C-77-1D-B1-97-B4-2F-96-62-D2-FF-70-00-65-67-EC-EF-C1-EE-83">
      <ModulePath>C:\Program Files\dotnet\shared\Microsoft.NETCore.App\3.1.9\System.Xml.XPath.XDocument.dll</ModulePath>
      <ModuleTime>2020-09-23T15:06:16Z</ModuleTime>
      <ModuleName>System.Xml.XPath.XDocument</ModuleName>
      <Classes />
    </Module>
    <Module skippedDueTo="Filter" hash="98-76-41-5C-91-90-AB-68-E1-ED-88-D1-36-81-E7-A9-E5-3F-46-B6">
      <ModulePath>C:\Program Files\dotnet\shared\Microsoft.NETCore.App\3.1.9\System.Xml.XPath.dll</ModulePath>
      <ModuleTime>2020-09-23T15:06:40Z</ModuleTime>
      <ModuleName>System.Xml.XPath</ModuleName>
      <Classes />
    </Module>
    <Module skippedDueTo="Filter" hash="FC-E2-0D-B5-07-58-01-A4-B1-4B-6A-88-E2-0F-04-F4-3C-0B-05-90">
      <ModulePath>C:\Program Files\dotnet\shared\Microsoft.NETCore.App\3.1.9\System.Xml.XmlDocument.dll</ModulePath>
      <ModuleTime>2020-09-23T15:06:14Z</ModuleTime>
      <ModuleName>System.Xml.XmlDocument</ModuleName>
      <Classes />
    </Module>
    <Module skippedDueTo="Filter" hash="37-CD-97-FE-F1-D4-23-5D-FE-7A-CB-0A-1B-65-9D-E6-38-80-C9-50">
      <ModulePath>C:\Program Files\dotnet\shared\Microsoft.NETCore.App\3.1.9\System.Xml.XmlSerializer.dll</ModulePath>
      <ModuleTime>2020-09-23T15:06:12Z</ModuleTime>
      <ModuleName>System.Xml.XmlSerializer</ModuleName>
      <Classes />
    </Module>
    <Module skippedDueTo="Filter" hash="B4-4D-0E-1A-CB-37-0F-AA-07-81-2E-98-FF-B8-28-82-0D-AD-6B-FE">
      <ModulePath>C:\Program Files\dotnet\shared\Microsoft.NETCore.App\3.1.9\System.Xml.dll</ModulePath>
      <ModuleTime>2020-09-23T15:06:12Z</ModuleTime>
      <ModuleName>System.Xml</ModuleName>
      <Classes />
    </Module>
    <Module skippedDueTo="Filter" hash="E1-13-A2-20-4A-B9-E5-FD-0D-46-7B-3A-00-64-8C-FC-78-07-00-2A">
      <ModulePath>C:\Program Files\dotnet\shared\Microsoft.NETCore.App\3.1.9\System.dll</ModulePath>
      <ModuleTime>2020-09-23T15:07:02Z</ModuleTime>
      <ModuleName>System</ModuleName>
      <Classes />
    </Module>
    <Module skippedDueTo="Filter" hash="FC-B1-DB-75-AB-30-C7-DB-26-CA-4B-73-DC-AA-45-2F-70-50-44-A9">
      <ModulePath>C:\Program Files\dotnet\shared\Microsoft.NETCore.App\3.1.9\WindowsBase.dll</ModulePath>
      <ModuleTime>2020-09-23T15:06:16Z</ModuleTime>
      <ModuleName>WindowsBase</ModuleName>
      <Classes />
    </Module>
    <Module skippedDueTo="Filter" hash="EB-81-D7-61-99-2A-B6-33-58-4C-F7-EC-D8-F7-84-37-43-D1-B1-36">
      <ModulePath>C:\Users\Diego\Documents\Diego\Dev\GitHub\DesafioTDSA\tests\TDSA.Test\bin\Debug\netcoreapp3.1\xunit.runner.reporters.netcoreapp10.dll</ModulePath>
      <ModuleTime>2018-10-29T07:17:08Z</ModuleTime>
      <ModuleName>xunit.runner.reporters.netcoreapp10</ModuleName>
      <Classes />
    </Module>
    <Module skippedDueTo="Filter" hash="C5-28-40-F8-84-8C-91-E4-1D-63-79-0D-F0-A1-FC-5E-7A-E5-DA-F5">
      <ModulePath>C:\Users\Diego\Documents\Diego\Dev\GitHub\DesafioTDSA\tests\TDSA.Test\bin\Debug\netcoreapp3.1\xunit.runner.visualstudio.dotnetcore.testadapter.dll</ModulePath>
      <ModuleTime>2020-08-03T16:58:40Z</ModuleTime>
      <ModuleName>xunit.runner.visualstudio.dotnetcore.testadapter</ModuleName>
      <Classes />
    </Module>
    <Module skippedDueTo="Filter" hash="">
      <ModulePath>RefEmit_InMemoryManifestModule</ModulePath>
      <ModuleTime>0001-01-01T00:00:00</ModuleTime>
      <ModuleName>DynamicProxyGenAssembly2</ModuleName>
      <Classes />
    </Module>
    <Module skippedDueTo="Filter" hash="46-AB-29-EE-56-A5-EA-C7-90-F2-31-C1-84-28-40-43-90-DA-AA-96">
      <ModulePath>C:\Program Files\dotnet\shared\Microsoft.NETCore.App\3.1.9\System.Runtime.Serialization.Json.dll</ModulePath>
      <ModuleTime>2020-09-23T15:06:58Z</ModuleTime>
      <ModuleName>System.Runtime.Serialization.Json</ModuleName>
      <Classes />
    </Module>
    <Module skippedDueTo="Filter" hash="BC-A0-FE-65-99-91-D5-E3-49-CE-BB-C1-27-31-8D-79-8E-FC-96-1F">
      <ModulePath>C:\Program Files\dotnet\shared\Microsoft.NETCore.App\3.1.9\System.Private.DataContractSerialization.dll</ModulePath>
      <ModuleTime>2020-09-23T15:06:52Z</ModuleTime>
      <ModuleName>System.Private.DataContractSerialization</ModuleName>
      <Classes />
    </Module>
    <Module skippedDueTo="Filter" hash="62-67-E9-95-8D-A8-5C-04-78-94-74-CC-2D-76-6E-32-E0-E7-C1-40">
      <ModulePath>C:\Program Files\dotnet\shared\Microsoft.NETCore.App\3.1.9\System.Runtime.Serialization.Xml.dll</ModulePath>
      <ModuleTime>2020-09-23T15:07:00Z</ModuleTime>
      <ModuleName>System.Runtime.Serialization.Xml</ModuleName>
      <Classes />
    </Module>
    <Module skippedDueTo="Filter" hash="8E-53-4C-91-31-1B-EA-80-65-1E-AC-FD-66-83-7D-FC-71-01-C1-81">
      <ModulePath>C:\Program Files\dotnet\shared\Microsoft.NETCore.App\3.1.9\System.Text.RegularExpressions.dll</ModulePath>
      <ModuleTime>2020-09-23T15:07:02Z</ModuleTime>
      <ModuleName>System.Text.RegularExpressions</ModuleName>
      <Classes />
    </Module>
    <Module skippedDueTo="Filter" hash="C0-62-B1-0D-B3-F2-5E-D7-CE-53-FF-90-83-C6-4B-0A-D1-21-51-FC">
      <ModulePath>C:\Program Files\dotnet\shared\Microsoft.NETCore.App\3.1.9\System.Buffers.dll</ModulePath>
      <ModuleTime>2020-09-23T15:06:30Z</ModuleTime>
      <ModuleName>System.Buffers</ModuleName>
      <Classes />
    </Module>
  </Modules>
</CoverageSession>