<?xml version="1.0" encoding="utf-8"?>
<CoverageSession xmlns:xsd="http://www.w3.org/2001/XMLSchema" xmlns:xsi="http://www.w3.org/2001/XMLSchema-instance" Version="4.7.922.0">
  <Summary numSequencePoints="340" visitedSequencePoints="324" numBranchPoints="166" visitedBranchPoints="146" sequenceCoverage="95.29" branchCoverage="87.95" maxCyclomaticComplexity="6" minCyclomaticComplexity="1" maxCrapScore="6" minCrapScore="1" visitedClasses="17" numClasses="18" visitedMethods="67" numMethods="76" />
  <Modules>
    <Module skippedDueTo="Filter" hash="0B-F1-CA-D5-1A-86-D1-36-27-81-C3-0E-45-CE-30-72-3E-2D-6C-68">
      <ModulePath>C:\Program Files\dotnet\shared\Microsoft.NETCore.App\3.1.8\System.Private.CoreLib.dll</ModulePath>
      <ModuleTime>2020-08-12T10:22:54Z</ModuleTime>
      <ModuleName>System.Private.CoreLib</ModuleName>
      <Classes />
    </Module>
    <Module skippedDueTo="Filter" hash="7A-5F-E7-BF-D1-CC-B3-4A-88-2C-BA-02-C3-8F-EF-7F-6A-56-F9-2C">
      <ModulePath>C:\Program Files\dotnet\sdk\3.1.402\dotnet.dll</ModulePath>
      <ModuleTime>2020-08-26T01:49:22Z</ModuleTime>
      <ModuleName>dotnet</ModuleName>
      <Classes />
    </Module>
    <Module skippedDueTo="Filter" hash="84-EB-87-6C-5F-B2-F1-4D-95-E8-97-71-BC-8D-72-41-2D-49-69-FB">
      <ModulePath>C:\Program Files\dotnet\shared\Microsoft.NETCore.App\3.1.8\System.Runtime.dll</ModulePath>
      <ModuleTime>2020-08-20T22:59:52Z</ModuleTime>
      <ModuleName>System.Runtime</ModuleName>
      <Classes />
    </Module>
    <Module skippedDueTo="Filter" hash="DD-34-B1-41-70-E3-43-E8-1C-84-91-73-76-EC-F8-67-13-9A-F2-B0">
      <ModulePath>C:\Program Files\dotnet\sdk\3.1.402\Microsoft.DotNet.Cli.Utils.dll</ModulePath>
      <ModuleTime>2020-08-26T01:49:30Z</ModuleTime>
      <ModuleName>Microsoft.DotNet.Cli.Utils</ModuleName>
      <Classes />
    </Module>
    <Module skippedDueTo="Filter" hash="F7-1E-60-82-B3-F0-19-7C-92-E1-57-D0-75-4E-48-BB-90-43-27-93">
      <ModulePath>C:\Program Files\dotnet\shared\Microsoft.NETCore.App\3.1.8\System.Runtime.Extensions.dll</ModulePath>
      <ModuleTime>2020-08-20T22:59:52Z</ModuleTime>
      <ModuleName>System.Runtime.Extensions</ModuleName>
      <Classes />
    </Module>
    <Module skippedDueTo="Filter" hash="96-96-FE-09-50-4E-12-B1-74-7D-9E-85-06-BA-65-08-61-22-BE-7B">
      <ModulePath>C:\Program Files\dotnet\shared\Microsoft.NETCore.App\3.1.8\System.Runtime.Loader.dll</ModulePath>
      <ModuleTime>2020-08-20T22:59:54Z</ModuleTime>
      <ModuleName>System.Runtime.Loader</ModuleName>
      <Classes />
    </Module>
    <Module skippedDueTo="Filter" hash="39-ED-99-00-5F-04-EC-92-3B-73-67-DD-45-02-5C-0E-D9-56-01-98">
      <ModulePath>C:\Program Files\dotnet\sdk\3.1.402\Microsoft.DotNet.PlatformAbstractions.dll</ModulePath>
      <ModuleTime>2020-08-26T01:49:30Z</ModuleTime>
      <ModuleName>Microsoft.DotNet.PlatformAbstractions</ModuleName>
      <Classes />
    </Module>
    <Module skippedDueTo="Filter" hash="CE-14-08-3F-F0-EF-84-35-E2-EE-22-FC-3B-27-9A-BF-68-BA-FC-93">
      <ModulePath>C:\Program Files\dotnet\shared\Microsoft.NETCore.App\3.1.8\netstandard.dll</ModulePath>
      <ModuleTime>2020-08-20T22:59:40Z</ModuleTime>
      <ModuleName>netstandard</ModuleName>
      <Classes />
    </Module>
    <Module skippedDueTo="Filter" hash="AC-EE-72-9C-A1-68-93-0A-E4-5D-16-BA-65-C4-C3-15-B5-DB-C9-71">
      <ModulePath>C:\Program Files\dotnet\shared\Microsoft.NETCore.App\3.1.8\System.Runtime.InteropServices.RuntimeInformation.dll</ModulePath>
      <ModuleTime>2020-08-20T22:59:26Z</ModuleTime>
      <ModuleName>System.Runtime.InteropServices.RuntimeInformation</ModuleName>
      <Classes />
    </Module>
    <Module skippedDueTo="Filter" hash="05-7B-90-50-76-A9-4C-1E-B8-64-6B-4F-CA-F7-73-DB-70-F7-13-E9">
      <ModulePath>C:\Program Files\dotnet\shared\Microsoft.NETCore.App\3.1.8\System.IO.FileSystem.dll</ModulePath>
      <ModuleTime>2020-08-20T22:59:50Z</ModuleTime>
      <ModuleName>System.IO.FileSystem</ModuleName>
      <Classes />
    </Module>
    <Module skippedDueTo="Filter" hash="29-A5-FA-63-FF-B8-AF-8F-77-AB-F7-66-1E-54-F8-DC-45-06-54-50">
      <ModulePath>C:\Program Files\dotnet\shared\Microsoft.NETCore.App\3.1.8\System.Runtime.InteropServices.dll</ModulePath>
      <ModuleTime>2020-08-20T22:59:52Z</ModuleTime>
      <ModuleName>System.Runtime.InteropServices</ModuleName>
      <Classes />
    </Module>
    <Module skippedDueTo="Filter" hash="D0-1C-EF-DE-8E-C6-60-AD-B4-B4-28-8C-A3-78-0F-3C-4A-AC-9A-C0">
      <ModulePath>C:\Program Files\dotnet\shared\Microsoft.NETCore.App\3.1.8\System.Memory.dll</ModulePath>
      <ModuleTime>2020-08-20T22:59:54Z</ModuleTime>
      <ModuleName>System.Memory</ModuleName>
      <Classes />
    </Module>
    <Module skippedDueTo="Filter" hash="23-84-09-9A-0E-72-68-D6-EC-B5-E1-D8-33-3B-CD-8C-17-F8-FC-4A">
      <ModulePath>C:\Program Files\dotnet\shared\Microsoft.NETCore.App\3.1.8\System.Threading.dll</ModulePath>
      <ModuleTime>2020-08-20T23:00:00Z</ModuleTime>
      <ModuleName>System.Threading</ModuleName>
      <Classes />
    </Module>
    <Module skippedDueTo="Filter" hash="9C-89-CD-CD-AB-05-87-D7-AE-91-D4-6E-A1-44-1D-EB-B9-78-5F-98">
      <ModulePath>C:\Program Files\dotnet\shared\Microsoft.NETCore.App\3.1.8\System.Text.Encoding.CodePages.dll</ModulePath>
      <ModuleTime>2020-08-20T22:59:58Z</ModuleTime>
      <ModuleName>System.Text.Encoding.CodePages</ModuleName>
      <Classes />
    </Module>
    <Module skippedDueTo="Filter" hash="53-ED-E9-BE-C4-FB-11-9B-2D-D5-32-71-92-C8-0D-E7-54-41-7A-BA">
      <ModulePath>C:\Program Files\dotnet\shared\Microsoft.NETCore.App\3.1.8\System.Collections.dll</ModulePath>
      <ModuleTime>2020-08-20T22:59:40Z</ModuleTime>
      <ModuleName>System.Collections</ModuleName>
      <Classes />
    </Module>
    <Module skippedDueTo="Filter" hash="98-6C-08-37-95-E4-E2-FC-AF-46-B2-B1-40-EA-B9-5C-83-96-09-8D">
      <ModulePath>C:\Program Files\dotnet\shared\Microsoft.NETCore.App\3.1.8\System.Collections.Concurrent.dll</ModulePath>
      <ModuleTime>2020-08-20T22:59:42Z</ModuleTime>
      <ModuleName>System.Collections.Concurrent</ModuleName>
      <Classes />
    </Module>
    <Module skippedDueTo="Filter" hash="06-F9-0B-AF-07-85-77-29-64-59-51-31-4D-8C-B0-74-BE-1B-CE-1A">
      <ModulePath>C:\Program Files\dotnet\shared\Microsoft.NETCore.App\3.1.8\System.Threading.Thread.dll</ModulePath>
      <ModuleTime>2020-08-20T22:59:26Z</ModuleTime>
      <ModuleName>System.Threading.Thread</ModuleName>
      <Classes />
    </Module>
    <Module skippedDueTo="Filter" hash="C9-72-44-EF-81-0F-8B-FE-A5-ED-09-93-12-A1-A7-E0-40-DA-F0-D0">
      <ModulePath>C:\Program Files\dotnet\sdk\3.1.402\Microsoft.DotNet.Configurer.dll</ModulePath>
      <ModuleTime>2020-08-26T01:49:28Z</ModuleTime>
      <ModuleName>Microsoft.DotNet.Configurer</ModuleName>
      <Classes />
    </Module>
    <Module skippedDueTo="Filter" hash="E0-58-46-71-08-5D-70-69-3B-B9-F2-A4-0B-E3-18-8E-2F-56-1B-9F">
      <ModulePath>C:\Program Files\dotnet\sdk\3.1.402\Microsoft.DotNet.Cli.CommandLine.dll</ModulePath>
      <ModuleTime>2020-08-26T01:49:28Z</ModuleTime>
      <ModuleName>Microsoft.DotNet.Cli.CommandLine</ModuleName>
      <Classes />
    </Module>
    <Module skippedDueTo="Filter" hash="B0-42-64-90-E3-6C-76-55-E8-63-36-78-84-DC-D0-FE-B2-E1-28-22">
      <ModulePath>C:\Program Files\dotnet\shared\Microsoft.NETCore.App\3.1.8\System.Diagnostics.Process.dll</ModulePath>
      <ModuleTime>2020-08-20T22:59:46Z</ModuleTime>
      <ModuleName>System.Diagnostics.Process</ModuleName>
      <Classes />
    </Module>
    <Module skippedDueTo="Filter" hash="58-17-CE-02-A1-D6-FF-B8-C9-8B-3D-99-1F-73-4E-46-10-30-D3-F6">
      <ModulePath>C:\Program Files\dotnet\sdk\3.1.402\Microsoft.DotNet.InternalAbstractions.dll</ModulePath>
      <ModuleTime>2020-08-26T01:49:28Z</ModuleTime>
      <ModuleName>Microsoft.DotNet.InternalAbstractions</ModuleName>
      <Classes />
    </Module>
    <Module skippedDueTo="Filter" hash="22-4C-23-B1-84-B5-C0-C1-24-28-5E-E7-EE-89-79-78-32-AD-3A-35">
      <ModulePath>C:\Program Files\dotnet\shared\Microsoft.NETCore.App\3.1.8\System.Linq.dll</ModulePath>
      <ModuleTime>2020-08-20T22:59:52Z</ModuleTime>
      <ModuleName>System.Linq</ModuleName>
      <Classes />
    </Module>
    <Module skippedDueTo="Filter" hash="A0-4E-5F-DD-C3-FE-D7-F1-D5-8C-29-98-E3-7D-81-75-65-2F-46-82">
      <ModulePath>C:\Program Files\dotnet\sdk\3.1.402\NuGet.Frameworks.dll</ModulePath>
      <ModuleTime>2020-08-26T01:48:58Z</ModuleTime>
      <ModuleName>NuGet.Frameworks</ModuleName>
      <Classes />
    </Module>
    <Module skippedDueTo="Filter" hash="6A-FC-09-8A-1D-67-50-4E-A2-61-34-F5-E4-BD-4C-D0-59-9A-75-0D">
      <ModulePath>C:\Program Files\dotnet\shared\Microsoft.NETCore.App\3.1.8\System.Console.dll</ModulePath>
      <ModuleTime>2020-08-20T22:59:46Z</ModuleTime>
      <ModuleName>System.Console</ModuleName>
      <Classes />
    </Module>
    <Module skippedDueTo="Filter" hash="62-97-60-B6-33-98-1E-D3-F1-65-29-59-14-5D-F5-58-6F-62-D6-4C">
      <ModulePath>C:\Program Files\dotnet\shared\Microsoft.NETCore.App\3.1.8\System.Text.Encoding.Extensions.dll</ModulePath>
      <ModuleTime>2020-08-20T22:59:58Z</ModuleTime>
      <ModuleName>System.Text.Encoding.Extensions</ModuleName>
      <Classes />
    </Module>
    <Module skippedDueTo="Filter" hash="9D-AE-BC-8E-2D-D5-34-16-9D-15-E1-63-D4-5E-76-88-EF-BD-AB-DF">
      <ModulePath>C:\Program Files\dotnet\shared\Microsoft.NETCore.App\3.1.8\System.Runtime.CompilerServices.Unsafe.dll</ModulePath>
      <ModuleTime>2020-08-20T22:59:52Z</ModuleTime>
      <ModuleName>System.Runtime.CompilerServices.Unsafe</ModuleName>
      <Classes />
    </Module>
    <Module skippedDueTo="Filter" hash="6B-D1-62-D9-C6-03-1D-79-D9-D9-10-34-4C-C6-E9-A8-26-83-11-1E">
      <ModulePath>C:\Program Files\dotnet\sdk\3.1.402\Microsoft.ApplicationInsights.dll</ModulePath>
      <ModuleTime>2020-08-26T01:49:28Z</ModuleTime>
      <ModuleName>Microsoft.ApplicationInsights</ModuleName>
      <Classes />
    </Module>
    <Module skippedDueTo="Filter" hash="F9-23-D9-10-FE-63-A7-1B-50-EA-64-B8-58-C0-F0-30-68-C5-6C-35">
      <ModulePath>C:\Program Files\dotnet\shared\Microsoft.NETCore.App\3.1.8\System.Security.Cryptography.Algorithms.dll</ModulePath>
      <ModuleTime>2020-08-20T22:59:56Z</ModuleTime>
      <ModuleName>System.Security.Cryptography.Algorithms</ModuleName>
      <Classes />
    </Module>
    <Module skippedDueTo="Filter" hash="AD-76-72-49-EE-2E-7D-A8-E8-B4-6C-7B-85-6D-0B-C8-49-3C-4A-51">
      <ModulePath>C:\Program Files\dotnet\shared\Microsoft.NETCore.App\3.1.8\System.Security.Cryptography.Primitives.dll</ModulePath>
      <ModuleTime>2020-08-20T22:59:56Z</ModuleTime>
      <ModuleName>System.Security.Cryptography.Primitives</ModuleName>
      <Classes />
    </Module>
    <Module skippedDueTo="Filter" hash="BB-2F-C5-7F-31-5B-74-F0-88-73-7F-E4-54-FD-A3-F4-19-42-1C-4C">
      <ModulePath>C:\Program Files\dotnet\shared\Microsoft.NETCore.App\3.1.8\System.Buffers.dll</ModulePath>
      <ModuleTime>2020-08-20T22:59:40Z</ModuleTime>
      <ModuleName>System.Buffers</ModuleName>
      <Classes />
    </Module>
    <Module skippedDueTo="Filter" hash="D2-7E-9E-01-A7-DC-C2-0A-02-2F-E0-85-6A-81-F0-56-0F-EB-09-07">
      <ModulePath>C:\Program Files\dotnet\shared\Microsoft.NETCore.App\3.1.8\System.Private.Uri.dll</ModulePath>
      <ModuleTime>2020-08-20T22:59:48Z</ModuleTime>
      <ModuleName>System.Private.Uri</ModuleName>
      <Classes />
    </Module>
    <Module skippedDueTo="Filter" hash="74-3F-7A-19-1D-2D-60-E3-CC-E4-40-2E-2A-83-36-35-4B-CB-B9-04">
      <ModulePath>C:\Program Files\dotnet\sdk\3.1.402\Microsoft.TemplateEngine.Cli.dll</ModulePath>
      <ModuleTime>2020-08-26T01:49:30Z</ModuleTime>
      <ModuleName>Microsoft.TemplateEngine.Cli</ModuleName>
      <Classes />
    </Module>
    <Module skippedDueTo="Filter" hash="EE-4B-4C-A2-58-3A-4E-8D-C0-EA-7D-18-75-FD-1A-5B-D1-2C-89-26">
      <ModulePath>C:\Program Files\dotnet\shared\Microsoft.NETCore.App\3.1.8\System.Resources.ResourceManager.dll</ModulePath>
      <ModuleTime>2020-08-20T22:59:50Z</ModuleTime>
      <ModuleName>System.Resources.ResourceManager</ModuleName>
      <Classes />
    </Module>
    <Module skippedDueTo="Filter" hash="AF-8B-85-6A-30-39-A0-B9-C4-82-28-85-C7-33-44-44-5A-6B-93-74">
      <ModulePath>C:\Program Files\dotnet\shared\Microsoft.NETCore.App\3.1.8\System.Reflection.Extensions.dll</ModulePath>
      <ModuleTime>2020-08-20T22:59:50Z</ModuleTime>
      <ModuleName>System.Reflection.Extensions</ModuleName>
      <Classes />
    </Module>
    <Module skippedDueTo="Filter" hash="49-35-CC-AB-99-B6-5D-6E-EB-C7-9C-AE-CF-4B-86-71-D9-A5-22-21">
      <ModulePath>C:\Program Files\dotnet\shared\Microsoft.NETCore.App\3.1.8\System.Reflection.dll</ModulePath>
      <ModuleTime>2020-08-20T22:59:50Z</ModuleTime>
      <ModuleName>System.Reflection</ModuleName>
      <Classes />
    </Module>
    <Module skippedDueTo="Filter" hash="EC-C9-81-0E-5B-0C-84-CF-D1-5A-75-99-D8-39-2B-E4-E3-F7-87-BA">
      <ModulePath>C:\Program Files\dotnet\shared\Microsoft.NETCore.App\3.1.8\System.Xml.XDocument.dll</ModulePath>
      <ModuleTime>2020-08-20T22:59:46Z</ModuleTime>
      <ModuleName>System.Xml.XDocument</ModuleName>
      <Classes />
    </Module>
    <Module skippedDueTo="Filter" hash="12-46-F0-07-4D-21-B0-B4-0E-F7-F7-2A-AD-84-CD-B3-32-A4-AC-DB">
      <ModulePath>C:\Program Files\dotnet\shared\Microsoft.NETCore.App\3.1.8\System.Private.Xml.Linq.dll</ModulePath>
      <ModuleTime>2020-08-20T22:59:46Z</ModuleTime>
      <ModuleName>System.Private.Xml.Linq</ModuleName>
      <Classes />
    </Module>
    <Module skippedDueTo="Filter" hash="FC-DC-19-07-7D-D1-0F-AC-9E-58-9F-A5-09-E0-47-B5-B0-44-C6-43">
      <ModulePath>C:\Program Files\dotnet\shared\Microsoft.NETCore.App\3.1.8\System.Private.Xml.dll</ModulePath>
      <ModuleTime>2020-08-20T22:59:48Z</ModuleTime>
      <ModuleName>System.Private.Xml</ModuleName>
      <Classes />
    </Module>
    <Module skippedDueTo="Filter" hash="F9-92-4F-6B-9C-D9-7E-AA-3B-90-10-20-26-52-D1-99-44-35-0A-C2">
      <ModulePath>C:\Program Files\dotnet\shared\Microsoft.NETCore.App\3.1.8\System.Text.RegularExpressions.dll</ModulePath>
      <ModuleTime>2020-08-20T23:00:00Z</ModuleTime>
      <ModuleName>System.Text.RegularExpressions</ModuleName>
      <Classes />
    </Module>
    <Module skippedDueTo="Filter" hash="8F-5F-B6-F6-B6-48-CE-AC-8F-9F-15-F6-46-3A-84-69-F7-E0-25-C4">
      <ModulePath>C:\Program Files\dotnet\shared\Microsoft.NETCore.App\3.1.8\System.Xml.ReaderWriter.dll</ModulePath>
      <ModuleTime>2020-08-20T22:59:48Z</ModuleTime>
      <ModuleName>System.Xml.ReaderWriter</ModuleName>
      <Classes />
    </Module>
    <Module skippedDueTo="Filter" hash="D4-D7-D0-39-6C-0B-1E-76-0A-8F-1F-12-23-3E-12-6A-28-BD-A7-6B">
      <ModulePath>C:\Program Files\dotnet\shared\Microsoft.NETCore.App\3.1.8\System.Diagnostics.Tracing.dll</ModulePath>
      <ModuleTime>2020-08-20T22:59:48Z</ModuleTime>
      <ModuleName>System.Diagnostics.Tracing</ModuleName>
      <Classes />
    </Module>
    <Module skippedDueTo="Filter" hash="93-E3-BC-92-60-E7-5A-10-9F-7D-A8-DF-8D-6E-43-15-0D-CD-0B-A7">
      <ModulePath>C:\Program Files\dotnet\shared\Microsoft.NETCore.App\3.1.8\System.Threading.Tasks.dll</ModulePath>
      <ModuleTime>2020-08-20T23:00:00Z</ModuleTime>
      <ModuleName>System.Threading.Tasks</ModuleName>
      <Classes />
    </Module>
    <Module skippedDueTo="Filter" hash="EE-47-66-B9-53-F2-6F-E6-98-FD-79-F4-CE-80-AC-DF-73-5F-55-6A">
      <ModulePath>C:\Program Files\dotnet\shared\Microsoft.NETCore.App\3.1.8\System.Globalization.dll</ModulePath>
      <ModuleTime>2020-08-20T23:00:52Z</ModuleTime>
      <ModuleName>System.Globalization</ModuleName>
      <Classes />
    </Module>
    <Module skippedDueTo="Filter" hash="1B-A5-DC-8F-5A-0A-33-45-99-32-A6-89-92-6E-3D-5C-47-B0-05-17">
      <ModulePath>C:\Program Files\dotnet\shared\Microsoft.NETCore.App\3.1.8\System.Reflection.Emit.ILGeneration.dll</ModulePath>
      <ModuleTime>2020-08-20T22:59:52Z</ModuleTime>
      <ModuleName>System.Reflection.Emit.ILGeneration</ModuleName>
      <Classes />
    </Module>
    <Module skippedDueTo="Filter" hash="67-90-A3-37-D7-6C-3D-F2-E4-42-65-4B-37-3D-88-2F-B0-D0-6F-55">
      <ModulePath>C:\Program Files\dotnet\shared\Microsoft.NETCore.App\3.1.8\System.Reflection.Emit.Lightweight.dll</ModulePath>
      <ModuleTime>2020-08-20T22:59:50Z</ModuleTime>
      <ModuleName>System.Reflection.Emit.Lightweight</ModuleName>
      <Classes />
    </Module>
    <Module skippedDueTo="Filter" hash="2B-0B-52-91-E5-88-DA-4B-16-9C-4A-0B-39-19-F8-B7-F5-9D-11-03">
      <ModulePath>C:\Program Files\dotnet\shared\Microsoft.NETCore.App\3.1.8\System.Reflection.Primitives.dll</ModulePath>
      <ModuleTime>2020-08-20T22:59:50Z</ModuleTime>
      <ModuleName>System.Reflection.Primitives</ModuleName>
      <Classes />
    </Module>
    <Module skippedDueTo="Filter" hash="F0-56-6C-00-DA-19-60-67-83-C7-F0-08-F9-F6-C5-8B-CF-1D-19-AD">
      <ModulePath>C:\Program Files\dotnet\sdk\3.1.402\Microsoft.TemplateEngine.Utils.dll</ModulePath>
      <ModuleTime>2020-08-26T01:49:32Z</ModuleTime>
      <ModuleName>Microsoft.TemplateEngine.Utils</ModuleName>
      <Classes />
    </Module>
    <Module skippedDueTo="Filter" hash="DD-A4-B4-5B-3B-F1-BF-AF-A7-27-8B-96-18-D3-EA-0B-F3-69-2B-C2">
      <ModulePath>C:\Program Files\dotnet\shared\Microsoft.NETCore.App\3.1.8\Microsoft.Win32.Registry.dll</ModulePath>
      <ModuleTime>2020-08-20T22:59:42Z</ModuleTime>
      <ModuleName>Microsoft.Win32.Registry</ModuleName>
      <Classes />
    </Module>
    <Module skippedDueTo="Filter" hash="79-FD-9D-97-C6-74-51-95-28-DA-81-69-52-85-DA-88-92-E3-02-DE">
      <ModulePath>C:\Program Files\dotnet\sdk\3.1.402\pt-BR\dotnet.resources.dll</ModulePath>
      <ModuleTime>2020-08-25T21:23:16Z</ModuleTime>
      <ModuleName>dotnet.resources</ModuleName>
      <Classes />
    </Module>
    <Module skippedDueTo="Filter" hash="0E-1E-37-02-CC-BE-55-07-CF-35-4B-C5-E2-78-64-B5-78-84-90-C3">
      <ModulePath>C:\Program Files\dotnet\shared\Microsoft.NETCore.App\3.1.8\System.Diagnostics.Tools.dll</ModulePath>
      <ModuleTime>2020-08-20T22:59:48Z</ModuleTime>
      <ModuleName>System.Diagnostics.Tools</ModuleName>
      <Classes />
    </Module>
    <Module skippedDueTo="Filter" hash="9E-DB-80-EA-C5-1F-12-A8-5D-F0-DB-9B-6B-BF-FB-D5-63-A5-98-18">
      <ModulePath>C:\Program Files\dotnet\shared\Microsoft.NETCore.App\3.1.8\System.Diagnostics.Debug.dll</ModulePath>
      <ModuleTime>2020-08-20T22:59:46Z</ModuleTime>
      <ModuleName>System.Diagnostics.Debug</ModuleName>
      <Classes />
    </Module>
    <Module skippedDueTo="Filter" hash="43-C8-5B-E7-44-15-B3-D9-3D-BF-0F-9B-23-16-69-53-41-88-D6-5D">
      <ModulePath>C:\Program Files\dotnet\shared\Microsoft.NETCore.App\3.1.8\System.IO.dll</ModulePath>
      <ModuleTime>2020-08-20T22:59:50Z</ModuleTime>
      <ModuleName>System.IO</ModuleName>
      <Classes />
    </Module>
    <Module skippedDueTo="Filter" hash="C2-35-9B-9D-DF-78-A8-BE-5E-3B-B9-49-65-53-FD-AD-BA-1B-58-D5">
      <ModulePath>C:\Program Files\dotnet\shared\Microsoft.NETCore.App\3.1.8\System.Text.Encoding.dll</ModulePath>
      <ModuleTime>2020-08-20T22:59:58Z</ModuleTime>
      <ModuleName>System.Text.Encoding</ModuleName>
      <Classes />
    </Module>
    <Module skippedDueTo="Filter" hash="48-E2-51-C4-A6-B4-B9-DD-E0-FE-04-11-BA-82-BF-67-AD-98-C5-0A">
      <ModulePath>C:\Program Files\dotnet\shared\Microsoft.NETCore.App\3.1.8\System.IO.Compression.dll</ModulePath>
      <ModuleTime>2020-08-20T22:59:50Z</ModuleTime>
      <ModuleName>System.IO.Compression</ModuleName>
      <Classes />
    </Module>
    <Module skippedDueTo="Filter" hash="70-68-18-81-33-43-CF-8D-40-60-88-D9-C3-15-BE-12-8B-AC-47-BB">
      <ModulePath>C:\Program Files\dotnet\shared\Microsoft.NETCore.App\3.1.8\System.Net.Http.dll</ModulePath>
      <ModuleTime>2020-08-20T22:59:52Z</ModuleTime>
      <ModuleName>System.Net.Http</ModuleName>
      <Classes />
    </Module>
    <Module skippedDueTo="Filter" hash="37-61-46-B3-95-5A-27-50-F4-1A-99-36-D3-22-B4-A5-A1-97-44-3B">
      <ModulePath>C:\Program Files\dotnet\shared\Microsoft.NETCore.App\3.1.8\System.Net.Primitives.dll</ModulePath>
      <ModuleTime>2020-08-20T22:59:48Z</ModuleTime>
      <ModuleName>System.Net.Primitives</ModuleName>
      <Classes />
    </Module>
    <Module skippedDueTo="Filter" hash="55-19-5B-BE-F1-84-67-96-7C-4F-17-13-0F-30-CF-B3-6F-72-13-7B">
      <ModulePath>C:\Program Files\dotnet\sdk\3.1.402\Microsoft.Build.Framework.dll</ModulePath>
      <ModuleTime>2020-08-26T01:49:26Z</ModuleTime>
      <ModuleName>Microsoft.Build.Framework</ModuleName>
      <Classes />
    </Module>
    <Module skippedDueTo="Filter" hash="83-9D-07-5E-B1-98-87-4F-1C-87-2A-93-CD-39-86-E8-8F-56-D8-77">
      <ModulePath>C:\Program Files\dotnet\shared\Microsoft.NETCore.App\3.1.8\System.Net.Security.dll</ModulePath>
      <ModuleTime>2020-08-20T22:59:46Z</ModuleTime>
      <ModuleName>System.Net.Security</ModuleName>
      <Classes />
    </Module>
    <Module skippedDueTo="Filter" hash="C6-1A-7B-C1-5D-00-7D-E1-DB-8E-51-BB-40-18-FA-7F-E0-32-E2-0E">
      <ModulePath>C:\Program Files\dotnet\shared\Microsoft.NETCore.App\3.1.8\System.ComponentModel.Primitives.dll</ModulePath>
      <ModuleTime>2020-08-20T22:59:44Z</ModuleTime>
      <ModuleName>System.ComponentModel.Primitives</ModuleName>
      <Classes />
    </Module>
    <Module skippedDueTo="Filter" hash="54-80-13-52-51-C0-E8-F2-BA-1C-27-F2-E8-52-4B-8C-2F-52-98-F9">
      <ModulePath>C:\Program Files\dotnet\shared\Microsoft.NETCore.App\3.1.8\System.Security.Cryptography.X509Certificates.dll</ModulePath>
      <ModuleTime>2020-08-20T22:59:56Z</ModuleTime>
      <ModuleName>System.Security.Cryptography.X509Certificates</ModuleName>
      <Classes />
    </Module>
    <Module skippedDueTo="Filter" hash="50-A2-FF-99-19-32-DA-9E-AF-44-B0-B1-17-31-3D-F8-D0-0A-A9-17">
      <ModulePath>C:\Program Files\dotnet\shared\Microsoft.NETCore.App\3.1.8\System.Collections.NonGeneric.dll</ModulePath>
      <ModuleTime>2020-08-20T22:59:44Z</ModuleTime>
      <ModuleName>System.Collections.NonGeneric</ModuleName>
      <Classes />
    </Module>
    <Module skippedDueTo="Filter" hash="27-45-63-B4-5A-E9-8A-4E-ED-4D-F9-6B-CA-FC-9E-1D-82-5B-5D-4F">
      <ModulePath>C:\Program Files\dotnet\shared\Microsoft.NETCore.App\3.1.8\Microsoft.Win32.Primitives.dll</ModulePath>
      <ModuleTime>2020-08-20T22:59:40Z</ModuleTime>
      <ModuleName>Microsoft.Win32.Primitives</ModuleName>
      <Classes />
    </Module>
    <Module skippedDueTo="Filter" hash="0B-F1-CA-D5-1A-86-D1-36-27-81-C3-0E-45-CE-30-72-3E-2D-6C-68">
      <ModulePath>C:\Program Files\dotnet\shared\Microsoft.NETCore.App\3.1.8\System.Private.CoreLib.dll</ModulePath>
      <ModuleTime>2020-08-12T10:22:54Z</ModuleTime>
      <ModuleName>System.Private.CoreLib</ModuleName>
      <Classes />
    </Module>
    <Module skippedDueTo="Filter" hash="EE-B8-32-54-C5-22-99-03-DB-2D-D9-96-12-46-22-92-E6-0D-3C-08">
      <ModulePath>C:\Program Files\dotnet\sdk\3.1.402\MSBuild.dll</ModulePath>
      <ModuleTime>2020-08-26T01:49:22Z</ModuleTime>
      <ModuleName>MSBuild</ModuleName>
      <Classes />
    </Module>
    <Module skippedDueTo="Filter" hash="84-EB-87-6C-5F-B2-F1-4D-95-E8-97-71-BC-8D-72-41-2D-49-69-FB">
      <ModulePath>C:\Program Files\dotnet\shared\Microsoft.NETCore.App\3.1.8\System.Runtime.dll</ModulePath>
      <ModuleTime>2020-08-20T22:59:52Z</ModuleTime>
      <ModuleName>System.Runtime</ModuleName>
      <Classes />
    </Module>
    <Module skippedDueTo="Filter" hash="F7-1E-60-82-B3-F0-19-7C-92-E1-57-D0-75-4E-48-BB-90-43-27-93">
      <ModulePath>C:\Program Files\dotnet\shared\Microsoft.NETCore.App\3.1.8\System.Runtime.Extensions.dll</ModulePath>
      <ModuleTime>2020-08-20T22:59:52Z</ModuleTime>
      <ModuleName>System.Runtime.Extensions</ModuleName>
      <Classes />
    </Module>
    <Module skippedDueTo="Filter" hash="23-84-09-9A-0E-72-68-D6-EC-B5-E1-D8-33-3B-CD-8C-17-F8-FC-4A">
      <ModulePath>C:\Program Files\dotnet\shared\Microsoft.NETCore.App\3.1.8\System.Threading.dll</ModulePath>
      <ModuleTime>2020-08-20T23:00:00Z</ModuleTime>
      <ModuleName>System.Threading</ModuleName>
      <Classes />
    </Module>
    <Module skippedDueTo="Filter" hash="93-E3-BC-92-60-E7-5A-10-9F-7D-A8-DF-8D-6E-43-15-0D-CD-0B-A7">
      <ModulePath>C:\Program Files\dotnet\shared\Microsoft.NETCore.App\3.1.8\System.Threading.Tasks.dll</ModulePath>
      <ModuleTime>2020-08-20T23:00:00Z</ModuleTime>
      <ModuleName>System.Threading.Tasks</ModuleName>
      <Classes />
    </Module>
    <Module skippedDueTo="Filter" hash="55-19-5B-BE-F1-84-67-96-7C-4F-17-13-0F-30-CF-B3-6F-72-13-7B">
      <ModulePath>C:\Program Files\dotnet\sdk\3.1.402\Microsoft.Build.Framework.dll</ModulePath>
      <ModuleTime>2020-08-26T01:49:26Z</ModuleTime>
      <ModuleName>Microsoft.Build.Framework</ModuleName>
      <Classes />
    </Module>
    <Module skippedDueTo="Filter" hash="CE-14-08-3F-F0-EF-84-35-E2-EE-22-FC-3B-27-9A-BF-68-BA-FC-93">
      <ModulePath>C:\Program Files\dotnet\shared\Microsoft.NETCore.App\3.1.8\netstandard.dll</ModulePath>
      <ModuleTime>2020-08-20T22:59:40Z</ModuleTime>
      <ModuleName>netstandard</ModuleName>
      <Classes />
    </Module>
    <Module skippedDueTo="Filter" hash="AC-EE-72-9C-A1-68-93-0A-E4-5D-16-BA-65-C4-C3-15-B5-DB-C9-71">
      <ModulePath>C:\Program Files\dotnet\shared\Microsoft.NETCore.App\3.1.8\System.Runtime.InteropServices.RuntimeInformation.dll</ModulePath>
      <ModuleTime>2020-08-20T22:59:26Z</ModuleTime>
      <ModuleName>System.Runtime.InteropServices.RuntimeInformation</ModuleName>
      <Classes />
    </Module>
    <Module skippedDueTo="Filter" hash="B0-42-64-90-E3-6C-76-55-E8-63-36-78-84-DC-D0-FE-B2-E1-28-22">
      <ModulePath>C:\Program Files\dotnet\shared\Microsoft.NETCore.App\3.1.8\System.Diagnostics.Process.dll</ModulePath>
      <ModuleTime>2020-08-20T22:59:46Z</ModuleTime>
      <ModuleName>System.Diagnostics.Process</ModuleName>
      <Classes />
    </Module>
    <Module skippedDueTo="Filter" hash="C6-1A-7B-C1-5D-00-7D-E1-DB-8E-51-BB-40-18-FA-7F-E0-32-E2-0E">
      <ModulePath>C:\Program Files\dotnet\shared\Microsoft.NETCore.App\3.1.8\System.ComponentModel.Primitives.dll</ModulePath>
      <ModuleTime>2020-08-20T22:59:44Z</ModuleTime>
      <ModuleName>System.ComponentModel.Primitives</ModuleName>
      <Classes />
    </Module>
    <Module skippedDueTo="Filter" hash="22-4C-23-B1-84-B5-C0-C1-24-28-5E-E7-EE-89-79-78-32-AD-3A-35">
      <ModulePath>C:\Program Files\dotnet\shared\Microsoft.NETCore.App\3.1.8\System.Linq.dll</ModulePath>
      <ModuleTime>2020-08-20T22:59:52Z</ModuleTime>
      <ModuleName>System.Linq</ModuleName>
      <Classes />
    </Module>
    <Module skippedDueTo="Filter" hash="F9-92-4F-6B-9C-D9-7E-AA-3B-90-10-20-26-52-D1-99-44-35-0A-C2">
      <ModulePath>C:\Program Files\dotnet\shared\Microsoft.NETCore.App\3.1.8\System.Text.RegularExpressions.dll</ModulePath>
      <ModuleTime>2020-08-20T23:00:00Z</ModuleTime>
      <ModuleName>System.Text.RegularExpressions</ModuleName>
      <Classes />
    </Module>
    <Module skippedDueTo="Filter" hash="53-ED-E9-BE-C4-FB-11-9B-2D-D5-32-71-92-C8-0D-E7-54-41-7A-BA">
      <ModulePath>C:\Program Files\dotnet\shared\Microsoft.NETCore.App\3.1.8\System.Collections.dll</ModulePath>
      <ModuleTime>2020-08-20T22:59:40Z</ModuleTime>
      <ModuleName>System.Collections</ModuleName>
      <Classes />
    </Module>
    <Module skippedDueTo="Filter" hash="D0-1C-EF-DE-8E-C6-60-AD-B4-B4-28-8C-A3-78-0F-3C-4A-AC-9A-C0">
      <ModulePath>C:\Program Files\dotnet\shared\Microsoft.NETCore.App\3.1.8\System.Memory.dll</ModulePath>
      <ModuleTime>2020-08-20T22:59:54Z</ModuleTime>
      <ModuleName>System.Memory</ModuleName>
      <Classes />
    </Module>
    <Module skippedDueTo="Filter" hash="BB-2F-C5-7F-31-5B-74-F0-88-73-7F-E4-54-FD-A3-F4-19-42-1C-4C">
      <ModulePath>C:\Program Files\dotnet\shared\Microsoft.NETCore.App\3.1.8\System.Buffers.dll</ModulePath>
      <ModuleTime>2020-08-20T22:59:40Z</ModuleTime>
      <ModuleName>System.Buffers</ModuleName>
      <Classes />
    </Module>
    <Module skippedDueTo="Filter" hash="05-7B-90-50-76-A9-4C-1E-B8-64-6B-4F-CA-F7-73-DB-70-F7-13-E9">
      <ModulePath>C:\Program Files\dotnet\shared\Microsoft.NETCore.App\3.1.8\System.IO.FileSystem.dll</ModulePath>
      <ModuleTime>2020-08-20T22:59:50Z</ModuleTime>
      <ModuleName>System.IO.FileSystem</ModuleName>
      <Classes />
    </Module>
    <Module skippedDueTo="Filter" hash="29-A5-FA-63-FF-B8-AF-8F-77-AB-F7-66-1E-54-F8-DC-45-06-54-50">
      <ModulePath>C:\Program Files\dotnet\shared\Microsoft.NETCore.App\3.1.8\System.Runtime.InteropServices.dll</ModulePath>
      <ModuleTime>2020-08-20T22:59:52Z</ModuleTime>
      <ModuleName>System.Runtime.InteropServices</ModuleName>
      <Classes />
    </Module>
    <Module skippedDueTo="Filter" hash="6A-FC-09-8A-1D-67-50-4E-A2-61-34-F5-E4-BD-4C-D0-59-9A-75-0D">
      <ModulePath>C:\Program Files\dotnet\shared\Microsoft.NETCore.App\3.1.8\System.Console.dll</ModulePath>
      <ModuleTime>2020-08-20T22:59:46Z</ModuleTime>
      <ModuleName>System.Console</ModuleName>
      <Classes />
    </Module>
    <Module skippedDueTo="Filter" hash="38-98-2A-AB-1B-CE-02-B7-77-FB-B9-96-F4-83-96-BD-61-4E-24-E5">
      <ModulePath>C:\Program Files\dotnet\sdk\3.1.402\Microsoft.Build.dll</ModulePath>
      <ModuleTime>2020-08-26T01:49:26Z</ModuleTime>
      <ModuleName>Microsoft.Build</ModuleName>
      <Classes />
    </Module>
    <Module skippedDueTo="Filter" hash="D4-D7-D0-39-6C-0B-1E-76-0A-8F-1F-12-23-3E-12-6A-28-BD-A7-6B">
      <ModulePath>C:\Program Files\dotnet\shared\Microsoft.NETCore.App\3.1.8\System.Diagnostics.Tracing.dll</ModulePath>
      <ModuleTime>2020-08-20T22:59:48Z</ModuleTime>
      <ModuleName>System.Diagnostics.Tracing</ModuleName>
      <Classes />
    </Module>
    <Module skippedDueTo="Filter" hash="9E-DB-80-EA-C5-1F-12-A8-5D-F0-DB-9B-6B-BF-FB-D5-63-A5-98-18">
      <ModulePath>C:\Program Files\dotnet\shared\Microsoft.NETCore.App\3.1.8\System.Diagnostics.Debug.dll</ModulePath>
      <ModuleTime>2020-08-20T22:59:46Z</ModuleTime>
      <ModuleName>System.Diagnostics.Debug</ModuleName>
      <Classes />
    </Module>
    <Module skippedDueTo="Filter" hash="9C-89-CD-CD-AB-05-87-D7-AE-91-D4-6E-A1-44-1D-EB-B9-78-5F-98">
      <ModulePath>C:\Program Files\dotnet\shared\Microsoft.NETCore.App\3.1.8\System.Text.Encoding.CodePages.dll</ModulePath>
      <ModuleTime>2020-08-20T22:59:58Z</ModuleTime>
      <ModuleName>System.Text.Encoding.CodePages</ModuleName>
      <Classes />
    </Module>
    <Module skippedDueTo="Filter" hash="98-6C-08-37-95-E4-E2-FC-AF-46-B2-B1-40-EA-B9-5C-83-96-09-8D">
      <ModulePath>C:\Program Files\dotnet\shared\Microsoft.NETCore.App\3.1.8\System.Collections.Concurrent.dll</ModulePath>
      <ModuleTime>2020-08-20T22:59:42Z</ModuleTime>
      <ModuleName>System.Collections.Concurrent</ModuleName>
      <Classes />
    </Module>
    <Module skippedDueTo="Filter" hash="96-96-FE-09-50-4E-12-B1-74-7D-9E-85-06-BA-65-08-61-22-BE-7B">
      <ModulePath>C:\Program Files\dotnet\shared\Microsoft.NETCore.App\3.1.8\System.Runtime.Loader.dll</ModulePath>
      <ModuleTime>2020-08-20T22:59:54Z</ModuleTime>
      <ModuleName>System.Runtime.Loader</ModuleName>
      <Classes />
    </Module>
    <Module skippedDueTo="Filter" hash="7A-5F-E7-BF-D1-CC-B3-4A-88-2C-BA-02-C3-8F-EF-7F-6A-56-F9-2C">
      <ModulePath>C:\Program Files\dotnet\sdk\3.1.402\dotnet.dll</ModulePath>
      <ModuleTime>2020-08-26T01:49:22Z</ModuleTime>
      <ModuleName>dotnet</ModuleName>
      <Classes />
    </Module>
    <Module skippedDueTo="Filter" hash="68-AE-70-10-34-35-B8-CF-01-75-EB-04-0D-07-26-32-F9-C9-E4-77">
      <ModulePath>C:\Program Files\dotnet\shared\Microsoft.NETCore.App\3.1.8\System.Collections.Immutable.dll</ModulePath>
      <ModuleTime>2020-08-20T22:59:40Z</ModuleTime>
      <ModuleName>System.Collections.Immutable</ModuleName>
      <Classes />
    </Module>
    <Module skippedDueTo="Filter" hash="C9-72-44-EF-81-0F-8B-FE-A5-ED-09-93-12-A1-A7-E0-40-DA-F0-D0">
      <ModulePath>C:\Program Files\dotnet\sdk\3.1.402\Microsoft.DotNet.Configurer.dll</ModulePath>
      <ModuleTime>2020-08-26T01:49:28Z</ModuleTime>
      <ModuleName>Microsoft.DotNet.Configurer</ModuleName>
      <Classes />
    </Module>
    <Module skippedDueTo="Filter" hash="58-17-CE-02-A1-D6-FF-B8-C9-8B-3D-99-1F-73-4E-46-10-30-D3-F6">
      <ModulePath>C:\Program Files\dotnet\sdk\3.1.402\Microsoft.DotNet.InternalAbstractions.dll</ModulePath>
      <ModuleTime>2020-08-26T01:49:28Z</ModuleTime>
      <ModuleName>Microsoft.DotNet.InternalAbstractions</ModuleName>
      <Classes />
    </Module>
    <Module skippedDueTo="Filter" hash="DD-34-B1-41-70-E3-43-E8-1C-84-91-73-76-EC-F8-67-13-9A-F2-B0">
      <ModulePath>C:\Program Files\dotnet\sdk\3.1.402\Microsoft.DotNet.Cli.Utils.dll</ModulePath>
      <ModuleTime>2020-08-26T01:49:30Z</ModuleTime>
      <ModuleName>Microsoft.DotNet.Cli.Utils</ModuleName>
      <Classes />
    </Module>
    <Module skippedDueTo="Filter" hash="62-97-60-B6-33-98-1E-D3-F1-65-29-59-14-5D-F5-58-6F-62-D6-4C">
      <ModulePath>C:\Program Files\dotnet\shared\Microsoft.NETCore.App\3.1.8\System.Text.Encoding.Extensions.dll</ModulePath>
      <ModuleTime>2020-08-20T22:59:58Z</ModuleTime>
      <ModuleName>System.Text.Encoding.Extensions</ModuleName>
      <Classes />
    </Module>
    <Module skippedDueTo="Filter" hash="6B-D1-62-D9-C6-03-1D-79-D9-D9-10-34-4C-C6-E9-A8-26-83-11-1E">
      <ModulePath>C:\Program Files\dotnet\sdk\3.1.402\Microsoft.ApplicationInsights.dll</ModulePath>
      <ModuleTime>2020-08-26T01:49:28Z</ModuleTime>
      <ModuleName>Microsoft.ApplicationInsights</ModuleName>
      <Classes />
    </Module>
    <Module skippedDueTo="Filter" hash="39-ED-99-00-5F-04-EC-92-3B-73-67-DD-45-02-5C-0E-D9-56-01-98">
      <ModulePath>C:\Program Files\dotnet\sdk\3.1.402\Microsoft.DotNet.PlatformAbstractions.dll</ModulePath>
      <ModuleTime>2020-08-26T01:49:30Z</ModuleTime>
      <ModuleName>Microsoft.DotNet.PlatformAbstractions</ModuleName>
      <Classes />
    </Module>
    <Module skippedDueTo="Filter" hash="9D-AE-BC-8E-2D-D5-34-16-9D-15-E1-63-D4-5E-76-88-EF-BD-AB-DF">
      <ModulePath>C:\Program Files\dotnet\shared\Microsoft.NETCore.App\3.1.8\System.Runtime.CompilerServices.Unsafe.dll</ModulePath>
      <ModuleTime>2020-08-20T22:59:52Z</ModuleTime>
      <ModuleName>System.Runtime.CompilerServices.Unsafe</ModuleName>
      <Classes />
    </Module>
    <Module skippedDueTo="Filter" hash="D2-7E-9E-01-A7-DC-C2-0A-02-2F-E0-85-6A-81-F0-56-0F-EB-09-07">
      <ModulePath>C:\Program Files\dotnet\shared\Microsoft.NETCore.App\3.1.8\System.Private.Uri.dll</ModulePath>
      <ModuleTime>2020-08-20T22:59:48Z</ModuleTime>
      <ModuleName>System.Private.Uri</ModuleName>
      <Classes />
    </Module>
    <Module skippedDueTo="Filter" hash="AF-8B-85-6A-30-39-A0-B9-C4-82-28-85-C7-33-44-44-5A-6B-93-74">
      <ModulePath>C:\Program Files\dotnet\shared\Microsoft.NETCore.App\3.1.8\System.Reflection.Extensions.dll</ModulePath>
      <ModuleTime>2020-08-20T22:59:50Z</ModuleTime>
      <ModuleName>System.Reflection.Extensions</ModuleName>
      <Classes />
    </Module>
    <Module skippedDueTo="Filter" hash="49-35-CC-AB-99-B6-5D-6E-EB-C7-9C-AE-CF-4B-86-71-D9-A5-22-21">
      <ModulePath>C:\Program Files\dotnet\shared\Microsoft.NETCore.App\3.1.8\System.Reflection.dll</ModulePath>
      <ModuleTime>2020-08-20T22:59:50Z</ModuleTime>
      <ModuleName>System.Reflection</ModuleName>
      <Classes />
    </Module>
    <Module skippedDueTo="Filter" hash="EC-C9-81-0E-5B-0C-84-CF-D1-5A-75-99-D8-39-2B-E4-E3-F7-87-BA">
      <ModulePath>C:\Program Files\dotnet\shared\Microsoft.NETCore.App\3.1.8\System.Xml.XDocument.dll</ModulePath>
      <ModuleTime>2020-08-20T22:59:46Z</ModuleTime>
      <ModuleName>System.Xml.XDocument</ModuleName>
      <Classes />
    </Module>
    <Module skippedDueTo="Filter" hash="12-46-F0-07-4D-21-B0-B4-0E-F7-F7-2A-AD-84-CD-B3-32-A4-AC-DB">
      <ModulePath>C:\Program Files\dotnet\shared\Microsoft.NETCore.App\3.1.8\System.Private.Xml.Linq.dll</ModulePath>
      <ModuleTime>2020-08-20T22:59:46Z</ModuleTime>
      <ModuleName>System.Private.Xml.Linq</ModuleName>
      <Classes />
    </Module>
    <Module skippedDueTo="Filter" hash="06-F9-0B-AF-07-85-77-29-64-59-51-31-4D-8C-B0-74-BE-1B-CE-1A">
      <ModulePath>C:\Program Files\dotnet\shared\Microsoft.NETCore.App\3.1.8\System.Threading.Thread.dll</ModulePath>
      <ModuleTime>2020-08-20T22:59:26Z</ModuleTime>
      <ModuleName>System.Threading.Thread</ModuleName>
      <Classes />
    </Module>
    <Module skippedDueTo="Filter" hash="FC-DC-19-07-7D-D1-0F-AC-9E-58-9F-A5-09-E0-47-B5-B0-44-C6-43">
      <ModulePath>C:\Program Files\dotnet\shared\Microsoft.NETCore.App\3.1.8\System.Private.Xml.dll</ModulePath>
      <ModuleTime>2020-08-20T22:59:48Z</ModuleTime>
      <ModuleName>System.Private.Xml</ModuleName>
      <Classes />
    </Module>
    <Module skippedDueTo="Filter" hash="8F-5F-B6-F6-B6-48-CE-AC-8F-9F-15-F6-46-3A-84-69-F7-E0-25-C4">
      <ModulePath>C:\Program Files\dotnet\shared\Microsoft.NETCore.App\3.1.8\System.Xml.ReaderWriter.dll</ModulePath>
      <ModuleTime>2020-08-20T22:59:48Z</ModuleTime>
      <ModuleName>System.Xml.ReaderWriter</ModuleName>
      <Classes />
    </Module>
    <Module skippedDueTo="Filter" hash="EE-47-66-B9-53-F2-6F-E6-98-FD-79-F4-CE-80-AC-DF-73-5F-55-6A">
      <ModulePath>C:\Program Files\dotnet\shared\Microsoft.NETCore.App\3.1.8\System.Globalization.dll</ModulePath>
      <ModuleTime>2020-08-20T23:00:52Z</ModuleTime>
      <ModuleName>System.Globalization</ModuleName>
      <Classes />
    </Module>
    <Module skippedDueTo="Filter" hash="50-A2-FF-99-19-32-DA-9E-AF-44-B0-B1-17-31-3D-F8-D0-0A-A9-17">
      <ModulePath>C:\Program Files\dotnet\shared\Microsoft.NETCore.App\3.1.8\System.Collections.NonGeneric.dll</ModulePath>
      <ModuleTime>2020-08-20T22:59:44Z</ModuleTime>
      <ModuleName>System.Collections.NonGeneric</ModuleName>
      <Classes />
    </Module>
    <Module skippedDueTo="Filter" hash="27-45-63-B4-5A-E9-8A-4E-ED-4D-F9-6B-CA-FC-9E-1D-82-5B-5D-4F">
      <ModulePath>C:\Program Files\dotnet\shared\Microsoft.NETCore.App\3.1.8\Microsoft.Win32.Primitives.dll</ModulePath>
      <ModuleTime>2020-08-20T22:59:40Z</ModuleTime>
      <ModuleName>Microsoft.Win32.Primitives</ModuleName>
      <Classes />
    </Module>
    <Module skippedDueTo="Filter" hash="EE-4B-4C-A2-58-3A-4E-8D-C0-EA-7D-18-75-FD-1A-5B-D1-2C-89-26">
      <ModulePath>C:\Program Files\dotnet\shared\Microsoft.NETCore.App\3.1.8\System.Resources.ResourceManager.dll</ModulePath>
      <ModuleTime>2020-08-20T22:59:50Z</ModuleTime>
      <ModuleName>System.Resources.ResourceManager</ModuleName>
      <Classes />
    </Module>
    <Module skippedDueTo="Filter" hash="F8-D0-D4-6F-8B-9A-A3-46-76-FA-70-6E-E8-78-B2-EC-58-19-80-B6">
      <ModulePath>C:\Program Files\dotnet\sdk\3.1.402\pt-BR\MSBuild.resources.dll</ModulePath>
      <ModuleTime>2020-08-12T18:02:44Z</ModuleTime>
      <ModuleName>MSBuild.resources</ModuleName>
      <Classes />
    </Module>
    <Module skippedDueTo="Filter" hash="95-6B-19-80-BF-27-4E-8E-C5-AB-77-E7-DB-53-7C-C7-46-79-2D-2A">
      <ModulePath>C:\Program Files\dotnet\shared\Microsoft.NETCore.App\3.1.8\System.Threading.Tasks.Dataflow.dll</ModulePath>
      <ModuleTime>2020-08-20T23:00:00Z</ModuleTime>
      <ModuleName>System.Threading.Tasks.Dataflow</ModuleName>
      <Classes />
    </Module>
    <Module skippedDueTo="Filter" hash="F9-23-D9-10-FE-63-A7-1B-50-EA-64-B8-58-C0-F0-30-68-C5-6C-35">
      <ModulePath>C:\Program Files\dotnet\shared\Microsoft.NETCore.App\3.1.8\System.Security.Cryptography.Algorithms.dll</ModulePath>
      <ModuleTime>2020-08-20T22:59:56Z</ModuleTime>
      <ModuleName>System.Security.Cryptography.Algorithms</ModuleName>
      <Classes />
    </Module>
    <Module skippedDueTo="Filter" hash="AD-76-72-49-EE-2E-7D-A8-E8-B4-6C-7B-85-6D-0B-C8-49-3C-4A-51">
      <ModulePath>C:\Program Files\dotnet\shared\Microsoft.NETCore.App\3.1.8\System.Security.Cryptography.Primitives.dll</ModulePath>
      <ModuleTime>2020-08-20T22:59:56Z</ModuleTime>
      <ModuleName>System.Security.Cryptography.Primitives</ModuleName>
      <Classes />
    </Module>
    <Module skippedDueTo="Filter" hash="DD-A4-B4-5B-3B-F1-BF-AF-A7-27-8B-96-18-D3-EA-0B-F3-69-2B-C2">
      <ModulePath>C:\Program Files\dotnet\shared\Microsoft.NETCore.App\3.1.8\Microsoft.Win32.Registry.dll</ModulePath>
      <ModuleTime>2020-08-20T22:59:42Z</ModuleTime>
      <ModuleName>Microsoft.Win32.Registry</ModuleName>
      <Classes />
    </Module>
    <Module skippedDueTo="Filter" hash="33-87-8E-AC-BF-75-72-1E-7C-FB-31-80-06-D1-DB-74-50-AA-E3-D2">
      <ModulePath>C:\Program Files\dotnet\sdk\3.1.402\pt-BR\Microsoft.Build.resources.dll</ModulePath>
      <ModuleTime>2020-08-12T18:02:36Z</ModuleTime>
      <ModuleName>Microsoft.Build.resources</ModuleName>
      <Classes />
    </Module>
    <Module skippedDueTo="Filter" hash="9F-40-D5-34-0D-C2-95-74-44-43-A0-D1-2E-55-5D-5C-AE-C6-94-A8">
      <ModulePath>C:\Program Files\dotnet\shared\Microsoft.NETCore.App\3.1.8\System.ObjectModel.dll</ModulePath>
      <ModuleTime>2020-08-20T22:59:46Z</ModuleTime>
      <ModuleName>System.ObjectModel</ModuleName>
      <Classes />
    </Module>
    <Module skippedDueTo="Filter" hash="36-3F-92-C2-84-D7-A7-BC-77-3B-0E-85-CC-D9-6D-FB-52-88-5E-8B">
      <ModulePath>C:\Program Files\dotnet\shared\Microsoft.NETCore.App\3.1.8\System.Text.Json.dll</ModulePath>
      <ModuleTime>2020-08-20T22:59:58Z</ModuleTime>
      <ModuleName>System.Text.Json</ModuleName>
      <Classes />
    </Module>
    <Module skippedDueTo="Filter" hash="1B-A5-DC-8F-5A-0A-33-45-99-32-A6-89-92-6E-3D-5C-47-B0-05-17">
      <ModulePath>C:\Program Files\dotnet\shared\Microsoft.NETCore.App\3.1.8\System.Reflection.Emit.ILGeneration.dll</ModulePath>
      <ModuleTime>2020-08-20T22:59:52Z</ModuleTime>
      <ModuleName>System.Reflection.Emit.ILGeneration</ModuleName>
      <Classes />
    </Module>
    <Module skippedDueTo="Filter" hash="67-90-A3-37-D7-6C-3D-F2-E4-42-65-4B-37-3D-88-2F-B0-D0-6F-55">
      <ModulePath>C:\Program Files\dotnet\shared\Microsoft.NETCore.App\3.1.8\System.Reflection.Emit.Lightweight.dll</ModulePath>
      <ModuleTime>2020-08-20T22:59:50Z</ModuleTime>
      <ModuleName>System.Reflection.Emit.Lightweight</ModuleName>
      <Classes />
    </Module>
    <Module skippedDueTo="Filter" hash="2B-0B-52-91-E5-88-DA-4B-16-9C-4A-0B-39-19-F8-B7-F5-9D-11-03">
      <ModulePath>C:\Program Files\dotnet\shared\Microsoft.NETCore.App\3.1.8\System.Reflection.Primitives.dll</ModulePath>
      <ModuleTime>2020-08-20T22:59:50Z</ModuleTime>
      <ModuleName>System.Reflection.Primitives</ModuleName>
      <Classes />
    </Module>
    <Module skippedDueTo="Filter" hash="EA-74-29-BF-0D-1D-F0-20-79-5D-30-A2-FA-13-0F-86-4F-7E-D4-80">
      <ModulePath>C:\Program Files\dotnet\shared\Microsoft.NETCore.App\3.1.8\System.Diagnostics.TraceSource.dll</ModulePath>
      <ModuleTime>2020-08-20T22:59:48Z</ModuleTime>
      <ModuleName>System.Diagnostics.TraceSource</ModuleName>
      <Classes />
    </Module>
    <Module skippedDueTo="Filter" hash="EE-DB-0D-91-90-81-FC-A5-B6-54-A1-5B-8A-FA-23-FD-1B-E0-47-F2">
      <ModulePath>C:\Program Files\dotnet\shared\Microsoft.NETCore.App\3.1.8\System.Threading.Tasks.Parallel.dll</ModulePath>
      <ModuleTime>2020-08-20T23:00:00Z</ModuleTime>
      <ModuleName>System.Threading.Tasks.Parallel</ModuleName>
      <Classes />
    </Module>
    <Module skippedDueTo="Filter" hash="9A-46-96-7C-5B-ED-3A-66-E4-49-62-39-9B-0B-7A-EE-C3-C9-84-1B">
      <ModulePath>C:\Program Files\dotnet\sdk\3.1.402\Microsoft.Build.Tasks.Core.dll</ModulePath>
      <ModuleTime>2020-08-26T01:49:00Z</ModuleTime>
      <ModuleName>Microsoft.Build.Tasks.Core</ModuleName>
      <Classes />
    </Module>
    <Module skippedDueTo="Filter" hash="A9-14-38-8F-2C-C6-EE-32-F5-AA-20-D1-07-D5-69-88-3B-81-06-F8">
      <ModulePath>C:\Program Files\dotnet\sdk\3.1.402\Microsoft.Build.Utilities.Core.dll</ModulePath>
      <ModuleTime>2020-08-26T01:49:28Z</ModuleTime>
      <ModuleName>Microsoft.Build.Utilities.Core</ModuleName>
      <Classes />
    </Module>
    <Module skippedDueTo="Filter" hash="2F-BA-A8-C2-AC-4A-29-59-EE-5D-9D-9C-CB-0D-E9-2A-93-44-DD-A2">
      <ModulePath>C:\Program Files\dotnet\sdk\3.1.402\NuGet.Build.Tasks.dll</ModulePath>
      <ModuleTime>2020-08-26T01:49:20Z</ModuleTime>
      <ModuleName>NuGet.Build.Tasks</ModuleName>
      <Classes />
    </Module>
    <Module skippedDueTo="Filter" hash="E0-FB-FF-B4-D7-ED-BE-D1-BE-D9-F6-1A-AB-7D-45-73-3A-A8-31-8E">
      <ModulePath>C:\Program Files\dotnet\sdk\3.1.402\NuGet.Common.dll</ModulePath>
      <ModuleTime>2020-08-26T01:49:20Z</ModuleTime>
      <ModuleName>NuGet.Common</ModuleName>
      <Classes />
    </Module>
    <Module skippedDueTo="Filter" hash="E7-6C-0B-23-CD-22-06-A9-EB-AA-C6-A9-27-B0-CE-9B-C2-46-B8-F4">
      <ModulePath>C:\Program Files\dotnet\sdk\3.1.402\NuGet.Commands.dll</ModulePath>
      <ModuleTime>2020-08-26T01:49:20Z</ModuleTime>
      <ModuleName>NuGet.Commands</ModuleName>
      <Classes />
    </Module>
    <Module skippedDueTo="Filter" hash="5B-9F-44-3E-1E-ED-6D-31-7F-D1-66-9D-A6-0B-DE-9F-51-55-97-9D">
      <ModulePath>C:\Program Files\dotnet\sdk\3.1.402\NuGet.ProjectModel.dll</ModulePath>
      <ModuleTime>2020-08-26T01:49:20Z</ModuleTime>
      <ModuleName>NuGet.ProjectModel</ModuleName>
      <Classes />
    </Module>
    <Module skippedDueTo="Filter" hash="7A-BE-19-EE-0B-B5-35-0D-03-50-D2-6B-13-A6-DB-F1-F6-3D-CE-E7">
      <ModulePath>C:\Program Files\dotnet\shared\Microsoft.NETCore.App\3.1.8\System.Threading.ThreadPool.dll</ModulePath>
      <ModuleTime>2020-08-20T22:59:50Z</ModuleTime>
      <ModuleName>System.Threading.ThreadPool</ModuleName>
      <Classes />
    </Module>
    <Module skippedDueTo="Filter" hash="06-E2-60-53-B5-37-B0-3D-08-B2-F4-71-47-8C-BB-4A-F6-28-11-A1">
      <ModulePath>C:\Program Files\dotnet\shared\Microsoft.NETCore.App\3.1.8\System.IO.Pipes.dll</ModulePath>
      <ModuleTime>2020-08-20T22:59:52Z</ModuleTime>
      <ModuleName>System.IO.Pipes</ModuleName>
      <Classes />
    </Module>
    <Module skippedDueTo="Filter" hash="F0-06-30-B1-C1-C7-F4-B8-19-B6-D4-A8-34-78-68-C8-B2-26-E1-CA">
      <ModulePath>C:\Program Files\dotnet\shared\Microsoft.NETCore.App\3.1.8\System.Security.Principal.dll</ModulePath>
      <ModuleTime>2020-08-20T22:59:58Z</ModuleTime>
      <ModuleName>System.Security.Principal</ModuleName>
      <Classes />
    </Module>
    <Module skippedDueTo="Filter" hash="C3-2E-50-E7-34-2B-83-28-FF-B7-65-9C-75-BE-88-EB-7D-0A-1E-A3">
      <ModulePath>C:\Program Files\dotnet\sdk\3.1.402\Microsoft.Build.NuGetSdkResolver.dll</ModulePath>
      <ModuleTime>2020-08-26T01:49:30Z</ModuleTime>
      <ModuleName>Microsoft.Build.NuGetSdkResolver</ModuleName>
      <Classes />
    </Module>
    <Module skippedDueTo="Filter" hash="36-65-23-CD-46-AD-E0-F3-E9-E9-C6-07-52-C1-0F-A9-C3-9C-46-DB">
      <ModulePath>C:\Program Files\dotnet\shared\Microsoft.NETCore.App\3.1.8\System.Diagnostics.FileVersionInfo.dll</ModulePath>
      <ModuleTime>2020-08-20T22:59:46Z</ModuleTime>
      <ModuleName>System.Diagnostics.FileVersionInfo</ModuleName>
      <Classes />
    </Module>
    <Module skippedDueTo="Filter" hash="A7-89-C2-3A-29-5A-01-99-0C-19-02-F6-C3-E7-45-C8-D6-17-76-B9">
      <ModulePath>C:\Program Files\dotnet\shared\Microsoft.NETCore.App\3.1.8\System.ComponentModel.dll</ModulePath>
      <ModuleTime>2020-08-20T22:59:44Z</ModuleTime>
      <ModuleName>System.ComponentModel</ModuleName>
      <Classes />
    </Module>
    <Module skippedDueTo="Filter" hash="0B-F1-CA-D5-1A-86-D1-36-27-81-C3-0E-45-CE-30-72-3E-2D-6C-68">
      <ModulePath>C:\Program Files\dotnet\shared\Microsoft.NETCore.App\3.1.8\System.Private.CoreLib.dll</ModulePath>
      <ModuleTime>2020-08-12T10:22:54Z</ModuleTime>
      <ModuleName>System.Private.CoreLib</ModuleName>
      <Classes />
    </Module>
    <Module skippedDueTo="Filter" hash="EE-B8-32-54-C5-22-99-03-DB-2D-D9-96-12-46-22-92-E6-0D-3C-08">
      <ModulePath>C:\Program Files\dotnet\sdk\3.1.402\MSBuild.dll</ModulePath>
      <ModuleTime>2020-08-26T01:49:22Z</ModuleTime>
      <ModuleName>MSBuild</ModuleName>
      <Classes />
    </Module>
    <Module skippedDueTo="Filter" hash="84-EB-87-6C-5F-B2-F1-4D-95-E8-97-71-BC-8D-72-41-2D-49-69-FB">
      <ModulePath>C:\Program Files\dotnet\shared\Microsoft.NETCore.App\3.1.8\System.Runtime.dll</ModulePath>
      <ModuleTime>2020-08-20T22:59:52Z</ModuleTime>
      <ModuleName>System.Runtime</ModuleName>
      <Classes />
    </Module>
    <Module skippedDueTo="Filter" hash="F7-1E-60-82-B3-F0-19-7C-92-E1-57-D0-75-4E-48-BB-90-43-27-93">
      <ModulePath>C:\Program Files\dotnet\shared\Microsoft.NETCore.App\3.1.8\System.Runtime.Extensions.dll</ModulePath>
      <ModuleTime>2020-08-20T22:59:52Z</ModuleTime>
      <ModuleName>System.Runtime.Extensions</ModuleName>
      <Classes />
    </Module>
    <Module skippedDueTo="Filter" hash="23-84-09-9A-0E-72-68-D6-EC-B5-E1-D8-33-3B-CD-8C-17-F8-FC-4A">
      <ModulePath>C:\Program Files\dotnet\shared\Microsoft.NETCore.App\3.1.8\System.Threading.dll</ModulePath>
      <ModuleTime>2020-08-20T23:00:00Z</ModuleTime>
      <ModuleName>System.Threading</ModuleName>
      <Classes />
    </Module>
    <Module skippedDueTo="Filter" hash="93-E3-BC-92-60-E7-5A-10-9F-7D-A8-DF-8D-6E-43-15-0D-CD-0B-A7">
      <ModulePath>C:\Program Files\dotnet\shared\Microsoft.NETCore.App\3.1.8\System.Threading.Tasks.dll</ModulePath>
      <ModuleTime>2020-08-20T23:00:00Z</ModuleTime>
      <ModuleName>System.Threading.Tasks</ModuleName>
      <Classes />
    </Module>
    <Module skippedDueTo="Filter" hash="55-19-5B-BE-F1-84-67-96-7C-4F-17-13-0F-30-CF-B3-6F-72-13-7B">
      <ModulePath>C:\Program Files\dotnet\sdk\3.1.402\Microsoft.Build.Framework.dll</ModulePath>
      <ModuleTime>2020-08-26T01:49:26Z</ModuleTime>
      <ModuleName>Microsoft.Build.Framework</ModuleName>
      <Classes />
    </Module>
    <Module skippedDueTo="Filter" hash="CE-14-08-3F-F0-EF-84-35-E2-EE-22-FC-3B-27-9A-BF-68-BA-FC-93">
      <ModulePath>C:\Program Files\dotnet\shared\Microsoft.NETCore.App\3.1.8\netstandard.dll</ModulePath>
      <ModuleTime>2020-08-20T22:59:40Z</ModuleTime>
      <ModuleName>netstandard</ModuleName>
      <Classes />
    </Module>
    <Module skippedDueTo="Filter" hash="AC-EE-72-9C-A1-68-93-0A-E4-5D-16-BA-65-C4-C3-15-B5-DB-C9-71">
      <ModulePath>C:\Program Files\dotnet\shared\Microsoft.NETCore.App\3.1.8\System.Runtime.InteropServices.RuntimeInformation.dll</ModulePath>
      <ModuleTime>2020-08-20T22:59:26Z</ModuleTime>
      <ModuleName>System.Runtime.InteropServices.RuntimeInformation</ModuleName>
      <Classes />
    </Module>
    <Module skippedDueTo="Filter" hash="B0-42-64-90-E3-6C-76-55-E8-63-36-78-84-DC-D0-FE-B2-E1-28-22">
      <ModulePath>C:\Program Files\dotnet\shared\Microsoft.NETCore.App\3.1.8\System.Diagnostics.Process.dll</ModulePath>
      <ModuleTime>2020-08-20T22:59:46Z</ModuleTime>
      <ModuleName>System.Diagnostics.Process</ModuleName>
      <Classes />
    </Module>
    <Module skippedDueTo="Filter" hash="C6-1A-7B-C1-5D-00-7D-E1-DB-8E-51-BB-40-18-FA-7F-E0-32-E2-0E">
      <ModulePath>C:\Program Files\dotnet\shared\Microsoft.NETCore.App\3.1.8\System.ComponentModel.Primitives.dll</ModulePath>
      <ModuleTime>2020-08-20T22:59:44Z</ModuleTime>
      <ModuleName>System.ComponentModel.Primitives</ModuleName>
      <Classes />
    </Module>
    <Module skippedDueTo="Filter" hash="22-4C-23-B1-84-B5-C0-C1-24-28-5E-E7-EE-89-79-78-32-AD-3A-35">
      <ModulePath>C:\Program Files\dotnet\shared\Microsoft.NETCore.App\3.1.8\System.Linq.dll</ModulePath>
      <ModuleTime>2020-08-20T22:59:52Z</ModuleTime>
      <ModuleName>System.Linq</ModuleName>
      <Classes />
    </Module>
    <Module skippedDueTo="Filter" hash="F9-92-4F-6B-9C-D9-7E-AA-3B-90-10-20-26-52-D1-99-44-35-0A-C2">
      <ModulePath>C:\Program Files\dotnet\shared\Microsoft.NETCore.App\3.1.8\System.Text.RegularExpressions.dll</ModulePath>
      <ModuleTime>2020-08-20T23:00:00Z</ModuleTime>
      <ModuleName>System.Text.RegularExpressions</ModuleName>
      <Classes />
    </Module>
    <Module skippedDueTo="Filter" hash="53-ED-E9-BE-C4-FB-11-9B-2D-D5-32-71-92-C8-0D-E7-54-41-7A-BA">
      <ModulePath>C:\Program Files\dotnet\shared\Microsoft.NETCore.App\3.1.8\System.Collections.dll</ModulePath>
      <ModuleTime>2020-08-20T22:59:40Z</ModuleTime>
      <ModuleName>System.Collections</ModuleName>
      <Classes />
    </Module>
    <Module skippedDueTo="Filter" hash="D0-1C-EF-DE-8E-C6-60-AD-B4-B4-28-8C-A3-78-0F-3C-4A-AC-9A-C0">
      <ModulePath>C:\Program Files\dotnet\shared\Microsoft.NETCore.App\3.1.8\System.Memory.dll</ModulePath>
      <ModuleTime>2020-08-20T22:59:54Z</ModuleTime>
      <ModuleName>System.Memory</ModuleName>
      <Classes />
    </Module>
    <Module skippedDueTo="Filter" hash="BB-2F-C5-7F-31-5B-74-F0-88-73-7F-E4-54-FD-A3-F4-19-42-1C-4C">
      <ModulePath>C:\Program Files\dotnet\shared\Microsoft.NETCore.App\3.1.8\System.Buffers.dll</ModulePath>
      <ModuleTime>2020-08-20T22:59:40Z</ModuleTime>
      <ModuleName>System.Buffers</ModuleName>
      <Classes />
    </Module>
    <Module skippedDueTo="Filter" hash="05-7B-90-50-76-A9-4C-1E-B8-64-6B-4F-CA-F7-73-DB-70-F7-13-E9">
      <ModulePath>C:\Program Files\dotnet\shared\Microsoft.NETCore.App\3.1.8\System.IO.FileSystem.dll</ModulePath>
      <ModuleTime>2020-08-20T22:59:50Z</ModuleTime>
      <ModuleName>System.IO.FileSystem</ModuleName>
      <Classes />
    </Module>
    <Module skippedDueTo="Filter" hash="29-A5-FA-63-FF-B8-AF-8F-77-AB-F7-66-1E-54-F8-DC-45-06-54-50">
      <ModulePath>C:\Program Files\dotnet\shared\Microsoft.NETCore.App\3.1.8\System.Runtime.InteropServices.dll</ModulePath>
      <ModuleTime>2020-08-20T22:59:52Z</ModuleTime>
      <ModuleName>System.Runtime.InteropServices</ModuleName>
      <Classes />
    </Module>
    <Module skippedDueTo="Filter" hash="6A-FC-09-8A-1D-67-50-4E-A2-61-34-F5-E4-BD-4C-D0-59-9A-75-0D">
      <ModulePath>C:\Program Files\dotnet\shared\Microsoft.NETCore.App\3.1.8\System.Console.dll</ModulePath>
      <ModuleTime>2020-08-20T22:59:46Z</ModuleTime>
      <ModuleName>System.Console</ModuleName>
      <Classes />
    </Module>
    <Module skippedDueTo="Filter" hash="38-98-2A-AB-1B-CE-02-B7-77-FB-B9-96-F4-83-96-BD-61-4E-24-E5">
      <ModulePath>C:\Program Files\dotnet\sdk\3.1.402\Microsoft.Build.dll</ModulePath>
      <ModuleTime>2020-08-26T01:49:26Z</ModuleTime>
      <ModuleName>Microsoft.Build</ModuleName>
      <Classes />
    </Module>
    <Module skippedDueTo="Filter" hash="D4-D7-D0-39-6C-0B-1E-76-0A-8F-1F-12-23-3E-12-6A-28-BD-A7-6B">
      <ModulePath>C:\Program Files\dotnet\shared\Microsoft.NETCore.App\3.1.8\System.Diagnostics.Tracing.dll</ModulePath>
      <ModuleTime>2020-08-20T22:59:48Z</ModuleTime>
      <ModuleName>System.Diagnostics.Tracing</ModuleName>
      <Classes />
    </Module>
    <Module skippedDueTo="Filter" hash="9E-DB-80-EA-C5-1F-12-A8-5D-F0-DB-9B-6B-BF-FB-D5-63-A5-98-18">
      <ModulePath>C:\Program Files\dotnet\shared\Microsoft.NETCore.App\3.1.8\System.Diagnostics.Debug.dll</ModulePath>
      <ModuleTime>2020-08-20T22:59:46Z</ModuleTime>
      <ModuleName>System.Diagnostics.Debug</ModuleName>
      <Classes />
    </Module>
    <Module skippedDueTo="Filter" hash="9C-89-CD-CD-AB-05-87-D7-AE-91-D4-6E-A1-44-1D-EB-B9-78-5F-98">
      <ModulePath>C:\Program Files\dotnet\shared\Microsoft.NETCore.App\3.1.8\System.Text.Encoding.CodePages.dll</ModulePath>
      <ModuleTime>2020-08-20T22:59:58Z</ModuleTime>
      <ModuleName>System.Text.Encoding.CodePages</ModuleName>
      <Classes />
    </Module>
    <Module skippedDueTo="Filter" hash="98-6C-08-37-95-E4-E2-FC-AF-46-B2-B1-40-EA-B9-5C-83-96-09-8D">
      <ModulePath>C:\Program Files\dotnet\shared\Microsoft.NETCore.App\3.1.8\System.Collections.Concurrent.dll</ModulePath>
      <ModuleTime>2020-08-20T22:59:42Z</ModuleTime>
      <ModuleName>System.Collections.Concurrent</ModuleName>
      <Classes />
    </Module>
    <Module skippedDueTo="Filter" hash="06-E2-60-53-B5-37-B0-3D-08-B2-F4-71-47-8C-BB-4A-F6-28-11-A1">
      <ModulePath>C:\Program Files\dotnet\shared\Microsoft.NETCore.App\3.1.8\System.IO.Pipes.dll</ModulePath>
      <ModuleTime>2020-08-20T22:59:52Z</ModuleTime>
      <ModuleName>System.IO.Pipes</ModuleName>
      <Classes />
    </Module>
    <Module skippedDueTo="Filter" hash="62-97-60-B6-33-98-1E-D3-F1-65-29-59-14-5D-F5-58-6F-62-D6-4C">
      <ModulePath>C:\Program Files\dotnet\shared\Microsoft.NETCore.App\3.1.8\System.Text.Encoding.Extensions.dll</ModulePath>
      <ModuleTime>2020-08-20T22:59:58Z</ModuleTime>
      <ModuleName>System.Text.Encoding.Extensions</ModuleName>
      <Classes />
    </Module>
    <Module skippedDueTo="Filter" hash="4A-7D-66-C4-5D-38-3C-19-35-9D-B6-97-3D-99-00-6D-E6-FC-4F-DB">
      <ModulePath>C:\Program Files\dotnet\shared\Microsoft.NETCore.App\3.1.8\System.Security.AccessControl.dll</ModulePath>
      <ModuleTime>2020-08-20T22:59:56Z</ModuleTime>
      <ModuleName>System.Security.AccessControl</ModuleName>
      <Classes />
    </Module>
    <Module skippedDueTo="Filter" hash="06-0C-23-01-54-8D-0F-93-9C-0D-7E-18-82-E9-38-67-82-F8-47-E3">
      <ModulePath>C:\Program Files\dotnet\shared\Microsoft.NETCore.App\3.1.8\System.Security.Principal.Windows.dll</ModulePath>
      <ModuleTime>2020-08-20T22:59:58Z</ModuleTime>
      <ModuleName>System.Security.Principal.Windows</ModuleName>
      <Classes />
    </Module>
    <Module skippedDueTo="Filter" hash="86-E1-7E-B9-1F-8D-5F-FB-2C-4C-3C-2B-E8-9A-44-F3-52-CE-E9-2E">
      <ModulePath>C:\Program Files\dotnet\shared\Microsoft.NETCore.App\3.1.8\System.Security.Claims.dll</ModulePath>
      <ModuleTime>2020-08-20T22:59:56Z</ModuleTime>
      <ModuleName>System.Security.Claims</ModuleName>
      <Classes />
    </Module>
    <Module skippedDueTo="Filter" hash="F0-06-30-B1-C1-C7-F4-B8-19-B6-D4-A8-34-78-68-C8-B2-26-E1-CA">
      <ModulePath>C:\Program Files\dotnet\shared\Microsoft.NETCore.App\3.1.8\System.Security.Principal.dll</ModulePath>
      <ModuleTime>2020-08-20T22:59:58Z</ModuleTime>
      <ModuleName>System.Security.Principal</ModuleName>
      <Classes />
    </Module>
    <Module skippedDueTo="Filter" hash="53-CD-E0-51-F0-57-D4-3A-7A-6E-6D-70-F1-AC-0E-56-F6-65-0B-5B">
      <ModulePath>C:\Program Files\dotnet\shared\Microsoft.NETCore.App\3.1.8\System.Threading.Overlapped.dll</ModulePath>
      <ModuleTime>2020-08-20T23:00:00Z</ModuleTime>
      <ModuleName>System.Threading.Overlapped</ModuleName>
      <Classes />
    </Module>
    <Module skippedDueTo="Filter" hash="53-CD-E0-51-F0-57-D4-3A-7A-6E-6D-70-F1-AC-0E-56-F6-65-0B-5B">
      <ModulePath>C:\Program Files\dotnet\shared\Microsoft.NETCore.App\3.1.8\System.Threading.Overlapped.dll</ModulePath>
      <ModuleTime>2020-08-20T23:00:00Z</ModuleTime>
      <ModuleName>System.Threading.Overlapped</ModuleName>
      <Classes />
    </Module>
    <Module skippedDueTo="Filter" hash="06-F9-0B-AF-07-85-77-29-64-59-51-31-4D-8C-B0-74-BE-1B-CE-1A">
      <ModulePath>C:\Program Files\dotnet\shared\Microsoft.NETCore.App\3.1.8\System.Threading.Thread.dll</ModulePath>
      <ModuleTime>2020-08-20T22:59:26Z</ModuleTime>
      <ModuleName>System.Threading.Thread</ModuleName>
      <Classes />
    </Module>
    <Module skippedDueTo="Filter" hash="4A-7D-66-C4-5D-38-3C-19-35-9D-B6-97-3D-99-00-6D-E6-FC-4F-DB">
      <ModulePath>C:\Program Files\dotnet\shared\Microsoft.NETCore.App\3.1.8\System.Security.AccessControl.dll</ModulePath>
      <ModuleTime>2020-08-20T22:59:56Z</ModuleTime>
      <ModuleName>System.Security.AccessControl</ModuleName>
      <Classes />
    </Module>
    <Module skippedDueTo="Filter" hash="06-0C-23-01-54-8D-0F-93-9C-0D-7E-18-82-E9-38-67-82-F8-47-E3">
      <ModulePath>C:\Program Files\dotnet\shared\Microsoft.NETCore.App\3.1.8\System.Security.Principal.Windows.dll</ModulePath>
      <ModuleTime>2020-08-20T22:59:58Z</ModuleTime>
      <ModuleName>System.Security.Principal.Windows</ModuleName>
      <Classes />
    </Module>
    <Module skippedDueTo="Filter" hash="86-E1-7E-B9-1F-8D-5F-FB-2C-4C-3C-2B-E8-9A-44-F3-52-CE-E9-2E">
      <ModulePath>C:\Program Files\dotnet\shared\Microsoft.NETCore.App\3.1.8\System.Security.Claims.dll</ModulePath>
      <ModuleTime>2020-08-20T22:59:56Z</ModuleTime>
      <ModuleName>System.Security.Claims</ModuleName>
      <Classes />
    </Module>
    <Module skippedDueTo="Filter" hash="EE-4B-4C-A2-58-3A-4E-8D-C0-EA-7D-18-75-FD-1A-5B-D1-2C-89-26">
      <ModulePath>C:\Program Files\dotnet\shared\Microsoft.NETCore.App\3.1.8\System.Resources.ResourceManager.dll</ModulePath>
      <ModuleTime>2020-08-20T22:59:50Z</ModuleTime>
      <ModuleName>System.Resources.ResourceManager</ModuleName>
      <Classes />
    </Module>
    <Module skippedDueTo="Filter" hash="9F-40-D5-34-0D-C2-95-74-44-43-A0-D1-2E-55-5D-5C-AE-C6-94-A8">
      <ModulePath>C:\Program Files\dotnet\shared\Microsoft.NETCore.App\3.1.8\System.ObjectModel.dll</ModulePath>
      <ModuleTime>2020-08-20T22:59:46Z</ModuleTime>
      <ModuleName>System.ObjectModel</ModuleName>
      <Classes />
    </Module>
    <Module skippedDueTo="Filter" hash="95-6B-19-80-BF-27-4E-8E-C5-AB-77-E7-DB-53-7C-C7-46-79-2D-2A">
      <ModulePath>C:\Program Files\dotnet\shared\Microsoft.NETCore.App\3.1.8\System.Threading.Tasks.Dataflow.dll</ModulePath>
      <ModuleTime>2020-08-20T23:00:00Z</ModuleTime>
      <ModuleName>System.Threading.Tasks.Dataflow</ModuleName>
      <Classes />
    </Module>
    <Module skippedDueTo="Filter" hash="0B-F1-CA-D5-1A-86-D1-36-27-81-C3-0E-45-CE-30-72-3E-2D-6C-68">
      <ModulePath>C:\Program Files\dotnet\shared\Microsoft.NETCore.App\3.1.8\System.Private.CoreLib.dll</ModulePath>
      <ModuleTime>2020-08-12T10:22:54Z</ModuleTime>
      <ModuleName>System.Private.CoreLib</ModuleName>
      <Classes />
    </Module>
    <Module skippedDueTo="Filter" hash="96-96-FE-09-50-4E-12-B1-74-7D-9E-85-06-BA-65-08-61-22-BE-7B">
      <ModulePath>C:\Program Files\dotnet\shared\Microsoft.NETCore.App\3.1.8\System.Runtime.Loader.dll</ModulePath>
      <ModuleTime>2020-08-20T22:59:54Z</ModuleTime>
      <ModuleName>System.Runtime.Loader</ModuleName>
      <Classes />
    </Module>
    <Module skippedDueTo="Filter" hash="7A-5F-E7-BF-D1-CC-B3-4A-88-2C-BA-02-C3-8F-EF-7F-6A-56-F9-2C">
      <ModulePath>C:\Program Files\dotnet\sdk\3.1.402\dotnet.dll</ModulePath>
      <ModuleTime>2020-08-26T01:49:22Z</ModuleTime>
      <ModuleName>dotnet</ModuleName>
      <Classes />
    </Module>
    <Module skippedDueTo="Filter" hash="EE-B8-32-54-C5-22-99-03-DB-2D-D9-96-12-46-22-92-E6-0D-3C-08">
      <ModulePath>C:\Program Files\dotnet\sdk\3.1.402\MSBuild.dll</ModulePath>
      <ModuleTime>2020-08-26T01:49:22Z</ModuleTime>
      <ModuleName>MSBuild</ModuleName>
      <Classes />
    </Module>
    <Module skippedDueTo="Filter" hash="84-EB-87-6C-5F-B2-F1-4D-95-E8-97-71-BC-8D-72-41-2D-49-69-FB">
      <ModulePath>C:\Program Files\dotnet\shared\Microsoft.NETCore.App\3.1.8\System.Runtime.dll</ModulePath>
      <ModuleTime>2020-08-20T22:59:52Z</ModuleTime>
      <ModuleName>System.Runtime</ModuleName>
      <Classes />
    </Module>
    <Module skippedDueTo="Filter" hash="68-AE-70-10-34-35-B8-CF-01-75-EB-04-0D-07-26-32-F9-C9-E4-77">
      <ModulePath>C:\Program Files\dotnet\shared\Microsoft.NETCore.App\3.1.8\System.Collections.Immutable.dll</ModulePath>
      <ModuleTime>2020-08-20T22:59:40Z</ModuleTime>
      <ModuleName>System.Collections.Immutable</ModuleName>
      <Classes />
    </Module>
    <Module skippedDueTo="Filter" hash="F7-1E-60-82-B3-F0-19-7C-92-E1-57-D0-75-4E-48-BB-90-43-27-93">
      <ModulePath>C:\Program Files\dotnet\shared\Microsoft.NETCore.App\3.1.8\System.Runtime.Extensions.dll</ModulePath>
      <ModuleTime>2020-08-20T22:59:52Z</ModuleTime>
      <ModuleName>System.Runtime.Extensions</ModuleName>
      <Classes />
    </Module>
    <Module skippedDueTo="Filter" hash="23-84-09-9A-0E-72-68-D6-EC-B5-E1-D8-33-3B-CD-8C-17-F8-FC-4A">
      <ModulePath>C:\Program Files\dotnet\shared\Microsoft.NETCore.App\3.1.8\System.Threading.dll</ModulePath>
      <ModuleTime>2020-08-20T23:00:00Z</ModuleTime>
      <ModuleName>System.Threading</ModuleName>
      <Classes />
    </Module>
    <Module skippedDueTo="Filter" hash="C9-72-44-EF-81-0F-8B-FE-A5-ED-09-93-12-A1-A7-E0-40-DA-F0-D0">
      <ModulePath>C:\Program Files\dotnet\sdk\3.1.402\Microsoft.DotNet.Configurer.dll</ModulePath>
      <ModuleTime>2020-08-26T01:49:28Z</ModuleTime>
      <ModuleName>Microsoft.DotNet.Configurer</ModuleName>
      <Classes />
    </Module>
    <Module skippedDueTo="Filter" hash="93-E3-BC-92-60-E7-5A-10-9F-7D-A8-DF-8D-6E-43-15-0D-CD-0B-A7">
      <ModulePath>C:\Program Files\dotnet\shared\Microsoft.NETCore.App\3.1.8\System.Threading.Tasks.dll</ModulePath>
      <ModuleTime>2020-08-20T23:00:00Z</ModuleTime>
      <ModuleName>System.Threading.Tasks</ModuleName>
      <Classes />
    </Module>
    <Module skippedDueTo="Filter" hash="55-19-5B-BE-F1-84-67-96-7C-4F-17-13-0F-30-CF-B3-6F-72-13-7B">
      <ModulePath>C:\Program Files\dotnet\sdk\3.1.402\Microsoft.Build.Framework.dll</ModulePath>
      <ModuleTime>2020-08-26T01:49:26Z</ModuleTime>
      <ModuleName>Microsoft.Build.Framework</ModuleName>
      <Classes />
    </Module>
    <Module skippedDueTo="Filter" hash="CE-14-08-3F-F0-EF-84-35-E2-EE-22-FC-3B-27-9A-BF-68-BA-FC-93">
      <ModulePath>C:\Program Files\dotnet\shared\Microsoft.NETCore.App\3.1.8\netstandard.dll</ModulePath>
      <ModuleTime>2020-08-20T22:59:40Z</ModuleTime>
      <ModuleName>netstandard</ModuleName>
      <Classes />
    </Module>
    <Module skippedDueTo="Filter" hash="33-87-8E-AC-BF-75-72-1E-7C-FB-31-80-06-D1-DB-74-50-AA-E3-D2">
      <ModulePath>C:\Program Files\dotnet\sdk\3.1.402\pt-BR\Microsoft.Build.resources.dll</ModulePath>
      <ModuleTime>2020-08-12T18:02:36Z</ModuleTime>
      <ModuleName>Microsoft.Build.resources</ModuleName>
      <Classes />
    </Module>
    <Module skippedDueTo="Filter" hash="AC-EE-72-9C-A1-68-93-0A-E4-5D-16-BA-65-C4-C3-15-B5-DB-C9-71">
      <ModulePath>C:\Program Files\dotnet\shared\Microsoft.NETCore.App\3.1.8\System.Runtime.InteropServices.RuntimeInformation.dll</ModulePath>
      <ModuleTime>2020-08-20T22:59:26Z</ModuleTime>
      <ModuleName>System.Runtime.InteropServices.RuntimeInformation</ModuleName>
      <Classes />
    </Module>
    <Module skippedDueTo="Filter" hash="B0-42-64-90-E3-6C-76-55-E8-63-36-78-84-DC-D0-FE-B2-E1-28-22">
      <ModulePath>C:\Program Files\dotnet\shared\Microsoft.NETCore.App\3.1.8\System.Diagnostics.Process.dll</ModulePath>
      <ModuleTime>2020-08-20T22:59:46Z</ModuleTime>
      <ModuleName>System.Diagnostics.Process</ModuleName>
      <Classes />
    </Module>
    <Module skippedDueTo="Filter" hash="C6-1A-7B-C1-5D-00-7D-E1-DB-8E-51-BB-40-18-FA-7F-E0-32-E2-0E">
      <ModulePath>C:\Program Files\dotnet\shared\Microsoft.NETCore.App\3.1.8\System.ComponentModel.Primitives.dll</ModulePath>
      <ModuleTime>2020-08-20T22:59:44Z</ModuleTime>
      <ModuleName>System.ComponentModel.Primitives</ModuleName>
      <Classes />
    </Module>
    <Module skippedDueTo="Filter" hash="22-4C-23-B1-84-B5-C0-C1-24-28-5E-E7-EE-89-79-78-32-AD-3A-35">
      <ModulePath>C:\Program Files\dotnet\shared\Microsoft.NETCore.App\3.1.8\System.Linq.dll</ModulePath>
      <ModuleTime>2020-08-20T22:59:52Z</ModuleTime>
      <ModuleName>System.Linq</ModuleName>
      <Classes />
    </Module>
    <Module skippedDueTo="Filter" hash="F9-92-4F-6B-9C-D9-7E-AA-3B-90-10-20-26-52-D1-99-44-35-0A-C2">
      <ModulePath>C:\Program Files\dotnet\shared\Microsoft.NETCore.App\3.1.8\System.Text.RegularExpressions.dll</ModulePath>
      <ModuleTime>2020-08-20T23:00:00Z</ModuleTime>
      <ModuleName>System.Text.RegularExpressions</ModuleName>
      <Classes />
    </Module>
    <Module skippedDueTo="Filter" hash="53-ED-E9-BE-C4-FB-11-9B-2D-D5-32-71-92-C8-0D-E7-54-41-7A-BA">
      <ModulePath>C:\Program Files\dotnet\shared\Microsoft.NETCore.App\3.1.8\System.Collections.dll</ModulePath>
      <ModuleTime>2020-08-20T22:59:40Z</ModuleTime>
      <ModuleName>System.Collections</ModuleName>
      <Classes />
    </Module>
    <Module skippedDueTo="Filter" hash="D0-1C-EF-DE-8E-C6-60-AD-B4-B4-28-8C-A3-78-0F-3C-4A-AC-9A-C0">
      <ModulePath>C:\Program Files\dotnet\shared\Microsoft.NETCore.App\3.1.8\System.Memory.dll</ModulePath>
      <ModuleTime>2020-08-20T22:59:54Z</ModuleTime>
      <ModuleName>System.Memory</ModuleName>
      <Classes />
    </Module>
    <Module skippedDueTo="Filter" hash="BB-2F-C5-7F-31-5B-74-F0-88-73-7F-E4-54-FD-A3-F4-19-42-1C-4C">
      <ModulePath>C:\Program Files\dotnet\shared\Microsoft.NETCore.App\3.1.8\System.Buffers.dll</ModulePath>
      <ModuleTime>2020-08-20T22:59:40Z</ModuleTime>
      <ModuleName>System.Buffers</ModuleName>
      <Classes />
    </Module>
    <Module skippedDueTo="Filter" hash="05-7B-90-50-76-A9-4C-1E-B8-64-6B-4F-CA-F7-73-DB-70-F7-13-E9">
      <ModulePath>C:\Program Files\dotnet\shared\Microsoft.NETCore.App\3.1.8\System.IO.FileSystem.dll</ModulePath>
      <ModuleTime>2020-08-20T22:59:50Z</ModuleTime>
      <ModuleName>System.IO.FileSystem</ModuleName>
      <Classes />
    </Module>
    <Module skippedDueTo="Filter" hash="29-A5-FA-63-FF-B8-AF-8F-77-AB-F7-66-1E-54-F8-DC-45-06-54-50">
      <ModulePath>C:\Program Files\dotnet\shared\Microsoft.NETCore.App\3.1.8\System.Runtime.InteropServices.dll</ModulePath>
      <ModuleTime>2020-08-20T22:59:52Z</ModuleTime>
      <ModuleName>System.Runtime.InteropServices</ModuleName>
      <Classes />
    </Module>
    <Module skippedDueTo="Filter" hash="6A-FC-09-8A-1D-67-50-4E-A2-61-34-F5-E4-BD-4C-D0-59-9A-75-0D">
      <ModulePath>C:\Program Files\dotnet\shared\Microsoft.NETCore.App\3.1.8\System.Console.dll</ModulePath>
      <ModuleTime>2020-08-20T22:59:46Z</ModuleTime>
      <ModuleName>System.Console</ModuleName>
      <Classes />
    </Module>
    <Module skippedDueTo="Filter" hash="38-98-2A-AB-1B-CE-02-B7-77-FB-B9-96-F4-83-96-BD-61-4E-24-E5">
      <ModulePath>C:\Program Files\dotnet\sdk\3.1.402\Microsoft.Build.dll</ModulePath>
      <ModuleTime>2020-08-26T01:49:26Z</ModuleTime>
      <ModuleName>Microsoft.Build</ModuleName>
      <Classes />
    </Module>
    <Module skippedDueTo="Filter" hash="D4-D7-D0-39-6C-0B-1E-76-0A-8F-1F-12-23-3E-12-6A-28-BD-A7-6B">
      <ModulePath>C:\Program Files\dotnet\shared\Microsoft.NETCore.App\3.1.8\System.Diagnostics.Tracing.dll</ModulePath>
      <ModuleTime>2020-08-20T22:59:48Z</ModuleTime>
      <ModuleName>System.Diagnostics.Tracing</ModuleName>
      <Classes />
    </Module>
    <Module skippedDueTo="Filter" hash="9E-DB-80-EA-C5-1F-12-A8-5D-F0-DB-9B-6B-BF-FB-D5-63-A5-98-18">
      <ModulePath>C:\Program Files\dotnet\shared\Microsoft.NETCore.App\3.1.8\System.Diagnostics.Debug.dll</ModulePath>
      <ModuleTime>2020-08-20T22:59:46Z</ModuleTime>
      <ModuleName>System.Diagnostics.Debug</ModuleName>
      <Classes />
    </Module>
    <Module skippedDueTo="Filter" hash="9C-89-CD-CD-AB-05-87-D7-AE-91-D4-6E-A1-44-1D-EB-B9-78-5F-98">
      <ModulePath>C:\Program Files\dotnet\shared\Microsoft.NETCore.App\3.1.8\System.Text.Encoding.CodePages.dll</ModulePath>
      <ModuleTime>2020-08-20T22:59:58Z</ModuleTime>
      <ModuleName>System.Text.Encoding.CodePages</ModuleName>
      <Classes />
    </Module>
    <Module skippedDueTo="Filter" hash="98-6C-08-37-95-E4-E2-FC-AF-46-B2-B1-40-EA-B9-5C-83-96-09-8D">
      <ModulePath>C:\Program Files\dotnet\shared\Microsoft.NETCore.App\3.1.8\System.Collections.Concurrent.dll</ModulePath>
      <ModuleTime>2020-08-20T22:59:42Z</ModuleTime>
      <ModuleName>System.Collections.Concurrent</ModuleName>
      <Classes />
    </Module>
    <Module skippedDueTo="Filter" hash="06-E2-60-53-B5-37-B0-3D-08-B2-F4-71-47-8C-BB-4A-F6-28-11-A1">
      <ModulePath>C:\Program Files\dotnet\shared\Microsoft.NETCore.App\3.1.8\System.IO.Pipes.dll</ModulePath>
      <ModuleTime>2020-08-20T22:59:52Z</ModuleTime>
      <ModuleName>System.IO.Pipes</ModuleName>
      <Classes />
    </Module>
    <Module skippedDueTo="Filter" hash="62-97-60-B6-33-98-1E-D3-F1-65-29-59-14-5D-F5-58-6F-62-D6-4C">
      <ModulePath>C:\Program Files\dotnet\shared\Microsoft.NETCore.App\3.1.8\System.Text.Encoding.Extensions.dll</ModulePath>
      <ModuleTime>2020-08-20T22:59:58Z</ModuleTime>
      <ModuleName>System.Text.Encoding.Extensions</ModuleName>
      <Classes />
    </Module>
    <Module skippedDueTo="Filter" hash="4A-7D-66-C4-5D-38-3C-19-35-9D-B6-97-3D-99-00-6D-E6-FC-4F-DB">
      <ModulePath>C:\Program Files\dotnet\shared\Microsoft.NETCore.App\3.1.8\System.Security.AccessControl.dll</ModulePath>
      <ModuleTime>2020-08-20T22:59:56Z</ModuleTime>
      <ModuleName>System.Security.AccessControl</ModuleName>
      <Classes />
    </Module>
    <Module skippedDueTo="Filter" hash="06-0C-23-01-54-8D-0F-93-9C-0D-7E-18-82-E9-38-67-82-F8-47-E3">
      <ModulePath>C:\Program Files\dotnet\shared\Microsoft.NETCore.App\3.1.8\System.Security.Principal.Windows.dll</ModulePath>
      <ModuleTime>2020-08-20T22:59:58Z</ModuleTime>
      <ModuleName>System.Security.Principal.Windows</ModuleName>
      <Classes />
    </Module>
    <Module skippedDueTo="Filter" hash="86-E1-7E-B9-1F-8D-5F-FB-2C-4C-3C-2B-E8-9A-44-F3-52-CE-E9-2E">
      <ModulePath>C:\Program Files\dotnet\shared\Microsoft.NETCore.App\3.1.8\System.Security.Claims.dll</ModulePath>
      <ModuleTime>2020-08-20T22:59:56Z</ModuleTime>
      <ModuleName>System.Security.Claims</ModuleName>
      <Classes />
    </Module>
    <Module skippedDueTo="Filter" hash="F0-06-30-B1-C1-C7-F4-B8-19-B6-D4-A8-34-78-68-C8-B2-26-E1-CA">
      <ModulePath>C:\Program Files\dotnet\shared\Microsoft.NETCore.App\3.1.8\System.Security.Principal.dll</ModulePath>
      <ModuleTime>2020-08-20T22:59:58Z</ModuleTime>
      <ModuleName>System.Security.Principal</ModuleName>
      <Classes />
    </Module>
    <Module skippedDueTo="Filter" hash="53-CD-E0-51-F0-57-D4-3A-7A-6E-6D-70-F1-AC-0E-56-F6-65-0B-5B">
      <ModulePath>C:\Program Files\dotnet\shared\Microsoft.NETCore.App\3.1.8\System.Threading.Overlapped.dll</ModulePath>
      <ModuleTime>2020-08-20T23:00:00Z</ModuleTime>
      <ModuleName>System.Threading.Overlapped</ModuleName>
      <Classes />
    </Module>
    <Module skippedDueTo="Filter" hash="06-F9-0B-AF-07-85-77-29-64-59-51-31-4D-8C-B0-74-BE-1B-CE-1A">
      <ModulePath>C:\Program Files\dotnet\shared\Microsoft.NETCore.App\3.1.8\System.Threading.Thread.dll</ModulePath>
      <ModuleTime>2020-08-20T22:59:26Z</ModuleTime>
      <ModuleName>System.Threading.Thread</ModuleName>
      <Classes />
    </Module>
    <Module skippedDueTo="Filter" hash="EE-4B-4C-A2-58-3A-4E-8D-C0-EA-7D-18-75-FD-1A-5B-D1-2C-89-26">
      <ModulePath>C:\Program Files\dotnet\shared\Microsoft.NETCore.App\3.1.8\System.Resources.ResourceManager.dll</ModulePath>
      <ModuleTime>2020-08-20T22:59:50Z</ModuleTime>
      <ModuleName>System.Resources.ResourceManager</ModuleName>
      <Classes />
    </Module>
    <Module skippedDueTo="Filter" hash="9F-40-D5-34-0D-C2-95-74-44-43-A0-D1-2E-55-5D-5C-AE-C6-94-A8">
      <ModulePath>C:\Program Files\dotnet\shared\Microsoft.NETCore.App\3.1.8\System.ObjectModel.dll</ModulePath>
      <ModuleTime>2020-08-20T22:59:46Z</ModuleTime>
      <ModuleName>System.ObjectModel</ModuleName>
      <Classes />
    </Module>
    <Module skippedDueTo="Filter" hash="95-6B-19-80-BF-27-4E-8E-C5-AB-77-E7-DB-53-7C-C7-46-79-2D-2A">
      <ModulePath>C:\Program Files\dotnet\shared\Microsoft.NETCore.App\3.1.8\System.Threading.Tasks.Dataflow.dll</ModulePath>
      <ModuleTime>2020-08-20T23:00:00Z</ModuleTime>
      <ModuleName>System.Threading.Tasks.Dataflow</ModuleName>
      <Classes />
    </Module>
    <Module skippedDueTo="Filter" hash="0B-F1-CA-D5-1A-86-D1-36-27-81-C3-0E-45-CE-30-72-3E-2D-6C-68">
      <ModulePath>C:\Program Files\dotnet\shared\Microsoft.NETCore.App\3.1.8\System.Private.CoreLib.dll</ModulePath>
      <ModuleTime>2020-08-12T10:22:54Z</ModuleTime>
      <ModuleName>System.Private.CoreLib</ModuleName>
      <Classes />
    </Module>
    <Module skippedDueTo="Filter" hash="EE-B8-32-54-C5-22-99-03-DB-2D-D9-96-12-46-22-92-E6-0D-3C-08">
      <ModulePath>C:\Program Files\dotnet\sdk\3.1.402\MSBuild.dll</ModulePath>
      <ModuleTime>2020-08-26T01:49:22Z</ModuleTime>
      <ModuleName>MSBuild</ModuleName>
      <Classes />
    </Module>
    <Module skippedDueTo="Filter" hash="96-96-FE-09-50-4E-12-B1-74-7D-9E-85-06-BA-65-08-61-22-BE-7B">
      <ModulePath>C:\Program Files\dotnet\shared\Microsoft.NETCore.App\3.1.8\System.Runtime.Loader.dll</ModulePath>
      <ModuleTime>2020-08-20T22:59:54Z</ModuleTime>
      <ModuleName>System.Runtime.Loader</ModuleName>
      <Classes />
    </Module>
    <Module skippedDueTo="Filter" hash="84-EB-87-6C-5F-B2-F1-4D-95-E8-97-71-BC-8D-72-41-2D-49-69-FB">
      <ModulePath>C:\Program Files\dotnet\shared\Microsoft.NETCore.App\3.1.8\System.Runtime.dll</ModulePath>
      <ModuleTime>2020-08-20T22:59:52Z</ModuleTime>
      <ModuleName>System.Runtime</ModuleName>
      <Classes />
    </Module>
    <Module skippedDueTo="Filter" hash="7A-5F-E7-BF-D1-CC-B3-4A-88-2C-BA-02-C3-8F-EF-7F-6A-56-F9-2C">
      <ModulePath>C:\Program Files\dotnet\sdk\3.1.402\dotnet.dll</ModulePath>
      <ModuleTime>2020-08-26T01:49:22Z</ModuleTime>
      <ModuleName>dotnet</ModuleName>
      <Classes />
    </Module>
    <Module skippedDueTo="Filter" hash="68-AE-70-10-34-35-B8-CF-01-75-EB-04-0D-07-26-32-F9-C9-E4-77">
      <ModulePath>C:\Program Files\dotnet\shared\Microsoft.NETCore.App\3.1.8\System.Collections.Immutable.dll</ModulePath>
      <ModuleTime>2020-08-20T22:59:40Z</ModuleTime>
      <ModuleName>System.Collections.Immutable</ModuleName>
      <Classes />
    </Module>
    <Module skippedDueTo="Filter" hash="F7-1E-60-82-B3-F0-19-7C-92-E1-57-D0-75-4E-48-BB-90-43-27-93">
      <ModulePath>C:\Program Files\dotnet\shared\Microsoft.NETCore.App\3.1.8\System.Runtime.Extensions.dll</ModulePath>
      <ModuleTime>2020-08-20T22:59:52Z</ModuleTime>
      <ModuleName>System.Runtime.Extensions</ModuleName>
      <Classes />
    </Module>
    <Module skippedDueTo="Filter" hash="23-84-09-9A-0E-72-68-D6-EC-B5-E1-D8-33-3B-CD-8C-17-F8-FC-4A">
      <ModulePath>C:\Program Files\dotnet\shared\Microsoft.NETCore.App\3.1.8\System.Threading.dll</ModulePath>
      <ModuleTime>2020-08-20T23:00:00Z</ModuleTime>
      <ModuleName>System.Threading</ModuleName>
      <Classes />
    </Module>
    <Module skippedDueTo="Filter" hash="93-E3-BC-92-60-E7-5A-10-9F-7D-A8-DF-8D-6E-43-15-0D-CD-0B-A7">
      <ModulePath>C:\Program Files\dotnet\shared\Microsoft.NETCore.App\3.1.8\System.Threading.Tasks.dll</ModulePath>
      <ModuleTime>2020-08-20T23:00:00Z</ModuleTime>
      <ModuleName>System.Threading.Tasks</ModuleName>
      <Classes />
    </Module>
    <Module skippedDueTo="Filter" hash="55-19-5B-BE-F1-84-67-96-7C-4F-17-13-0F-30-CF-B3-6F-72-13-7B">
      <ModulePath>C:\Program Files\dotnet\sdk\3.1.402\Microsoft.Build.Framework.dll</ModulePath>
      <ModuleTime>2020-08-26T01:49:26Z</ModuleTime>
      <ModuleName>Microsoft.Build.Framework</ModuleName>
      <Classes />
    </Module>
    <Module skippedDueTo="Filter" hash="CE-14-08-3F-F0-EF-84-35-E2-EE-22-FC-3B-27-9A-BF-68-BA-FC-93">
      <ModulePath>C:\Program Files\dotnet\shared\Microsoft.NETCore.App\3.1.8\netstandard.dll</ModulePath>
      <ModuleTime>2020-08-20T22:59:40Z</ModuleTime>
      <ModuleName>netstandard</ModuleName>
      <Classes />
    </Module>
[...]
      <ModulePath>C:\Program Files\dotnet\shared\Microsoft.NETCore.App\3.1.8\System.Resources.Reader.dll</ModulePath>
      <ModuleTime>2020-08-20T22:59:52Z</ModuleTime>
      <ModuleName>System.Resources.Reader</ModuleName>
      <Classes />
    </Module>
    <Module skippedDueTo="Filter" hash="FE-5B-AB-86-6C-43-3C-E3-5B-35-3D-C5-C6-49-2E-6D-53-07-01-0F">
      <ModulePath>C:\Program Files\dotnet\shared\Microsoft.NETCore.App\3.1.8\System.Resources.Writer.dll</ModulePath>
      <ModuleTime>2020-08-20T22:59:52Z</ModuleTime>
      <ModuleName>System.Resources.Writer</ModuleName>
      <Classes />
    </Module>
    <Module skippedDueTo="Filter" hash="9D-AE-BC-8E-2D-D5-34-16-9D-15-E1-63-D4-5E-76-88-EF-BD-AB-DF">
      <ModulePath>C:\Program Files\dotnet\shared\Microsoft.NETCore.App\3.1.8\System.Runtime.CompilerServices.Unsafe.dll</ModulePath>
      <ModuleTime>2020-08-20T22:59:52Z</ModuleTime>
      <ModuleName>System.Runtime.CompilerServices.Unsafe</ModuleName>
      <Classes />
    </Module>
    <Module skippedDueTo="Filter" hash="65-14-93-AE-50-92-CE-8A-E4-04-87-EA-1D-1A-60-08-6F-43-19-A1">
      <ModulePath>C:\Program Files\dotnet\shared\Microsoft.NETCore.App\3.1.8\System.Runtime.CompilerServices.VisualC.dll</ModulePath>
      <ModuleTime>2020-08-20T22:59:54Z</ModuleTime>
      <ModuleName>System.Runtime.CompilerServices.VisualC</ModuleName>
      <Classes />
    </Module>
    <Module skippedDueTo="Filter" hash="AC-DA-0A-70-55-E5-65-B6-56-76-5A-79-80-3F-C0-36-EB-10-6B-73">
      <ModulePath>C:\Program Files\dotnet\shared\Microsoft.NETCore.App\3.1.8\System.Runtime.Handles.dll</ModulePath>
      <ModuleTime>2020-08-20T22:59:52Z</ModuleTime>
      <ModuleName>System.Runtime.Handles</ModuleName>
      <Classes />
    </Module>
    <Module skippedDueTo="Filter" hash="BB-35-E7-65-AD-6D-D0-EB-9A-A5-6A-75-7E-3A-68-C5-35-D3-E4-E4">
      <ModulePath>C:\Program Files\dotnet\shared\Microsoft.NETCore.App\3.1.8\System.Runtime.InteropServices.WindowsRuntime.dll</ModulePath>
      <ModuleTime>2020-08-20T23:03:14Z</ModuleTime>
      <ModuleName>System.Runtime.InteropServices.WindowsRuntime</ModuleName>
      <Classes />
    </Module>
    <Module skippedDueTo="Filter" hash="E3-2E-22-5C-46-2A-E8-AA-EB-D1-92-89-58-51-91-E5-67-D6-E1-24">
      <ModulePath>C:\Program Files\dotnet\shared\Microsoft.NETCore.App\3.1.8\System.Runtime.Intrinsics.dll</ModulePath>
      <ModuleTime>2020-08-20T22:59:52Z</ModuleTime>
      <ModuleName>System.Runtime.Intrinsics</ModuleName>
      <Classes />
    </Module>
    <Module skippedDueTo="Filter" hash="50-BB-F8-B9-49-03-78-17-A3-BE-3D-11-39-3C-79-C8-35-52-AC-21">
      <ModulePath>C:\Program Files\dotnet\shared\Microsoft.NETCore.App\3.1.8\System.Runtime.Serialization.Json.dll</ModulePath>
      <ModuleTime>2020-08-20T22:59:54Z</ModuleTime>
      <ModuleName>System.Runtime.Serialization.Json</ModuleName>
      <Classes />
    </Module>
    <Module skippedDueTo="Filter" hash="FE-AC-45-41-37-3E-A7-8A-B1-9D-9A-D8-BB-7B-FB-C0-ED-EC-6D-94">
      <ModulePath>C:\Program Files\dotnet\shared\Microsoft.NETCore.App\3.1.8\System.Runtime.Serialization.Xml.dll</ModulePath>
      <ModuleTime>2020-08-20T22:59:54Z</ModuleTime>
      <ModuleName>System.Runtime.Serialization.Xml</ModuleName>
      <Classes />
    </Module>
    <Module skippedDueTo="Filter" hash="F7-37-9F-69-36-23-84-65-5C-FF-5C-62-7A-A5-A0-AF-CD-9F-16-A5">
      <ModulePath>C:\Program Files\dotnet\shared\Microsoft.NETCore.App\3.1.8\System.Runtime.Serialization.dll</ModulePath>
      <ModuleTime>2020-08-20T22:59:54Z</ModuleTime>
      <ModuleName>System.Runtime.Serialization</ModuleName>
      <Classes />
    </Module>
    <Module skippedDueTo="Filter" hash="FE-CD-3C-23-69-E1-0C-EA-ED-04-32-26-A0-62-A5-AD-16-64-8E-B5">
      <ModulePath>C:\Program Files\dotnet\shared\Microsoft.NETCore.App\3.1.8\System.Runtime.WindowsRuntime.UI.Xaml.dll</ModulePath>
      <ModuleTime>2020-08-20T22:59:54Z</ModuleTime>
      <ModuleName>System.Runtime.WindowsRuntime.UI.Xaml</ModuleName>
      <Classes />
    </Module>
    <Module skippedDueTo="Filter" hash="15-2A-4C-00-B4-EF-8A-02-38-DD-C7-D5-B3-DE-7C-2B-62-0A-F0-D7">
      <ModulePath>C:\Program Files\dotnet\shared\Microsoft.NETCore.App\3.1.8\System.Runtime.WindowsRuntime.dll</ModulePath>
      <ModuleTime>2020-08-20T22:59:54Z</ModuleTime>
      <ModuleName>System.Runtime.WindowsRuntime</ModuleName>
      <Classes />
    </Module>
    <Module skippedDueTo="Filter" hash="86-BA-39-88-B6-F5-FE-98-16-E2-6C-C0-69-70-4B-35-22-C1-60-C2">
      <ModulePath>C:\WINDOWS\system32\WinMetadata\Windows.Foundation.winmd</ModulePath>
      <ModuleTime>2019-12-27T05:38:37.3296021Z</ModuleTime>
      <ModuleName>Windows.Foundation</ModuleName>
      <Classes />
    </Module>
    <Module skippedDueTo="Filter" hash="EF-DA-13-43-19-12-4C-91-7E-EF-0B-82-42-2A-54-D2-A6-C1-ED-15">
      <ModulePath>C:\WINDOWS\system32\WinMetadata\Windows.Storage.winmd</ModulePath>
      <ModuleTime>2019-12-27T05:38:37.3608544Z</ModuleTime>
      <ModuleName>Windows.Storage</ModuleName>
      <Classes />
    </Module>
    <Module skippedDueTo="Filter" hash="5A-50-A8-D8-3B-09-B7-E7-F6-A6-25-E3-F8-4F-8D-9C-01-4F-D0-79">
      <ModulePath>C:\Program Files\dotnet\shared\Microsoft.NETCore.App\3.1.8\System.Security.Cryptography.Encoding.dll</ModulePath>
      <ModuleTime>2020-08-20T22:59:56Z</ModuleTime>
      <ModuleName>System.Security.Cryptography.Encoding</ModuleName>
      <Classes />
    </Module>
    <Module skippedDueTo="Filter" hash="AD-76-72-49-EE-2E-7D-A8-E8-B4-6C-7B-85-6D-0B-C8-49-3C-4A-51">
      <ModulePath>C:\Program Files\dotnet\shared\Microsoft.NETCore.App\3.1.8\System.Security.Cryptography.Primitives.dll</ModulePath>
      <ModuleTime>2020-08-20T22:59:56Z</ModuleTime>
      <ModuleName>System.Security.Cryptography.Primitives</ModuleName>
      <Classes />
    </Module>
    <Module skippedDueTo="Filter" hash="A2-84-CB-89-9A-A7-97-3D-E0-8F-2B-32-24-09-FB-4B-D7-F5-72-25">
      <ModulePath>C:\Program Files\dotnet\shared\Microsoft.NETCore.App\3.1.8\System.Security.Cryptography.Cng.dll</ModulePath>
      <ModuleTime>2020-08-20T22:59:56Z</ModuleTime>
      <ModuleName>System.Security.Cryptography.Cng</ModuleName>
      <Classes />
    </Module>
    <Module skippedDueTo="Filter" hash="B4-86-63-62-D7-B8-44-EE-F2-C4-F8-6B-CA-49-BA-B0-2B-6A-65-0A">
      <ModulePath>C:\Program Files\dotnet\shared\Microsoft.NETCore.App\3.1.8\System.Security.Cryptography.Csp.dll</ModulePath>
      <ModuleTime>2020-08-20T22:59:56Z</ModuleTime>
      <ModuleName>System.Security.Cryptography.Csp</ModuleName>
      <Classes />
    </Module>
    <Module skippedDueTo="Filter" hash="39-5B-51-73-12-0E-9A-F1-E3-5C-81-5D-BB-FD-36-09-FD-61-82-D5">
      <ModulePath>C:\Program Files\dotnet\shared\Microsoft.NETCore.App\3.1.8\System.Security.Cryptography.OpenSsl.dll</ModulePath>
      <ModuleTime>2020-08-20T22:59:56Z</ModuleTime>
      <ModuleName>System.Security.Cryptography.OpenSsl</ModuleName>
      <Classes />
    </Module>
    <Module skippedDueTo="Filter" hash="2F-DB-A4-17-D9-82-1F-BB-97-50-D7-6E-0C-F6-1F-1E-DE-D8-20-2D">
      <ModulePath>C:\Program Files\dotnet\shared\Microsoft.NETCore.App\3.1.8\System.Security.SecureString.dll</ModulePath>
      <ModuleTime>2020-08-20T22:59:58Z</ModuleTime>
      <ModuleName>System.Security.SecureString</ModuleName>
      <Classes />
    </Module>
    <Module skippedDueTo="Filter" hash="E1-1B-3B-52-D9-4E-17-07-AE-23-D8-E1-42-B7-EA-D4-91-A5-F1-33">
      <ModulePath>C:\Program Files\dotnet\shared\Microsoft.NETCore.App\3.1.8\System.Security.dll</ModulePath>
      <ModuleTime>2020-08-20T22:59:56Z</ModuleTime>
      <ModuleName>System.Security</ModuleName>
      <Classes />
    </Module>
    <Module skippedDueTo="Filter" hash="EC-83-59-C8-66-4A-13-DC-F4-3D-6F-BB-10-A3-59-F0-44-D7-00-65">
      <ModulePath>C:\Program Files\dotnet\shared\Microsoft.NETCore.App\3.1.8\System.ServiceModel.Web.dll</ModulePath>
      <ModuleTime>2020-08-20T22:59:58Z</ModuleTime>
      <ModuleName>System.ServiceModel.Web</ModuleName>
      <Classes />
    </Module>
    <Module skippedDueTo="Filter" hash="B3-0F-8E-6B-D1-F1-9A-B9-A4-2C-8A-C5-98-D8-CB-2C-F6-D9-97-84">
      <ModulePath>C:\Program Files\dotnet\shared\Microsoft.NETCore.App\3.1.8\System.ServiceProcess.dll</ModulePath>
      <ModuleTime>2020-08-20T22:59:58Z</ModuleTime>
      <ModuleName>System.ServiceProcess</ModuleName>
      <Classes />
    </Module>
    <Module skippedDueTo="Filter" hash="9C-89-CD-CD-AB-05-87-D7-AE-91-D4-6E-A1-44-1D-EB-B9-78-5F-98">
      <ModulePath>C:\Program Files\dotnet\shared\Microsoft.NETCore.App\3.1.8\System.Text.Encoding.CodePages.dll</ModulePath>
      <ModuleTime>2020-08-20T22:59:58Z</ModuleTime>
      <ModuleName>System.Text.Encoding.CodePages</ModuleName>
      <Classes />
    </Module>
    <Module skippedDueTo="Filter" hash="C2-35-9B-9D-DF-78-A8-BE-5E-3B-B9-49-65-53-FD-AD-BA-1B-58-D5">
      <ModulePath>C:\Program Files\dotnet\shared\Microsoft.NETCore.App\3.1.8\System.Text.Encoding.dll</ModulePath>
      <ModuleTime>2020-08-20T22:59:58Z</ModuleTime>
      <ModuleName>System.Text.Encoding</ModuleName>
      <Classes />
    </Module>
    <Module skippedDueTo="Filter" hash="5F-76-AF-86-9A-EC-4D-0D-13-A4-08-B9-A0-DF-A0-4D-6B-1F-D6-6D">
      <ModulePath>C:\Program Files\dotnet\shared\Microsoft.NETCore.App\3.1.8\System.Text.Encodings.Web.dll</ModulePath>
      <ModuleTime>2020-08-20T22:59:58Z</ModuleTime>
      <ModuleName>System.Text.Encodings.Web</ModuleName>
      <Classes />
    </Module>
    <Module skippedDueTo="Filter" hash="36-3F-92-C2-84-D7-A7-BC-77-3B-0E-85-CC-D9-6D-FB-52-88-5E-8B">
      <ModulePath>C:\Program Files\dotnet\shared\Microsoft.NETCore.App\3.1.8\System.Text.Json.dll</ModulePath>
      <ModuleTime>2020-08-20T22:59:58Z</ModuleTime>
      <ModuleName>System.Text.Json</ModuleName>
      <Classes />
    </Module>
    <Module skippedDueTo="Filter" hash="77-9A-E6-44-F0-EE-7A-8E-86-C2-D7-DE-56-EC-9E-03-1E-B2-32-6F">
      <ModulePath>C:\Program Files\dotnet\shared\Microsoft.NETCore.App\3.1.8\System.Threading.Channels.dll</ModulePath>
      <ModuleTime>2020-08-20T23:00:00Z</ModuleTime>
      <ModuleName>System.Threading.Channels</ModuleName>
      <Classes />
    </Module>
    <Module skippedDueTo="Filter" hash="95-6B-19-80-BF-27-4E-8E-C5-AB-77-E7-DB-53-7C-C7-46-79-2D-2A">
      <ModulePath>C:\Program Files\dotnet\shared\Microsoft.NETCore.App\3.1.8\System.Threading.Tasks.Dataflow.dll</ModulePath>
      <ModuleTime>2020-08-20T23:00:00Z</ModuleTime>
      <ModuleName>System.Threading.Tasks.Dataflow</ModuleName>
      <Classes />
    </Module>
    <Module skippedDueTo="Filter" hash="D6-C9-FB-95-44-8D-C1-CB-74-A2-D1-F5-95-3F-35-31-17-C3-FA-3C">
      <ModulePath>C:\Program Files\dotnet\shared\Microsoft.NETCore.App\3.1.8\System.Threading.Tasks.Extensions.dll</ModulePath>
      <ModuleTime>2020-08-20T23:00:00Z</ModuleTime>
      <ModuleName>System.Threading.Tasks.Extensions</ModuleName>
      <Classes />
    </Module>
    <Module skippedDueTo="Filter" hash="EE-DB-0D-91-90-81-FC-A5-B6-54-A1-5B-8A-FA-23-FD-1B-E0-47-F2">
      <ModulePath>C:\Program Files\dotnet\shared\Microsoft.NETCore.App\3.1.8\System.Threading.Tasks.Parallel.dll</ModulePath>
      <ModuleTime>2020-08-20T23:00:00Z</ModuleTime>
      <ModuleName>System.Threading.Tasks.Parallel</ModuleName>
      <Classes />
    </Module>
    <Module skippedDueTo="Filter" hash="E4-3D-0F-76-56-90-7A-78-ED-27-7E-61-FD-C7-0F-D4-46-4D-EC-18">
      <ModulePath>C:\Program Files\dotnet\shared\Microsoft.NETCore.App\3.1.8\System.Transactions.Local.dll</ModulePath>
      <ModuleTime>2020-08-20T22:59:50Z</ModuleTime>
      <ModuleName>System.Transactions.Local</ModuleName>
      <Classes />
    </Module>
    <Module skippedDueTo="Filter" hash="BD-07-35-C7-ED-6A-D2-50-51-60-97-FA-04-90-7E-A3-1F-3A-3A-CC">
      <ModulePath>C:\Program Files\dotnet\shared\Microsoft.NETCore.App\3.1.8\System.Transactions.dll</ModulePath>
      <ModuleTime>2020-08-20T22:59:46Z</ModuleTime>
      <ModuleName>System.Transactions</ModuleName>
      <Classes />
    </Module>
    <Module skippedDueTo="Filter" hash="40-1F-D2-4B-DA-71-B6-FB-1B-1F-DD-C6-6E-18-99-F8-22-89-32-5E">
      <ModulePath>C:\Program Files\dotnet\shared\Microsoft.NETCore.App\3.1.8\System.ValueTuple.dll</ModulePath>
      <ModuleTime>2020-08-20T22:59:48Z</ModuleTime>
      <ModuleName>System.ValueTuple</ModuleName>
      <Classes />
    </Module>
    <Module skippedDueTo="Filter" hash="05-A7-1B-98-A4-0D-63-E5-44-52-C0-B4-0F-21-1D-81-11-0A-AD-13">
      <ModulePath>C:\Program Files\dotnet\shared\Microsoft.NETCore.App\3.1.8\System.Web.HttpUtility.dll</ModulePath>
      <ModuleTime>2020-08-20T22:59:46Z</ModuleTime>
      <ModuleName>System.Web.HttpUtility</ModuleName>
      <Classes />
    </Module>
    <Module skippedDueTo="Filter" hash="82-AE-6F-F3-64-D6-F5-B1-C6-0D-A6-1B-CA-0C-00-42-90-5A-DB-8D">
      <ModulePath>C:\Program Files\dotnet\shared\Microsoft.NETCore.App\3.1.8\System.Web.dll</ModulePath>
      <ModuleTime>2020-08-20T22:59:50Z</ModuleTime>
      <ModuleName>System.Web</ModuleName>
      <Classes />
    </Module>
    <Module skippedDueTo="Filter" hash="15-4E-FC-2F-45-F0-FE-B9-C8-3A-1B-2A-7A-13-B4-4D-A4-01-69-55">
      <ModulePath>C:\Program Files\dotnet\shared\Microsoft.NETCore.App\3.1.8\System.Windows.dll</ModulePath>
      <ModuleTime>2020-08-20T22:59:50Z</ModuleTime>
      <ModuleName>System.Windows</ModuleName>
      <Classes />
    </Module>
    <Module skippedDueTo="Filter" hash="78-E4-47-6A-F5-B6-FD-79-DA-EA-CA-22-92-C3-A7-98-A5-3D-45-52">
      <ModulePath>C:\Program Files\dotnet\shared\Microsoft.NETCore.App\3.1.8\System.Xml.Linq.dll</ModulePath>
      <ModuleTime>2020-08-20T22:59:46Z</ModuleTime>
      <ModuleName>System.Xml.Linq</ModuleName>
      <Classes />
    </Module>
    <Module skippedDueTo="Filter" hash="33-C6-B1-8D-2D-F3-4A-73-39-BB-4E-D7-87-28-28-CD-7A-07-21-66">
      <ModulePath>C:\Program Files\dotnet\shared\Microsoft.NETCore.App\3.1.8\System.Xml.Serialization.dll</ModulePath>
      <ModuleTime>2020-08-20T22:59:50Z</ModuleTime>
      <ModuleName>System.Xml.Serialization</ModuleName>
      <Classes />
    </Module>
    <Module skippedDueTo="Filter" hash="E0-5A-DC-2C-79-8A-D3-68-6B-BB-C4-B5-29-F2-F7-8C-6C-41-F1-7D">
      <ModulePath>C:\Program Files\dotnet\shared\Microsoft.NETCore.App\3.1.8\System.Xml.XPath.XDocument.dll</ModulePath>
      <ModuleTime>2020-08-20T22:59:50Z</ModuleTime>
      <ModuleName>System.Xml.XPath.XDocument</ModuleName>
      <Classes />
    </Module>
    <Module skippedDueTo="Filter" hash="C5-76-0D-8C-FB-CF-28-F0-7D-61-E5-62-A7-BB-AF-CB-84-39-0B-4A">
      <ModulePath>C:\Program Files\dotnet\shared\Microsoft.NETCore.App\3.1.8\System.Xml.XPath.dll</ModulePath>
      <ModuleTime>2020-08-20T22:59:26Z</ModuleTime>
      <ModuleName>System.Xml.XPath</ModuleName>
      <Classes />
    </Module>
    <Module skippedDueTo="Filter" hash="9E-B7-A4-67-47-B1-A3-D3-D3-6C-75-E6-1F-98-FE-93-8E-D5-A1-CB">
      <ModulePath>C:\Program Files\dotnet\shared\Microsoft.NETCore.App\3.1.8\System.Xml.XmlDocument.dll</ModulePath>
      <ModuleTime>2020-08-20T22:59:50Z</ModuleTime>
      <ModuleName>System.Xml.XmlDocument</ModuleName>
      <Classes />
    </Module>
    <Module skippedDueTo="Filter" hash="EC-9A-B5-41-34-18-88-00-98-69-2B-59-4E-1B-68-51-ED-F9-41-72">
      <ModulePath>C:\Program Files\dotnet\shared\Microsoft.NETCore.App\3.1.8\System.Xml.XmlSerializer.dll</ModulePath>
      <ModuleTime>2020-08-20T22:59:48Z</ModuleTime>
      <ModuleName>System.Xml.XmlSerializer</ModuleName>
      <Classes />
    </Module>
    <Module skippedDueTo="Filter" hash="6E-F8-62-97-A3-D2-A1-1E-81-53-EB-BD-46-F0-9A-36-18-26-9D-A3">
      <ModulePath>C:\Program Files\dotnet\shared\Microsoft.NETCore.App\3.1.8\System.Xml.dll</ModulePath>
      <ModuleTime>2020-08-20T22:59:26Z</ModuleTime>
      <ModuleName>System.Xml</ModuleName>
      <Classes />
    </Module>
    <Module skippedDueTo="Filter" hash="51-8E-C1-63-8C-E5-30-D5-68-77-11-24-68-E9-F7-B5-B9-86-59-EF">
      <ModulePath>C:\Program Files\dotnet\shared\Microsoft.NETCore.App\3.1.8\System.dll</ModulePath>
      <ModuleTime>2020-08-20T22:59:48Z</ModuleTime>
      <ModuleName>System</ModuleName>
      <Classes />
    </Module>
    <Module skippedDueTo="Filter" hash="F4-B9-A2-84-36-FA-05-AE-B5-B1-9B-6F-94-D5-DE-B6-DA-37-D6-DF">
      <ModulePath>C:\Program Files\dotnet\shared\Microsoft.NETCore.App\3.1.8\WindowsBase.dll</ModulePath>
      <ModuleTime>2020-08-20T22:59:48Z</ModuleTime>
      <ModuleName>WindowsBase</ModuleName>
      <Classes />
    </Module>
    <Module skippedDueTo="Filter" hash="EB-81-D7-61-99-2A-B6-33-58-4C-F7-EC-D8-F7-84-37-43-D1-B1-36">
      <ModulePath>C:\Users\Diego\Documents\Diego\Dev\GitHub\DesafioTDSA\tests\TDSA.Test\bin\Debug\netcoreapp3.1\xunit.runner.reporters.netcoreapp10.dll</ModulePath>
      <ModuleTime>2018-10-29T07:17:08Z</ModuleTime>
      <ModuleName>xunit.runner.reporters.netcoreapp10</ModuleName>
      <Classes />
    </Module>
    <Module skippedDueTo="Filter" hash="C5-28-40-F8-84-8C-91-E4-1D-63-79-0D-F0-A1-FC-5E-7A-E5-DA-F5">
      <ModulePath>C:\Users\Diego\Documents\Diego\Dev\GitHub\DesafioTDSA\tests\TDSA.Test\bin\Debug\netcoreapp3.1\xunit.runner.visualstudio.dotnetcore.testadapter.dll</ModulePath>
      <ModuleTime>2020-08-03T16:58:40Z</ModuleTime>
      <ModuleName>xunit.runner.visualstudio.dotnetcore.testadapter</ModuleName>
      <Classes />
    </Module>
    <Module skippedDueTo="Filter" hash="">
      <ModulePath>RefEmit_InMemoryManifestModule</ModulePath>
      <ModuleTime>0001-01-01T00:00:00</ModuleTime>
      <ModuleName>DynamicProxyGenAssembly2</ModuleName>
      <Classes />
    </Module>
    <Module skippedDueTo="Filter" hash="50-BB-F8-B9-49-03-78-17-A3-BE-3D-11-39-3C-79-C8-35-52-AC-21">
      <ModulePath>C:\Program Files\dotnet\shared\Microsoft.NETCore.App\3.1.8\System.Runtime.Serialization.Json.dll</ModulePath>
      <ModuleTime>2020-08-20T22:59:54Z</ModuleTime>
      <ModuleName>System.Runtime.Serialization.Json</ModuleName>
      <Classes />
    </Module>
    <Module skippedDueTo="Filter" hash="99-E7-BD-53-A6-ED-B2-95-77-9D-4A-C9-2C-9A-A5-41-FA-2E-27-48">
      <ModulePath>C:\Program Files\dotnet\shared\Microsoft.NETCore.App\3.1.8\System.Private.DataContractSerialization.dll</ModulePath>
      <ModuleTime>2020-08-20T22:59:48Z</ModuleTime>
      <ModuleName>System.Private.DataContractSerialization</ModuleName>
      <Classes />
    </Module>
    <Module skippedDueTo="Filter" hash="FE-AC-45-41-37-3E-A7-8A-B1-9D-9A-D8-BB-7B-FB-C0-ED-EC-6D-94">
      <ModulePath>C:\Program Files\dotnet\shared\Microsoft.NETCore.App\3.1.8\System.Runtime.Serialization.Xml.dll</ModulePath>
      <ModuleTime>2020-08-20T22:59:54Z</ModuleTime>
      <ModuleName>System.Runtime.Serialization.Xml</ModuleName>
      <Classes />
    </Module>
    <Module skippedDueTo="Filter" hash="F9-92-4F-6B-9C-D9-7E-AA-3B-90-10-20-26-52-D1-99-44-35-0A-C2">
      <ModulePath>C:\Program Files\dotnet\shared\Microsoft.NETCore.App\3.1.8\System.Text.RegularExpressions.dll</ModulePath>
      <ModuleTime>2020-08-20T23:00:00Z</ModuleTime>
      <ModuleName>System.Text.RegularExpressions</ModuleName>
      <Classes />
    </Module>
    <Module skippedDueTo="Filter" hash="BB-2F-C5-7F-31-5B-74-F0-88-73-7F-E4-54-FD-A3-F4-19-42-1C-4C">
      <ModulePath>C:\Program Files\dotnet\shared\Microsoft.NETCore.App\3.1.8\System.Buffers.dll</ModulePath>
      <ModuleTime>2020-08-20T22:59:40Z</ModuleTime>
      <ModuleName>System.Buffers</ModuleName>
      <Classes />
    </Module>
    <Module skippedDueTo="Filter" hash="A7-89-C2-3A-29-5A-01-99-0C-19-02-F6-C3-E7-45-C8-D6-17-76-B9">
      <ModulePath>C:\Program Files\dotnet\shared\Microsoft.NETCore.App\3.1.8\System.ComponentModel.dll</ModulePath>
      <ModuleTime>2020-08-20T22:59:44Z</ModuleTime>
      <ModuleName>System.ComponentModel</ModuleName>
      <Classes />
    </Module>
  </Modules>
</CoverageSession>